[2023-06-10 23:32:56,511] {scheduler_job.py:182} INFO - Started process (PID=279) to work on /home/airflow/.local/lib/python3.6/site-packages/airflow/example_dags/example_xcom.py
[2023-06-10 23:32:56,512] {scheduler_job.py:629} INFO - Processing file /home/airflow/.local/lib/python3.6/site-packages/airflow/example_dags/example_xcom.py for tasks to queue
[2023-06-10 23:32:56,514] {logging_mixin.py:104} INFO - [2023-06-10 23:32:56,513] {dagbag.py:451} INFO - Filling up the DagBag from /home/airflow/.local/lib/python3.6/site-packages/airflow/example_dags/example_xcom.py
[2023-06-10 23:32:56,524] {scheduler_job.py:639} INFO - DAG(s) dict_keys(['example_xcom']) retrieved from /home/airflow/.local/lib/python3.6/site-packages/airflow/example_dags/example_xcom.py
[2023-06-10 23:32:56,544] {logging_mixin.py:104} INFO - [2023-06-10 23:32:56,544] {dag.py:1824} INFO - Sync 1 DAGs
[2023-06-10 23:32:56,553] {logging_mixin.py:104} INFO - [2023-06-10 23:32:56,553] {dag.py:1843} INFO - Creating ORM DAG for example_xcom
[2023-06-10 23:32:56,559] {logging_mixin.py:104} INFO - [2023-06-10 23:32:56,559] {dag.py:2280} INFO - Setting next_dagrun for example_xcom to 2023-06-08 00:00:00+00:00
[2023-06-10 23:32:56,575] {scheduler_job.py:190} INFO - Processing /home/airflow/.local/lib/python3.6/site-packages/airflow/example_dags/example_xcom.py took 0.066 seconds
[2023-06-10 23:33:26,781] {scheduler_job.py:182} INFO - Started process (PID=404) to work on /home/airflow/.local/lib/python3.6/site-packages/airflow/example_dags/example_xcom.py
[2023-06-10 23:33:26,783] {scheduler_job.py:629} INFO - Processing file /home/airflow/.local/lib/python3.6/site-packages/airflow/example_dags/example_xcom.py for tasks to queue
[2023-06-10 23:33:26,785] {logging_mixin.py:104} INFO - [2023-06-10 23:33:26,785] {dagbag.py:451} INFO - Filling up the DagBag from /home/airflow/.local/lib/python3.6/site-packages/airflow/example_dags/example_xcom.py
[2023-06-10 23:33:26,795] {scheduler_job.py:639} INFO - DAG(s) dict_keys(['example_xcom']) retrieved from /home/airflow/.local/lib/python3.6/site-packages/airflow/example_dags/example_xcom.py
[2023-06-10 23:33:26,814] {logging_mixin.py:104} INFO - [2023-06-10 23:33:26,814] {dag.py:1824} INFO - Sync 1 DAGs
[2023-06-10 23:33:26,827] {logging_mixin.py:104} INFO - [2023-06-10 23:33:26,827] {dag.py:2280} INFO - Setting next_dagrun for example_xcom to 2023-06-08 00:00:00+00:00
[2023-06-10 23:33:26,838] {scheduler_job.py:190} INFO - Processing /home/airflow/.local/lib/python3.6/site-packages/airflow/example_dags/example_xcom.py took 0.061 seconds
[2023-06-10 23:33:57,184] {scheduler_job.py:182} INFO - Started process (PID=539) to work on /home/airflow/.local/lib/python3.6/site-packages/airflow/example_dags/example_xcom.py
[2023-06-10 23:33:57,185] {scheduler_job.py:629} INFO - Processing file /home/airflow/.local/lib/python3.6/site-packages/airflow/example_dags/example_xcom.py for tasks to queue
[2023-06-10 23:33:57,187] {logging_mixin.py:104} INFO - [2023-06-10 23:33:57,187] {dagbag.py:451} INFO - Filling up the DagBag from /home/airflow/.local/lib/python3.6/site-packages/airflow/example_dags/example_xcom.py
[2023-06-10 23:33:57,199] {scheduler_job.py:639} INFO - DAG(s) dict_keys(['example_xcom']) retrieved from /home/airflow/.local/lib/python3.6/site-packages/airflow/example_dags/example_xcom.py
[2023-06-10 23:33:57,219] {logging_mixin.py:104} INFO - [2023-06-10 23:33:57,218] {dag.py:1824} INFO - Sync 1 DAGs
[2023-06-10 23:33:57,232] {logging_mixin.py:104} INFO - [2023-06-10 23:33:57,232] {dag.py:2280} INFO - Setting next_dagrun for example_xcom to 2023-06-08 00:00:00+00:00
[2023-06-10 23:33:57,247] {scheduler_job.py:190} INFO - Processing /home/airflow/.local/lib/python3.6/site-packages/airflow/example_dags/example_xcom.py took 0.065 seconds
[2023-06-10 23:34:27,874] {scheduler_job.py:182} INFO - Started process (PID=664) to work on /home/airflow/.local/lib/python3.6/site-packages/airflow/example_dags/example_xcom.py
[2023-06-10 23:34:27,876] {scheduler_job.py:629} INFO - Processing file /home/airflow/.local/lib/python3.6/site-packages/airflow/example_dags/example_xcom.py for tasks to queue
[2023-06-10 23:34:27,877] {logging_mixin.py:104} INFO - [2023-06-10 23:34:27,877] {dagbag.py:451} INFO - Filling up the DagBag from /home/airflow/.local/lib/python3.6/site-packages/airflow/example_dags/example_xcom.py
[2023-06-10 23:34:27,890] {scheduler_job.py:639} INFO - DAG(s) dict_keys(['example_xcom']) retrieved from /home/airflow/.local/lib/python3.6/site-packages/airflow/example_dags/example_xcom.py
[2023-06-10 23:34:27,912] {logging_mixin.py:104} INFO - [2023-06-10 23:34:27,911] {dag.py:1824} INFO - Sync 1 DAGs
[2023-06-10 23:34:27,927] {logging_mixin.py:104} INFO - [2023-06-10 23:34:27,927] {dag.py:2280} INFO - Setting next_dagrun for example_xcom to 2023-06-08 00:00:00+00:00
[2023-06-10 23:34:27,937] {scheduler_job.py:190} INFO - Processing /home/airflow/.local/lib/python3.6/site-packages/airflow/example_dags/example_xcom.py took 0.068 seconds
[2023-06-10 23:34:58,916] {scheduler_job.py:182} INFO - Started process (PID=796) to work on /home/airflow/.local/lib/python3.6/site-packages/airflow/example_dags/example_xcom.py
[2023-06-10 23:34:58,918] {scheduler_job.py:629} INFO - Processing file /home/airflow/.local/lib/python3.6/site-packages/airflow/example_dags/example_xcom.py for tasks to queue
[2023-06-10 23:34:58,920] {logging_mixin.py:104} INFO - [2023-06-10 23:34:58,919] {dagbag.py:451} INFO - Filling up the DagBag from /home/airflow/.local/lib/python3.6/site-packages/airflow/example_dags/example_xcom.py
[2023-06-10 23:34:58,941] {scheduler_job.py:639} INFO - DAG(s) dict_keys(['example_xcom']) retrieved from /home/airflow/.local/lib/python3.6/site-packages/airflow/example_dags/example_xcom.py
[2023-06-10 23:34:58,978] {logging_mixin.py:104} INFO - [2023-06-10 23:34:58,978] {dag.py:1824} INFO - Sync 1 DAGs
[2023-06-10 23:34:59,004] {logging_mixin.py:104} INFO - [2023-06-10 23:34:59,004] {dag.py:2280} INFO - Setting next_dagrun for example_xcom to 2023-06-08 00:00:00+00:00
[2023-06-10 23:34:59,023] {scheduler_job.py:190} INFO - Processing /home/airflow/.local/lib/python3.6/site-packages/airflow/example_dags/example_xcom.py took 0.111 seconds
[2023-06-10 23:35:29,196] {scheduler_job.py:182} INFO - Started process (PID=929) to work on /home/airflow/.local/lib/python3.6/site-packages/airflow/example_dags/example_xcom.py
[2023-06-10 23:35:29,198] {scheduler_job.py:629} INFO - Processing file /home/airflow/.local/lib/python3.6/site-packages/airflow/example_dags/example_xcom.py for tasks to queue
[2023-06-10 23:35:29,199] {logging_mixin.py:104} INFO - [2023-06-10 23:35:29,199] {dagbag.py:451} INFO - Filling up the DagBag from /home/airflow/.local/lib/python3.6/site-packages/airflow/example_dags/example_xcom.py
[2023-06-10 23:35:29,214] {scheduler_job.py:639} INFO - DAG(s) dict_keys(['example_xcom']) retrieved from /home/airflow/.local/lib/python3.6/site-packages/airflow/example_dags/example_xcom.py
[2023-06-10 23:35:29,258] {logging_mixin.py:104} INFO - [2023-06-10 23:35:29,258] {dag.py:1824} INFO - Sync 1 DAGs
[2023-06-10 23:35:29,278] {logging_mixin.py:104} INFO - [2023-06-10 23:35:29,278] {dag.py:2280} INFO - Setting next_dagrun for example_xcom to 2023-06-08 00:00:00+00:00
[2023-06-10 23:35:29,294] {scheduler_job.py:190} INFO - Processing /home/airflow/.local/lib/python3.6/site-packages/airflow/example_dags/example_xcom.py took 0.102 seconds
[2023-06-10 23:35:59,370] {scheduler_job.py:182} INFO - Started process (PID=1058) to work on /home/airflow/.local/lib/python3.6/site-packages/airflow/example_dags/example_xcom.py
[2023-06-10 23:35:59,373] {scheduler_job.py:629} INFO - Processing file /home/airflow/.local/lib/python3.6/site-packages/airflow/example_dags/example_xcom.py for tasks to queue
[2023-06-10 23:35:59,375] {logging_mixin.py:104} INFO - [2023-06-10 23:35:59,374] {dagbag.py:451} INFO - Filling up the DagBag from /home/airflow/.local/lib/python3.6/site-packages/airflow/example_dags/example_xcom.py
[2023-06-10 23:35:59,389] {scheduler_job.py:639} INFO - DAG(s) dict_keys(['example_xcom']) retrieved from /home/airflow/.local/lib/python3.6/site-packages/airflow/example_dags/example_xcom.py
[2023-06-10 23:35:59,413] {logging_mixin.py:104} INFO - [2023-06-10 23:35:59,413] {dag.py:1824} INFO - Sync 1 DAGs
[2023-06-10 23:35:59,433] {logging_mixin.py:104} INFO - [2023-06-10 23:35:59,433] {dag.py:2280} INFO - Setting next_dagrun for example_xcom to 2023-06-08 00:00:00+00:00
[2023-06-10 23:35:59,451] {scheduler_job.py:190} INFO - Processing /home/airflow/.local/lib/python3.6/site-packages/airflow/example_dags/example_xcom.py took 0.085 seconds
[2023-06-10 23:36:30,020] {scheduler_job.py:182} INFO - Started process (PID=1179) to work on /home/airflow/.local/lib/python3.6/site-packages/airflow/example_dags/example_xcom.py
[2023-06-10 23:36:30,021] {scheduler_job.py:629} INFO - Processing file /home/airflow/.local/lib/python3.6/site-packages/airflow/example_dags/example_xcom.py for tasks to queue
[2023-06-10 23:36:30,022] {logging_mixin.py:104} INFO - [2023-06-10 23:36:30,022] {dagbag.py:451} INFO - Filling up the DagBag from /home/airflow/.local/lib/python3.6/site-packages/airflow/example_dags/example_xcom.py
[2023-06-10 23:36:30,032] {scheduler_job.py:639} INFO - DAG(s) dict_keys(['example_xcom']) retrieved from /home/airflow/.local/lib/python3.6/site-packages/airflow/example_dags/example_xcom.py
[2023-06-10 23:36:30,052] {logging_mixin.py:104} INFO - [2023-06-10 23:36:30,052] {dag.py:1824} INFO - Sync 1 DAGs
[2023-06-10 23:36:30,065] {logging_mixin.py:104} INFO - [2023-06-10 23:36:30,064] {dag.py:2280} INFO - Setting next_dagrun for example_xcom to 2023-06-08 00:00:00+00:00
[2023-06-10 23:36:30,075] {scheduler_job.py:190} INFO - Processing /home/airflow/.local/lib/python3.6/site-packages/airflow/example_dags/example_xcom.py took 0.059 seconds
[2023-06-10 23:37:04,261] {scheduler_job.py:182} INFO - Started process (PID=214) to work on /home/airflow/.local/lib/python3.6/site-packages/airflow/example_dags/example_xcom.py
[2023-06-10 23:37:04,294] {scheduler_job.py:629} INFO - Processing file /home/airflow/.local/lib/python3.6/site-packages/airflow/example_dags/example_xcom.py for tasks to queue
[2023-06-10 23:37:04,356] {logging_mixin.py:104} INFO - [2023-06-10 23:37:04,355] {dagbag.py:451} INFO - Filling up the DagBag from /home/airflow/.local/lib/python3.6/site-packages/airflow/example_dags/example_xcom.py
[2023-06-10 23:37:04,476] {scheduler_job.py:639} INFO - DAG(s) dict_keys(['example_xcom']) retrieved from /home/airflow/.local/lib/python3.6/site-packages/airflow/example_dags/example_xcom.py
[2023-06-10 23:37:04,777] {logging_mixin.py:104} INFO - [2023-06-10 23:37:04,775] {dag.py:1824} INFO - Sync 1 DAGs
[2023-06-10 23:37:04,871] {logging_mixin.py:104} INFO - [2023-06-10 23:37:04,870] {dag.py:2280} INFO - Setting next_dagrun for example_xcom to 2023-06-08 00:00:00+00:00
[2023-06-10 23:37:04,990] {scheduler_job.py:190} INFO - Processing /home/airflow/.local/lib/python3.6/site-packages/airflow/example_dags/example_xcom.py took 0.755 seconds
[2023-06-10 23:37:35,893] {scheduler_job.py:182} INFO - Started process (PID=346) to work on /home/airflow/.local/lib/python3.6/site-packages/airflow/example_dags/example_xcom.py
[2023-06-10 23:37:35,895] {scheduler_job.py:629} INFO - Processing file /home/airflow/.local/lib/python3.6/site-packages/airflow/example_dags/example_xcom.py for tasks to queue
[2023-06-10 23:37:35,897] {logging_mixin.py:104} INFO - [2023-06-10 23:37:35,897] {dagbag.py:451} INFO - Filling up the DagBag from /home/airflow/.local/lib/python3.6/site-packages/airflow/example_dags/example_xcom.py
[2023-06-10 23:37:35,918] {scheduler_job.py:639} INFO - DAG(s) dict_keys(['example_xcom']) retrieved from /home/airflow/.local/lib/python3.6/site-packages/airflow/example_dags/example_xcom.py
[2023-06-10 23:37:35,954] {logging_mixin.py:104} INFO - [2023-06-10 23:37:35,954] {dag.py:1824} INFO - Sync 1 DAGs
[2023-06-10 23:37:35,982] {logging_mixin.py:104} INFO - [2023-06-10 23:37:35,982] {dag.py:2280} INFO - Setting next_dagrun for example_xcom to 2023-06-08 00:00:00+00:00
[2023-06-10 23:37:36,002] {scheduler_job.py:190} INFO - Processing /home/airflow/.local/lib/python3.6/site-packages/airflow/example_dags/example_xcom.py took 0.115 seconds
[2023-06-10 23:38:06,044] {scheduler_job.py:182} INFO - Started process (PID=476) to work on /home/airflow/.local/lib/python3.6/site-packages/airflow/example_dags/example_xcom.py
[2023-06-10 23:38:06,046] {scheduler_job.py:629} INFO - Processing file /home/airflow/.local/lib/python3.6/site-packages/airflow/example_dags/example_xcom.py for tasks to queue
[2023-06-10 23:38:06,047] {logging_mixin.py:104} INFO - [2023-06-10 23:38:06,047] {dagbag.py:451} INFO - Filling up the DagBag from /home/airflow/.local/lib/python3.6/site-packages/airflow/example_dags/example_xcom.py
[2023-06-10 23:38:06,058] {scheduler_job.py:639} INFO - DAG(s) dict_keys(['example_xcom']) retrieved from /home/airflow/.local/lib/python3.6/site-packages/airflow/example_dags/example_xcom.py
[2023-06-10 23:38:06,079] {logging_mixin.py:104} INFO - [2023-06-10 23:38:06,079] {dag.py:1824} INFO - Sync 1 DAGs
[2023-06-10 23:38:06,092] {logging_mixin.py:104} INFO - [2023-06-10 23:38:06,092] {dag.py:2280} INFO - Setting next_dagrun for example_xcom to 2023-06-08 00:00:00+00:00
[2023-06-10 23:38:06,107] {scheduler_job.py:190} INFO - Processing /home/airflow/.local/lib/python3.6/site-packages/airflow/example_dags/example_xcom.py took 0.065 seconds
[2023-06-10 23:38:36,678] {scheduler_job.py:182} INFO - Started process (PID=606) to work on /home/airflow/.local/lib/python3.6/site-packages/airflow/example_dags/example_xcom.py
[2023-06-10 23:38:36,680] {scheduler_job.py:629} INFO - Processing file /home/airflow/.local/lib/python3.6/site-packages/airflow/example_dags/example_xcom.py for tasks to queue
[2023-06-10 23:38:36,682] {logging_mixin.py:104} INFO - [2023-06-10 23:38:36,682] {dagbag.py:451} INFO - Filling up the DagBag from /home/airflow/.local/lib/python3.6/site-packages/airflow/example_dags/example_xcom.py
[2023-06-10 23:38:36,700] {scheduler_job.py:639} INFO - DAG(s) dict_keys(['example_xcom']) retrieved from /home/airflow/.local/lib/python3.6/site-packages/airflow/example_dags/example_xcom.py
[2023-06-10 23:38:36,732] {logging_mixin.py:104} INFO - [2023-06-10 23:38:36,732] {dag.py:1824} INFO - Sync 1 DAGs
[2023-06-10 23:38:36,756] {logging_mixin.py:104} INFO - [2023-06-10 23:38:36,756] {dag.py:2280} INFO - Setting next_dagrun for example_xcom to 2023-06-08 00:00:00+00:00
[2023-06-10 23:38:36,773] {scheduler_job.py:190} INFO - Processing /home/airflow/.local/lib/python3.6/site-packages/airflow/example_dags/example_xcom.py took 0.100 seconds
[2023-06-10 23:39:07,465] {scheduler_job.py:182} INFO - Started process (PID=736) to work on /home/airflow/.local/lib/python3.6/site-packages/airflow/example_dags/example_xcom.py
[2023-06-10 23:39:07,467] {scheduler_job.py:629} INFO - Processing file /home/airflow/.local/lib/python3.6/site-packages/airflow/example_dags/example_xcom.py for tasks to queue
[2023-06-10 23:39:07,468] {logging_mixin.py:104} INFO - [2023-06-10 23:39:07,468] {dagbag.py:451} INFO - Filling up the DagBag from /home/airflow/.local/lib/python3.6/site-packages/airflow/example_dags/example_xcom.py
[2023-06-10 23:39:07,480] {scheduler_job.py:639} INFO - DAG(s) dict_keys(['example_xcom']) retrieved from /home/airflow/.local/lib/python3.6/site-packages/airflow/example_dags/example_xcom.py
[2023-06-10 23:39:07,505] {logging_mixin.py:104} INFO - [2023-06-10 23:39:07,505] {dag.py:1824} INFO - Sync 1 DAGs
[2023-06-10 23:39:07,524] {logging_mixin.py:104} INFO - [2023-06-10 23:39:07,523] {dag.py:2280} INFO - Setting next_dagrun for example_xcom to 2023-06-08 00:00:00+00:00
[2023-06-10 23:39:07,542] {scheduler_job.py:190} INFO - Processing /home/airflow/.local/lib/python3.6/site-packages/airflow/example_dags/example_xcom.py took 0.081 seconds
[2023-06-10 23:39:37,855] {scheduler_job.py:182} INFO - Started process (PID=866) to work on /home/airflow/.local/lib/python3.6/site-packages/airflow/example_dags/example_xcom.py
[2023-06-10 23:39:37,857] {scheduler_job.py:629} INFO - Processing file /home/airflow/.local/lib/python3.6/site-packages/airflow/example_dags/example_xcom.py for tasks to queue
[2023-06-10 23:39:37,858] {logging_mixin.py:104} INFO - [2023-06-10 23:39:37,858] {dagbag.py:451} INFO - Filling up the DagBag from /home/airflow/.local/lib/python3.6/site-packages/airflow/example_dags/example_xcom.py
[2023-06-10 23:39:37,871] {scheduler_job.py:639} INFO - DAG(s) dict_keys(['example_xcom']) retrieved from /home/airflow/.local/lib/python3.6/site-packages/airflow/example_dags/example_xcom.py
[2023-06-10 23:39:37,890] {logging_mixin.py:104} INFO - [2023-06-10 23:39:37,890] {dag.py:1824} INFO - Sync 1 DAGs
[2023-06-10 23:39:37,905] {logging_mixin.py:104} INFO - [2023-06-10 23:39:37,905] {dag.py:2280} INFO - Setting next_dagrun for example_xcom to 2023-06-08 00:00:00+00:00
[2023-06-10 23:39:37,920] {scheduler_job.py:190} INFO - Processing /home/airflow/.local/lib/python3.6/site-packages/airflow/example_dags/example_xcom.py took 0.068 seconds
[2023-06-10 23:40:08,391] {scheduler_job.py:182} INFO - Started process (PID=996) to work on /home/airflow/.local/lib/python3.6/site-packages/airflow/example_dags/example_xcom.py
[2023-06-10 23:40:08,392] {scheduler_job.py:629} INFO - Processing file /home/airflow/.local/lib/python3.6/site-packages/airflow/example_dags/example_xcom.py for tasks to queue
[2023-06-10 23:40:08,393] {logging_mixin.py:104} INFO - [2023-06-10 23:40:08,393] {dagbag.py:451} INFO - Filling up the DagBag from /home/airflow/.local/lib/python3.6/site-packages/airflow/example_dags/example_xcom.py
[2023-06-10 23:40:08,403] {scheduler_job.py:639} INFO - DAG(s) dict_keys(['example_xcom']) retrieved from /home/airflow/.local/lib/python3.6/site-packages/airflow/example_dags/example_xcom.py
[2023-06-10 23:40:08,422] {logging_mixin.py:104} INFO - [2023-06-10 23:40:08,422] {dag.py:1824} INFO - Sync 1 DAGs
[2023-06-10 23:40:08,436] {logging_mixin.py:104} INFO - [2023-06-10 23:40:08,436] {dag.py:2280} INFO - Setting next_dagrun for example_xcom to 2023-06-08 00:00:00+00:00
[2023-06-10 23:40:08,449] {scheduler_job.py:190} INFO - Processing /home/airflow/.local/lib/python3.6/site-packages/airflow/example_dags/example_xcom.py took 0.061 seconds
[2023-06-10 23:40:38,800] {scheduler_job.py:182} INFO - Started process (PID=1126) to work on /home/airflow/.local/lib/python3.6/site-packages/airflow/example_dags/example_xcom.py
[2023-06-10 23:40:38,802] {scheduler_job.py:629} INFO - Processing file /home/airflow/.local/lib/python3.6/site-packages/airflow/example_dags/example_xcom.py for tasks to queue
[2023-06-10 23:40:38,803] {logging_mixin.py:104} INFO - [2023-06-10 23:40:38,802] {dagbag.py:451} INFO - Filling up the DagBag from /home/airflow/.local/lib/python3.6/site-packages/airflow/example_dags/example_xcom.py
[2023-06-10 23:40:38,812] {scheduler_job.py:639} INFO - DAG(s) dict_keys(['example_xcom']) retrieved from /home/airflow/.local/lib/python3.6/site-packages/airflow/example_dags/example_xcom.py
[2023-06-10 23:40:38,831] {logging_mixin.py:104} INFO - [2023-06-10 23:40:38,831] {dag.py:1824} INFO - Sync 1 DAGs
[2023-06-10 23:40:38,846] {logging_mixin.py:104} INFO - [2023-06-10 23:40:38,846] {dag.py:2280} INFO - Setting next_dagrun for example_xcom to 2023-06-08 00:00:00+00:00
[2023-06-10 23:40:38,862] {scheduler_job.py:190} INFO - Processing /home/airflow/.local/lib/python3.6/site-packages/airflow/example_dags/example_xcom.py took 0.065 seconds
