[2023-06-10 23:32:56,276] {scheduler_job.py:182} INFO - Started process (PID=254) to work on /home/airflow/.local/lib/python3.6/site-packages/airflow/example_dags/example_skip_dag.py
[2023-06-10 23:32:56,277] {scheduler_job.py:629} INFO - Processing file /home/airflow/.local/lib/python3.6/site-packages/airflow/example_dags/example_skip_dag.py for tasks to queue
[2023-06-10 23:32:56,278] {logging_mixin.py:104} INFO - [2023-06-10 23:32:56,278] {dagbag.py:451} INFO - Filling up the DagBag from /home/airflow/.local/lib/python3.6/site-packages/airflow/example_dags/example_skip_dag.py
[2023-06-10 23:32:56,293] {scheduler_job.py:639} INFO - DAG(s) dict_keys(['example_skip_dag']) retrieved from /home/airflow/.local/lib/python3.6/site-packages/airflow/example_dags/example_skip_dag.py
[2023-06-10 23:32:56,315] {logging_mixin.py:104} INFO - [2023-06-10 23:32:56,315] {dag.py:1824} INFO - Sync 1 DAGs
[2023-06-10 23:32:56,324] {logging_mixin.py:104} INFO - [2023-06-10 23:32:56,324] {dag.py:1843} INFO - Creating ORM DAG for example_skip_dag
[2023-06-10 23:32:56,330] {logging_mixin.py:104} INFO - [2023-06-10 23:32:56,330] {dag.py:2280} INFO - Setting next_dagrun for example_skip_dag to 2023-06-08 00:00:00+00:00
[2023-06-10 23:32:56,343] {scheduler_job.py:190} INFO - Processing /home/airflow/.local/lib/python3.6/site-packages/airflow/example_dags/example_skip_dag.py took 0.071 seconds
[2023-06-10 23:33:26,463] {scheduler_job.py:182} INFO - Started process (PID=369) to work on /home/airflow/.local/lib/python3.6/site-packages/airflow/example_dags/example_skip_dag.py
[2023-06-10 23:33:26,465] {scheduler_job.py:629} INFO - Processing file /home/airflow/.local/lib/python3.6/site-packages/airflow/example_dags/example_skip_dag.py for tasks to queue
[2023-06-10 23:33:26,466] {logging_mixin.py:104} INFO - [2023-06-10 23:33:26,466] {dagbag.py:451} INFO - Filling up the DagBag from /home/airflow/.local/lib/python3.6/site-packages/airflow/example_dags/example_skip_dag.py
[2023-06-10 23:33:26,475] {scheduler_job.py:639} INFO - DAG(s) dict_keys(['example_skip_dag']) retrieved from /home/airflow/.local/lib/python3.6/site-packages/airflow/example_dags/example_skip_dag.py
[2023-06-10 23:33:26,492] {logging_mixin.py:104} INFO - [2023-06-10 23:33:26,492] {dag.py:1824} INFO - Sync 1 DAGs
[2023-06-10 23:33:26,504] {logging_mixin.py:104} INFO - [2023-06-10 23:33:26,504] {dag.py:2280} INFO - Setting next_dagrun for example_skip_dag to 2023-06-08 00:00:00+00:00
[2023-06-10 23:33:26,515] {scheduler_job.py:190} INFO - Processing /home/airflow/.local/lib/python3.6/site-packages/airflow/example_dags/example_skip_dag.py took 0.055 seconds
[2023-06-10 23:33:56,673] {scheduler_job.py:182} INFO - Started process (PID=474) to work on /home/airflow/.local/lib/python3.6/site-packages/airflow/example_dags/example_skip_dag.py
[2023-06-10 23:33:56,675] {scheduler_job.py:629} INFO - Processing file /home/airflow/.local/lib/python3.6/site-packages/airflow/example_dags/example_skip_dag.py for tasks to queue
[2023-06-10 23:33:56,676] {logging_mixin.py:104} INFO - [2023-06-10 23:33:56,676] {dagbag.py:451} INFO - Filling up the DagBag from /home/airflow/.local/lib/python3.6/site-packages/airflow/example_dags/example_skip_dag.py
[2023-06-10 23:33:56,687] {scheduler_job.py:639} INFO - DAG(s) dict_keys(['example_skip_dag']) retrieved from /home/airflow/.local/lib/python3.6/site-packages/airflow/example_dags/example_skip_dag.py
[2023-06-10 23:33:56,705] {logging_mixin.py:104} INFO - [2023-06-10 23:33:56,705] {dag.py:1824} INFO - Sync 1 DAGs
[2023-06-10 23:33:56,717] {logging_mixin.py:104} INFO - [2023-06-10 23:33:56,717] {dag.py:2280} INFO - Setting next_dagrun for example_skip_dag to 2023-06-08 00:00:00+00:00
[2023-06-10 23:33:56,727] {scheduler_job.py:190} INFO - Processing /home/airflow/.local/lib/python3.6/site-packages/airflow/example_dags/example_skip_dag.py took 0.057 seconds
[2023-06-10 23:34:27,497] {scheduler_job.py:182} INFO - Started process (PID=629) to work on /home/airflow/.local/lib/python3.6/site-packages/airflow/example_dags/example_skip_dag.py
[2023-06-10 23:34:27,499] {scheduler_job.py:629} INFO - Processing file /home/airflow/.local/lib/python3.6/site-packages/airflow/example_dags/example_skip_dag.py for tasks to queue
[2023-06-10 23:34:27,500] {logging_mixin.py:104} INFO - [2023-06-10 23:34:27,500] {dagbag.py:451} INFO - Filling up the DagBag from /home/airflow/.local/lib/python3.6/site-packages/airflow/example_dags/example_skip_dag.py
[2023-06-10 23:34:27,514] {scheduler_job.py:639} INFO - DAG(s) dict_keys(['example_skip_dag']) retrieved from /home/airflow/.local/lib/python3.6/site-packages/airflow/example_dags/example_skip_dag.py
[2023-06-10 23:34:27,536] {logging_mixin.py:104} INFO - [2023-06-10 23:34:27,536] {dag.py:1824} INFO - Sync 1 DAGs
[2023-06-10 23:34:27,555] {logging_mixin.py:104} INFO - [2023-06-10 23:34:27,555] {dag.py:2280} INFO - Setting next_dagrun for example_skip_dag to 2023-06-08 00:00:00+00:00
[2023-06-10 23:34:27,568] {scheduler_job.py:190} INFO - Processing /home/airflow/.local/lib/python3.6/site-packages/airflow/example_dags/example_skip_dag.py took 0.074 seconds
[2023-06-10 23:34:58,268] {scheduler_job.py:182} INFO - Started process (PID=759) to work on /home/airflow/.local/lib/python3.6/site-packages/airflow/example_dags/example_skip_dag.py
[2023-06-10 23:34:58,270] {scheduler_job.py:629} INFO - Processing file /home/airflow/.local/lib/python3.6/site-packages/airflow/example_dags/example_skip_dag.py for tasks to queue
[2023-06-10 23:34:58,272] {logging_mixin.py:104} INFO - [2023-06-10 23:34:58,272] {dagbag.py:451} INFO - Filling up the DagBag from /home/airflow/.local/lib/python3.6/site-packages/airflow/example_dags/example_skip_dag.py
[2023-06-10 23:34:58,293] {scheduler_job.py:639} INFO - DAG(s) dict_keys(['example_skip_dag']) retrieved from /home/airflow/.local/lib/python3.6/site-packages/airflow/example_dags/example_skip_dag.py
[2023-06-10 23:34:58,330] {logging_mixin.py:104} INFO - [2023-06-10 23:34:58,330] {dag.py:1824} INFO - Sync 1 DAGs
[2023-06-10 23:34:58,357] {logging_mixin.py:104} INFO - [2023-06-10 23:34:58,357] {dag.py:2280} INFO - Setting next_dagrun for example_skip_dag to 2023-06-08 00:00:00+00:00
[2023-06-10 23:34:58,378] {scheduler_job.py:190} INFO - Processing /home/airflow/.local/lib/python3.6/site-packages/airflow/example_dags/example_skip_dag.py took 0.114 seconds
[2023-06-10 23:35:28,497] {scheduler_job.py:182} INFO - Started process (PID=884) to work on /home/airflow/.local/lib/python3.6/site-packages/airflow/example_dags/example_skip_dag.py
[2023-06-10 23:35:28,499] {scheduler_job.py:629} INFO - Processing file /home/airflow/.local/lib/python3.6/site-packages/airflow/example_dags/example_skip_dag.py for tasks to queue
[2023-06-10 23:35:28,500] {logging_mixin.py:104} INFO - [2023-06-10 23:35:28,500] {dagbag.py:451} INFO - Filling up the DagBag from /home/airflow/.local/lib/python3.6/site-packages/airflow/example_dags/example_skip_dag.py
[2023-06-10 23:35:28,512] {scheduler_job.py:639} INFO - DAG(s) dict_keys(['example_skip_dag']) retrieved from /home/airflow/.local/lib/python3.6/site-packages/airflow/example_dags/example_skip_dag.py
[2023-06-10 23:35:28,534] {logging_mixin.py:104} INFO - [2023-06-10 23:35:28,534] {dag.py:1824} INFO - Sync 1 DAGs
[2023-06-10 23:35:28,553] {logging_mixin.py:104} INFO - [2023-06-10 23:35:28,553] {dag.py:2280} INFO - Setting next_dagrun for example_skip_dag to 2023-06-08 00:00:00+00:00
[2023-06-10 23:35:28,566] {scheduler_job.py:190} INFO - Processing /home/airflow/.local/lib/python3.6/site-packages/airflow/example_dags/example_skip_dag.py took 0.072 seconds
[2023-06-10 23:35:58,791] {scheduler_job.py:182} INFO - Started process (PID=1004) to work on /home/airflow/.local/lib/python3.6/site-packages/airflow/example_dags/example_skip_dag.py
[2023-06-10 23:35:58,793] {scheduler_job.py:629} INFO - Processing file /home/airflow/.local/lib/python3.6/site-packages/airflow/example_dags/example_skip_dag.py for tasks to queue
[2023-06-10 23:35:58,794] {logging_mixin.py:104} INFO - [2023-06-10 23:35:58,794] {dagbag.py:451} INFO - Filling up the DagBag from /home/airflow/.local/lib/python3.6/site-packages/airflow/example_dags/example_skip_dag.py
[2023-06-10 23:35:58,806] {scheduler_job.py:639} INFO - DAG(s) dict_keys(['example_skip_dag']) retrieved from /home/airflow/.local/lib/python3.6/site-packages/airflow/example_dags/example_skip_dag.py
[2023-06-10 23:35:58,830] {logging_mixin.py:104} INFO - [2023-06-10 23:35:58,830] {dag.py:1824} INFO - Sync 1 DAGs
[2023-06-10 23:35:58,846] {logging_mixin.py:104} INFO - [2023-06-10 23:35:58,846] {dag.py:2280} INFO - Setting next_dagrun for example_skip_dag to 2023-06-08 00:00:00+00:00
[2023-06-10 23:35:58,858] {scheduler_job.py:190} INFO - Processing /home/airflow/.local/lib/python3.6/site-packages/airflow/example_dags/example_skip_dag.py took 0.071 seconds
[2023-06-10 23:36:29,768] {scheduler_job.py:182} INFO - Started process (PID=1149) to work on /home/airflow/.local/lib/python3.6/site-packages/airflow/example_dags/example_skip_dag.py
[2023-06-10 23:36:29,770] {scheduler_job.py:629} INFO - Processing file /home/airflow/.local/lib/python3.6/site-packages/airflow/example_dags/example_skip_dag.py for tasks to queue
[2023-06-10 23:36:29,771] {logging_mixin.py:104} INFO - [2023-06-10 23:36:29,771] {dagbag.py:451} INFO - Filling up the DagBag from /home/airflow/.local/lib/python3.6/site-packages/airflow/example_dags/example_skip_dag.py
[2023-06-10 23:36:29,780] {scheduler_job.py:639} INFO - DAG(s) dict_keys(['example_skip_dag']) retrieved from /home/airflow/.local/lib/python3.6/site-packages/airflow/example_dags/example_skip_dag.py
[2023-06-10 23:36:29,802] {logging_mixin.py:104} INFO - [2023-06-10 23:36:29,802] {dag.py:1824} INFO - Sync 1 DAGs
[2023-06-10 23:36:29,815] {logging_mixin.py:104} INFO - [2023-06-10 23:36:29,815] {dag.py:2280} INFO - Setting next_dagrun for example_skip_dag to 2023-06-08 00:00:00+00:00
[2023-06-10 23:36:29,826] {scheduler_job.py:190} INFO - Processing /home/airflow/.local/lib/python3.6/site-packages/airflow/example_dags/example_skip_dag.py took 0.061 seconds
[2023-06-10 23:37:04,822] {scheduler_job.py:182} INFO - Started process (PID=219) to work on /home/airflow/.local/lib/python3.6/site-packages/airflow/example_dags/example_skip_dag.py
[2023-06-10 23:37:04,832] {scheduler_job.py:629} INFO - Processing file /home/airflow/.local/lib/python3.6/site-packages/airflow/example_dags/example_skip_dag.py for tasks to queue
[2023-06-10 23:37:04,836] {logging_mixin.py:104} INFO - [2023-06-10 23:37:04,836] {dagbag.py:451} INFO - Filling up the DagBag from /home/airflow/.local/lib/python3.6/site-packages/airflow/example_dags/example_skip_dag.py
[2023-06-10 23:37:04,910] {scheduler_job.py:639} INFO - DAG(s) dict_keys(['example_skip_dag']) retrieved from /home/airflow/.local/lib/python3.6/site-packages/airflow/example_dags/example_skip_dag.py
[2023-06-10 23:37:05,010] {logging_mixin.py:104} INFO - [2023-06-10 23:37:05,009] {dag.py:1824} INFO - Sync 1 DAGs
[2023-06-10 23:37:05,059] {logging_mixin.py:104} INFO - [2023-06-10 23:37:05,058] {dag.py:2280} INFO - Setting next_dagrun for example_skip_dag to 2023-06-08 00:00:00+00:00
[2023-06-10 23:37:05,117] {scheduler_job.py:190} INFO - Processing /home/airflow/.local/lib/python3.6/site-packages/airflow/example_dags/example_skip_dag.py took 0.313 seconds
[2023-06-10 23:37:35,902] {scheduler_job.py:182} INFO - Started process (PID=349) to work on /home/airflow/.local/lib/python3.6/site-packages/airflow/example_dags/example_skip_dag.py
[2023-06-10 23:37:35,905] {scheduler_job.py:629} INFO - Processing file /home/airflow/.local/lib/python3.6/site-packages/airflow/example_dags/example_skip_dag.py for tasks to queue
[2023-06-10 23:37:35,907] {logging_mixin.py:104} INFO - [2023-06-10 23:37:35,907] {dagbag.py:451} INFO - Filling up the DagBag from /home/airflow/.local/lib/python3.6/site-packages/airflow/example_dags/example_skip_dag.py
[2023-06-10 23:37:35,929] {scheduler_job.py:639} INFO - DAG(s) dict_keys(['example_skip_dag']) retrieved from /home/airflow/.local/lib/python3.6/site-packages/airflow/example_dags/example_skip_dag.py
[2023-06-10 23:37:35,970] {logging_mixin.py:104} INFO - [2023-06-10 23:37:35,970] {dag.py:1824} INFO - Sync 1 DAGs
[2023-06-10 23:37:35,996] {logging_mixin.py:104} INFO - [2023-06-10 23:37:35,995] {dag.py:2280} INFO - Setting next_dagrun for example_skip_dag to 2023-06-08 00:00:00+00:00
[2023-06-10 23:37:36,016] {scheduler_job.py:190} INFO - Processing /home/airflow/.local/lib/python3.6/site-packages/airflow/example_dags/example_skip_dag.py took 0.119 seconds
[2023-06-10 23:38:06,137] {scheduler_job.py:182} INFO - Started process (PID=481) to work on /home/airflow/.local/lib/python3.6/site-packages/airflow/example_dags/example_skip_dag.py
[2023-06-10 23:38:06,138] {scheduler_job.py:629} INFO - Processing file /home/airflow/.local/lib/python3.6/site-packages/airflow/example_dags/example_skip_dag.py for tasks to queue
[2023-06-10 23:38:06,140] {logging_mixin.py:104} INFO - [2023-06-10 23:38:06,140] {dagbag.py:451} INFO - Filling up the DagBag from /home/airflow/.local/lib/python3.6/site-packages/airflow/example_dags/example_skip_dag.py
[2023-06-10 23:38:06,149] {scheduler_job.py:639} INFO - DAG(s) dict_keys(['example_skip_dag']) retrieved from /home/airflow/.local/lib/python3.6/site-packages/airflow/example_dags/example_skip_dag.py
[2023-06-10 23:38:06,166] {logging_mixin.py:104} INFO - [2023-06-10 23:38:06,166] {dag.py:1824} INFO - Sync 1 DAGs
[2023-06-10 23:38:06,179] {logging_mixin.py:104} INFO - [2023-06-10 23:38:06,178] {dag.py:2280} INFO - Setting next_dagrun for example_skip_dag to 2023-06-08 00:00:00+00:00
[2023-06-10 23:38:06,190] {scheduler_job.py:190} INFO - Processing /home/airflow/.local/lib/python3.6/site-packages/airflow/example_dags/example_skip_dag.py took 0.056 seconds
[2023-06-10 23:38:36,682] {scheduler_job.py:182} INFO - Started process (PID=608) to work on /home/airflow/.local/lib/python3.6/site-packages/airflow/example_dags/example_skip_dag.py
[2023-06-10 23:38:36,686] {scheduler_job.py:629} INFO - Processing file /home/airflow/.local/lib/python3.6/site-packages/airflow/example_dags/example_skip_dag.py for tasks to queue
[2023-06-10 23:38:36,688] {logging_mixin.py:104} INFO - [2023-06-10 23:38:36,688] {dagbag.py:451} INFO - Filling up the DagBag from /home/airflow/.local/lib/python3.6/site-packages/airflow/example_dags/example_skip_dag.py
[2023-06-10 23:38:36,703] {scheduler_job.py:639} INFO - DAG(s) dict_keys(['example_skip_dag']) retrieved from /home/airflow/.local/lib/python3.6/site-packages/airflow/example_dags/example_skip_dag.py
[2023-06-10 23:38:36,733] {logging_mixin.py:104} INFO - [2023-06-10 23:38:36,733] {dag.py:1824} INFO - Sync 1 DAGs
[2023-06-10 23:38:36,756] {logging_mixin.py:104} INFO - [2023-06-10 23:38:36,756] {dag.py:2280} INFO - Setting next_dagrun for example_skip_dag to 2023-06-08 00:00:00+00:00
[2023-06-10 23:38:36,776] {scheduler_job.py:190} INFO - Processing /home/airflow/.local/lib/python3.6/site-packages/airflow/example_dags/example_skip_dag.py took 0.098 seconds
[2023-06-10 23:39:07,466] {scheduler_job.py:182} INFO - Started process (PID=738) to work on /home/airflow/.local/lib/python3.6/site-packages/airflow/example_dags/example_skip_dag.py
[2023-06-10 23:39:07,468] {scheduler_job.py:629} INFO - Processing file /home/airflow/.local/lib/python3.6/site-packages/airflow/example_dags/example_skip_dag.py for tasks to queue
[2023-06-10 23:39:07,469] {logging_mixin.py:104} INFO - [2023-06-10 23:39:07,469] {dagbag.py:451} INFO - Filling up the DagBag from /home/airflow/.local/lib/python3.6/site-packages/airflow/example_dags/example_skip_dag.py
[2023-06-10 23:39:07,480] {scheduler_job.py:639} INFO - DAG(s) dict_keys(['example_skip_dag']) retrieved from /home/airflow/.local/lib/python3.6/site-packages/airflow/example_dags/example_skip_dag.py
[2023-06-10 23:39:07,506] {logging_mixin.py:104} INFO - [2023-06-10 23:39:07,506] {dag.py:1824} INFO - Sync 1 DAGs
[2023-06-10 23:39:07,522] {logging_mixin.py:104} INFO - [2023-06-10 23:39:07,522] {dag.py:2280} INFO - Setting next_dagrun for example_skip_dag to 2023-06-08 00:00:00+00:00
[2023-06-10 23:39:07,537] {scheduler_job.py:190} INFO - Processing /home/airflow/.local/lib/python3.6/site-packages/airflow/example_dags/example_skip_dag.py took 0.074 seconds
[2023-06-10 23:39:37,855] {scheduler_job.py:182} INFO - Started process (PID=868) to work on /home/airflow/.local/lib/python3.6/site-packages/airflow/example_dags/example_skip_dag.py
[2023-06-10 23:39:37,857] {scheduler_job.py:629} INFO - Processing file /home/airflow/.local/lib/python3.6/site-packages/airflow/example_dags/example_skip_dag.py for tasks to queue
[2023-06-10 23:39:37,859] {logging_mixin.py:104} INFO - [2023-06-10 23:39:37,859] {dagbag.py:451} INFO - Filling up the DagBag from /home/airflow/.local/lib/python3.6/site-packages/airflow/example_dags/example_skip_dag.py
[2023-06-10 23:39:37,870] {scheduler_job.py:639} INFO - DAG(s) dict_keys(['example_skip_dag']) retrieved from /home/airflow/.local/lib/python3.6/site-packages/airflow/example_dags/example_skip_dag.py
[2023-06-10 23:39:37,890] {logging_mixin.py:104} INFO - [2023-06-10 23:39:37,890] {dag.py:1824} INFO - Sync 1 DAGs
[2023-06-10 23:39:37,905] {logging_mixin.py:104} INFO - [2023-06-10 23:39:37,905] {dag.py:2280} INFO - Setting next_dagrun for example_skip_dag to 2023-06-08 00:00:00+00:00
[2023-06-10 23:39:37,917] {scheduler_job.py:190} INFO - Processing /home/airflow/.local/lib/python3.6/site-packages/airflow/example_dags/example_skip_dag.py took 0.065 seconds
[2023-06-10 23:40:08,393] {scheduler_job.py:182} INFO - Started process (PID=999) to work on /home/airflow/.local/lib/python3.6/site-packages/airflow/example_dags/example_skip_dag.py
[2023-06-10 23:40:08,395] {scheduler_job.py:629} INFO - Processing file /home/airflow/.local/lib/python3.6/site-packages/airflow/example_dags/example_skip_dag.py for tasks to queue
[2023-06-10 23:40:08,396] {logging_mixin.py:104} INFO - [2023-06-10 23:40:08,396] {dagbag.py:451} INFO - Filling up the DagBag from /home/airflow/.local/lib/python3.6/site-packages/airflow/example_dags/example_skip_dag.py
[2023-06-10 23:40:08,405] {scheduler_job.py:639} INFO - DAG(s) dict_keys(['example_skip_dag']) retrieved from /home/airflow/.local/lib/python3.6/site-packages/airflow/example_dags/example_skip_dag.py
[2023-06-10 23:40:08,422] {logging_mixin.py:104} INFO - [2023-06-10 23:40:08,422] {dag.py:1824} INFO - Sync 1 DAGs
[2023-06-10 23:40:08,436] {logging_mixin.py:104} INFO - [2023-06-10 23:40:08,436] {dag.py:2280} INFO - Setting next_dagrun for example_skip_dag to 2023-06-08 00:00:00+00:00
[2023-06-10 23:40:08,451] {scheduler_job.py:190} INFO - Processing /home/airflow/.local/lib/python3.6/site-packages/airflow/example_dags/example_skip_dag.py took 0.061 seconds
[2023-06-10 23:40:38,803] {scheduler_job.py:182} INFO - Started process (PID=1128) to work on /home/airflow/.local/lib/python3.6/site-packages/airflow/example_dags/example_skip_dag.py
[2023-06-10 23:40:38,804] {scheduler_job.py:629} INFO - Processing file /home/airflow/.local/lib/python3.6/site-packages/airflow/example_dags/example_skip_dag.py for tasks to queue
[2023-06-10 23:40:38,805] {logging_mixin.py:104} INFO - [2023-06-10 23:40:38,805] {dagbag.py:451} INFO - Filling up the DagBag from /home/airflow/.local/lib/python3.6/site-packages/airflow/example_dags/example_skip_dag.py
[2023-06-10 23:40:38,813] {scheduler_job.py:639} INFO - DAG(s) dict_keys(['example_skip_dag']) retrieved from /home/airflow/.local/lib/python3.6/site-packages/airflow/example_dags/example_skip_dag.py
[2023-06-10 23:40:38,831] {logging_mixin.py:104} INFO - [2023-06-10 23:40:38,831] {dag.py:1824} INFO - Sync 1 DAGs
[2023-06-10 23:40:38,846] {logging_mixin.py:104} INFO - [2023-06-10 23:40:38,846] {dag.py:2280} INFO - Setting next_dagrun for example_skip_dag to 2023-06-08 00:00:00+00:00
[2023-06-10 23:40:38,859] {scheduler_job.py:190} INFO - Processing /home/airflow/.local/lib/python3.6/site-packages/airflow/example_dags/example_skip_dag.py took 0.060 seconds
[2023-06-10 23:41:09,308] {scheduler_job.py:182} INFO - Started process (PID=1259) to work on /home/airflow/.local/lib/python3.6/site-packages/airflow/example_dags/example_skip_dag.py
[2023-06-10 23:41:09,309] {scheduler_job.py:629} INFO - Processing file /home/airflow/.local/lib/python3.6/site-packages/airflow/example_dags/example_skip_dag.py for tasks to queue
[2023-06-10 23:41:09,311] {logging_mixin.py:104} INFO - [2023-06-10 23:41:09,311] {dagbag.py:451} INFO - Filling up the DagBag from /home/airflow/.local/lib/python3.6/site-packages/airflow/example_dags/example_skip_dag.py
[2023-06-10 23:41:09,324] {scheduler_job.py:639} INFO - DAG(s) dict_keys(['example_skip_dag']) retrieved from /home/airflow/.local/lib/python3.6/site-packages/airflow/example_dags/example_skip_dag.py
[2023-06-10 23:41:09,347] {logging_mixin.py:104} INFO - [2023-06-10 23:41:09,347] {dag.py:1824} INFO - Sync 1 DAGs
[2023-06-10 23:41:09,362] {logging_mixin.py:104} INFO - [2023-06-10 23:41:09,362] {dag.py:2280} INFO - Setting next_dagrun for example_skip_dag to 2023-06-08 00:00:00+00:00
[2023-06-10 23:41:09,375] {scheduler_job.py:190} INFO - Processing /home/airflow/.local/lib/python3.6/site-packages/airflow/example_dags/example_skip_dag.py took 0.071 seconds
[2023-06-10 23:41:39,697] {scheduler_job.py:182} INFO - Started process (PID=1388) to work on /home/airflow/.local/lib/python3.6/site-packages/airflow/example_dags/example_skip_dag.py
[2023-06-10 23:41:39,699] {scheduler_job.py:629} INFO - Processing file /home/airflow/.local/lib/python3.6/site-packages/airflow/example_dags/example_skip_dag.py for tasks to queue
[2023-06-10 23:41:39,700] {logging_mixin.py:104} INFO - [2023-06-10 23:41:39,700] {dagbag.py:451} INFO - Filling up the DagBag from /home/airflow/.local/lib/python3.6/site-packages/airflow/example_dags/example_skip_dag.py
[2023-06-10 23:41:39,710] {scheduler_job.py:639} INFO - DAG(s) dict_keys(['example_skip_dag']) retrieved from /home/airflow/.local/lib/python3.6/site-packages/airflow/example_dags/example_skip_dag.py
[2023-06-10 23:41:39,731] {logging_mixin.py:104} INFO - [2023-06-10 23:41:39,731] {dag.py:1824} INFO - Sync 1 DAGs
[2023-06-10 23:41:39,746] {logging_mixin.py:104} INFO - [2023-06-10 23:41:39,746] {dag.py:2280} INFO - Setting next_dagrun for example_skip_dag to 2023-06-08 00:00:00+00:00
[2023-06-10 23:41:39,761] {scheduler_job.py:190} INFO - Processing /home/airflow/.local/lib/python3.6/site-packages/airflow/example_dags/example_skip_dag.py took 0.067 seconds
[2023-06-10 23:42:10,026] {scheduler_job.py:182} INFO - Started process (PID=1518) to work on /home/airflow/.local/lib/python3.6/site-packages/airflow/example_dags/example_skip_dag.py
[2023-06-10 23:42:10,028] {scheduler_job.py:629} INFO - Processing file /home/airflow/.local/lib/python3.6/site-packages/airflow/example_dags/example_skip_dag.py for tasks to queue
[2023-06-10 23:42:10,029] {logging_mixin.py:104} INFO - [2023-06-10 23:42:10,029] {dagbag.py:451} INFO - Filling up the DagBag from /home/airflow/.local/lib/python3.6/site-packages/airflow/example_dags/example_skip_dag.py
[2023-06-10 23:42:10,041] {scheduler_job.py:639} INFO - DAG(s) dict_keys(['example_skip_dag']) retrieved from /home/airflow/.local/lib/python3.6/site-packages/airflow/example_dags/example_skip_dag.py
[2023-06-10 23:42:10,066] {logging_mixin.py:104} INFO - [2023-06-10 23:42:10,066] {dag.py:1824} INFO - Sync 1 DAGs
[2023-06-10 23:42:10,081] {logging_mixin.py:104} INFO - [2023-06-10 23:42:10,081] {dag.py:2280} INFO - Setting next_dagrun for example_skip_dag to 2023-06-08 00:00:00+00:00
[2023-06-10 23:42:10,096] {scheduler_job.py:190} INFO - Processing /home/airflow/.local/lib/python3.6/site-packages/airflow/example_dags/example_skip_dag.py took 0.073 seconds
[2023-06-10 23:42:40,432] {scheduler_job.py:182} INFO - Started process (PID=1648) to work on /home/airflow/.local/lib/python3.6/site-packages/airflow/example_dags/example_skip_dag.py
[2023-06-10 23:42:40,433] {scheduler_job.py:629} INFO - Processing file /home/airflow/.local/lib/python3.6/site-packages/airflow/example_dags/example_skip_dag.py for tasks to queue
[2023-06-10 23:42:40,435] {logging_mixin.py:104} INFO - [2023-06-10 23:42:40,434] {dagbag.py:451} INFO - Filling up the DagBag from /home/airflow/.local/lib/python3.6/site-packages/airflow/example_dags/example_skip_dag.py
[2023-06-10 23:42:40,444] {scheduler_job.py:639} INFO - DAG(s) dict_keys(['example_skip_dag']) retrieved from /home/airflow/.local/lib/python3.6/site-packages/airflow/example_dags/example_skip_dag.py
[2023-06-10 23:42:40,464] {logging_mixin.py:104} INFO - [2023-06-10 23:42:40,463] {dag.py:1824} INFO - Sync 1 DAGs
[2023-06-10 23:42:40,477] {logging_mixin.py:104} INFO - [2023-06-10 23:42:40,477] {dag.py:2280} INFO - Setting next_dagrun for example_skip_dag to 2023-06-08 00:00:00+00:00
[2023-06-10 23:42:40,489] {scheduler_job.py:190} INFO - Processing /home/airflow/.local/lib/python3.6/site-packages/airflow/example_dags/example_skip_dag.py took 0.060 seconds
