[2023-06-10 23:32:56,201] {scheduler_job.py:182} INFO - Started process (PID=249) to work on /home/airflow/.local/lib/python3.6/site-packages/airflow/example_dags/example_dag_decorator.py
[2023-06-10 23:32:56,202] {scheduler_job.py:629} INFO - Processing file /home/airflow/.local/lib/python3.6/site-packages/airflow/example_dags/example_dag_decorator.py for tasks to queue
[2023-06-10 23:32:56,203] {logging_mixin.py:104} INFO - [2023-06-10 23:32:56,203] {dagbag.py:451} INFO - Filling up the DagBag from /home/airflow/.local/lib/python3.6/site-packages/airflow/example_dags/example_dag_decorator.py
[2023-06-10 23:32:56,224] {scheduler_job.py:639} INFO - DAG(s) dict_keys(['example_dag_decorator']) retrieved from /home/airflow/.local/lib/python3.6/site-packages/airflow/example_dags/example_dag_decorator.py
[2023-06-10 23:32:56,245] {logging_mixin.py:104} INFO - [2023-06-10 23:32:56,245] {dag.py:1824} INFO - Sync 1 DAGs
[2023-06-10 23:32:56,254] {logging_mixin.py:104} INFO - [2023-06-10 23:32:56,253] {dag.py:1843} INFO - Creating ORM DAG for example_dag_decorator
[2023-06-10 23:32:56,258] {logging_mixin.py:104} INFO - [2023-06-10 23:32:56,258] {dag.py:2280} INFO - Setting next_dagrun for example_dag_decorator to None
[2023-06-10 23:32:56,272] {scheduler_job.py:190} INFO - Processing /home/airflow/.local/lib/python3.6/site-packages/airflow/example_dags/example_dag_decorator.py took 0.074 seconds
[2023-06-10 23:33:26,436] {scheduler_job.py:182} INFO - Started process (PID=364) to work on /home/airflow/.local/lib/python3.6/site-packages/airflow/example_dags/example_dag_decorator.py
[2023-06-10 23:33:26,438] {scheduler_job.py:629} INFO - Processing file /home/airflow/.local/lib/python3.6/site-packages/airflow/example_dags/example_dag_decorator.py for tasks to queue
[2023-06-10 23:33:26,439] {logging_mixin.py:104} INFO - [2023-06-10 23:33:26,438] {dagbag.py:451} INFO - Filling up the DagBag from /home/airflow/.local/lib/python3.6/site-packages/airflow/example_dags/example_dag_decorator.py
[2023-06-10 23:33:26,454] {scheduler_job.py:639} INFO - DAG(s) dict_keys(['example_dag_decorator']) retrieved from /home/airflow/.local/lib/python3.6/site-packages/airflow/example_dags/example_dag_decorator.py
[2023-06-10 23:33:26,474] {logging_mixin.py:104} INFO - [2023-06-10 23:33:26,474] {dag.py:1824} INFO - Sync 1 DAGs
[2023-06-10 23:33:26,486] {logging_mixin.py:104} INFO - [2023-06-10 23:33:26,486] {dag.py:2280} INFO - Setting next_dagrun for example_dag_decorator to None
[2023-06-10 23:33:26,496] {scheduler_job.py:190} INFO - Processing /home/airflow/.local/lib/python3.6/site-packages/airflow/example_dags/example_dag_decorator.py took 0.064 seconds
[2023-06-10 23:33:56,592] {scheduler_job.py:182} INFO - Started process (PID=469) to work on /home/airflow/.local/lib/python3.6/site-packages/airflow/example_dags/example_dag_decorator.py
[2023-06-10 23:33:56,593] {scheduler_job.py:629} INFO - Processing file /home/airflow/.local/lib/python3.6/site-packages/airflow/example_dags/example_dag_decorator.py for tasks to queue
[2023-06-10 23:33:56,594] {logging_mixin.py:104} INFO - [2023-06-10 23:33:56,594] {dagbag.py:451} INFO - Filling up the DagBag from /home/airflow/.local/lib/python3.6/site-packages/airflow/example_dags/example_dag_decorator.py
[2023-06-10 23:33:56,610] {scheduler_job.py:639} INFO - DAG(s) dict_keys(['example_dag_decorator']) retrieved from /home/airflow/.local/lib/python3.6/site-packages/airflow/example_dags/example_dag_decorator.py
[2023-06-10 23:33:56,631] {logging_mixin.py:104} INFO - [2023-06-10 23:33:56,631] {dag.py:1824} INFO - Sync 1 DAGs
[2023-06-10 23:33:56,644] {logging_mixin.py:104} INFO - [2023-06-10 23:33:56,644] {dag.py:2280} INFO - Setting next_dagrun for example_dag_decorator to None
[2023-06-10 23:33:56,659] {scheduler_job.py:190} INFO - Processing /home/airflow/.local/lib/python3.6/site-packages/airflow/example_dags/example_dag_decorator.py took 0.071 seconds
[2023-06-10 23:34:26,724] {scheduler_job.py:182} INFO - Started process (PID=574) to work on /home/airflow/.local/lib/python3.6/site-packages/airflow/example_dags/example_dag_decorator.py
[2023-06-10 23:34:26,727] {scheduler_job.py:629} INFO - Processing file /home/airflow/.local/lib/python3.6/site-packages/airflow/example_dags/example_dag_decorator.py for tasks to queue
[2023-06-10 23:34:26,730] {logging_mixin.py:104} INFO - [2023-06-10 23:34:26,730] {dagbag.py:451} INFO - Filling up the DagBag from /home/airflow/.local/lib/python3.6/site-packages/airflow/example_dags/example_dag_decorator.py
[2023-06-10 23:34:26,751] {scheduler_job.py:639} INFO - DAG(s) dict_keys(['example_dag_decorator']) retrieved from /home/airflow/.local/lib/python3.6/site-packages/airflow/example_dags/example_dag_decorator.py
[2023-06-10 23:34:26,788] {logging_mixin.py:104} INFO - [2023-06-10 23:34:26,788] {dag.py:1824} INFO - Sync 1 DAGs
[2023-06-10 23:34:26,812] {logging_mixin.py:104} INFO - [2023-06-10 23:34:26,812] {dag.py:2280} INFO - Setting next_dagrun for example_dag_decorator to None
[2023-06-10 23:34:26,842] {scheduler_job.py:190} INFO - Processing /home/airflow/.local/lib/python3.6/site-packages/airflow/example_dags/example_dag_decorator.py took 0.122 seconds
[2023-06-10 23:34:57,683] {scheduler_job.py:182} INFO - Started process (PID=719) to work on /home/airflow/.local/lib/python3.6/site-packages/airflow/example_dags/example_dag_decorator.py
[2023-06-10 23:34:57,685] {scheduler_job.py:629} INFO - Processing file /home/airflow/.local/lib/python3.6/site-packages/airflow/example_dags/example_dag_decorator.py for tasks to queue
[2023-06-10 23:34:57,687] {logging_mixin.py:104} INFO - [2023-06-10 23:34:57,686] {dagbag.py:451} INFO - Filling up the DagBag from /home/airflow/.local/lib/python3.6/site-packages/airflow/example_dags/example_dag_decorator.py
[2023-06-10 23:34:57,714] {scheduler_job.py:639} INFO - DAG(s) dict_keys(['example_dag_decorator']) retrieved from /home/airflow/.local/lib/python3.6/site-packages/airflow/example_dags/example_dag_decorator.py
[2023-06-10 23:34:57,747] {logging_mixin.py:104} INFO - [2023-06-10 23:34:57,746] {dag.py:1824} INFO - Sync 1 DAGs
[2023-06-10 23:34:57,765] {logging_mixin.py:104} INFO - [2023-06-10 23:34:57,765] {dag.py:2280} INFO - Setting next_dagrun for example_dag_decorator to None
[2023-06-10 23:34:57,784] {scheduler_job.py:190} INFO - Processing /home/airflow/.local/lib/python3.6/site-packages/airflow/example_dags/example_dag_decorator.py took 0.106 seconds
[2023-06-10 23:35:28,065] {scheduler_job.py:182} INFO - Started process (PID=849) to work on /home/airflow/.local/lib/python3.6/site-packages/airflow/example_dags/example_dag_decorator.py
[2023-06-10 23:35:28,067] {scheduler_job.py:629} INFO - Processing file /home/airflow/.local/lib/python3.6/site-packages/airflow/example_dags/example_dag_decorator.py for tasks to queue
[2023-06-10 23:35:28,069] {logging_mixin.py:104} INFO - [2023-06-10 23:35:28,069] {dagbag.py:451} INFO - Filling up the DagBag from /home/airflow/.local/lib/python3.6/site-packages/airflow/example_dags/example_dag_decorator.py
[2023-06-10 23:35:28,089] {scheduler_job.py:639} INFO - DAG(s) dict_keys(['example_dag_decorator']) retrieved from /home/airflow/.local/lib/python3.6/site-packages/airflow/example_dags/example_dag_decorator.py
[2023-06-10 23:35:28,117] {logging_mixin.py:104} INFO - [2023-06-10 23:35:28,117] {dag.py:1824} INFO - Sync 1 DAGs
[2023-06-10 23:35:28,133] {logging_mixin.py:104} INFO - [2023-06-10 23:35:28,133] {dag.py:2280} INFO - Setting next_dagrun for example_dag_decorator to None
[2023-06-10 23:35:28,148] {scheduler_job.py:190} INFO - Processing /home/airflow/.local/lib/python3.6/site-packages/airflow/example_dags/example_dag_decorator.py took 0.087 seconds
[2023-06-10 23:35:58,401] {scheduler_job.py:182} INFO - Started process (PID=969) to work on /home/airflow/.local/lib/python3.6/site-packages/airflow/example_dags/example_dag_decorator.py
[2023-06-10 23:35:58,403] {scheduler_job.py:629} INFO - Processing file /home/airflow/.local/lib/python3.6/site-packages/airflow/example_dags/example_dag_decorator.py for tasks to queue
[2023-06-10 23:35:58,404] {logging_mixin.py:104} INFO - [2023-06-10 23:35:58,404] {dagbag.py:451} INFO - Filling up the DagBag from /home/airflow/.local/lib/python3.6/site-packages/airflow/example_dags/example_dag_decorator.py
[2023-06-10 23:35:58,431] {scheduler_job.py:639} INFO - DAG(s) dict_keys(['example_dag_decorator']) retrieved from /home/airflow/.local/lib/python3.6/site-packages/airflow/example_dags/example_dag_decorator.py
[2023-06-10 23:35:58,454] {logging_mixin.py:104} INFO - [2023-06-10 23:35:58,454] {dag.py:1824} INFO - Sync 1 DAGs
[2023-06-10 23:35:58,467] {logging_mixin.py:104} INFO - [2023-06-10 23:35:58,467] {dag.py:2280} INFO - Setting next_dagrun for example_dag_decorator to None
[2023-06-10 23:35:58,483] {scheduler_job.py:190} INFO - Processing /home/airflow/.local/lib/python3.6/site-packages/airflow/example_dags/example_dag_decorator.py took 0.085 seconds
[2023-06-10 23:36:29,404] {scheduler_job.py:182} INFO - Started process (PID=1109) to work on /home/airflow/.local/lib/python3.6/site-packages/airflow/example_dags/example_dag_decorator.py
[2023-06-10 23:36:29,406] {scheduler_job.py:629} INFO - Processing file /home/airflow/.local/lib/python3.6/site-packages/airflow/example_dags/example_dag_decorator.py for tasks to queue
[2023-06-10 23:36:29,407] {logging_mixin.py:104} INFO - [2023-06-10 23:36:29,406] {dagbag.py:451} INFO - Filling up the DagBag from /home/airflow/.local/lib/python3.6/site-packages/airflow/example_dags/example_dag_decorator.py
[2023-06-10 23:36:29,421] {scheduler_job.py:639} INFO - DAG(s) dict_keys(['example_dag_decorator']) retrieved from /home/airflow/.local/lib/python3.6/site-packages/airflow/example_dags/example_dag_decorator.py
[2023-06-10 23:36:29,444] {logging_mixin.py:104} INFO - [2023-06-10 23:36:29,444] {dag.py:1824} INFO - Sync 1 DAGs
[2023-06-10 23:36:29,457] {logging_mixin.py:104} INFO - [2023-06-10 23:36:29,457] {dag.py:2280} INFO - Setting next_dagrun for example_dag_decorator to None
[2023-06-10 23:36:29,470] {scheduler_job.py:190} INFO - Processing /home/airflow/.local/lib/python3.6/site-packages/airflow/example_dags/example_dag_decorator.py took 0.069 seconds
[2023-06-10 23:37:02,143] {scheduler_job.py:182} INFO - Started process (PID=166) to work on /home/airflow/.local/lib/python3.6/site-packages/airflow/example_dags/example_dag_decorator.py
[2023-06-10 23:37:02,146] {scheduler_job.py:629} INFO - Processing file /home/airflow/.local/lib/python3.6/site-packages/airflow/example_dags/example_dag_decorator.py for tasks to queue
[2023-06-10 23:37:02,148] {logging_mixin.py:104} INFO - [2023-06-10 23:37:02,148] {dagbag.py:451} INFO - Filling up the DagBag from /home/airflow/.local/lib/python3.6/site-packages/airflow/example_dags/example_dag_decorator.py
[2023-06-10 23:37:02,267] {scheduler_job.py:639} INFO - DAG(s) dict_keys(['example_dag_decorator']) retrieved from /home/airflow/.local/lib/python3.6/site-packages/airflow/example_dags/example_dag_decorator.py
[2023-06-10 23:37:02,365] {logging_mixin.py:104} INFO - [2023-06-10 23:37:02,363] {dag.py:1824} INFO - Sync 1 DAGs
[2023-06-10 23:37:02,464] {logging_mixin.py:104} INFO - [2023-06-10 23:37:02,464] {dag.py:2280} INFO - Setting next_dagrun for example_dag_decorator to None
[2023-06-10 23:37:02,516] {scheduler_job.py:190} INFO - Processing /home/airflow/.local/lib/python3.6/site-packages/airflow/example_dags/example_dag_decorator.py took 0.380 seconds
[2023-06-10 23:37:33,152] {scheduler_job.py:182} INFO - Started process (PID=296) to work on /home/airflow/.local/lib/python3.6/site-packages/airflow/example_dags/example_dag_decorator.py
[2023-06-10 23:37:33,154] {scheduler_job.py:629} INFO - Processing file /home/airflow/.local/lib/python3.6/site-packages/airflow/example_dags/example_dag_decorator.py for tasks to queue
[2023-06-10 23:37:33,156] {logging_mixin.py:104} INFO - [2023-06-10 23:37:33,155] {dagbag.py:451} INFO - Filling up the DagBag from /home/airflow/.local/lib/python3.6/site-packages/airflow/example_dags/example_dag_decorator.py
[2023-06-10 23:37:33,185] {scheduler_job.py:639} INFO - DAG(s) dict_keys(['example_dag_decorator']) retrieved from /home/airflow/.local/lib/python3.6/site-packages/airflow/example_dags/example_dag_decorator.py
[2023-06-10 23:37:33,242] {logging_mixin.py:104} INFO - [2023-06-10 23:37:33,242] {dag.py:1824} INFO - Sync 1 DAGs
[2023-06-10 23:37:33,278] {logging_mixin.py:104} INFO - [2023-06-10 23:37:33,278] {dag.py:2280} INFO - Setting next_dagrun for example_dag_decorator to None
[2023-06-10 23:37:33,312] {scheduler_job.py:190} INFO - Processing /home/airflow/.local/lib/python3.6/site-packages/airflow/example_dags/example_dag_decorator.py took 0.164 seconds
[2023-06-10 23:38:03,468] {scheduler_job.py:182} INFO - Started process (PID=426) to work on /home/airflow/.local/lib/python3.6/site-packages/airflow/example_dags/example_dag_decorator.py
[2023-06-10 23:38:03,469] {scheduler_job.py:629} INFO - Processing file /home/airflow/.local/lib/python3.6/site-packages/airflow/example_dags/example_dag_decorator.py for tasks to queue
[2023-06-10 23:38:03,471] {logging_mixin.py:104} INFO - [2023-06-10 23:38:03,471] {dagbag.py:451} INFO - Filling up the DagBag from /home/airflow/.local/lib/python3.6/site-packages/airflow/example_dags/example_dag_decorator.py
[2023-06-10 23:38:03,487] {scheduler_job.py:639} INFO - DAG(s) dict_keys(['example_dag_decorator']) retrieved from /home/airflow/.local/lib/python3.6/site-packages/airflow/example_dags/example_dag_decorator.py
[2023-06-10 23:38:03,511] {logging_mixin.py:104} INFO - [2023-06-10 23:38:03,511] {dag.py:1824} INFO - Sync 1 DAGs
[2023-06-10 23:38:03,530] {logging_mixin.py:104} INFO - [2023-06-10 23:38:03,530] {dag.py:2280} INFO - Setting next_dagrun for example_dag_decorator to None
[2023-06-10 23:38:03,545] {scheduler_job.py:190} INFO - Processing /home/airflow/.local/lib/python3.6/site-packages/airflow/example_dags/example_dag_decorator.py took 0.080 seconds
[2023-06-10 23:38:33,879] {scheduler_job.py:182} INFO - Started process (PID=556) to work on /home/airflow/.local/lib/python3.6/site-packages/airflow/example_dags/example_dag_decorator.py
[2023-06-10 23:38:33,882] {scheduler_job.py:629} INFO - Processing file /home/airflow/.local/lib/python3.6/site-packages/airflow/example_dags/example_dag_decorator.py for tasks to queue
[2023-06-10 23:38:33,883] {logging_mixin.py:104} INFO - [2023-06-10 23:38:33,883] {dagbag.py:451} INFO - Filling up the DagBag from /home/airflow/.local/lib/python3.6/site-packages/airflow/example_dags/example_dag_decorator.py
[2023-06-10 23:38:33,906] {scheduler_job.py:639} INFO - DAG(s) dict_keys(['example_dag_decorator']) retrieved from /home/airflow/.local/lib/python3.6/site-packages/airflow/example_dags/example_dag_decorator.py
[2023-06-10 23:38:33,940] {logging_mixin.py:104} INFO - [2023-06-10 23:38:33,940] {dag.py:1824} INFO - Sync 1 DAGs
[2023-06-10 23:38:33,959] {logging_mixin.py:104} INFO - [2023-06-10 23:38:33,959] {dag.py:2280} INFO - Setting next_dagrun for example_dag_decorator to None
[2023-06-10 23:38:33,978] {scheduler_job.py:190} INFO - Processing /home/airflow/.local/lib/python3.6/site-packages/airflow/example_dags/example_dag_decorator.py took 0.103 seconds
[2023-06-10 23:39:04,760] {scheduler_job.py:182} INFO - Started process (PID=686) to work on /home/airflow/.local/lib/python3.6/site-packages/airflow/example_dags/example_dag_decorator.py
[2023-06-10 23:39:04,762] {scheduler_job.py:629} INFO - Processing file /home/airflow/.local/lib/python3.6/site-packages/airflow/example_dags/example_dag_decorator.py for tasks to queue
[2023-06-10 23:39:04,763] {logging_mixin.py:104} INFO - [2023-06-10 23:39:04,763] {dagbag.py:451} INFO - Filling up the DagBag from /home/airflow/.local/lib/python3.6/site-packages/airflow/example_dags/example_dag_decorator.py
[2023-06-10 23:39:04,788] {scheduler_job.py:639} INFO - DAG(s) dict_keys(['example_dag_decorator']) retrieved from /home/airflow/.local/lib/python3.6/site-packages/airflow/example_dags/example_dag_decorator.py
[2023-06-10 23:39:04,816] {logging_mixin.py:104} INFO - [2023-06-10 23:39:04,815] {dag.py:1824} INFO - Sync 1 DAGs
[2023-06-10 23:39:04,846] {logging_mixin.py:104} INFO - [2023-06-10 23:39:04,840] {dag.py:2280} INFO - Setting next_dagrun for example_dag_decorator to None
[2023-06-10 23:39:04,868] {scheduler_job.py:190} INFO - Processing /home/airflow/.local/lib/python3.6/site-packages/airflow/example_dags/example_dag_decorator.py took 0.112 seconds
[2023-06-10 23:39:35,400] {scheduler_job.py:182} INFO - Started process (PID=816) to work on /home/airflow/.local/lib/python3.6/site-packages/airflow/example_dags/example_dag_decorator.py
[2023-06-10 23:39:35,402] {scheduler_job.py:629} INFO - Processing file /home/airflow/.local/lib/python3.6/site-packages/airflow/example_dags/example_dag_decorator.py for tasks to queue
[2023-06-10 23:39:35,403] {logging_mixin.py:104} INFO - [2023-06-10 23:39:35,403] {dagbag.py:451} INFO - Filling up the DagBag from /home/airflow/.local/lib/python3.6/site-packages/airflow/example_dags/example_dag_decorator.py
[2023-06-10 23:39:35,415] {scheduler_job.py:639} INFO - DAG(s) dict_keys(['example_dag_decorator']) retrieved from /home/airflow/.local/lib/python3.6/site-packages/airflow/example_dags/example_dag_decorator.py
[2023-06-10 23:39:35,435] {logging_mixin.py:104} INFO - [2023-06-10 23:39:35,435] {dag.py:1824} INFO - Sync 1 DAGs
[2023-06-10 23:39:35,447] {logging_mixin.py:104} INFO - [2023-06-10 23:39:35,447] {dag.py:2280} INFO - Setting next_dagrun for example_dag_decorator to None
[2023-06-10 23:39:35,462] {scheduler_job.py:190} INFO - Processing /home/airflow/.local/lib/python3.6/site-packages/airflow/example_dags/example_dag_decorator.py took 0.064 seconds
[2023-06-10 23:40:05,915] {scheduler_job.py:182} INFO - Started process (PID=946) to work on /home/airflow/.local/lib/python3.6/site-packages/airflow/example_dags/example_dag_decorator.py
[2023-06-10 23:40:05,917] {scheduler_job.py:629} INFO - Processing file /home/airflow/.local/lib/python3.6/site-packages/airflow/example_dags/example_dag_decorator.py for tasks to queue
[2023-06-10 23:40:05,918] {logging_mixin.py:104} INFO - [2023-06-10 23:40:05,918] {dagbag.py:451} INFO - Filling up the DagBag from /home/airflow/.local/lib/python3.6/site-packages/airflow/example_dags/example_dag_decorator.py
[2023-06-10 23:40:05,930] {scheduler_job.py:639} INFO - DAG(s) dict_keys(['example_dag_decorator']) retrieved from /home/airflow/.local/lib/python3.6/site-packages/airflow/example_dags/example_dag_decorator.py
[2023-06-10 23:40:05,951] {logging_mixin.py:104} INFO - [2023-06-10 23:40:05,950] {dag.py:1824} INFO - Sync 1 DAGs
[2023-06-10 23:40:05,963] {logging_mixin.py:104} INFO - [2023-06-10 23:40:05,963] {dag.py:2280} INFO - Setting next_dagrun for example_dag_decorator to None
[2023-06-10 23:40:05,981] {scheduler_job.py:190} INFO - Processing /home/airflow/.local/lib/python3.6/site-packages/airflow/example_dags/example_dag_decorator.py took 0.069 seconds
[2023-06-10 23:40:36,222] {scheduler_job.py:182} INFO - Started process (PID=1076) to work on /home/airflow/.local/lib/python3.6/site-packages/airflow/example_dags/example_dag_decorator.py
[2023-06-10 23:40:36,224] {scheduler_job.py:629} INFO - Processing file /home/airflow/.local/lib/python3.6/site-packages/airflow/example_dags/example_dag_decorator.py for tasks to queue
[2023-06-10 23:40:36,225] {logging_mixin.py:104} INFO - [2023-06-10 23:40:36,225] {dagbag.py:451} INFO - Filling up the DagBag from /home/airflow/.local/lib/python3.6/site-packages/airflow/example_dags/example_dag_decorator.py
[2023-06-10 23:40:36,239] {scheduler_job.py:639} INFO - DAG(s) dict_keys(['example_dag_decorator']) retrieved from /home/airflow/.local/lib/python3.6/site-packages/airflow/example_dags/example_dag_decorator.py
[2023-06-10 23:40:36,261] {logging_mixin.py:104} INFO - [2023-06-10 23:40:36,261] {dag.py:1824} INFO - Sync 1 DAGs
[2023-06-10 23:40:36,274] {logging_mixin.py:104} INFO - [2023-06-10 23:40:36,274] {dag.py:2280} INFO - Setting next_dagrun for example_dag_decorator to None
[2023-06-10 23:40:36,290] {scheduler_job.py:190} INFO - Processing /home/airflow/.local/lib/python3.6/site-packages/airflow/example_dags/example_dag_decorator.py took 0.070 seconds
[2023-06-10 23:41:06,619] {scheduler_job.py:182} INFO - Started process (PID=1206) to work on /home/airflow/.local/lib/python3.6/site-packages/airflow/example_dags/example_dag_decorator.py
[2023-06-10 23:41:06,624] {scheduler_job.py:629} INFO - Processing file /home/airflow/.local/lib/python3.6/site-packages/airflow/example_dags/example_dag_decorator.py for tasks to queue
[2023-06-10 23:41:06,628] {logging_mixin.py:104} INFO - [2023-06-10 23:41:06,628] {dagbag.py:451} INFO - Filling up the DagBag from /home/airflow/.local/lib/python3.6/site-packages/airflow/example_dags/example_dag_decorator.py
[2023-06-10 23:41:06,655] {scheduler_job.py:639} INFO - DAG(s) dict_keys(['example_dag_decorator']) retrieved from /home/airflow/.local/lib/python3.6/site-packages/airflow/example_dags/example_dag_decorator.py
[2023-06-10 23:41:06,691] {logging_mixin.py:104} INFO - [2023-06-10 23:41:06,691] {dag.py:1824} INFO - Sync 1 DAGs
[2023-06-10 23:41:06,711] {logging_mixin.py:104} INFO - [2023-06-10 23:41:06,710] {dag.py:2280} INFO - Setting next_dagrun for example_dag_decorator to None
[2023-06-10 23:41:06,729] {scheduler_job.py:190} INFO - Processing /home/airflow/.local/lib/python3.6/site-packages/airflow/example_dags/example_dag_decorator.py took 0.115 seconds
[2023-06-10 23:41:37,120] {scheduler_job.py:182} INFO - Started process (PID=1336) to work on /home/airflow/.local/lib/python3.6/site-packages/airflow/example_dags/example_dag_decorator.py
[2023-06-10 23:41:37,121] {scheduler_job.py:629} INFO - Processing file /home/airflow/.local/lib/python3.6/site-packages/airflow/example_dags/example_dag_decorator.py for tasks to queue
[2023-06-10 23:41:37,122] {logging_mixin.py:104} INFO - [2023-06-10 23:41:37,122] {dagbag.py:451} INFO - Filling up the DagBag from /home/airflow/.local/lib/python3.6/site-packages/airflow/example_dags/example_dag_decorator.py
[2023-06-10 23:41:37,140] {scheduler_job.py:639} INFO - DAG(s) dict_keys(['example_dag_decorator']) retrieved from /home/airflow/.local/lib/python3.6/site-packages/airflow/example_dags/example_dag_decorator.py
[2023-06-10 23:41:37,164] {logging_mixin.py:104} INFO - [2023-06-10 23:41:37,164] {dag.py:1824} INFO - Sync 1 DAGs
[2023-06-10 23:41:37,176] {logging_mixin.py:104} INFO - [2023-06-10 23:41:37,175] {dag.py:2280} INFO - Setting next_dagrun for example_dag_decorator to None
[2023-06-10 23:41:37,188] {scheduler_job.py:190} INFO - Processing /home/airflow/.local/lib/python3.6/site-packages/airflow/example_dags/example_dag_decorator.py took 0.072 seconds
[2023-06-10 23:42:07,543] {scheduler_job.py:182} INFO - Started process (PID=1466) to work on /home/airflow/.local/lib/python3.6/site-packages/airflow/example_dags/example_dag_decorator.py
[2023-06-10 23:42:07,544] {scheduler_job.py:629} INFO - Processing file /home/airflow/.local/lib/python3.6/site-packages/airflow/example_dags/example_dag_decorator.py for tasks to queue
[2023-06-10 23:42:07,545] {logging_mixin.py:104} INFO - [2023-06-10 23:42:07,545] {dagbag.py:451} INFO - Filling up the DagBag from /home/airflow/.local/lib/python3.6/site-packages/airflow/example_dags/example_dag_decorator.py
[2023-06-10 23:42:07,559] {scheduler_job.py:639} INFO - DAG(s) dict_keys(['example_dag_decorator']) retrieved from /home/airflow/.local/lib/python3.6/site-packages/airflow/example_dags/example_dag_decorator.py
[2023-06-10 23:42:07,581] {logging_mixin.py:104} INFO - [2023-06-10 23:42:07,581] {dag.py:1824} INFO - Sync 1 DAGs
[2023-06-10 23:42:07,596] {logging_mixin.py:104} INFO - [2023-06-10 23:42:07,596] {dag.py:2280} INFO - Setting next_dagrun for example_dag_decorator to None
[2023-06-10 23:42:07,613] {scheduler_job.py:190} INFO - Processing /home/airflow/.local/lib/python3.6/site-packages/airflow/example_dags/example_dag_decorator.py took 0.074 seconds
[2023-06-10 23:42:37,841] {scheduler_job.py:182} INFO - Started process (PID=1596) to work on /home/airflow/.local/lib/python3.6/site-packages/airflow/example_dags/example_dag_decorator.py
[2023-06-10 23:42:37,844] {scheduler_job.py:629} INFO - Processing file /home/airflow/.local/lib/python3.6/site-packages/airflow/example_dags/example_dag_decorator.py for tasks to queue
[2023-06-10 23:42:37,847] {logging_mixin.py:104} INFO - [2023-06-10 23:42:37,846] {dagbag.py:451} INFO - Filling up the DagBag from /home/airflow/.local/lib/python3.6/site-packages/airflow/example_dags/example_dag_decorator.py
[2023-06-10 23:42:37,866] {scheduler_job.py:639} INFO - DAG(s) dict_keys(['example_dag_decorator']) retrieved from /home/airflow/.local/lib/python3.6/site-packages/airflow/example_dags/example_dag_decorator.py
[2023-06-10 23:42:37,902] {logging_mixin.py:104} INFO - [2023-06-10 23:42:37,902] {dag.py:1824} INFO - Sync 1 DAGs
[2023-06-10 23:42:37,921] {logging_mixin.py:104} INFO - [2023-06-10 23:42:37,921] {dag.py:2280} INFO - Setting next_dagrun for example_dag_decorator to None
[2023-06-10 23:42:37,938] {scheduler_job.py:190} INFO - Processing /home/airflow/.local/lib/python3.6/site-packages/airflow/example_dags/example_dag_decorator.py took 0.101 seconds
[2023-06-10 23:43:08,277] {scheduler_job.py:182} INFO - Started process (PID=1726) to work on /home/airflow/.local/lib/python3.6/site-packages/airflow/example_dags/example_dag_decorator.py
[2023-06-10 23:43:08,278] {scheduler_job.py:629} INFO - Processing file /home/airflow/.local/lib/python3.6/site-packages/airflow/example_dags/example_dag_decorator.py for tasks to queue
[2023-06-10 23:43:08,279] {logging_mixin.py:104} INFO - [2023-06-10 23:43:08,279] {dagbag.py:451} INFO - Filling up the DagBag from /home/airflow/.local/lib/python3.6/site-packages/airflow/example_dags/example_dag_decorator.py
[2023-06-10 23:43:08,293] {scheduler_job.py:639} INFO - DAG(s) dict_keys(['example_dag_decorator']) retrieved from /home/airflow/.local/lib/python3.6/site-packages/airflow/example_dags/example_dag_decorator.py
[2023-06-10 23:43:08,313] {logging_mixin.py:104} INFO - [2023-06-10 23:43:08,313] {dag.py:1824} INFO - Sync 1 DAGs
[2023-06-10 23:43:08,326] {logging_mixin.py:104} INFO - [2023-06-10 23:43:08,326] {dag.py:2280} INFO - Setting next_dagrun for example_dag_decorator to None
[2023-06-10 23:43:08,342] {scheduler_job.py:190} INFO - Processing /home/airflow/.local/lib/python3.6/site-packages/airflow/example_dags/example_dag_decorator.py took 0.068 seconds
[2023-06-10 23:43:38,515] {scheduler_job.py:182} INFO - Started process (PID=1856) to work on /home/airflow/.local/lib/python3.6/site-packages/airflow/example_dags/example_dag_decorator.py
[2023-06-10 23:43:38,517] {scheduler_job.py:629} INFO - Processing file /home/airflow/.local/lib/python3.6/site-packages/airflow/example_dags/example_dag_decorator.py for tasks to queue
[2023-06-10 23:43:38,519] {logging_mixin.py:104} INFO - [2023-06-10 23:43:38,519] {dagbag.py:451} INFO - Filling up the DagBag from /home/airflow/.local/lib/python3.6/site-packages/airflow/example_dags/example_dag_decorator.py
[2023-06-10 23:43:38,537] {scheduler_job.py:639} INFO - DAG(s) dict_keys(['example_dag_decorator']) retrieved from /home/airflow/.local/lib/python3.6/site-packages/airflow/example_dags/example_dag_decorator.py
[2023-06-10 23:43:38,572] {logging_mixin.py:104} INFO - [2023-06-10 23:43:38,572] {dag.py:1824} INFO - Sync 1 DAGs
[2023-06-10 23:43:38,586] {logging_mixin.py:104} INFO - [2023-06-10 23:43:38,586] {dag.py:2280} INFO - Setting next_dagrun for example_dag_decorator to None
[2023-06-10 23:43:38,605] {scheduler_job.py:190} INFO - Processing /home/airflow/.local/lib/python3.6/site-packages/airflow/example_dags/example_dag_decorator.py took 0.094 seconds
