[2023-06-10 23:32:55,544] {scheduler_job.py:182} INFO - Started process (PID=184) to work on /home/airflow/.local/lib/python3.6/site-packages/airflow/example_dags/example_subdag_operator.py
[2023-06-10 23:32:55,546] {scheduler_job.py:629} INFO - Processing file /home/airflow/.local/lib/python3.6/site-packages/airflow/example_dags/example_subdag_operator.py for tasks to queue
[2023-06-10 23:32:55,547] {logging_mixin.py:104} INFO - [2023-06-10 23:32:55,547] {dagbag.py:451} INFO - Filling up the DagBag from /home/airflow/.local/lib/python3.6/site-packages/airflow/example_dags/example_subdag_operator.py
[2023-06-10 23:32:55,571] {scheduler_job.py:639} INFO - DAG(s) dict_keys(['example_subdag_operator.section-1', 'example_subdag_operator.section-2', 'example_subdag_operator']) retrieved from /home/airflow/.local/lib/python3.6/site-packages/airflow/example_dags/example_subdag_operator.py
[2023-06-10 23:32:55,582] {logging_mixin.py:104} INFO - [2023-06-10 23:32:55,582] {dag.py:1824} INFO - Sync 3 DAGs
[2023-06-10 23:32:55,591] {logging_mixin.py:104} INFO - [2023-06-10 23:32:55,591] {dag.py:1843} INFO - Creating ORM DAG for example_subdag_operator.section-1
[2023-06-10 23:32:55,593] {logging_mixin.py:104} INFO - [2023-06-10 23:32:55,593] {dag.py:1843} INFO - Creating ORM DAG for example_subdag_operator.section-2
[2023-06-10 23:32:55,593] {logging_mixin.py:104} INFO - [2023-06-10 23:32:55,593] {dag.py:1843} INFO - Creating ORM DAG for example_subdag_operator
[2023-06-10 23:32:55,598] {logging_mixin.py:104} INFO - [2023-06-10 23:32:55,598] {dag.py:2280} INFO - Setting next_dagrun for example_subdag_operator to 2023-06-08 00:00:00+00:00
[2023-06-10 23:32:55,599] {logging_mixin.py:104} INFO - [2023-06-10 23:32:55,599] {dag.py:2280} INFO - Setting next_dagrun for example_subdag_operator.section-1 to None
[2023-06-10 23:32:55,600] {logging_mixin.py:104} INFO - [2023-06-10 23:32:55,600] {dag.py:2280} INFO - Setting next_dagrun for example_subdag_operator.section-2 to None
[2023-06-10 23:32:55,615] {logging_mixin.py:104} INFO - [2023-06-10 23:32:55,615] {dag.py:1824} INFO - Sync 2 DAGs
[2023-06-10 23:32:55,623] {logging_mixin.py:104} INFO - [2023-06-10 23:32:55,623] {dag.py:2280} INFO - Setting next_dagrun for example_subdag_operator.section-1 to None
[2023-06-10 23:32:55,623] {logging_mixin.py:104} INFO - [2023-06-10 23:32:55,623] {dag.py:2280} INFO - Setting next_dagrun for example_subdag_operator.section-2 to None
[2023-06-10 23:32:55,632] {scheduler_job.py:190} INFO - Processing /home/airflow/.local/lib/python3.6/site-packages/airflow/example_dags/example_subdag_operator.py took 0.090 seconds
[2023-06-10 23:33:25,954] {scheduler_job.py:182} INFO - Started process (PID=313) to work on /home/airflow/.local/lib/python3.6/site-packages/airflow/example_dags/example_subdag_operator.py
[2023-06-10 23:33:25,956] {scheduler_job.py:629} INFO - Processing file /home/airflow/.local/lib/python3.6/site-packages/airflow/example_dags/example_subdag_operator.py for tasks to queue
[2023-06-10 23:33:25,957] {logging_mixin.py:104} INFO - [2023-06-10 23:33:25,957] {dagbag.py:451} INFO - Filling up the DagBag from /home/airflow/.local/lib/python3.6/site-packages/airflow/example_dags/example_subdag_operator.py
[2023-06-10 23:33:25,981] {scheduler_job.py:639} INFO - DAG(s) dict_keys(['example_subdag_operator.section-1', 'example_subdag_operator.section-2', 'example_subdag_operator']) retrieved from /home/airflow/.local/lib/python3.6/site-packages/airflow/example_dags/example_subdag_operator.py
[2023-06-10 23:33:25,991] {logging_mixin.py:104} INFO - [2023-06-10 23:33:25,991] {dag.py:1824} INFO - Sync 3 DAGs
[2023-06-10 23:33:26,005] {logging_mixin.py:104} INFO - [2023-06-10 23:33:26,005] {dag.py:2280} INFO - Setting next_dagrun for example_subdag_operator to 2023-06-08 00:00:00+00:00
[2023-06-10 23:33:26,006] {logging_mixin.py:104} INFO - [2023-06-10 23:33:26,006] {dag.py:2280} INFO - Setting next_dagrun for example_subdag_operator.section-1 to None
[2023-06-10 23:33:26,007] {logging_mixin.py:104} INFO - [2023-06-10 23:33:26,007] {dag.py:2280} INFO - Setting next_dagrun for example_subdag_operator.section-2 to None
[2023-06-10 23:33:26,016] {logging_mixin.py:104} INFO - [2023-06-10 23:33:26,016] {dag.py:1824} INFO - Sync 2 DAGs
[2023-06-10 23:33:26,024] {logging_mixin.py:104} INFO - [2023-06-10 23:33:26,024] {dag.py:2280} INFO - Setting next_dagrun for example_subdag_operator.section-1 to None
[2023-06-10 23:33:26,025] {logging_mixin.py:104} INFO - [2023-06-10 23:33:26,025] {dag.py:2280} INFO - Setting next_dagrun for example_subdag_operator.section-2 to None
[2023-06-10 23:33:26,033] {scheduler_job.py:190} INFO - Processing /home/airflow/.local/lib/python3.6/site-packages/airflow/example_dags/example_subdag_operator.py took 0.082 seconds
[2023-06-10 23:33:56,454] {scheduler_job.py:182} INFO - Started process (PID=455) to work on /home/airflow/.local/lib/python3.6/site-packages/airflow/example_dags/example_subdag_operator.py
[2023-06-10 23:33:56,455] {scheduler_job.py:629} INFO - Processing file /home/airflow/.local/lib/python3.6/site-packages/airflow/example_dags/example_subdag_operator.py for tasks to queue
[2023-06-10 23:33:56,457] {logging_mixin.py:104} INFO - [2023-06-10 23:33:56,456] {dagbag.py:451} INFO - Filling up the DagBag from /home/airflow/.local/lib/python3.6/site-packages/airflow/example_dags/example_subdag_operator.py
[2023-06-10 23:33:56,487] {scheduler_job.py:639} INFO - DAG(s) dict_keys(['example_subdag_operator.section-1', 'example_subdag_operator.section-2', 'example_subdag_operator']) retrieved from /home/airflow/.local/lib/python3.6/site-packages/airflow/example_dags/example_subdag_operator.py
[2023-06-10 23:33:56,498] {logging_mixin.py:104} INFO - [2023-06-10 23:33:56,498] {dag.py:1824} INFO - Sync 3 DAGs
[2023-06-10 23:33:56,516] {logging_mixin.py:104} INFO - [2023-06-10 23:33:56,516] {dag.py:2280} INFO - Setting next_dagrun for example_subdag_operator to 2023-06-08 00:00:00+00:00
[2023-06-10 23:33:56,518] {logging_mixin.py:104} INFO - [2023-06-10 23:33:56,518] {dag.py:2280} INFO - Setting next_dagrun for example_subdag_operator.section-1 to None
[2023-06-10 23:33:56,519] {logging_mixin.py:104} INFO - [2023-06-10 23:33:56,519] {dag.py:2280} INFO - Setting next_dagrun for example_subdag_operator.section-2 to None
[2023-06-10 23:33:56,529] {logging_mixin.py:104} INFO - [2023-06-10 23:33:56,529] {dag.py:1824} INFO - Sync 2 DAGs
[2023-06-10 23:33:56,538] {logging_mixin.py:104} INFO - [2023-06-10 23:33:56,538] {dag.py:2280} INFO - Setting next_dagrun for example_subdag_operator.section-1 to None
[2023-06-10 23:33:56,539] {logging_mixin.py:104} INFO - [2023-06-10 23:33:56,538] {dag.py:2280} INFO - Setting next_dagrun for example_subdag_operator.section-2 to None
[2023-06-10 23:33:56,550] {scheduler_job.py:190} INFO - Processing /home/airflow/.local/lib/python3.6/site-packages/airflow/example_dags/example_subdag_operator.py took 0.100 seconds
[2023-06-10 23:34:26,949] {scheduler_job.py:182} INFO - Started process (PID=589) to work on /home/airflow/.local/lib/python3.6/site-packages/airflow/example_dags/example_subdag_operator.py
[2023-06-10 23:34:26,953] {scheduler_job.py:629} INFO - Processing file /home/airflow/.local/lib/python3.6/site-packages/airflow/example_dags/example_subdag_operator.py for tasks to queue
[2023-06-10 23:34:26,961] {logging_mixin.py:104} INFO - [2023-06-10 23:34:26,960] {dagbag.py:451} INFO - Filling up the DagBag from /home/airflow/.local/lib/python3.6/site-packages/airflow/example_dags/example_subdag_operator.py
[2023-06-10 23:34:27,001] {scheduler_job.py:639} INFO - DAG(s) dict_keys(['example_subdag_operator.section-1', 'example_subdag_operator.section-2', 'example_subdag_operator']) retrieved from /home/airflow/.local/lib/python3.6/site-packages/airflow/example_dags/example_subdag_operator.py
[2023-06-10 23:34:27,013] {logging_mixin.py:104} INFO - [2023-06-10 23:34:27,013] {dag.py:1824} INFO - Sync 3 DAGs
[2023-06-10 23:34:27,030] {logging_mixin.py:104} INFO - [2023-06-10 23:34:27,030] {dag.py:2280} INFO - Setting next_dagrun for example_subdag_operator to 2023-06-08 00:00:00+00:00
[2023-06-10 23:34:27,032] {logging_mixin.py:104} INFO - [2023-06-10 23:34:27,031] {dag.py:2280} INFO - Setting next_dagrun for example_subdag_operator.section-1 to None
[2023-06-10 23:34:27,033] {logging_mixin.py:104} INFO - [2023-06-10 23:34:27,033] {dag.py:2280} INFO - Setting next_dagrun for example_subdag_operator.section-2 to None
[2023-06-10 23:34:27,046] {logging_mixin.py:104} INFO - [2023-06-10 23:34:27,046] {dag.py:1824} INFO - Sync 2 DAGs
[2023-06-10 23:34:27,053] {logging_mixin.py:104} INFO - [2023-06-10 23:34:27,053] {dag.py:2280} INFO - Setting next_dagrun for example_subdag_operator.section-1 to None
[2023-06-10 23:34:27,054] {logging_mixin.py:104} INFO - [2023-06-10 23:34:27,054] {dag.py:2280} INFO - Setting next_dagrun for example_subdag_operator.section-2 to None
[2023-06-10 23:34:27,066] {scheduler_job.py:190} INFO - Processing /home/airflow/.local/lib/python3.6/site-packages/airflow/example_dags/example_subdag_operator.py took 0.120 seconds
[2023-06-10 23:34:57,430] {scheduler_job.py:182} INFO - Started process (PID=704) to work on /home/airflow/.local/lib/python3.6/site-packages/airflow/example_dags/example_subdag_operator.py
[2023-06-10 23:34:57,432] {scheduler_job.py:629} INFO - Processing file /home/airflow/.local/lib/python3.6/site-packages/airflow/example_dags/example_subdag_operator.py for tasks to queue
[2023-06-10 23:34:57,434] {logging_mixin.py:104} INFO - [2023-06-10 23:34:57,434] {dagbag.py:451} INFO - Filling up the DagBag from /home/airflow/.local/lib/python3.6/site-packages/airflow/example_dags/example_subdag_operator.py
[2023-06-10 23:34:57,472] {scheduler_job.py:639} INFO - DAG(s) dict_keys(['example_subdag_operator.section-1', 'example_subdag_operator.section-2', 'example_subdag_operator']) retrieved from /home/airflow/.local/lib/python3.6/site-packages/airflow/example_dags/example_subdag_operator.py
[2023-06-10 23:34:57,486] {logging_mixin.py:104} INFO - [2023-06-10 23:34:57,485] {dag.py:1824} INFO - Sync 3 DAGs
[2023-06-10 23:34:57,503] {logging_mixin.py:104} INFO - [2023-06-10 23:34:57,503] {dag.py:2280} INFO - Setting next_dagrun for example_subdag_operator to 2023-06-08 00:00:00+00:00
[2023-06-10 23:34:57,505] {logging_mixin.py:104} INFO - [2023-06-10 23:34:57,505] {dag.py:2280} INFO - Setting next_dagrun for example_subdag_operator.section-1 to None
[2023-06-10 23:34:57,507] {logging_mixin.py:104} INFO - [2023-06-10 23:34:57,507] {dag.py:2280} INFO - Setting next_dagrun for example_subdag_operator.section-2 to None
[2023-06-10 23:34:57,520] {logging_mixin.py:104} INFO - [2023-06-10 23:34:57,520] {dag.py:1824} INFO - Sync 2 DAGs
[2023-06-10 23:34:57,531] {logging_mixin.py:104} INFO - [2023-06-10 23:34:57,531] {dag.py:2280} INFO - Setting next_dagrun for example_subdag_operator.section-1 to None
[2023-06-10 23:34:57,532] {logging_mixin.py:104} INFO - [2023-06-10 23:34:57,532] {dag.py:2280} INFO - Setting next_dagrun for example_subdag_operator.section-2 to None
[2023-06-10 23:34:57,545] {scheduler_job.py:190} INFO - Processing /home/airflow/.local/lib/python3.6/site-packages/airflow/example_dags/example_subdag_operator.py took 0.118 seconds
[2023-06-10 23:35:27,716] {scheduler_job.py:182} INFO - Started process (PID=829) to work on /home/airflow/.local/lib/python3.6/site-packages/airflow/example_dags/example_subdag_operator.py
[2023-06-10 23:35:27,718] {scheduler_job.py:629} INFO - Processing file /home/airflow/.local/lib/python3.6/site-packages/airflow/example_dags/example_subdag_operator.py for tasks to queue
[2023-06-10 23:35:27,719] {logging_mixin.py:104} INFO - [2023-06-10 23:35:27,719] {dagbag.py:451} INFO - Filling up the DagBag from /home/airflow/.local/lib/python3.6/site-packages/airflow/example_dags/example_subdag_operator.py
[2023-06-10 23:35:27,778] {scheduler_job.py:639} INFO - DAG(s) dict_keys(['example_subdag_operator.section-1', 'example_subdag_operator.section-2', 'example_subdag_operator']) retrieved from /home/airflow/.local/lib/python3.6/site-packages/airflow/example_dags/example_subdag_operator.py
[2023-06-10 23:35:27,801] {logging_mixin.py:104} INFO - [2023-06-10 23:35:27,800] {dag.py:1824} INFO - Sync 3 DAGs
[2023-06-10 23:35:27,820] {logging_mixin.py:104} INFO - [2023-06-10 23:35:27,819] {dag.py:2280} INFO - Setting next_dagrun for example_subdag_operator to 2023-06-08 00:00:00+00:00
[2023-06-10 23:35:27,823] {logging_mixin.py:104} INFO - [2023-06-10 23:35:27,823] {dag.py:2280} INFO - Setting next_dagrun for example_subdag_operator.section-1 to None
[2023-06-10 23:35:27,826] {logging_mixin.py:104} INFO - [2023-06-10 23:35:27,826] {dag.py:2280} INFO - Setting next_dagrun for example_subdag_operator.section-2 to None
[2023-06-10 23:35:27,839] {logging_mixin.py:104} INFO - [2023-06-10 23:35:27,839] {dag.py:1824} INFO - Sync 2 DAGs
[2023-06-10 23:35:27,847] {logging_mixin.py:104} INFO - [2023-06-10 23:35:27,847] {dag.py:2280} INFO - Setting next_dagrun for example_subdag_operator.section-1 to None
[2023-06-10 23:35:27,848] {logging_mixin.py:104} INFO - [2023-06-10 23:35:27,848] {dag.py:2280} INFO - Setting next_dagrun for example_subdag_operator.section-2 to None
[2023-06-10 23:35:27,885] {scheduler_job.py:190} INFO - Processing /home/airflow/.local/lib/python3.6/site-packages/airflow/example_dags/example_subdag_operator.py took 0.171 seconds
[2023-06-10 23:35:58,302] {scheduler_job.py:182} INFO - Started process (PID=964) to work on /home/airflow/.local/lib/python3.6/site-packages/airflow/example_dags/example_subdag_operator.py
[2023-06-10 23:35:58,304] {scheduler_job.py:629} INFO - Processing file /home/airflow/.local/lib/python3.6/site-packages/airflow/example_dags/example_subdag_operator.py for tasks to queue
[2023-06-10 23:35:58,305] {logging_mixin.py:104} INFO - [2023-06-10 23:35:58,305] {dagbag.py:451} INFO - Filling up the DagBag from /home/airflow/.local/lib/python3.6/site-packages/airflow/example_dags/example_subdag_operator.py
[2023-06-10 23:35:58,340] {scheduler_job.py:639} INFO - DAG(s) dict_keys(['example_subdag_operator.section-1', 'example_subdag_operator.section-2', 'example_subdag_operator']) retrieved from /home/airflow/.local/lib/python3.6/site-packages/airflow/example_dags/example_subdag_operator.py
[2023-06-10 23:35:58,351] {logging_mixin.py:104} INFO - [2023-06-10 23:35:58,351] {dag.py:1824} INFO - Sync 3 DAGs
[2023-06-10 23:35:58,366] {logging_mixin.py:104} INFO - [2023-06-10 23:35:58,365] {dag.py:2280} INFO - Setting next_dagrun for example_subdag_operator to 2023-06-08 00:00:00+00:00
[2023-06-10 23:35:58,367] {logging_mixin.py:104} INFO - [2023-06-10 23:35:58,367] {dag.py:2280} INFO - Setting next_dagrun for example_subdag_operator.section-1 to None
[2023-06-10 23:35:58,368] {logging_mixin.py:104} INFO - [2023-06-10 23:35:58,368] {dag.py:2280} INFO - Setting next_dagrun for example_subdag_operator.section-2 to None
[2023-06-10 23:35:58,380] {logging_mixin.py:104} INFO - [2023-06-10 23:35:58,380] {dag.py:1824} INFO - Sync 2 DAGs
[2023-06-10 23:35:58,389] {logging_mixin.py:104} INFO - [2023-06-10 23:35:58,389] {dag.py:2280} INFO - Setting next_dagrun for example_subdag_operator.section-1 to None
[2023-06-10 23:35:58,390] {logging_mixin.py:104} INFO - [2023-06-10 23:35:58,390] {dag.py:2280} INFO - Setting next_dagrun for example_subdag_operator.section-2 to None
[2023-06-10 23:35:58,400] {scheduler_job.py:190} INFO - Processing /home/airflow/.local/lib/python3.6/site-packages/airflow/example_dags/example_subdag_operator.py took 0.102 seconds
[2023-06-10 23:36:29,049] {scheduler_job.py:182} INFO - Started process (PID=1096) to work on /home/airflow/.local/lib/python3.6/site-packages/airflow/example_dags/example_subdag_operator.py
[2023-06-10 23:36:29,051] {scheduler_job.py:629} INFO - Processing file /home/airflow/.local/lib/python3.6/site-packages/airflow/example_dags/example_subdag_operator.py for tasks to queue
[2023-06-10 23:36:29,052] {logging_mixin.py:104} INFO - [2023-06-10 23:36:29,052] {dagbag.py:451} INFO - Filling up the DagBag from /home/airflow/.local/lib/python3.6/site-packages/airflow/example_dags/example_subdag_operator.py
[2023-06-10 23:36:29,085] {scheduler_job.py:639} INFO - DAG(s) dict_keys(['example_subdag_operator.section-1', 'example_subdag_operator.section-2', 'example_subdag_operator']) retrieved from /home/airflow/.local/lib/python3.6/site-packages/airflow/example_dags/example_subdag_operator.py
[2023-06-10 23:36:29,098] {logging_mixin.py:104} INFO - [2023-06-10 23:36:29,098] {dag.py:1824} INFO - Sync 3 DAGs
[2023-06-10 23:36:29,114] {logging_mixin.py:104} INFO - [2023-06-10 23:36:29,114] {dag.py:2280} INFO - Setting next_dagrun for example_subdag_operator to 2023-06-08 00:00:00+00:00
[2023-06-10 23:36:29,116] {logging_mixin.py:104} INFO - [2023-06-10 23:36:29,116] {dag.py:2280} INFO - Setting next_dagrun for example_subdag_operator.section-1 to None
[2023-06-10 23:36:29,117] {logging_mixin.py:104} INFO - [2023-06-10 23:36:29,117] {dag.py:2280} INFO - Setting next_dagrun for example_subdag_operator.section-2 to None
[2023-06-10 23:36:29,160] {logging_mixin.py:104} INFO - [2023-06-10 23:36:29,160] {dag.py:1824} INFO - Sync 2 DAGs
[2023-06-10 23:36:29,169] {logging_mixin.py:104} INFO - [2023-06-10 23:36:29,169] {dag.py:2280} INFO - Setting next_dagrun for example_subdag_operator.section-1 to None
[2023-06-10 23:36:29,171] {logging_mixin.py:104} INFO - [2023-06-10 23:36:29,171] {dag.py:2280} INFO - Setting next_dagrun for example_subdag_operator.section-2 to None
[2023-06-10 23:36:29,218] {scheduler_job.py:190} INFO - Processing /home/airflow/.local/lib/python3.6/site-packages/airflow/example_dags/example_subdag_operator.py took 0.173 seconds
[2023-06-10 23:37:06,740] {scheduler_job.py:182} INFO - Started process (PID=284) to work on /home/airflow/.local/lib/python3.6/site-packages/airflow/example_dags/example_subdag_operator.py
[2023-06-10 23:37:06,747] {scheduler_job.py:629} INFO - Processing file /home/airflow/.local/lib/python3.6/site-packages/airflow/example_dags/example_subdag_operator.py for tasks to queue
[2023-06-10 23:37:06,752] {logging_mixin.py:104} INFO - [2023-06-10 23:37:06,752] {dagbag.py:451} INFO - Filling up the DagBag from /home/airflow/.local/lib/python3.6/site-packages/airflow/example_dags/example_subdag_operator.py
[2023-06-10 23:37:06,879] {scheduler_job.py:639} INFO - DAG(s) dict_keys(['example_subdag_operator.section-1', 'example_subdag_operator.section-2', 'example_subdag_operator']) retrieved from /home/airflow/.local/lib/python3.6/site-packages/airflow/example_dags/example_subdag_operator.py
[2023-06-10 23:37:06,905] {logging_mixin.py:104} INFO - [2023-06-10 23:37:06,905] {dag.py:1824} INFO - Sync 3 DAGs
[2023-06-10 23:37:06,941] {logging_mixin.py:104} INFO - [2023-06-10 23:37:06,941] {dag.py:2280} INFO - Setting next_dagrun for example_subdag_operator to 2023-06-08 00:00:00+00:00
[2023-06-10 23:37:06,951] {logging_mixin.py:104} INFO - [2023-06-10 23:37:06,951] {dag.py:2280} INFO - Setting next_dagrun for example_subdag_operator.section-1 to None
[2023-06-10 23:37:06,954] {logging_mixin.py:104} INFO - [2023-06-10 23:37:06,954] {dag.py:2280} INFO - Setting next_dagrun for example_subdag_operator.section-2 to None
[2023-06-10 23:37:06,973] {logging_mixin.py:104} INFO - [2023-06-10 23:37:06,973] {dag.py:1824} INFO - Sync 2 DAGs
[2023-06-10 23:37:06,999] {logging_mixin.py:104} INFO - [2023-06-10 23:37:06,999] {dag.py:2280} INFO - Setting next_dagrun for example_subdag_operator.section-1 to None
[2023-06-10 23:37:07,002] {logging_mixin.py:104} INFO - [2023-06-10 23:37:07,002] {dag.py:2280} INFO - Setting next_dagrun for example_subdag_operator.section-2 to None
[2023-06-10 23:37:07,036] {scheduler_job.py:190} INFO - Processing /home/airflow/.local/lib/python3.6/site-packages/airflow/example_dags/example_subdag_operator.py took 0.305 seconds
[2023-06-10 23:37:37,151] {scheduler_job.py:182} INFO - Started process (PID=414) to work on /home/airflow/.local/lib/python3.6/site-packages/airflow/example_dags/example_subdag_operator.py
[2023-06-10 23:37:37,155] {scheduler_job.py:629} INFO - Processing file /home/airflow/.local/lib/python3.6/site-packages/airflow/example_dags/example_subdag_operator.py for tasks to queue
[2023-06-10 23:37:37,158] {logging_mixin.py:104} INFO - [2023-06-10 23:37:37,158] {dagbag.py:451} INFO - Filling up the DagBag from /home/airflow/.local/lib/python3.6/site-packages/airflow/example_dags/example_subdag_operator.py
[2023-06-10 23:37:37,225] {scheduler_job.py:639} INFO - DAG(s) dict_keys(['example_subdag_operator.section-1', 'example_subdag_operator.section-2', 'example_subdag_operator']) retrieved from /home/airflow/.local/lib/python3.6/site-packages/airflow/example_dags/example_subdag_operator.py
[2023-06-10 23:37:37,252] {logging_mixin.py:104} INFO - [2023-06-10 23:37:37,251] {dag.py:1824} INFO - Sync 3 DAGs
[2023-06-10 23:37:37,282] {logging_mixin.py:104} INFO - [2023-06-10 23:37:37,282] {dag.py:2280} INFO - Setting next_dagrun for example_subdag_operator to 2023-06-08 00:00:00+00:00
[2023-06-10 23:37:37,285] {logging_mixin.py:104} INFO - [2023-06-10 23:37:37,285] {dag.py:2280} INFO - Setting next_dagrun for example_subdag_operator.section-1 to None
[2023-06-10 23:37:37,287] {logging_mixin.py:104} INFO - [2023-06-10 23:37:37,287] {dag.py:2280} INFO - Setting next_dagrun for example_subdag_operator.section-2 to None
[2023-06-10 23:37:37,304] {logging_mixin.py:104} INFO - [2023-06-10 23:37:37,304] {dag.py:1824} INFO - Sync 2 DAGs
[2023-06-10 23:37:37,321] {logging_mixin.py:104} INFO - [2023-06-10 23:37:37,321] {dag.py:2280} INFO - Setting next_dagrun for example_subdag_operator.section-1 to None
[2023-06-10 23:37:37,323] {logging_mixin.py:104} INFO - [2023-06-10 23:37:37,323] {dag.py:2280} INFO - Setting next_dagrun for example_subdag_operator.section-2 to None
[2023-06-10 23:37:37,337] {scheduler_job.py:190} INFO - Processing /home/airflow/.local/lib/python3.6/site-packages/airflow/example_dags/example_subdag_operator.py took 0.194 seconds
[2023-06-10 23:38:07,655] {scheduler_job.py:182} INFO - Started process (PID=539) to work on /home/airflow/.local/lib/python3.6/site-packages/airflow/example_dags/example_subdag_operator.py
[2023-06-10 23:38:07,657] {scheduler_job.py:629} INFO - Processing file /home/airflow/.local/lib/python3.6/site-packages/airflow/example_dags/example_subdag_operator.py for tasks to queue
[2023-06-10 23:38:07,658] {logging_mixin.py:104} INFO - [2023-06-10 23:38:07,658] {dagbag.py:451} INFO - Filling up the DagBag from /home/airflow/.local/lib/python3.6/site-packages/airflow/example_dags/example_subdag_operator.py
[2023-06-10 23:38:07,685] {scheduler_job.py:639} INFO - DAG(s) dict_keys(['example_subdag_operator.section-1', 'example_subdag_operator.section-2', 'example_subdag_operator']) retrieved from /home/airflow/.local/lib/python3.6/site-packages/airflow/example_dags/example_subdag_operator.py
[2023-06-10 23:38:07,695] {logging_mixin.py:104} INFO - [2023-06-10 23:38:07,695] {dag.py:1824} INFO - Sync 3 DAGs
[2023-06-10 23:38:07,708] {logging_mixin.py:104} INFO - [2023-06-10 23:38:07,707] {dag.py:2280} INFO - Setting next_dagrun for example_subdag_operator to 2023-06-08 00:00:00+00:00
[2023-06-10 23:38:07,709] {logging_mixin.py:104} INFO - [2023-06-10 23:38:07,709] {dag.py:2280} INFO - Setting next_dagrun for example_subdag_operator.section-1 to None
[2023-06-10 23:38:07,710] {logging_mixin.py:104} INFO - [2023-06-10 23:38:07,710] {dag.py:2280} INFO - Setting next_dagrun for example_subdag_operator.section-2 to None
[2023-06-10 23:38:07,717] {logging_mixin.py:104} INFO - [2023-06-10 23:38:07,717] {dag.py:1824} INFO - Sync 2 DAGs
[2023-06-10 23:38:07,724] {logging_mixin.py:104} INFO - [2023-06-10 23:38:07,724] {dag.py:2280} INFO - Setting next_dagrun for example_subdag_operator.section-1 to None
[2023-06-10 23:38:07,725] {logging_mixin.py:104} INFO - [2023-06-10 23:38:07,725] {dag.py:2280} INFO - Setting next_dagrun for example_subdag_operator.section-2 to None
[2023-06-10 23:38:07,734] {scheduler_job.py:190} INFO - Processing /home/airflow/.local/lib/python3.6/site-packages/airflow/example_dags/example_subdag_operator.py took 0.081 seconds
[2023-06-10 23:38:38,208] {scheduler_job.py:182} INFO - Started process (PID=649) to work on /home/airflow/.local/lib/python3.6/site-packages/airflow/example_dags/example_subdag_operator.py
[2023-06-10 23:38:38,210] {scheduler_job.py:629} INFO - Processing file /home/airflow/.local/lib/python3.6/site-packages/airflow/example_dags/example_subdag_operator.py for tasks to queue
[2023-06-10 23:38:38,212] {logging_mixin.py:104} INFO - [2023-06-10 23:38:38,212] {dagbag.py:451} INFO - Filling up the DagBag from /home/airflow/.local/lib/python3.6/site-packages/airflow/example_dags/example_subdag_operator.py
[2023-06-10 23:38:38,251] {scheduler_job.py:639} INFO - DAG(s) dict_keys(['example_subdag_operator.section-1', 'example_subdag_operator.section-2', 'example_subdag_operator']) retrieved from /home/airflow/.local/lib/python3.6/site-packages/airflow/example_dags/example_subdag_operator.py
[2023-06-10 23:38:38,264] {logging_mixin.py:104} INFO - [2023-06-10 23:38:38,264] {dag.py:1824} INFO - Sync 3 DAGs
[2023-06-10 23:38:38,283] {logging_mixin.py:104} INFO - [2023-06-10 23:38:38,283] {dag.py:2280} INFO - Setting next_dagrun for example_subdag_operator to 2023-06-08 00:00:00+00:00
[2023-06-10 23:38:38,285] {logging_mixin.py:104} INFO - [2023-06-10 23:38:38,285] {dag.py:2280} INFO - Setting next_dagrun for example_subdag_operator.section-1 to None
[2023-06-10 23:38:38,285] {logging_mixin.py:104} INFO - [2023-06-10 23:38:38,285] {dag.py:2280} INFO - Setting next_dagrun for example_subdag_operator.section-2 to None
[2023-06-10 23:38:38,299] {logging_mixin.py:104} INFO - [2023-06-10 23:38:38,299] {dag.py:1824} INFO - Sync 2 DAGs
[2023-06-10 23:38:38,308] {logging_mixin.py:104} INFO - [2023-06-10 23:38:38,308] {dag.py:2280} INFO - Setting next_dagrun for example_subdag_operator.section-1 to None
[2023-06-10 23:38:38,309] {logging_mixin.py:104} INFO - [2023-06-10 23:38:38,309] {dag.py:2280} INFO - Setting next_dagrun for example_subdag_operator.section-2 to None
[2023-06-10 23:38:38,319] {scheduler_job.py:190} INFO - Processing /home/airflow/.local/lib/python3.6/site-packages/airflow/example_dags/example_subdag_operator.py took 0.115 seconds
[2023-06-10 23:39:08,927] {scheduler_job.py:182} INFO - Started process (PID=779) to work on /home/airflow/.local/lib/python3.6/site-packages/airflow/example_dags/example_subdag_operator.py
[2023-06-10 23:39:08,929] {scheduler_job.py:629} INFO - Processing file /home/airflow/.local/lib/python3.6/site-packages/airflow/example_dags/example_subdag_operator.py for tasks to queue
[2023-06-10 23:39:08,930] {logging_mixin.py:104} INFO - [2023-06-10 23:39:08,929] {dagbag.py:451} INFO - Filling up the DagBag from /home/airflow/.local/lib/python3.6/site-packages/airflow/example_dags/example_subdag_operator.py
[2023-06-10 23:39:08,957] {scheduler_job.py:639} INFO - DAG(s) dict_keys(['example_subdag_operator.section-1', 'example_subdag_operator.section-2', 'example_subdag_operator']) retrieved from /home/airflow/.local/lib/python3.6/site-packages/airflow/example_dags/example_subdag_operator.py
[2023-06-10 23:39:08,968] {logging_mixin.py:104} INFO - [2023-06-10 23:39:08,968] {dag.py:1824} INFO - Sync 3 DAGs
[2023-06-10 23:39:08,982] {logging_mixin.py:104} INFO - [2023-06-10 23:39:08,982] {dag.py:2280} INFO - Setting next_dagrun for example_subdag_operator to 2023-06-08 00:00:00+00:00
[2023-06-10 23:39:08,984] {logging_mixin.py:104} INFO - [2023-06-10 23:39:08,984] {dag.py:2280} INFO - Setting next_dagrun for example_subdag_operator.section-1 to None
[2023-06-10 23:39:08,985] {logging_mixin.py:104} INFO - [2023-06-10 23:39:08,985] {dag.py:2280} INFO - Setting next_dagrun for example_subdag_operator.section-2 to None
[2023-06-10 23:39:08,996] {logging_mixin.py:104} INFO - [2023-06-10 23:39:08,995] {dag.py:1824} INFO - Sync 2 DAGs
[2023-06-10 23:39:09,004] {logging_mixin.py:104} INFO - [2023-06-10 23:39:09,004] {dag.py:2280} INFO - Setting next_dagrun for example_subdag_operator.section-1 to None
[2023-06-10 23:39:09,005] {logging_mixin.py:104} INFO - [2023-06-10 23:39:09,005] {dag.py:2280} INFO - Setting next_dagrun for example_subdag_operator.section-2 to None
[2023-06-10 23:39:09,015] {scheduler_job.py:190} INFO - Processing /home/airflow/.local/lib/python3.6/site-packages/airflow/example_dags/example_subdag_operator.py took 0.091 seconds
[2023-06-10 23:39:39,405] {scheduler_job.py:182} INFO - Started process (PID=914) to work on /home/airflow/.local/lib/python3.6/site-packages/airflow/example_dags/example_subdag_operator.py
[2023-06-10 23:39:39,407] {scheduler_job.py:629} INFO - Processing file /home/airflow/.local/lib/python3.6/site-packages/airflow/example_dags/example_subdag_operator.py for tasks to queue
[2023-06-10 23:39:39,408] {logging_mixin.py:104} INFO - [2023-06-10 23:39:39,408] {dagbag.py:451} INFO - Filling up the DagBag from /home/airflow/.local/lib/python3.6/site-packages/airflow/example_dags/example_subdag_operator.py
[2023-06-10 23:39:39,452] {scheduler_job.py:639} INFO - DAG(s) dict_keys(['example_subdag_operator.section-1', 'example_subdag_operator.section-2', 'example_subdag_operator']) retrieved from /home/airflow/.local/lib/python3.6/site-packages/airflow/example_dags/example_subdag_operator.py
[2023-06-10 23:39:39,466] {logging_mixin.py:104} INFO - [2023-06-10 23:39:39,466] {dag.py:1824} INFO - Sync 3 DAGs
[2023-06-10 23:39:39,484] {logging_mixin.py:104} INFO - [2023-06-10 23:39:39,484] {dag.py:2280} INFO - Setting next_dagrun for example_subdag_operator to 2023-06-08 00:00:00+00:00
[2023-06-10 23:39:39,486] {logging_mixin.py:104} INFO - [2023-06-10 23:39:39,486] {dag.py:2280} INFO - Setting next_dagrun for example_subdag_operator.section-1 to None
[2023-06-10 23:39:39,486] {logging_mixin.py:104} INFO - [2023-06-10 23:39:39,486] {dag.py:2280} INFO - Setting next_dagrun for example_subdag_operator.section-2 to None
[2023-06-10 23:39:39,498] {logging_mixin.py:104} INFO - [2023-06-10 23:39:39,498] {dag.py:1824} INFO - Sync 2 DAGs
[2023-06-10 23:39:39,507] {logging_mixin.py:104} INFO - [2023-06-10 23:39:39,507] {dag.py:2280} INFO - Setting next_dagrun for example_subdag_operator.section-1 to None
[2023-06-10 23:39:39,508] {logging_mixin.py:104} INFO - [2023-06-10 23:39:39,508] {dag.py:2280} INFO - Setting next_dagrun for example_subdag_operator.section-2 to None
[2023-06-10 23:39:39,526] {scheduler_job.py:190} INFO - Processing /home/airflow/.local/lib/python3.6/site-packages/airflow/example_dags/example_subdag_operator.py took 0.124 seconds
[2023-06-10 23:40:09,845] {scheduler_job.py:182} INFO - Started process (PID=1044) to work on /home/airflow/.local/lib/python3.6/site-packages/airflow/example_dags/example_subdag_operator.py
[2023-06-10 23:40:09,846] {scheduler_job.py:629} INFO - Processing file /home/airflow/.local/lib/python3.6/site-packages/airflow/example_dags/example_subdag_operator.py for tasks to queue
[2023-06-10 23:40:09,847] {logging_mixin.py:104} INFO - [2023-06-10 23:40:09,847] {dagbag.py:451} INFO - Filling up the DagBag from /home/airflow/.local/lib/python3.6/site-packages/airflow/example_dags/example_subdag_operator.py
[2023-06-10 23:40:09,872] {scheduler_job.py:639} INFO - DAG(s) dict_keys(['example_subdag_operator.section-1', 'example_subdag_operator.section-2', 'example_subdag_operator']) retrieved from /home/airflow/.local/lib/python3.6/site-packages/airflow/example_dags/example_subdag_operator.py
[2023-06-10 23:40:09,881] {logging_mixin.py:104} INFO - [2023-06-10 23:40:09,881] {dag.py:1824} INFO - Sync 3 DAGs
[2023-06-10 23:40:09,895] {logging_mixin.py:104} INFO - [2023-06-10 23:40:09,895] {dag.py:2280} INFO - Setting next_dagrun for example_subdag_operator to 2023-06-08 00:00:00+00:00
[2023-06-10 23:40:09,896] {logging_mixin.py:104} INFO - [2023-06-10 23:40:09,896] {dag.py:2280} INFO - Setting next_dagrun for example_subdag_operator.section-1 to None
[2023-06-10 23:40:09,897] {logging_mixin.py:104} INFO - [2023-06-10 23:40:09,897] {dag.py:2280} INFO - Setting next_dagrun for example_subdag_operator.section-2 to None
[2023-06-10 23:40:09,906] {logging_mixin.py:104} INFO - [2023-06-10 23:40:09,905] {dag.py:1824} INFO - Sync 2 DAGs
[2023-06-10 23:40:09,912] {logging_mixin.py:104} INFO - [2023-06-10 23:40:09,912] {dag.py:2280} INFO - Setting next_dagrun for example_subdag_operator.section-1 to None
[2023-06-10 23:40:09,913] {logging_mixin.py:104} INFO - [2023-06-10 23:40:09,913] {dag.py:2280} INFO - Setting next_dagrun for example_subdag_operator.section-2 to None
[2023-06-10 23:40:09,922] {scheduler_job.py:190} INFO - Processing /home/airflow/.local/lib/python3.6/site-packages/airflow/example_dags/example_subdag_operator.py took 0.081 seconds
[2023-06-10 23:40:40,282] {scheduler_job.py:182} INFO - Started process (PID=1179) to work on /home/airflow/.local/lib/python3.6/site-packages/airflow/example_dags/example_subdag_operator.py
[2023-06-10 23:40:40,284] {scheduler_job.py:629} INFO - Processing file /home/airflow/.local/lib/python3.6/site-packages/airflow/example_dags/example_subdag_operator.py for tasks to queue
[2023-06-10 23:40:40,285] {logging_mixin.py:104} INFO - [2023-06-10 23:40:40,285] {dagbag.py:451} INFO - Filling up the DagBag from /home/airflow/.local/lib/python3.6/site-packages/airflow/example_dags/example_subdag_operator.py
[2023-06-10 23:40:40,315] {scheduler_job.py:639} INFO - DAG(s) dict_keys(['example_subdag_operator.section-1', 'example_subdag_operator.section-2', 'example_subdag_operator']) retrieved from /home/airflow/.local/lib/python3.6/site-packages/airflow/example_dags/example_subdag_operator.py
[2023-06-10 23:40:40,325] {logging_mixin.py:104} INFO - [2023-06-10 23:40:40,325] {dag.py:1824} INFO - Sync 3 DAGs
[2023-06-10 23:40:40,340] {logging_mixin.py:104} INFO - [2023-06-10 23:40:40,340] {dag.py:2280} INFO - Setting next_dagrun for example_subdag_operator to 2023-06-08 00:00:00+00:00
[2023-06-10 23:40:40,341] {logging_mixin.py:104} INFO - [2023-06-10 23:40:40,341] {dag.py:2280} INFO - Setting next_dagrun for example_subdag_operator.section-1 to None
[2023-06-10 23:40:40,342] {logging_mixin.py:104} INFO - [2023-06-10 23:40:40,342] {dag.py:2280} INFO - Setting next_dagrun for example_subdag_operator.section-2 to None
[2023-06-10 23:40:40,352] {logging_mixin.py:104} INFO - [2023-06-10 23:40:40,352] {dag.py:1824} INFO - Sync 2 DAGs
[2023-06-10 23:40:40,359] {logging_mixin.py:104} INFO - [2023-06-10 23:40:40,359] {dag.py:2280} INFO - Setting next_dagrun for example_subdag_operator.section-1 to None
[2023-06-10 23:40:40,359] {logging_mixin.py:104} INFO - [2023-06-10 23:40:40,359] {dag.py:2280} INFO - Setting next_dagrun for example_subdag_operator.section-2 to None
[2023-06-10 23:40:40,367] {scheduler_job.py:190} INFO - Processing /home/airflow/.local/lib/python3.6/site-packages/airflow/example_dags/example_subdag_operator.py took 0.088 seconds
[2023-06-10 23:41:10,699] {scheduler_job.py:182} INFO - Started process (PID=1299) to work on /home/airflow/.local/lib/python3.6/site-packages/airflow/example_dags/example_subdag_operator.py
[2023-06-10 23:41:10,701] {scheduler_job.py:629} INFO - Processing file /home/airflow/.local/lib/python3.6/site-packages/airflow/example_dags/example_subdag_operator.py for tasks to queue
[2023-06-10 23:41:10,702] {logging_mixin.py:104} INFO - [2023-06-10 23:41:10,702] {dagbag.py:451} INFO - Filling up the DagBag from /home/airflow/.local/lib/python3.6/site-packages/airflow/example_dags/example_subdag_operator.py
[2023-06-10 23:41:10,730] {scheduler_job.py:639} INFO - DAG(s) dict_keys(['example_subdag_operator.section-1', 'example_subdag_operator.section-2', 'example_subdag_operator']) retrieved from /home/airflow/.local/lib/python3.6/site-packages/airflow/example_dags/example_subdag_operator.py
[2023-06-10 23:41:10,740] {logging_mixin.py:104} INFO - [2023-06-10 23:41:10,740] {dag.py:1824} INFO - Sync 3 DAGs
[2023-06-10 23:41:10,754] {logging_mixin.py:104} INFO - [2023-06-10 23:41:10,754] {dag.py:2280} INFO - Setting next_dagrun for example_subdag_operator to 2023-06-08 00:00:00+00:00
[2023-06-10 23:41:10,755] {logging_mixin.py:104} INFO - [2023-06-10 23:41:10,755] {dag.py:2280} INFO - Setting next_dagrun for example_subdag_operator.section-1 to None
[2023-06-10 23:41:10,756] {logging_mixin.py:104} INFO - [2023-06-10 23:41:10,756] {dag.py:2280} INFO - Setting next_dagrun for example_subdag_operator.section-2 to None
[2023-06-10 23:41:10,765] {logging_mixin.py:104} INFO - [2023-06-10 23:41:10,764] {dag.py:1824} INFO - Sync 2 DAGs
[2023-06-10 23:41:10,772] {logging_mixin.py:104} INFO - [2023-06-10 23:41:10,772] {dag.py:2280} INFO - Setting next_dagrun for example_subdag_operator.section-1 to None
[2023-06-10 23:41:10,773] {logging_mixin.py:104} INFO - [2023-06-10 23:41:10,773] {dag.py:2280} INFO - Setting next_dagrun for example_subdag_operator.section-2 to None
[2023-06-10 23:41:10,782] {scheduler_job.py:190} INFO - Processing /home/airflow/.local/lib/python3.6/site-packages/airflow/example_dags/example_subdag_operator.py took 0.086 seconds
[2023-06-10 23:41:41,190] {scheduler_job.py:182} INFO - Started process (PID=1439) to work on /home/airflow/.local/lib/python3.6/site-packages/airflow/example_dags/example_subdag_operator.py
[2023-06-10 23:41:41,192] {scheduler_job.py:629} INFO - Processing file /home/airflow/.local/lib/python3.6/site-packages/airflow/example_dags/example_subdag_operator.py for tasks to queue
[2023-06-10 23:41:41,193] {logging_mixin.py:104} INFO - [2023-06-10 23:41:41,193] {dagbag.py:451} INFO - Filling up the DagBag from /home/airflow/.local/lib/python3.6/site-packages/airflow/example_dags/example_subdag_operator.py
[2023-06-10 23:41:41,219] {scheduler_job.py:639} INFO - DAG(s) dict_keys(['example_subdag_operator.section-1', 'example_subdag_operator.section-2', 'example_subdag_operator']) retrieved from /home/airflow/.local/lib/python3.6/site-packages/airflow/example_dags/example_subdag_operator.py
[2023-06-10 23:41:41,231] {logging_mixin.py:104} INFO - [2023-06-10 23:41:41,231] {dag.py:1824} INFO - Sync 3 DAGs
[2023-06-10 23:41:41,248] {logging_mixin.py:104} INFO - [2023-06-10 23:41:41,248] {dag.py:2280} INFO - Setting next_dagrun for example_subdag_operator to 2023-06-08 00:00:00+00:00
[2023-06-10 23:41:41,250] {logging_mixin.py:104} INFO - [2023-06-10 23:41:41,250] {dag.py:2280} INFO - Setting next_dagrun for example_subdag_operator.section-1 to None
[2023-06-10 23:41:41,250] {logging_mixin.py:104} INFO - [2023-06-10 23:41:41,250] {dag.py:2280} INFO - Setting next_dagrun for example_subdag_operator.section-2 to None
[2023-06-10 23:41:41,259] {logging_mixin.py:104} INFO - [2023-06-10 23:41:41,259] {dag.py:1824} INFO - Sync 2 DAGs
[2023-06-10 23:41:41,266] {logging_mixin.py:104} INFO - [2023-06-10 23:41:41,266] {dag.py:2280} INFO - Setting next_dagrun for example_subdag_operator.section-1 to None
[2023-06-10 23:41:41,267] {logging_mixin.py:104} INFO - [2023-06-10 23:41:41,267] {dag.py:2280} INFO - Setting next_dagrun for example_subdag_operator.section-2 to None
[2023-06-10 23:41:41,275] {scheduler_job.py:190} INFO - Processing /home/airflow/.local/lib/python3.6/site-packages/airflow/example_dags/example_subdag_operator.py took 0.088 seconds
[2023-06-10 23:42:11,637] {scheduler_job.py:182} INFO - Started process (PID=1584) to work on /home/airflow/.local/lib/python3.6/site-packages/airflow/example_dags/example_subdag_operator.py
[2023-06-10 23:42:11,638] {scheduler_job.py:629} INFO - Processing file /home/airflow/.local/lib/python3.6/site-packages/airflow/example_dags/example_subdag_operator.py for tasks to queue
[2023-06-10 23:42:11,639] {logging_mixin.py:104} INFO - [2023-06-10 23:42:11,639] {dagbag.py:451} INFO - Filling up the DagBag from /home/airflow/.local/lib/python3.6/site-packages/airflow/example_dags/example_subdag_operator.py
[2023-06-10 23:42:11,665] {scheduler_job.py:639} INFO - DAG(s) dict_keys(['example_subdag_operator.section-1', 'example_subdag_operator.section-2', 'example_subdag_operator']) retrieved from /home/airflow/.local/lib/python3.6/site-packages/airflow/example_dags/example_subdag_operator.py
[2023-06-10 23:42:11,676] {logging_mixin.py:104} INFO - [2023-06-10 23:42:11,676] {dag.py:1824} INFO - Sync 3 DAGs
[2023-06-10 23:42:11,689] {logging_mixin.py:104} INFO - [2023-06-10 23:42:11,689] {dag.py:2280} INFO - Setting next_dagrun for example_subdag_operator to 2023-06-08 00:00:00+00:00
[2023-06-10 23:42:11,691] {logging_mixin.py:104} INFO - [2023-06-10 23:42:11,690] {dag.py:2280} INFO - Setting next_dagrun for example_subdag_operator.section-1 to None
[2023-06-10 23:42:11,691] {logging_mixin.py:104} INFO - [2023-06-10 23:42:11,691] {dag.py:2280} INFO - Setting next_dagrun for example_subdag_operator.section-2 to None
[2023-06-10 23:42:11,700] {logging_mixin.py:104} INFO - [2023-06-10 23:42:11,700] {dag.py:1824} INFO - Sync 2 DAGs
[2023-06-10 23:42:11,707] {logging_mixin.py:104} INFO - [2023-06-10 23:42:11,707] {dag.py:2280} INFO - Setting next_dagrun for example_subdag_operator.section-1 to None
[2023-06-10 23:42:11,708] {logging_mixin.py:104} INFO - [2023-06-10 23:42:11,708] {dag.py:2280} INFO - Setting next_dagrun for example_subdag_operator.section-2 to None
[2023-06-10 23:42:11,717] {scheduler_job.py:190} INFO - Processing /home/airflow/.local/lib/python3.6/site-packages/airflow/example_dags/example_subdag_operator.py took 0.082 seconds
[2023-06-10 23:42:41,879] {scheduler_job.py:182} INFO - Started process (PID=1694) to work on /home/airflow/.local/lib/python3.6/site-packages/airflow/example_dags/example_subdag_operator.py
[2023-06-10 23:42:41,881] {scheduler_job.py:629} INFO - Processing file /home/airflow/.local/lib/python3.6/site-packages/airflow/example_dags/example_subdag_operator.py for tasks to queue
[2023-06-10 23:42:41,882] {logging_mixin.py:104} INFO - [2023-06-10 23:42:41,882] {dagbag.py:451} INFO - Filling up the DagBag from /home/airflow/.local/lib/python3.6/site-packages/airflow/example_dags/example_subdag_operator.py
[2023-06-10 23:42:41,908] {scheduler_job.py:639} INFO - DAG(s) dict_keys(['example_subdag_operator.section-1', 'example_subdag_operator.section-2', 'example_subdag_operator']) retrieved from /home/airflow/.local/lib/python3.6/site-packages/airflow/example_dags/example_subdag_operator.py
[2023-06-10 23:42:41,918] {logging_mixin.py:104} INFO - [2023-06-10 23:42:41,918] {dag.py:1824} INFO - Sync 3 DAGs
[2023-06-10 23:42:41,933] {logging_mixin.py:104} INFO - [2023-06-10 23:42:41,933] {dag.py:2280} INFO - Setting next_dagrun for example_subdag_operator to 2023-06-08 00:00:00+00:00
[2023-06-10 23:42:41,934] {logging_mixin.py:104} INFO - [2023-06-10 23:42:41,934] {dag.py:2280} INFO - Setting next_dagrun for example_subdag_operator.section-1 to None
[2023-06-10 23:42:41,935] {logging_mixin.py:104} INFO - [2023-06-10 23:42:41,935] {dag.py:2280} INFO - Setting next_dagrun for example_subdag_operator.section-2 to None
[2023-06-10 23:42:41,946] {logging_mixin.py:104} INFO - [2023-06-10 23:42:41,946] {dag.py:1824} INFO - Sync 2 DAGs
[2023-06-10 23:42:41,953] {logging_mixin.py:104} INFO - [2023-06-10 23:42:41,953] {dag.py:2280} INFO - Setting next_dagrun for example_subdag_operator.section-1 to None
[2023-06-10 23:42:41,954] {logging_mixin.py:104} INFO - [2023-06-10 23:42:41,954] {dag.py:2280} INFO - Setting next_dagrun for example_subdag_operator.section-2 to None
[2023-06-10 23:42:41,962] {scheduler_job.py:190} INFO - Processing /home/airflow/.local/lib/python3.6/site-packages/airflow/example_dags/example_subdag_operator.py took 0.086 seconds
[2023-06-10 23:43:12,696] {scheduler_job.py:182} INFO - Started process (PID=1824) to work on /home/airflow/.local/lib/python3.6/site-packages/airflow/example_dags/example_subdag_operator.py
[2023-06-10 23:43:12,699] {scheduler_job.py:629} INFO - Processing file /home/airflow/.local/lib/python3.6/site-packages/airflow/example_dags/example_subdag_operator.py for tasks to queue
[2023-06-10 23:43:12,700] {logging_mixin.py:104} INFO - [2023-06-10 23:43:12,700] {dagbag.py:451} INFO - Filling up the DagBag from /home/airflow/.local/lib/python3.6/site-packages/airflow/example_dags/example_subdag_operator.py
[2023-06-10 23:43:12,759] {scheduler_job.py:639} INFO - DAG(s) dict_keys(['example_subdag_operator.section-1', 'example_subdag_operator.section-2', 'example_subdag_operator']) retrieved from /home/airflow/.local/lib/python3.6/site-packages/airflow/example_dags/example_subdag_operator.py
[2023-06-10 23:43:12,783] {logging_mixin.py:104} INFO - [2023-06-10 23:43:12,783] {dag.py:1824} INFO - Sync 3 DAGs
[2023-06-10 23:43:12,818] {logging_mixin.py:104} INFO - [2023-06-10 23:43:12,817] {dag.py:2280} INFO - Setting next_dagrun for example_subdag_operator to 2023-06-08 00:00:00+00:00
[2023-06-10 23:43:12,820] {logging_mixin.py:104} INFO - [2023-06-10 23:43:12,820] {dag.py:2280} INFO - Setting next_dagrun for example_subdag_operator.section-1 to None
[2023-06-10 23:43:12,823] {logging_mixin.py:104} INFO - [2023-06-10 23:43:12,822] {dag.py:2280} INFO - Setting next_dagrun for example_subdag_operator.section-2 to None
[2023-06-10 23:43:12,846] {logging_mixin.py:104} INFO - [2023-06-10 23:43:12,846] {dag.py:1824} INFO - Sync 2 DAGs
[2023-06-10 23:43:12,864] {logging_mixin.py:104} INFO - [2023-06-10 23:43:12,864] {dag.py:2280} INFO - Setting next_dagrun for example_subdag_operator.section-1 to None
[2023-06-10 23:43:12,867] {logging_mixin.py:104} INFO - [2023-06-10 23:43:12,866] {dag.py:2280} INFO - Setting next_dagrun for example_subdag_operator.section-2 to None
[2023-06-10 23:43:12,880] {scheduler_job.py:190} INFO - Processing /home/airflow/.local/lib/python3.6/site-packages/airflow/example_dags/example_subdag_operator.py took 0.190 seconds
[2023-06-10 23:43:43,608] {scheduler_job.py:182} INFO - Started process (PID=1954) to work on /home/airflow/.local/lib/python3.6/site-packages/airflow/example_dags/example_subdag_operator.py
[2023-06-10 23:43:43,610] {scheduler_job.py:629} INFO - Processing file /home/airflow/.local/lib/python3.6/site-packages/airflow/example_dags/example_subdag_operator.py for tasks to queue
[2023-06-10 23:43:43,610] {logging_mixin.py:104} INFO - [2023-06-10 23:43:43,610] {dagbag.py:451} INFO - Filling up the DagBag from /home/airflow/.local/lib/python3.6/site-packages/airflow/example_dags/example_subdag_operator.py
[2023-06-10 23:43:43,639] {scheduler_job.py:639} INFO - DAG(s) dict_keys(['example_subdag_operator.section-1', 'example_subdag_operator.section-2', 'example_subdag_operator']) retrieved from /home/airflow/.local/lib/python3.6/site-packages/airflow/example_dags/example_subdag_operator.py
[2023-06-10 23:43:43,650] {logging_mixin.py:104} INFO - [2023-06-10 23:43:43,650] {dag.py:1824} INFO - Sync 3 DAGs
[2023-06-10 23:43:43,663] {logging_mixin.py:104} INFO - [2023-06-10 23:43:43,663] {dag.py:2280} INFO - Setting next_dagrun for example_subdag_operator to 2023-06-08 00:00:00+00:00
[2023-06-10 23:43:43,665] {logging_mixin.py:104} INFO - [2023-06-10 23:43:43,665] {dag.py:2280} INFO - Setting next_dagrun for example_subdag_operator.section-1 to None
[2023-06-10 23:43:43,665] {logging_mixin.py:104} INFO - [2023-06-10 23:43:43,665] {dag.py:2280} INFO - Setting next_dagrun for example_subdag_operator.section-2 to None
[2023-06-10 23:43:43,675] {logging_mixin.py:104} INFO - [2023-06-10 23:43:43,675] {dag.py:1824} INFO - Sync 2 DAGs
[2023-06-10 23:43:43,681] {logging_mixin.py:104} INFO - [2023-06-10 23:43:43,681] {dag.py:2280} INFO - Setting next_dagrun for example_subdag_operator.section-1 to None
[2023-06-10 23:43:43,682] {logging_mixin.py:104} INFO - [2023-06-10 23:43:43,682] {dag.py:2280} INFO - Setting next_dagrun for example_subdag_operator.section-2 to None
[2023-06-10 23:43:43,690] {scheduler_job.py:190} INFO - Processing /home/airflow/.local/lib/python3.6/site-packages/airflow/example_dags/example_subdag_operator.py took 0.085 seconds
