[2023-06-10 23:32:56,163] {scheduler_job.py:182} INFO - Started process (PID=244) to work on /home/airflow/.local/lib/python3.6/site-packages/airflow/example_dags/example_branch_python_dop_operator_3.py
[2023-06-10 23:32:56,165] {scheduler_job.py:629} INFO - Processing file /home/airflow/.local/lib/python3.6/site-packages/airflow/example_dags/example_branch_python_dop_operator_3.py for tasks to queue
[2023-06-10 23:32:56,166] {logging_mixin.py:104} INFO - [2023-06-10 23:32:56,166] {dagbag.py:451} INFO - Filling up the DagBag from /home/airflow/.local/lib/python3.6/site-packages/airflow/example_dags/example_branch_python_dop_operator_3.py
[2023-06-10 23:32:56,181] {scheduler_job.py:639} INFO - DAG(s) dict_keys(['example_branch_dop_operator_v3']) retrieved from /home/airflow/.local/lib/python3.6/site-packages/airflow/example_dags/example_branch_python_dop_operator_3.py
[2023-06-10 23:32:56,206] {logging_mixin.py:104} INFO - [2023-06-10 23:32:56,206] {dag.py:1824} INFO - Sync 1 DAGs
[2023-06-10 23:32:56,214] {logging_mixin.py:104} INFO - [2023-06-10 23:32:56,214] {dag.py:1843} INFO - Creating ORM DAG for example_branch_dop_operator_v3
[2023-06-10 23:32:56,226] {logging_mixin.py:104} INFO - [2023-06-10 23:32:56,226] {dag.py:2280} INFO - Setting next_dagrun for example_branch_dop_operator_v3 to 2023-06-08 00:00:00+00:00
[2023-06-10 23:32:56,238] {scheduler_job.py:190} INFO - Processing /home/airflow/.local/lib/python3.6/site-packages/airflow/example_dags/example_branch_python_dop_operator_3.py took 0.078 seconds
[2023-06-10 23:33:26,625] {scheduler_job.py:182} INFO - Started process (PID=389) to work on /home/airflow/.local/lib/python3.6/site-packages/airflow/example_dags/example_branch_python_dop_operator_3.py
[2023-06-10 23:33:26,627] {scheduler_job.py:629} INFO - Processing file /home/airflow/.local/lib/python3.6/site-packages/airflow/example_dags/example_branch_python_dop_operator_3.py for tasks to queue
[2023-06-10 23:33:26,628] {logging_mixin.py:104} INFO - [2023-06-10 23:33:26,628] {dagbag.py:451} INFO - Filling up the DagBag from /home/airflow/.local/lib/python3.6/site-packages/airflow/example_dags/example_branch_python_dop_operator_3.py
[2023-06-10 23:33:26,640] {scheduler_job.py:639} INFO - DAG(s) dict_keys(['example_branch_dop_operator_v3']) retrieved from /home/airflow/.local/lib/python3.6/site-packages/airflow/example_dags/example_branch_python_dop_operator_3.py
[2023-06-10 23:33:26,660] {logging_mixin.py:104} INFO - [2023-06-10 23:33:26,660] {dag.py:1824} INFO - Sync 1 DAGs
[2023-06-10 23:33:26,682] {logging_mixin.py:104} INFO - [2023-06-10 23:33:26,682] {dag.py:2280} INFO - Setting next_dagrun for example_branch_dop_operator_v3 to 2023-06-08 00:00:00+00:00
[2023-06-10 23:33:26,694] {scheduler_job.py:190} INFO - Processing /home/airflow/.local/lib/python3.6/site-packages/airflow/example_dags/example_branch_python_dop_operator_3.py took 0.071 seconds
[2023-06-10 23:33:56,978] {scheduler_job.py:182} INFO - Started process (PID=514) to work on /home/airflow/.local/lib/python3.6/site-packages/airflow/example_dags/example_branch_python_dop_operator_3.py
[2023-06-10 23:33:56,979] {scheduler_job.py:629} INFO - Processing file /home/airflow/.local/lib/python3.6/site-packages/airflow/example_dags/example_branch_python_dop_operator_3.py for tasks to queue
[2023-06-10 23:33:56,980] {logging_mixin.py:104} INFO - [2023-06-10 23:33:56,980] {dagbag.py:451} INFO - Filling up the DagBag from /home/airflow/.local/lib/python3.6/site-packages/airflow/example_dags/example_branch_python_dop_operator_3.py
[2023-06-10 23:33:56,994] {scheduler_job.py:639} INFO - DAG(s) dict_keys(['example_branch_dop_operator_v3']) retrieved from /home/airflow/.local/lib/python3.6/site-packages/airflow/example_dags/example_branch_python_dop_operator_3.py
[2023-06-10 23:33:57,014] {logging_mixin.py:104} INFO - [2023-06-10 23:33:57,014] {dag.py:1824} INFO - Sync 1 DAGs
[2023-06-10 23:33:57,034] {logging_mixin.py:104} INFO - [2023-06-10 23:33:57,034] {dag.py:2280} INFO - Setting next_dagrun for example_branch_dop_operator_v3 to 2023-06-08 00:00:00+00:00
[2023-06-10 23:33:57,046] {scheduler_job.py:190} INFO - Processing /home/airflow/.local/lib/python3.6/site-packages/airflow/example_dags/example_branch_python_dop_operator_3.py took 0.072 seconds
[2023-06-10 23:34:27,291] {scheduler_job.py:182} INFO - Started process (PID=614) to work on /home/airflow/.local/lib/python3.6/site-packages/airflow/example_dags/example_branch_python_dop_operator_3.py
[2023-06-10 23:34:27,293] {scheduler_job.py:629} INFO - Processing file /home/airflow/.local/lib/python3.6/site-packages/airflow/example_dags/example_branch_python_dop_operator_3.py for tasks to queue
[2023-06-10 23:34:27,294] {logging_mixin.py:104} INFO - [2023-06-10 23:34:27,294] {dagbag.py:451} INFO - Filling up the DagBag from /home/airflow/.local/lib/python3.6/site-packages/airflow/example_dags/example_branch_python_dop_operator_3.py
[2023-06-10 23:34:27,309] {scheduler_job.py:639} INFO - DAG(s) dict_keys(['example_branch_dop_operator_v3']) retrieved from /home/airflow/.local/lib/python3.6/site-packages/airflow/example_dags/example_branch_python_dop_operator_3.py
[2023-06-10 23:34:27,336] {logging_mixin.py:104} INFO - [2023-06-10 23:34:27,335] {dag.py:1824} INFO - Sync 1 DAGs
[2023-06-10 23:34:27,379] {logging_mixin.py:104} INFO - [2023-06-10 23:34:27,379] {dag.py:2280} INFO - Setting next_dagrun for example_branch_dop_operator_v3 to 2023-06-08 00:00:00+00:00
[2023-06-10 23:34:27,391] {scheduler_job.py:190} INFO - Processing /home/airflow/.local/lib/python3.6/site-packages/airflow/example_dags/example_branch_python_dop_operator_3.py took 0.103 seconds
[2023-06-10 23:34:57,964] {scheduler_job.py:182} INFO - Started process (PID=739) to work on /home/airflow/.local/lib/python3.6/site-packages/airflow/example_dags/example_branch_python_dop_operator_3.py
[2023-06-10 23:34:57,967] {scheduler_job.py:629} INFO - Processing file /home/airflow/.local/lib/python3.6/site-packages/airflow/example_dags/example_branch_python_dop_operator_3.py for tasks to queue
[2023-06-10 23:34:57,968] {logging_mixin.py:104} INFO - [2023-06-10 23:34:57,968] {dagbag.py:451} INFO - Filling up the DagBag from /home/airflow/.local/lib/python3.6/site-packages/airflow/example_dags/example_branch_python_dop_operator_3.py
[2023-06-10 23:34:57,994] {scheduler_job.py:639} INFO - DAG(s) dict_keys(['example_branch_dop_operator_v3']) retrieved from /home/airflow/.local/lib/python3.6/site-packages/airflow/example_dags/example_branch_python_dop_operator_3.py
[2023-06-10 23:34:58,026] {logging_mixin.py:104} INFO - [2023-06-10 23:34:58,026] {dag.py:1824} INFO - Sync 1 DAGs
[2023-06-10 23:34:58,061] {logging_mixin.py:104} INFO - [2023-06-10 23:34:58,061] {dag.py:2280} INFO - Setting next_dagrun for example_branch_dop_operator_v3 to 2023-06-08 00:00:00+00:00
[2023-06-10 23:34:58,077] {scheduler_job.py:190} INFO - Processing /home/airflow/.local/lib/python3.6/site-packages/airflow/example_dags/example_branch_python_dop_operator_3.py took 0.117 seconds
[2023-06-10 23:35:28,209] {scheduler_job.py:182} INFO - Started process (PID=864) to work on /home/airflow/.local/lib/python3.6/site-packages/airflow/example_dags/example_branch_python_dop_operator_3.py
[2023-06-10 23:35:28,210] {scheduler_job.py:629} INFO - Processing file /home/airflow/.local/lib/python3.6/site-packages/airflow/example_dags/example_branch_python_dop_operator_3.py for tasks to queue
[2023-06-10 23:35:28,212] {logging_mixin.py:104} INFO - [2023-06-10 23:35:28,212] {dagbag.py:451} INFO - Filling up the DagBag from /home/airflow/.local/lib/python3.6/site-packages/airflow/example_dags/example_branch_python_dop_operator_3.py
[2023-06-10 23:35:28,226] {scheduler_job.py:639} INFO - DAG(s) dict_keys(['example_branch_dop_operator_v3']) retrieved from /home/airflow/.local/lib/python3.6/site-packages/airflow/example_dags/example_branch_python_dop_operator_3.py
[2023-06-10 23:35:28,247] {logging_mixin.py:104} INFO - [2023-06-10 23:35:28,247] {dag.py:1824} INFO - Sync 1 DAGs
[2023-06-10 23:35:28,278] {logging_mixin.py:104} INFO - [2023-06-10 23:35:28,278] {dag.py:2280} INFO - Setting next_dagrun for example_branch_dop_operator_v3 to 2023-06-08 00:00:00+00:00
[2023-06-10 23:35:28,294] {scheduler_job.py:190} INFO - Processing /home/airflow/.local/lib/python3.6/site-packages/airflow/example_dags/example_branch_python_dop_operator_3.py took 0.089 seconds
[2023-06-10 23:35:58,675] {scheduler_job.py:182} INFO - Started process (PID=994) to work on /home/airflow/.local/lib/python3.6/site-packages/airflow/example_dags/example_branch_python_dop_operator_3.py
[2023-06-10 23:35:58,677] {scheduler_job.py:629} INFO - Processing file /home/airflow/.local/lib/python3.6/site-packages/airflow/example_dags/example_branch_python_dop_operator_3.py for tasks to queue
[2023-06-10 23:35:58,678] {logging_mixin.py:104} INFO - [2023-06-10 23:35:58,678] {dagbag.py:451} INFO - Filling up the DagBag from /home/airflow/.local/lib/python3.6/site-packages/airflow/example_dags/example_branch_python_dop_operator_3.py
[2023-06-10 23:35:58,694] {scheduler_job.py:639} INFO - DAG(s) dict_keys(['example_branch_dop_operator_v3']) retrieved from /home/airflow/.local/lib/python3.6/site-packages/airflow/example_dags/example_branch_python_dop_operator_3.py
[2023-06-10 23:35:58,714] {logging_mixin.py:104} INFO - [2023-06-10 23:35:58,714] {dag.py:1824} INFO - Sync 1 DAGs
[2023-06-10 23:35:58,751] {logging_mixin.py:104} INFO - [2023-06-10 23:35:58,751] {dag.py:2280} INFO - Setting next_dagrun for example_branch_dop_operator_v3 to 2023-06-08 00:00:00+00:00
[2023-06-10 23:35:58,762] {scheduler_job.py:190} INFO - Processing /home/airflow/.local/lib/python3.6/site-packages/airflow/example_dags/example_branch_python_dop_operator_3.py took 0.093 seconds
[2023-06-10 23:36:29,592] {scheduler_job.py:182} INFO - Started process (PID=1129) to work on /home/airflow/.local/lib/python3.6/site-packages/airflow/example_dags/example_branch_python_dop_operator_3.py
[2023-06-10 23:36:29,593] {scheduler_job.py:629} INFO - Processing file /home/airflow/.local/lib/python3.6/site-packages/airflow/example_dags/example_branch_python_dop_operator_3.py for tasks to queue
[2023-06-10 23:36:29,594] {logging_mixin.py:104} INFO - [2023-06-10 23:36:29,594] {dagbag.py:451} INFO - Filling up the DagBag from /home/airflow/.local/lib/python3.6/site-packages/airflow/example_dags/example_branch_python_dop_operator_3.py
[2023-06-10 23:36:29,607] {scheduler_job.py:639} INFO - DAG(s) dict_keys(['example_branch_dop_operator_v3']) retrieved from /home/airflow/.local/lib/python3.6/site-packages/airflow/example_dags/example_branch_python_dop_operator_3.py
[2023-06-10 23:36:29,626] {logging_mixin.py:104} INFO - [2023-06-10 23:36:29,626] {dag.py:1824} INFO - Sync 1 DAGs
[2023-06-10 23:36:29,649] {logging_mixin.py:104} INFO - [2023-06-10 23:36:29,649] {dag.py:2280} INFO - Setting next_dagrun for example_branch_dop_operator_v3 to 2023-06-08 00:00:00+00:00
[2023-06-10 23:36:29,659] {scheduler_job.py:190} INFO - Processing /home/airflow/.local/lib/python3.6/site-packages/airflow/example_dags/example_branch_python_dop_operator_3.py took 0.071 seconds
[2023-06-10 23:37:05,113] {scheduler_job.py:182} INFO - Started process (PID=224) to work on /home/airflow/.local/lib/python3.6/site-packages/airflow/example_dags/example_branch_python_dop_operator_3.py
[2023-06-10 23:37:05,123] {scheduler_job.py:629} INFO - Processing file /home/airflow/.local/lib/python3.6/site-packages/airflow/example_dags/example_branch_python_dop_operator_3.py for tasks to queue
[2023-06-10 23:37:05,130] {logging_mixin.py:104} INFO - [2023-06-10 23:37:05,130] {dagbag.py:451} INFO - Filling up the DagBag from /home/airflow/.local/lib/python3.6/site-packages/airflow/example_dags/example_branch_python_dop_operator_3.py
[2023-06-10 23:37:05,215] {scheduler_job.py:639} INFO - DAG(s) dict_keys(['example_branch_dop_operator_v3']) retrieved from /home/airflow/.local/lib/python3.6/site-packages/airflow/example_dags/example_branch_python_dop_operator_3.py
[2023-06-10 23:37:05,296] {logging_mixin.py:104} INFO - [2023-06-10 23:37:05,296] {dag.py:1824} INFO - Sync 1 DAGs
[2023-06-10 23:37:05,370] {logging_mixin.py:104} INFO - [2023-06-10 23:37:05,370] {dag.py:2280} INFO - Setting next_dagrun for example_branch_dop_operator_v3 to 2023-06-08 00:00:00+00:00
[2023-06-10 23:37:05,395] {scheduler_job.py:190} INFO - Processing /home/airflow/.local/lib/python3.6/site-packages/airflow/example_dags/example_branch_python_dop_operator_3.py took 0.300 seconds
[2023-06-10 23:37:36,053] {scheduler_job.py:182} INFO - Started process (PID=356) to work on /home/airflow/.local/lib/python3.6/site-packages/airflow/example_dags/example_branch_python_dop_operator_3.py
[2023-06-10 23:37:36,059] {scheduler_job.py:629} INFO - Processing file /home/airflow/.local/lib/python3.6/site-packages/airflow/example_dags/example_branch_python_dop_operator_3.py for tasks to queue
[2023-06-10 23:37:36,061] {logging_mixin.py:104} INFO - [2023-06-10 23:37:36,060] {dagbag.py:451} INFO - Filling up the DagBag from /home/airflow/.local/lib/python3.6/site-packages/airflow/example_dags/example_branch_python_dop_operator_3.py
[2023-06-10 23:37:36,090] {scheduler_job.py:639} INFO - DAG(s) dict_keys(['example_branch_dop_operator_v3']) retrieved from /home/airflow/.local/lib/python3.6/site-packages/airflow/example_dags/example_branch_python_dop_operator_3.py
[2023-06-10 23:37:36,128] {logging_mixin.py:104} INFO - [2023-06-10 23:37:36,128] {dag.py:1824} INFO - Sync 1 DAGs
[2023-06-10 23:37:36,182] {logging_mixin.py:104} INFO - [2023-06-10 23:37:36,182] {dag.py:2280} INFO - Setting next_dagrun for example_branch_dop_operator_v3 to 2023-06-08 00:00:00+00:00
[2023-06-10 23:37:36,204] {scheduler_job.py:190} INFO - Processing /home/airflow/.local/lib/python3.6/site-packages/airflow/example_dags/example_branch_python_dop_operator_3.py took 0.158 seconds
[2023-06-10 23:38:07,461] {scheduler_job.py:182} INFO - Started process (PID=519) to work on /home/airflow/.local/lib/python3.6/site-packages/airflow/example_dags/example_branch_python_dop_operator_3.py
[2023-06-10 23:38:07,463] {scheduler_job.py:629} INFO - Processing file /home/airflow/.local/lib/python3.6/site-packages/airflow/example_dags/example_branch_python_dop_operator_3.py for tasks to queue
[2023-06-10 23:38:07,464] {logging_mixin.py:104} INFO - [2023-06-10 23:38:07,464] {dagbag.py:451} INFO - Filling up the DagBag from /home/airflow/.local/lib/python3.6/site-packages/airflow/example_dags/example_branch_python_dop_operator_3.py
[2023-06-10 23:38:07,477] {scheduler_job.py:639} INFO - DAG(s) dict_keys(['example_branch_dop_operator_v3']) retrieved from /home/airflow/.local/lib/python3.6/site-packages/airflow/example_dags/example_branch_python_dop_operator_3.py
[2023-06-10 23:38:07,497] {logging_mixin.py:104} INFO - [2023-06-10 23:38:07,497] {dag.py:1824} INFO - Sync 1 DAGs
[2023-06-10 23:38:07,522] {logging_mixin.py:104} INFO - [2023-06-10 23:38:07,522] {dag.py:2280} INFO - Setting next_dagrun for example_branch_dop_operator_v3 to 2023-06-08 00:00:00+00:00
[2023-06-10 23:38:07,532] {scheduler_job.py:190} INFO - Processing /home/airflow/.local/lib/python3.6/site-packages/airflow/example_dags/example_branch_python_dop_operator_3.py took 0.075 seconds
[2023-06-10 23:38:38,356] {scheduler_job.py:182} INFO - Started process (PID=659) to work on /home/airflow/.local/lib/python3.6/site-packages/airflow/example_dags/example_branch_python_dop_operator_3.py
[2023-06-10 23:38:38,359] {scheduler_job.py:629} INFO - Processing file /home/airflow/.local/lib/python3.6/site-packages/airflow/example_dags/example_branch_python_dop_operator_3.py for tasks to queue
[2023-06-10 23:38:38,360] {logging_mixin.py:104} INFO - [2023-06-10 23:38:38,360] {dagbag.py:451} INFO - Filling up the DagBag from /home/airflow/.local/lib/python3.6/site-packages/airflow/example_dags/example_branch_python_dop_operator_3.py
[2023-06-10 23:38:38,381] {scheduler_job.py:639} INFO - DAG(s) dict_keys(['example_branch_dop_operator_v3']) retrieved from /home/airflow/.local/lib/python3.6/site-packages/airflow/example_dags/example_branch_python_dop_operator_3.py
[2023-06-10 23:38:38,407] {logging_mixin.py:104} INFO - [2023-06-10 23:38:38,407] {dag.py:1824} INFO - Sync 1 DAGs
[2023-06-10 23:38:38,442] {logging_mixin.py:104} INFO - [2023-06-10 23:38:38,442] {dag.py:2280} INFO - Setting next_dagrun for example_branch_dop_operator_v3 to 2023-06-08 00:00:00+00:00
[2023-06-10 23:38:38,456] {scheduler_job.py:190} INFO - Processing /home/airflow/.local/lib/python3.6/site-packages/airflow/example_dags/example_branch_python_dop_operator_3.py took 0.104 seconds
[2023-06-10 23:39:08,970] {scheduler_job.py:182} INFO - Started process (PID=784) to work on /home/airflow/.local/lib/python3.6/site-packages/airflow/example_dags/example_branch_python_dop_operator_3.py
[2023-06-10 23:39:08,971] {scheduler_job.py:629} INFO - Processing file /home/airflow/.local/lib/python3.6/site-packages/airflow/example_dags/example_branch_python_dop_operator_3.py for tasks to queue
[2023-06-10 23:39:08,972] {logging_mixin.py:104} INFO - [2023-06-10 23:39:08,972] {dagbag.py:451} INFO - Filling up the DagBag from /home/airflow/.local/lib/python3.6/site-packages/airflow/example_dags/example_branch_python_dop_operator_3.py
[2023-06-10 23:39:08,986] {scheduler_job.py:639} INFO - DAG(s) dict_keys(['example_branch_dop_operator_v3']) retrieved from /home/airflow/.local/lib/python3.6/site-packages/airflow/example_dags/example_branch_python_dop_operator_3.py
[2023-06-10 23:39:09,008] {logging_mixin.py:104} INFO - [2023-06-10 23:39:09,008] {dag.py:1824} INFO - Sync 1 DAGs
[2023-06-10 23:39:09,033] {logging_mixin.py:104} INFO - [2023-06-10 23:39:09,032] {dag.py:2280} INFO - Setting next_dagrun for example_branch_dop_operator_v3 to 2023-06-08 00:00:00+00:00
[2023-06-10 23:39:09,046] {scheduler_job.py:190} INFO - Processing /home/airflow/.local/lib/python3.6/site-packages/airflow/example_dags/example_branch_python_dop_operator_3.py took 0.080 seconds
[2023-06-10 23:39:39,453] {scheduler_job.py:182} INFO - Started process (PID=919) to work on /home/airflow/.local/lib/python3.6/site-packages/airflow/example_dags/example_branch_python_dop_operator_3.py
[2023-06-10 23:39:39,456] {scheduler_job.py:629} INFO - Processing file /home/airflow/.local/lib/python3.6/site-packages/airflow/example_dags/example_branch_python_dop_operator_3.py for tasks to queue
[2023-06-10 23:39:39,460] {logging_mixin.py:104} INFO - [2023-06-10 23:39:39,460] {dagbag.py:451} INFO - Filling up the DagBag from /home/airflow/.local/lib/python3.6/site-packages/airflow/example_dags/example_branch_python_dop_operator_3.py
[2023-06-10 23:39:39,475] {scheduler_job.py:639} INFO - DAG(s) dict_keys(['example_branch_dop_operator_v3']) retrieved from /home/airflow/.local/lib/python3.6/site-packages/airflow/example_dags/example_branch_python_dop_operator_3.py
[2023-06-10 23:39:39,501] {logging_mixin.py:104} INFO - [2023-06-10 23:39:39,501] {dag.py:1824} INFO - Sync 1 DAGs
[2023-06-10 23:39:39,531] {logging_mixin.py:104} INFO - [2023-06-10 23:39:39,531] {dag.py:2280} INFO - Setting next_dagrun for example_branch_dop_operator_v3 to 2023-06-08 00:00:00+00:00
[2023-06-10 23:39:39,543] {scheduler_job.py:190} INFO - Processing /home/airflow/.local/lib/python3.6/site-packages/airflow/example_dags/example_branch_python_dop_operator_3.py took 0.094 seconds
[2023-06-10 23:40:09,895] {scheduler_job.py:182} INFO - Started process (PID=1049) to work on /home/airflow/.local/lib/python3.6/site-packages/airflow/example_dags/example_branch_python_dop_operator_3.py
[2023-06-10 23:40:09,897] {scheduler_job.py:629} INFO - Processing file /home/airflow/.local/lib/python3.6/site-packages/airflow/example_dags/example_branch_python_dop_operator_3.py for tasks to queue
[2023-06-10 23:40:09,897] {logging_mixin.py:104} INFO - [2023-06-10 23:40:09,897] {dagbag.py:451} INFO - Filling up the DagBag from /home/airflow/.local/lib/python3.6/site-packages/airflow/example_dags/example_branch_python_dop_operator_3.py
[2023-06-10 23:40:09,909] {scheduler_job.py:639} INFO - DAG(s) dict_keys(['example_branch_dop_operator_v3']) retrieved from /home/airflow/.local/lib/python3.6/site-packages/airflow/example_dags/example_branch_python_dop_operator_3.py
[2023-06-10 23:40:09,929] {logging_mixin.py:104} INFO - [2023-06-10 23:40:09,929] {dag.py:1824} INFO - Sync 1 DAGs
[2023-06-10 23:40:09,953] {logging_mixin.py:104} INFO - [2023-06-10 23:40:09,953] {dag.py:2280} INFO - Setting next_dagrun for example_branch_dop_operator_v3 to 2023-06-08 00:00:00+00:00
[2023-06-10 23:40:09,965] {scheduler_job.py:190} INFO - Processing /home/airflow/.local/lib/python3.6/site-packages/airflow/example_dags/example_branch_python_dop_operator_3.py took 0.073 seconds
