[2023-06-10 23:32:55,330] {scheduler_job.py:182} INFO - Started process (PID=169) to work on /home/airflow/.local/lib/python3.6/site-packages/airflow/example_dags/example_python_operator.py
[2023-06-10 23:32:55,331] {scheduler_job.py:629} INFO - Processing file /home/airflow/.local/lib/python3.6/site-packages/airflow/example_dags/example_python_operator.py for tasks to queue
[2023-06-10 23:32:55,332] {logging_mixin.py:104} INFO - [2023-06-10 23:32:55,332] {dagbag.py:451} INFO - Filling up the DagBag from /home/airflow/.local/lib/python3.6/site-packages/airflow/example_dags/example_python_operator.py
[2023-06-10 23:32:55,353] {scheduler_job.py:639} INFO - DAG(s) dict_keys(['example_python_operator']) retrieved from /home/airflow/.local/lib/python3.6/site-packages/airflow/example_dags/example_python_operator.py
[2023-06-10 23:32:55,372] {logging_mixin.py:104} INFO - [2023-06-10 23:32:55,372] {dag.py:1824} INFO - Sync 1 DAGs
[2023-06-10 23:32:55,381] {logging_mixin.py:104} INFO - [2023-06-10 23:32:55,381] {dag.py:1843} INFO - Creating ORM DAG for example_python_operator
[2023-06-10 23:32:55,388] {logging_mixin.py:104} INFO - [2023-06-10 23:32:55,388] {dag.py:2280} INFO - Setting next_dagrun for example_python_operator to None
[2023-06-10 23:32:55,405] {scheduler_job.py:190} INFO - Processing /home/airflow/.local/lib/python3.6/site-packages/airflow/example_dags/example_python_operator.py took 0.078 seconds
[2023-06-10 23:33:25,867] {scheduler_job.py:182} INFO - Started process (PID=306) to work on /home/airflow/.local/lib/python3.6/site-packages/airflow/example_dags/example_python_operator.py
[2023-06-10 23:33:25,869] {scheduler_job.py:629} INFO - Processing file /home/airflow/.local/lib/python3.6/site-packages/airflow/example_dags/example_python_operator.py for tasks to queue
[2023-06-10 23:33:25,870] {logging_mixin.py:104} INFO - [2023-06-10 23:33:25,870] {dagbag.py:451} INFO - Filling up the DagBag from /home/airflow/.local/lib/python3.6/site-packages/airflow/example_dags/example_python_operator.py
[2023-06-10 23:33:25,882] {scheduler_job.py:639} INFO - DAG(s) dict_keys(['example_python_operator']) retrieved from /home/airflow/.local/lib/python3.6/site-packages/airflow/example_dags/example_python_operator.py
[2023-06-10 23:33:25,899] {logging_mixin.py:104} INFO - [2023-06-10 23:33:25,899] {dag.py:1824} INFO - Sync 1 DAGs
[2023-06-10 23:33:25,911] {logging_mixin.py:104} INFO - [2023-06-10 23:33:25,911] {dag.py:2280} INFO - Setting next_dagrun for example_python_operator to None
[2023-06-10 23:33:25,921] {scheduler_job.py:190} INFO - Processing /home/airflow/.local/lib/python3.6/site-packages/airflow/example_dags/example_python_operator.py took 0.057 seconds
[2023-06-10 23:33:56,155] {scheduler_job.py:182} INFO - Started process (PID=436) to work on /home/airflow/.local/lib/python3.6/site-packages/airflow/example_dags/example_python_operator.py
[2023-06-10 23:33:56,157] {scheduler_job.py:629} INFO - Processing file /home/airflow/.local/lib/python3.6/site-packages/airflow/example_dags/example_python_operator.py for tasks to queue
[2023-06-10 23:33:56,159] {logging_mixin.py:104} INFO - [2023-06-10 23:33:56,159] {dagbag.py:451} INFO - Filling up the DagBag from /home/airflow/.local/lib/python3.6/site-packages/airflow/example_dags/example_python_operator.py
[2023-06-10 23:33:56,170] {scheduler_job.py:639} INFO - DAG(s) dict_keys(['example_python_operator']) retrieved from /home/airflow/.local/lib/python3.6/site-packages/airflow/example_dags/example_python_operator.py
[2023-06-10 23:33:56,190] {logging_mixin.py:104} INFO - [2023-06-10 23:33:56,190] {dag.py:1824} INFO - Sync 1 DAGs
[2023-06-10 23:33:56,205] {logging_mixin.py:104} INFO - [2023-06-10 23:33:56,205] {dag.py:2280} INFO - Setting next_dagrun for example_python_operator to None
[2023-06-10 23:33:56,218] {scheduler_job.py:190} INFO - Processing /home/airflow/.local/lib/python3.6/site-packages/airflow/example_dags/example_python_operator.py took 0.066 seconds
[2023-06-10 23:34:26,592] {scheduler_job.py:182} INFO - Started process (PID=565) to work on /home/airflow/.local/lib/python3.6/site-packages/airflow/example_dags/example_python_operator.py
[2023-06-10 23:34:26,594] {scheduler_job.py:629} INFO - Processing file /home/airflow/.local/lib/python3.6/site-packages/airflow/example_dags/example_python_operator.py for tasks to queue
[2023-06-10 23:34:26,597] {logging_mixin.py:104} INFO - [2023-06-10 23:34:26,597] {dagbag.py:451} INFO - Filling up the DagBag from /home/airflow/.local/lib/python3.6/site-packages/airflow/example_dags/example_python_operator.py
[2023-06-10 23:34:26,615] {scheduler_job.py:639} INFO - DAG(s) dict_keys(['example_python_operator']) retrieved from /home/airflow/.local/lib/python3.6/site-packages/airflow/example_dags/example_python_operator.py
[2023-06-10 23:34:26,642] {logging_mixin.py:104} INFO - [2023-06-10 23:34:26,642] {dag.py:1824} INFO - Sync 1 DAGs
[2023-06-10 23:34:26,663] {logging_mixin.py:104} INFO - [2023-06-10 23:34:26,663] {dag.py:2280} INFO - Setting next_dagrun for example_python_operator to None
[2023-06-10 23:34:26,684] {scheduler_job.py:190} INFO - Processing /home/airflow/.local/lib/python3.6/site-packages/airflow/example_dags/example_python_operator.py took 0.096 seconds
[2023-06-10 23:34:57,318] {scheduler_job.py:182} INFO - Started process (PID=696) to work on /home/airflow/.local/lib/python3.6/site-packages/airflow/example_dags/example_python_operator.py
[2023-06-10 23:34:57,319] {scheduler_job.py:629} INFO - Processing file /home/airflow/.local/lib/python3.6/site-packages/airflow/example_dags/example_python_operator.py for tasks to queue
[2023-06-10 23:34:57,321] {logging_mixin.py:104} INFO - [2023-06-10 23:34:57,320] {dagbag.py:451} INFO - Filling up the DagBag from /home/airflow/.local/lib/python3.6/site-packages/airflow/example_dags/example_python_operator.py
[2023-06-10 23:34:57,335] {scheduler_job.py:639} INFO - DAG(s) dict_keys(['example_python_operator']) retrieved from /home/airflow/.local/lib/python3.6/site-packages/airflow/example_dags/example_python_operator.py
[2023-06-10 23:34:57,361] {logging_mixin.py:104} INFO - [2023-06-10 23:34:57,360] {dag.py:1824} INFO - Sync 1 DAGs
[2023-06-10 23:34:57,378] {logging_mixin.py:104} INFO - [2023-06-10 23:34:57,378] {dag.py:2280} INFO - Setting next_dagrun for example_python_operator to None
[2023-06-10 23:34:57,392] {scheduler_job.py:190} INFO - Processing /home/airflow/.local/lib/python3.6/site-packages/airflow/example_dags/example_python_operator.py took 0.077 seconds
[2023-06-10 23:35:27,662] {scheduler_job.py:182} INFO - Started process (PID=824) to work on /home/airflow/.local/lib/python3.6/site-packages/airflow/example_dags/example_python_operator.py
[2023-06-10 23:35:27,664] {scheduler_job.py:629} INFO - Processing file /home/airflow/.local/lib/python3.6/site-packages/airflow/example_dags/example_python_operator.py for tasks to queue
[2023-06-10 23:35:27,665] {logging_mixin.py:104} INFO - [2023-06-10 23:35:27,665] {dagbag.py:451} INFO - Filling up the DagBag from /home/airflow/.local/lib/python3.6/site-packages/airflow/example_dags/example_python_operator.py
[2023-06-10 23:35:27,679] {scheduler_job.py:639} INFO - DAG(s) dict_keys(['example_python_operator']) retrieved from /home/airflow/.local/lib/python3.6/site-packages/airflow/example_dags/example_python_operator.py
[2023-06-10 23:35:27,704] {logging_mixin.py:104} INFO - [2023-06-10 23:35:27,704] {dag.py:1824} INFO - Sync 1 DAGs
[2023-06-10 23:35:27,720] {logging_mixin.py:104} INFO - [2023-06-10 23:35:27,720] {dag.py:2280} INFO - Setting next_dagrun for example_python_operator to None
[2023-06-10 23:35:27,732] {scheduler_job.py:190} INFO - Processing /home/airflow/.local/lib/python3.6/site-packages/airflow/example_dags/example_python_operator.py took 0.073 seconds
[2023-06-10 23:35:58,298] {scheduler_job.py:182} INFO - Started process (PID=961) to work on /home/airflow/.local/lib/python3.6/site-packages/airflow/example_dags/example_python_operator.py
[2023-06-10 23:35:58,300] {scheduler_job.py:629} INFO - Processing file /home/airflow/.local/lib/python3.6/site-packages/airflow/example_dags/example_python_operator.py for tasks to queue
[2023-06-10 23:35:58,302] {logging_mixin.py:104} INFO - [2023-06-10 23:35:58,302] {dagbag.py:451} INFO - Filling up the DagBag from /home/airflow/.local/lib/python3.6/site-packages/airflow/example_dags/example_python_operator.py
[2023-06-10 23:35:58,317] {scheduler_job.py:639} INFO - DAG(s) dict_keys(['example_python_operator']) retrieved from /home/airflow/.local/lib/python3.6/site-packages/airflow/example_dags/example_python_operator.py
[2023-06-10 23:35:58,343] {logging_mixin.py:104} INFO - [2023-06-10 23:35:58,342] {dag.py:1824} INFO - Sync 1 DAGs
[2023-06-10 23:35:58,357] {logging_mixin.py:104} INFO - [2023-06-10 23:35:58,357] {dag.py:2280} INFO - Setting next_dagrun for example_python_operator to None
[2023-06-10 23:35:58,369] {scheduler_job.py:190} INFO - Processing /home/airflow/.local/lib/python3.6/site-packages/airflow/example_dags/example_python_operator.py took 0.074 seconds
[2023-06-10 23:36:28,902] {scheduler_job.py:182} INFO - Started process (PID=1084) to work on /home/airflow/.local/lib/python3.6/site-packages/airflow/example_dags/example_python_operator.py
[2023-06-10 23:36:28,903] {scheduler_job.py:629} INFO - Processing file /home/airflow/.local/lib/python3.6/site-packages/airflow/example_dags/example_python_operator.py for tasks to queue
[2023-06-10 23:36:28,905] {logging_mixin.py:104} INFO - [2023-06-10 23:36:28,904] {dagbag.py:451} INFO - Filling up the DagBag from /home/airflow/.local/lib/python3.6/site-packages/airflow/example_dags/example_python_operator.py
[2023-06-10 23:36:28,919] {scheduler_job.py:639} INFO - DAG(s) dict_keys(['example_python_operator']) retrieved from /home/airflow/.local/lib/python3.6/site-packages/airflow/example_dags/example_python_operator.py
[2023-06-10 23:36:28,941] {logging_mixin.py:104} INFO - [2023-06-10 23:36:28,941] {dag.py:1824} INFO - Sync 1 DAGs
[2023-06-10 23:36:28,956] {logging_mixin.py:104} INFO - [2023-06-10 23:36:28,955] {dag.py:2280} INFO - Setting next_dagrun for example_python_operator to None
[2023-06-10 23:36:29,003] {scheduler_job.py:190} INFO - Processing /home/airflow/.local/lib/python3.6/site-packages/airflow/example_dags/example_python_operator.py took 0.105 seconds
[2023-06-10 23:37:05,842] {scheduler_job.py:182} INFO - Started process (PID=244) to work on /home/airflow/.local/lib/python3.6/site-packages/airflow/example_dags/example_python_operator.py
[2023-06-10 23:37:05,846] {scheduler_job.py:629} INFO - Processing file /home/airflow/.local/lib/python3.6/site-packages/airflow/example_dags/example_python_operator.py for tasks to queue
[2023-06-10 23:37:05,851] {logging_mixin.py:104} INFO - [2023-06-10 23:37:05,850] {dagbag.py:451} INFO - Filling up the DagBag from /home/airflow/.local/lib/python3.6/site-packages/airflow/example_dags/example_python_operator.py
[2023-06-10 23:37:05,889] {scheduler_job.py:639} INFO - DAG(s) dict_keys(['example_python_operator']) retrieved from /home/airflow/.local/lib/python3.6/site-packages/airflow/example_dags/example_python_operator.py
[2023-06-10 23:37:05,935] {logging_mixin.py:104} INFO - [2023-06-10 23:37:05,935] {dag.py:1824} INFO - Sync 1 DAGs
[2023-06-10 23:37:05,969] {logging_mixin.py:104} INFO - [2023-06-10 23:37:05,968] {dag.py:2280} INFO - Setting next_dagrun for example_python_operator to None
[2023-06-10 23:37:05,997] {scheduler_job.py:190} INFO - Processing /home/airflow/.local/lib/python3.6/site-packages/airflow/example_dags/example_python_operator.py took 0.162 seconds
[2023-06-10 23:37:36,450] {scheduler_job.py:182} INFO - Started process (PID=376) to work on /home/airflow/.local/lib/python3.6/site-packages/airflow/example_dags/example_python_operator.py
[2023-06-10 23:37:36,452] {scheduler_job.py:629} INFO - Processing file /home/airflow/.local/lib/python3.6/site-packages/airflow/example_dags/example_python_operator.py for tasks to queue
[2023-06-10 23:37:36,455] {logging_mixin.py:104} INFO - [2023-06-10 23:37:36,455] {dagbag.py:451} INFO - Filling up the DagBag from /home/airflow/.local/lib/python3.6/site-packages/airflow/example_dags/example_python_operator.py
[2023-06-10 23:37:36,508] {scheduler_job.py:639} INFO - DAG(s) dict_keys(['example_python_operator']) retrieved from /home/airflow/.local/lib/python3.6/site-packages/airflow/example_dags/example_python_operator.py
[2023-06-10 23:37:36,571] {logging_mixin.py:104} INFO - [2023-06-10 23:37:36,571] {dag.py:1824} INFO - Sync 1 DAGs
[2023-06-10 23:37:36,599] {logging_mixin.py:104} INFO - [2023-06-10 23:37:36,599] {dag.py:2280} INFO - Setting next_dagrun for example_python_operator to None
[2023-06-10 23:37:36,619] {scheduler_job.py:190} INFO - Processing /home/airflow/.local/lib/python3.6/site-packages/airflow/example_dags/example_python_operator.py took 0.176 seconds
[2023-06-10 23:38:07,142] {scheduler_job.py:182} INFO - Started process (PID=486) to work on /home/airflow/.local/lib/python3.6/site-packages/airflow/example_dags/example_python_operator.py
[2023-06-10 23:38:07,143] {scheduler_job.py:629} INFO - Processing file /home/airflow/.local/lib/python3.6/site-packages/airflow/example_dags/example_python_operator.py for tasks to queue
[2023-06-10 23:38:07,144] {logging_mixin.py:104} INFO - [2023-06-10 23:38:07,144] {dagbag.py:451} INFO - Filling up the DagBag from /home/airflow/.local/lib/python3.6/site-packages/airflow/example_dags/example_python_operator.py
[2023-06-10 23:38:07,155] {scheduler_job.py:639} INFO - DAG(s) dict_keys(['example_python_operator']) retrieved from /home/airflow/.local/lib/python3.6/site-packages/airflow/example_dags/example_python_operator.py
[2023-06-10 23:38:07,173] {logging_mixin.py:104} INFO - [2023-06-10 23:38:07,173] {dag.py:1824} INFO - Sync 1 DAGs
[2023-06-10 23:38:07,187] {logging_mixin.py:104} INFO - [2023-06-10 23:38:07,187] {dag.py:2280} INFO - Setting next_dagrun for example_python_operator to None
[2023-06-10 23:38:07,200] {scheduler_job.py:190} INFO - Processing /home/airflow/.local/lib/python3.6/site-packages/airflow/example_dags/example_python_operator.py took 0.061 seconds
[2023-06-10 23:38:37,814] {scheduler_job.py:182} INFO - Started process (PID=616) to work on /home/airflow/.local/lib/python3.6/site-packages/airflow/example_dags/example_python_operator.py
[2023-06-10 23:38:37,815] {scheduler_job.py:629} INFO - Processing file /home/airflow/.local/lib/python3.6/site-packages/airflow/example_dags/example_python_operator.py for tasks to queue
[2023-06-10 23:38:37,816] {logging_mixin.py:104} INFO - [2023-06-10 23:38:37,816] {dagbag.py:451} INFO - Filling up the DagBag from /home/airflow/.local/lib/python3.6/site-packages/airflow/example_dags/example_python_operator.py
[2023-06-10 23:38:37,828] {scheduler_job.py:639} INFO - DAG(s) dict_keys(['example_python_operator']) retrieved from /home/airflow/.local/lib/python3.6/site-packages/airflow/example_dags/example_python_operator.py
[2023-06-10 23:38:37,848] {logging_mixin.py:104} INFO - [2023-06-10 23:38:37,848] {dag.py:1824} INFO - Sync 1 DAGs
[2023-06-10 23:38:37,861] {logging_mixin.py:104} INFO - [2023-06-10 23:38:37,861] {dag.py:2280} INFO - Setting next_dagrun for example_python_operator to None
[2023-06-10 23:38:37,874] {scheduler_job.py:190} INFO - Processing /home/airflow/.local/lib/python3.6/site-packages/airflow/example_dags/example_python_operator.py took 0.064 seconds
[2023-06-10 23:39:08,573] {scheduler_job.py:182} INFO - Started process (PID=746) to work on /home/airflow/.local/lib/python3.6/site-packages/airflow/example_dags/example_python_operator.py
[2023-06-10 23:39:08,574] {scheduler_job.py:629} INFO - Processing file /home/airflow/.local/lib/python3.6/site-packages/airflow/example_dags/example_python_operator.py for tasks to queue
[2023-06-10 23:39:08,576] {logging_mixin.py:104} INFO - [2023-06-10 23:39:08,575] {dagbag.py:451} INFO - Filling up the DagBag from /home/airflow/.local/lib/python3.6/site-packages/airflow/example_dags/example_python_operator.py
[2023-06-10 23:39:08,586] {scheduler_job.py:639} INFO - DAG(s) dict_keys(['example_python_operator']) retrieved from /home/airflow/.local/lib/python3.6/site-packages/airflow/example_dags/example_python_operator.py
[2023-06-10 23:39:08,605] {logging_mixin.py:104} INFO - [2023-06-10 23:39:08,605] {dag.py:1824} INFO - Sync 1 DAGs
[2023-06-10 23:39:08,618] {logging_mixin.py:104} INFO - [2023-06-10 23:39:08,618] {dag.py:2280} INFO - Setting next_dagrun for example_python_operator to None
[2023-06-10 23:39:08,630] {scheduler_job.py:190} INFO - Processing /home/airflow/.local/lib/python3.6/site-packages/airflow/example_dags/example_python_operator.py took 0.060 seconds
[2023-06-10 23:39:38,952] {scheduler_job.py:182} INFO - Started process (PID=876) to work on /home/airflow/.local/lib/python3.6/site-packages/airflow/example_dags/example_python_operator.py
[2023-06-10 23:39:38,954] {scheduler_job.py:629} INFO - Processing file /home/airflow/.local/lib/python3.6/site-packages/airflow/example_dags/example_python_operator.py for tasks to queue
[2023-06-10 23:39:38,956] {logging_mixin.py:104} INFO - [2023-06-10 23:39:38,955] {dagbag.py:451} INFO - Filling up the DagBag from /home/airflow/.local/lib/python3.6/site-packages/airflow/example_dags/example_python_operator.py
[2023-06-10 23:39:38,970] {scheduler_job.py:639} INFO - DAG(s) dict_keys(['example_python_operator']) retrieved from /home/airflow/.local/lib/python3.6/site-packages/airflow/example_dags/example_python_operator.py
[2023-06-10 23:39:38,994] {logging_mixin.py:104} INFO - [2023-06-10 23:39:38,993] {dag.py:1824} INFO - Sync 1 DAGs
[2023-06-10 23:39:39,023] {logging_mixin.py:104} INFO - [2023-06-10 23:39:39,023] {dag.py:2280} INFO - Setting next_dagrun for example_python_operator to None
[2023-06-10 23:39:39,058] {scheduler_job.py:190} INFO - Processing /home/airflow/.local/lib/python3.6/site-packages/airflow/example_dags/example_python_operator.py took 0.110 seconds
[2023-06-10 23:40:09,481] {scheduler_job.py:182} INFO - Started process (PID=1006) to work on /home/airflow/.local/lib/python3.6/site-packages/airflow/example_dags/example_python_operator.py
[2023-06-10 23:40:09,483] {scheduler_job.py:629} INFO - Processing file /home/airflow/.local/lib/python3.6/site-packages/airflow/example_dags/example_python_operator.py for tasks to queue
[2023-06-10 23:40:09,484] {logging_mixin.py:104} INFO - [2023-06-10 23:40:09,484] {dagbag.py:451} INFO - Filling up the DagBag from /home/airflow/.local/lib/python3.6/site-packages/airflow/example_dags/example_python_operator.py
[2023-06-10 23:40:09,494] {scheduler_job.py:639} INFO - DAG(s) dict_keys(['example_python_operator']) retrieved from /home/airflow/.local/lib/python3.6/site-packages/airflow/example_dags/example_python_operator.py
[2023-06-10 23:40:09,513] {logging_mixin.py:104} INFO - [2023-06-10 23:40:09,513] {dag.py:1824} INFO - Sync 1 DAGs
[2023-06-10 23:40:09,525] {logging_mixin.py:104} INFO - [2023-06-10 23:40:09,525] {dag.py:2280} INFO - Setting next_dagrun for example_python_operator to None
[2023-06-10 23:40:09,537] {scheduler_job.py:190} INFO - Processing /home/airflow/.local/lib/python3.6/site-packages/airflow/example_dags/example_python_operator.py took 0.059 seconds
[2023-06-10 23:40:39,898] {scheduler_job.py:182} INFO - Started process (PID=1136) to work on /home/airflow/.local/lib/python3.6/site-packages/airflow/example_dags/example_python_operator.py
[2023-06-10 23:40:39,899] {scheduler_job.py:629} INFO - Processing file /home/airflow/.local/lib/python3.6/site-packages/airflow/example_dags/example_python_operator.py for tasks to queue
[2023-06-10 23:40:39,900] {logging_mixin.py:104} INFO - [2023-06-10 23:40:39,900] {dagbag.py:451} INFO - Filling up the DagBag from /home/airflow/.local/lib/python3.6/site-packages/airflow/example_dags/example_python_operator.py
[2023-06-10 23:40:39,911] {scheduler_job.py:639} INFO - DAG(s) dict_keys(['example_python_operator']) retrieved from /home/airflow/.local/lib/python3.6/site-packages/airflow/example_dags/example_python_operator.py
[2023-06-10 23:40:39,939] {logging_mixin.py:104} INFO - [2023-06-10 23:40:39,939] {dag.py:1824} INFO - Sync 1 DAGs
[2023-06-10 23:40:39,952] {logging_mixin.py:104} INFO - [2023-06-10 23:40:39,952] {dag.py:2280} INFO - Setting next_dagrun for example_python_operator to None
[2023-06-10 23:40:39,966] {scheduler_job.py:190} INFO - Processing /home/airflow/.local/lib/python3.6/site-packages/airflow/example_dags/example_python_operator.py took 0.071 seconds
[2023-06-10 23:41:10,408] {scheduler_job.py:182} INFO - Started process (PID=1269) to work on /home/airflow/.local/lib/python3.6/site-packages/airflow/example_dags/example_python_operator.py
[2023-06-10 23:41:10,409] {scheduler_job.py:629} INFO - Processing file /home/airflow/.local/lib/python3.6/site-packages/airflow/example_dags/example_python_operator.py for tasks to queue
[2023-06-10 23:41:10,410] {logging_mixin.py:104} INFO - [2023-06-10 23:41:10,410] {dagbag.py:451} INFO - Filling up the DagBag from /home/airflow/.local/lib/python3.6/site-packages/airflow/example_dags/example_python_operator.py
[2023-06-10 23:41:10,423] {scheduler_job.py:639} INFO - DAG(s) dict_keys(['example_python_operator']) retrieved from /home/airflow/.local/lib/python3.6/site-packages/airflow/example_dags/example_python_operator.py
[2023-06-10 23:41:10,445] {logging_mixin.py:104} INFO - [2023-06-10 23:41:10,445] {dag.py:1824} INFO - Sync 1 DAGs
[2023-06-10 23:41:10,460] {logging_mixin.py:104} INFO - [2023-06-10 23:41:10,460] {dag.py:2280} INFO - Setting next_dagrun for example_python_operator to None
[2023-06-10 23:41:10,473] {scheduler_job.py:190} INFO - Processing /home/airflow/.local/lib/python3.6/site-packages/airflow/example_dags/example_python_operator.py took 0.068 seconds
[2023-06-10 23:41:40,796] {scheduler_job.py:182} INFO - Started process (PID=1396) to work on /home/airflow/.local/lib/python3.6/site-packages/airflow/example_dags/example_python_operator.py
[2023-06-10 23:41:40,797] {scheduler_job.py:629} INFO - Processing file /home/airflow/.local/lib/python3.6/site-packages/airflow/example_dags/example_python_operator.py for tasks to queue
[2023-06-10 23:41:40,798] {logging_mixin.py:104} INFO - [2023-06-10 23:41:40,798] {dagbag.py:451} INFO - Filling up the DagBag from /home/airflow/.local/lib/python3.6/site-packages/airflow/example_dags/example_python_operator.py
[2023-06-10 23:41:40,809] {scheduler_job.py:639} INFO - DAG(s) dict_keys(['example_python_operator']) retrieved from /home/airflow/.local/lib/python3.6/site-packages/airflow/example_dags/example_python_operator.py
[2023-06-10 23:41:40,829] {logging_mixin.py:104} INFO - [2023-06-10 23:41:40,829] {dag.py:1824} INFO - Sync 1 DAGs
[2023-06-10 23:41:40,843] {logging_mixin.py:104} INFO - [2023-06-10 23:41:40,843] {dag.py:2280} INFO - Setting next_dagrun for example_python_operator to None
[2023-06-10 23:41:40,855] {scheduler_job.py:190} INFO - Processing /home/airflow/.local/lib/python3.6/site-packages/airflow/example_dags/example_python_operator.py took 0.062 seconds
[2023-06-10 23:42:11,036] {scheduler_job.py:182} INFO - Started process (PID=1526) to work on /home/airflow/.local/lib/python3.6/site-packages/airflow/example_dags/example_python_operator.py
[2023-06-10 23:42:11,038] {scheduler_job.py:629} INFO - Processing file /home/airflow/.local/lib/python3.6/site-packages/airflow/example_dags/example_python_operator.py for tasks to queue
[2023-06-10 23:42:11,039] {logging_mixin.py:104} INFO - [2023-06-10 23:42:11,039] {dagbag.py:451} INFO - Filling up the DagBag from /home/airflow/.local/lib/python3.6/site-packages/airflow/example_dags/example_python_operator.py
[2023-06-10 23:42:11,050] {scheduler_job.py:639} INFO - DAG(s) dict_keys(['example_python_operator']) retrieved from /home/airflow/.local/lib/python3.6/site-packages/airflow/example_dags/example_python_operator.py
[2023-06-10 23:42:11,071] {logging_mixin.py:104} INFO - [2023-06-10 23:42:11,071] {dag.py:1824} INFO - Sync 1 DAGs
[2023-06-10 23:42:11,088] {logging_mixin.py:104} INFO - [2023-06-10 23:42:11,088] {dag.py:2280} INFO - Setting next_dagrun for example_python_operator to None
[2023-06-10 23:42:11,103] {scheduler_job.py:190} INFO - Processing /home/airflow/.local/lib/python3.6/site-packages/airflow/example_dags/example_python_operator.py took 0.070 seconds
[2023-06-10 23:42:41,523] {scheduler_job.py:182} INFO - Started process (PID=1656) to work on /home/airflow/.local/lib/python3.6/site-packages/airflow/example_dags/example_python_operator.py
[2023-06-10 23:42:41,524] {scheduler_job.py:629} INFO - Processing file /home/airflow/.local/lib/python3.6/site-packages/airflow/example_dags/example_python_operator.py for tasks to queue
[2023-06-10 23:42:41,525] {logging_mixin.py:104} INFO - [2023-06-10 23:42:41,525] {dagbag.py:451} INFO - Filling up the DagBag from /home/airflow/.local/lib/python3.6/site-packages/airflow/example_dags/example_python_operator.py
[2023-06-10 23:42:41,537] {scheduler_job.py:639} INFO - DAG(s) dict_keys(['example_python_operator']) retrieved from /home/airflow/.local/lib/python3.6/site-packages/airflow/example_dags/example_python_operator.py
[2023-06-10 23:42:41,558] {logging_mixin.py:104} INFO - [2023-06-10 23:42:41,558] {dag.py:1824} INFO - Sync 1 DAGs
[2023-06-10 23:42:41,570] {logging_mixin.py:104} INFO - [2023-06-10 23:42:41,570] {dag.py:2280} INFO - Setting next_dagrun for example_python_operator to None
[2023-06-10 23:42:41,581] {scheduler_job.py:190} INFO - Processing /home/airflow/.local/lib/python3.6/site-packages/airflow/example_dags/example_python_operator.py took 0.062 seconds
[2023-06-10 23:43:12,013] {scheduler_job.py:182} INFO - Started process (PID=1786) to work on /home/airflow/.local/lib/python3.6/site-packages/airflow/example_dags/example_python_operator.py
[2023-06-10 23:43:12,017] {scheduler_job.py:629} INFO - Processing file /home/airflow/.local/lib/python3.6/site-packages/airflow/example_dags/example_python_operator.py for tasks to queue
[2023-06-10 23:43:12,021] {logging_mixin.py:104} INFO - [2023-06-10 23:43:12,021] {dagbag.py:451} INFO - Filling up the DagBag from /home/airflow/.local/lib/python3.6/site-packages/airflow/example_dags/example_python_operator.py
[2023-06-10 23:43:12,044] {scheduler_job.py:639} INFO - DAG(s) dict_keys(['example_python_operator']) retrieved from /home/airflow/.local/lib/python3.6/site-packages/airflow/example_dags/example_python_operator.py
[2023-06-10 23:43:12,077] {logging_mixin.py:104} INFO - [2023-06-10 23:43:12,077] {dag.py:1824} INFO - Sync 1 DAGs
[2023-06-10 23:43:12,095] {logging_mixin.py:104} INFO - [2023-06-10 23:43:12,095] {dag.py:2280} INFO - Setting next_dagrun for example_python_operator to None
[2023-06-10 23:43:12,111] {scheduler_job.py:190} INFO - Processing /home/airflow/.local/lib/python3.6/site-packages/airflow/example_dags/example_python_operator.py took 0.115 seconds
[2023-06-10 23:43:42,269] {scheduler_job.py:182} INFO - Started process (PID=1916) to work on /home/airflow/.local/lib/python3.6/site-packages/airflow/example_dags/example_python_operator.py
[2023-06-10 23:43:42,272] {scheduler_job.py:629} INFO - Processing file /home/airflow/.local/lib/python3.6/site-packages/airflow/example_dags/example_python_operator.py for tasks to queue
[2023-06-10 23:43:42,273] {logging_mixin.py:104} INFO - [2023-06-10 23:43:42,273] {dagbag.py:451} INFO - Filling up the DagBag from /home/airflow/.local/lib/python3.6/site-packages/airflow/example_dags/example_python_operator.py
[2023-06-10 23:43:42,286] {scheduler_job.py:639} INFO - DAG(s) dict_keys(['example_python_operator']) retrieved from /home/airflow/.local/lib/python3.6/site-packages/airflow/example_dags/example_python_operator.py
[2023-06-10 23:43:42,307] {logging_mixin.py:104} INFO - [2023-06-10 23:43:42,306] {dag.py:1824} INFO - Sync 1 DAGs
[2023-06-10 23:43:42,319] {logging_mixin.py:104} INFO - [2023-06-10 23:43:42,319] {dag.py:2280} INFO - Setting next_dagrun for example_python_operator to None
[2023-06-10 23:43:42,333] {scheduler_job.py:190} INFO - Processing /home/airflow/.local/lib/python3.6/site-packages/airflow/example_dags/example_python_operator.py took 0.069 seconds
