[2023-06-10 23:32:55,837] {scheduler_job.py:182} INFO - Started process (PID=209) to work on /home/airflow/.local/lib/python3.6/site-packages/airflow/example_dags/example_xcomargs.py
[2023-06-10 23:32:55,839] {scheduler_job.py:629} INFO - Processing file /home/airflow/.local/lib/python3.6/site-packages/airflow/example_dags/example_xcomargs.py for tasks to queue
[2023-06-10 23:32:55,840] {logging_mixin.py:104} INFO - [2023-06-10 23:32:55,840] {dagbag.py:451} INFO - Filling up the DagBag from /home/airflow/.local/lib/python3.6/site-packages/airflow/example_dags/example_xcomargs.py
[2023-06-10 23:32:55,857] {scheduler_job.py:639} INFO - DAG(s) dict_keys(['example_xcom_args', 'example_xcom_args_with_operators']) retrieved from /home/airflow/.local/lib/python3.6/site-packages/airflow/example_dags/example_xcomargs.py
[2023-06-10 23:32:55,881] {logging_mixin.py:104} INFO - [2023-06-10 23:32:55,881] {dag.py:1824} INFO - Sync 2 DAGs
[2023-06-10 23:32:55,889] {logging_mixin.py:104} INFO - [2023-06-10 23:32:55,889] {dag.py:1843} INFO - Creating ORM DAG for example_xcom_args_with_operators
[2023-06-10 23:32:55,890] {logging_mixin.py:104} INFO - [2023-06-10 23:32:55,890] {dag.py:1843} INFO - Creating ORM DAG for example_xcom_args
[2023-06-10 23:32:55,895] {logging_mixin.py:104} INFO - [2023-06-10 23:32:55,895] {dag.py:2280} INFO - Setting next_dagrun for example_xcom_args to None
[2023-06-10 23:32:55,896] {logging_mixin.py:104} INFO - [2023-06-10 23:32:55,896] {dag.py:2280} INFO - Setting next_dagrun for example_xcom_args_with_operators to None
[2023-06-10 23:32:55,910] {scheduler_job.py:190} INFO - Processing /home/airflow/.local/lib/python3.6/site-packages/airflow/example_dags/example_xcomargs.py took 0.075 seconds
[2023-06-10 23:33:26,159] {scheduler_job.py:182} INFO - Started process (PID=334) to work on /home/airflow/.local/lib/python3.6/site-packages/airflow/example_dags/example_xcomargs.py
[2023-06-10 23:33:26,161] {scheduler_job.py:629} INFO - Processing file /home/airflow/.local/lib/python3.6/site-packages/airflow/example_dags/example_xcomargs.py for tasks to queue
[2023-06-10 23:33:26,162] {logging_mixin.py:104} INFO - [2023-06-10 23:33:26,162] {dagbag.py:451} INFO - Filling up the DagBag from /home/airflow/.local/lib/python3.6/site-packages/airflow/example_dags/example_xcomargs.py
[2023-06-10 23:33:26,178] {scheduler_job.py:639} INFO - DAG(s) dict_keys(['example_xcom_args', 'example_xcom_args_with_operators']) retrieved from /home/airflow/.local/lib/python3.6/site-packages/airflow/example_dags/example_xcomargs.py
[2023-06-10 23:33:26,206] {logging_mixin.py:104} INFO - [2023-06-10 23:33:26,205] {dag.py:1824} INFO - Sync 2 DAGs
[2023-06-10 23:33:26,221] {logging_mixin.py:104} INFO - [2023-06-10 23:33:26,221] {dag.py:2280} INFO - Setting next_dagrun for example_xcom_args to None
[2023-06-10 23:33:26,222] {logging_mixin.py:104} INFO - [2023-06-10 23:33:26,222] {dag.py:2280} INFO - Setting next_dagrun for example_xcom_args_with_operators to None
[2023-06-10 23:33:26,237] {scheduler_job.py:190} INFO - Processing /home/airflow/.local/lib/python3.6/site-packages/airflow/example_dags/example_xcomargs.py took 0.081 seconds
[2023-06-10 23:33:56,342] {scheduler_job.py:182} INFO - Started process (PID=449) to work on /home/airflow/.local/lib/python3.6/site-packages/airflow/example_dags/example_xcomargs.py
[2023-06-10 23:33:56,343] {scheduler_job.py:629} INFO - Processing file /home/airflow/.local/lib/python3.6/site-packages/airflow/example_dags/example_xcomargs.py for tasks to queue
[2023-06-10 23:33:56,344] {logging_mixin.py:104} INFO - [2023-06-10 23:33:56,344] {dagbag.py:451} INFO - Filling up the DagBag from /home/airflow/.local/lib/python3.6/site-packages/airflow/example_dags/example_xcomargs.py
[2023-06-10 23:33:56,361] {scheduler_job.py:639} INFO - DAG(s) dict_keys(['example_xcom_args', 'example_xcom_args_with_operators']) retrieved from /home/airflow/.local/lib/python3.6/site-packages/airflow/example_dags/example_xcomargs.py
[2023-06-10 23:33:56,400] {logging_mixin.py:104} INFO - [2023-06-10 23:33:56,400] {dag.py:1824} INFO - Sync 2 DAGs
[2023-06-10 23:33:56,415] {logging_mixin.py:104} INFO - [2023-06-10 23:33:56,415] {dag.py:2280} INFO - Setting next_dagrun for example_xcom_args to None
[2023-06-10 23:33:56,417] {logging_mixin.py:104} INFO - [2023-06-10 23:33:56,417] {dag.py:2280} INFO - Setting next_dagrun for example_xcom_args_with_operators to None
[2023-06-10 23:33:56,431] {scheduler_job.py:190} INFO - Processing /home/airflow/.local/lib/python3.6/site-packages/airflow/example_dags/example_xcomargs.py took 0.092 seconds
[2023-06-10 23:34:26,898] {scheduler_job.py:182} INFO - Started process (PID=584) to work on /home/airflow/.local/lib/python3.6/site-packages/airflow/example_dags/example_xcomargs.py
[2023-06-10 23:34:26,900] {scheduler_job.py:629} INFO - Processing file /home/airflow/.local/lib/python3.6/site-packages/airflow/example_dags/example_xcomargs.py for tasks to queue
[2023-06-10 23:34:26,902] {logging_mixin.py:104} INFO - [2023-06-10 23:34:26,901] {dagbag.py:451} INFO - Filling up the DagBag from /home/airflow/.local/lib/python3.6/site-packages/airflow/example_dags/example_xcomargs.py
[2023-06-10 23:34:26,917] {scheduler_job.py:639} INFO - DAG(s) dict_keys(['example_xcom_args', 'example_xcom_args_with_operators']) retrieved from /home/airflow/.local/lib/python3.6/site-packages/airflow/example_dags/example_xcomargs.py
[2023-06-10 23:34:26,957] {logging_mixin.py:104} INFO - [2023-06-10 23:34:26,957] {dag.py:1824} INFO - Sync 2 DAGs
[2023-06-10 23:34:26,976] {logging_mixin.py:104} INFO - [2023-06-10 23:34:26,976] {dag.py:2280} INFO - Setting next_dagrun for example_xcom_args to None
[2023-06-10 23:34:26,978] {logging_mixin.py:104} INFO - [2023-06-10 23:34:26,977] {dag.py:2280} INFO - Setting next_dagrun for example_xcom_args_with_operators to None
[2023-06-10 23:34:26,990] {scheduler_job.py:190} INFO - Processing /home/airflow/.local/lib/python3.6/site-packages/airflow/example_dags/example_xcomargs.py took 0.095 seconds
[2023-06-10 23:34:57,737] {scheduler_job.py:182} INFO - Started process (PID=724) to work on /home/airflow/.local/lib/python3.6/site-packages/airflow/example_dags/example_xcomargs.py
[2023-06-10 23:34:57,739] {scheduler_job.py:629} INFO - Processing file /home/airflow/.local/lib/python3.6/site-packages/airflow/example_dags/example_xcomargs.py for tasks to queue
[2023-06-10 23:34:57,741] {logging_mixin.py:104} INFO - [2023-06-10 23:34:57,741] {dagbag.py:451} INFO - Filling up the DagBag from /home/airflow/.local/lib/python3.6/site-packages/airflow/example_dags/example_xcomargs.py
[2023-06-10 23:34:57,761] {scheduler_job.py:639} INFO - DAG(s) dict_keys(['example_xcom_args', 'example_xcom_args_with_operators']) retrieved from /home/airflow/.local/lib/python3.6/site-packages/airflow/example_dags/example_xcomargs.py
[2023-06-10 23:34:57,797] {logging_mixin.py:104} INFO - [2023-06-10 23:34:57,797] {dag.py:1824} INFO - Sync 2 DAGs
[2023-06-10 23:34:57,820] {logging_mixin.py:104} INFO - [2023-06-10 23:34:57,820] {dag.py:2280} INFO - Setting next_dagrun for example_xcom_args to None
[2023-06-10 23:34:57,821] {logging_mixin.py:104} INFO - [2023-06-10 23:34:57,821] {dag.py:2280} INFO - Setting next_dagrun for example_xcom_args_with_operators to None
[2023-06-10 23:34:57,838] {scheduler_job.py:190} INFO - Processing /home/airflow/.local/lib/python3.6/site-packages/airflow/example_dags/example_xcomargs.py took 0.106 seconds
[2023-06-10 23:35:27,945] {scheduler_job.py:182} INFO - Started process (PID=844) to work on /home/airflow/.local/lib/python3.6/site-packages/airflow/example_dags/example_xcomargs.py
[2023-06-10 23:35:27,947] {scheduler_job.py:629} INFO - Processing file /home/airflow/.local/lib/python3.6/site-packages/airflow/example_dags/example_xcomargs.py for tasks to queue
[2023-06-10 23:35:27,948] {logging_mixin.py:104} INFO - [2023-06-10 23:35:27,948] {dagbag.py:451} INFO - Filling up the DagBag from /home/airflow/.local/lib/python3.6/site-packages/airflow/example_dags/example_xcomargs.py
[2023-06-10 23:35:27,968] {scheduler_job.py:639} INFO - DAG(s) dict_keys(['example_xcom_args', 'example_xcom_args_with_operators']) retrieved from /home/airflow/.local/lib/python3.6/site-packages/airflow/example_dags/example_xcomargs.py
[2023-06-10 23:35:28,004] {logging_mixin.py:104} INFO - [2023-06-10 23:35:28,003] {dag.py:1824} INFO - Sync 2 DAGs
[2023-06-10 23:35:28,022] {logging_mixin.py:104} INFO - [2023-06-10 23:35:28,022] {dag.py:2280} INFO - Setting next_dagrun for example_xcom_args to None
[2023-06-10 23:35:28,024] {logging_mixin.py:104} INFO - [2023-06-10 23:35:28,024] {dag.py:2280} INFO - Setting next_dagrun for example_xcom_args_with_operators to None
[2023-06-10 23:35:28,042] {scheduler_job.py:190} INFO - Processing /home/airflow/.local/lib/python3.6/site-packages/airflow/example_dags/example_xcomargs.py took 0.103 seconds
[2023-06-10 23:35:58,560] {scheduler_job.py:182} INFO - Started process (PID=984) to work on /home/airflow/.local/lib/python3.6/site-packages/airflow/example_dags/example_xcomargs.py
[2023-06-10 23:35:58,562] {scheduler_job.py:629} INFO - Processing file /home/airflow/.local/lib/python3.6/site-packages/airflow/example_dags/example_xcomargs.py for tasks to queue
[2023-06-10 23:35:58,563] {logging_mixin.py:104} INFO - [2023-06-10 23:35:58,563] {dagbag.py:451} INFO - Filling up the DagBag from /home/airflow/.local/lib/python3.6/site-packages/airflow/example_dags/example_xcomargs.py
[2023-06-10 23:35:58,578] {scheduler_job.py:639} INFO - DAG(s) dict_keys(['example_xcom_args', 'example_xcom_args_with_operators']) retrieved from /home/airflow/.local/lib/python3.6/site-packages/airflow/example_dags/example_xcomargs.py
[2023-06-10 23:35:58,605] {logging_mixin.py:104} INFO - [2023-06-10 23:35:58,605] {dag.py:1824} INFO - Sync 2 DAGs
[2023-06-10 23:35:58,620] {logging_mixin.py:104} INFO - [2023-06-10 23:35:58,620] {dag.py:2280} INFO - Setting next_dagrun for example_xcom_args to None
[2023-06-10 23:35:58,622] {logging_mixin.py:104} INFO - [2023-06-10 23:35:58,621] {dag.py:2280} INFO - Setting next_dagrun for example_xcom_args_with_operators to None
[2023-06-10 23:35:58,638] {scheduler_job.py:190} INFO - Processing /home/airflow/.local/lib/python3.6/site-packages/airflow/example_dags/example_xcomargs.py took 0.082 seconds
[2023-06-10 23:36:29,449] {scheduler_job.py:182} INFO - Started process (PID=1114) to work on /home/airflow/.local/lib/python3.6/site-packages/airflow/example_dags/example_xcomargs.py
[2023-06-10 23:36:29,451] {scheduler_job.py:629} INFO - Processing file /home/airflow/.local/lib/python3.6/site-packages/airflow/example_dags/example_xcomargs.py for tasks to queue
[2023-06-10 23:36:29,452] {logging_mixin.py:104} INFO - [2023-06-10 23:36:29,452] {dagbag.py:451} INFO - Filling up the DagBag from /home/airflow/.local/lib/python3.6/site-packages/airflow/example_dags/example_xcomargs.py
[2023-06-10 23:36:29,465] {scheduler_job.py:639} INFO - DAG(s) dict_keys(['example_xcom_args', 'example_xcom_args_with_operators']) retrieved from /home/airflow/.local/lib/python3.6/site-packages/airflow/example_dags/example_xcomargs.py
[2023-06-10 23:36:29,491] {logging_mixin.py:104} INFO - [2023-06-10 23:36:29,490] {dag.py:1824} INFO - Sync 2 DAGs
[2023-06-10 23:36:29,504] {logging_mixin.py:104} INFO - [2023-06-10 23:36:29,503] {dag.py:2280} INFO - Setting next_dagrun for example_xcom_args to None
[2023-06-10 23:36:29,505] {logging_mixin.py:104} INFO - [2023-06-10 23:36:29,505] {dag.py:2280} INFO - Setting next_dagrun for example_xcom_args_with_operators to None
[2023-06-10 23:36:29,518] {scheduler_job.py:190} INFO - Processing /home/airflow/.local/lib/python3.6/site-packages/airflow/example_dags/example_xcomargs.py took 0.072 seconds
[2023-06-10 23:37:06,141] {scheduler_job.py:182} INFO - Started process (PID=259) to work on /home/airflow/.local/lib/python3.6/site-packages/airflow/example_dags/example_xcomargs.py
[2023-06-10 23:37:06,145] {scheduler_job.py:629} INFO - Processing file /home/airflow/.local/lib/python3.6/site-packages/airflow/example_dags/example_xcomargs.py for tasks to queue
[2023-06-10 23:37:06,148] {logging_mixin.py:104} INFO - [2023-06-10 23:37:06,147] {dagbag.py:451} INFO - Filling up the DagBag from /home/airflow/.local/lib/python3.6/site-packages/airflow/example_dags/example_xcomargs.py
[2023-06-10 23:37:06,181] {scheduler_job.py:639} INFO - DAG(s) dict_keys(['example_xcom_args', 'example_xcom_args_with_operators']) retrieved from /home/airflow/.local/lib/python3.6/site-packages/airflow/example_dags/example_xcomargs.py
[2023-06-10 23:37:06,245] {logging_mixin.py:104} INFO - [2023-06-10 23:37:06,245] {dag.py:1824} INFO - Sync 2 DAGs
[2023-06-10 23:37:06,295] {logging_mixin.py:104} INFO - [2023-06-10 23:37:06,295] {dag.py:2280} INFO - Setting next_dagrun for example_xcom_args to None
[2023-06-10 23:37:06,306] {logging_mixin.py:104} INFO - [2023-06-10 23:37:06,305] {dag.py:2280} INFO - Setting next_dagrun for example_xcom_args_with_operators to None
[2023-06-10 23:37:06,330] {scheduler_job.py:190} INFO - Processing /home/airflow/.local/lib/python3.6/site-packages/airflow/example_dags/example_xcomargs.py took 0.197 seconds
[2023-06-10 23:37:36,465] {scheduler_job.py:182} INFO - Started process (PID=379) to work on /home/airflow/.local/lib/python3.6/site-packages/airflow/example_dags/example_xcomargs.py
[2023-06-10 23:37:36,469] {scheduler_job.py:629} INFO - Processing file /home/airflow/.local/lib/python3.6/site-packages/airflow/example_dags/example_xcomargs.py for tasks to queue
[2023-06-10 23:37:36,472] {logging_mixin.py:104} INFO - [2023-06-10 23:37:36,472] {dagbag.py:451} INFO - Filling up the DagBag from /home/airflow/.local/lib/python3.6/site-packages/airflow/example_dags/example_xcomargs.py
[2023-06-10 23:37:36,525] {scheduler_job.py:639} INFO - DAG(s) dict_keys(['example_xcom_args', 'example_xcom_args_with_operators']) retrieved from /home/airflow/.local/lib/python3.6/site-packages/airflow/example_dags/example_xcomargs.py
[2023-06-10 23:37:36,582] {logging_mixin.py:104} INFO - [2023-06-10 23:37:36,582] {dag.py:1824} INFO - Sync 2 DAGs
[2023-06-10 23:37:36,610] {logging_mixin.py:104} INFO - [2023-06-10 23:37:36,610] {dag.py:2280} INFO - Setting next_dagrun for example_xcom_args to None
[2023-06-10 23:37:36,613] {logging_mixin.py:104} INFO - [2023-06-10 23:37:36,613] {dag.py:2280} INFO - Setting next_dagrun for example_xcom_args_with_operators to None
[2023-06-10 23:37:36,637] {scheduler_job.py:190} INFO - Processing /home/airflow/.local/lib/python3.6/site-packages/airflow/example_dags/example_xcomargs.py took 0.186 seconds
[2023-06-10 23:38:07,230] {scheduler_job.py:182} INFO - Started process (PID=496) to work on /home/airflow/.local/lib/python3.6/site-packages/airflow/example_dags/example_xcomargs.py
[2023-06-10 23:38:07,232] {scheduler_job.py:629} INFO - Processing file /home/airflow/.local/lib/python3.6/site-packages/airflow/example_dags/example_xcomargs.py for tasks to queue
[2023-06-10 23:38:07,233] {logging_mixin.py:104} INFO - [2023-06-10 23:38:07,233] {dagbag.py:451} INFO - Filling up the DagBag from /home/airflow/.local/lib/python3.6/site-packages/airflow/example_dags/example_xcomargs.py
[2023-06-10 23:38:07,244] {scheduler_job.py:639} INFO - DAG(s) dict_keys(['example_xcom_args', 'example_xcom_args_with_operators']) retrieved from /home/airflow/.local/lib/python3.6/site-packages/airflow/example_dags/example_xcomargs.py
[2023-06-10 23:38:07,268] {logging_mixin.py:104} INFO - [2023-06-10 23:38:07,268] {dag.py:1824} INFO - Sync 2 DAGs
[2023-06-10 23:38:07,280] {logging_mixin.py:104} INFO - [2023-06-10 23:38:07,280] {dag.py:2280} INFO - Setting next_dagrun for example_xcom_args to None
[2023-06-10 23:38:07,283] {logging_mixin.py:104} INFO - [2023-06-10 23:38:07,283] {dag.py:2280} INFO - Setting next_dagrun for example_xcom_args_with_operators to None
[2023-06-10 23:38:07,299] {scheduler_job.py:190} INFO - Processing /home/airflow/.local/lib/python3.6/site-packages/airflow/example_dags/example_xcomargs.py took 0.073 seconds
[2023-06-10 23:38:37,899] {scheduler_job.py:182} INFO - Started process (PID=626) to work on /home/airflow/.local/lib/python3.6/site-packages/airflow/example_dags/example_xcomargs.py
[2023-06-10 23:38:37,901] {scheduler_job.py:629} INFO - Processing file /home/airflow/.local/lib/python3.6/site-packages/airflow/example_dags/example_xcomargs.py for tasks to queue
[2023-06-10 23:38:37,902] {logging_mixin.py:104} INFO - [2023-06-10 23:38:37,902] {dagbag.py:451} INFO - Filling up the DagBag from /home/airflow/.local/lib/python3.6/site-packages/airflow/example_dags/example_xcomargs.py
[2023-06-10 23:38:37,915] {scheduler_job.py:639} INFO - DAG(s) dict_keys(['example_xcom_args', 'example_xcom_args_with_operators']) retrieved from /home/airflow/.local/lib/python3.6/site-packages/airflow/example_dags/example_xcomargs.py
[2023-06-10 23:38:37,938] {logging_mixin.py:104} INFO - [2023-06-10 23:38:37,938] {dag.py:1824} INFO - Sync 2 DAGs
[2023-06-10 23:38:37,952] {logging_mixin.py:104} INFO - [2023-06-10 23:38:37,952] {dag.py:2280} INFO - Setting next_dagrun for example_xcom_args to None
[2023-06-10 23:38:37,954] {logging_mixin.py:104} INFO - [2023-06-10 23:38:37,954] {dag.py:2280} INFO - Setting next_dagrun for example_xcom_args_with_operators to None
[2023-06-10 23:38:37,970] {scheduler_job.py:190} INFO - Processing /home/airflow/.local/lib/python3.6/site-packages/airflow/example_dags/example_xcomargs.py took 0.074 seconds
[2023-06-10 23:39:08,654] {scheduler_job.py:182} INFO - Started process (PID=756) to work on /home/airflow/.local/lib/python3.6/site-packages/airflow/example_dags/example_xcomargs.py
[2023-06-10 23:39:08,655] {scheduler_job.py:629} INFO - Processing file /home/airflow/.local/lib/python3.6/site-packages/airflow/example_dags/example_xcomargs.py for tasks to queue
[2023-06-10 23:39:08,656] {logging_mixin.py:104} INFO - [2023-06-10 23:39:08,656] {dagbag.py:451} INFO - Filling up the DagBag from /home/airflow/.local/lib/python3.6/site-packages/airflow/example_dags/example_xcomargs.py
[2023-06-10 23:39:08,668] {scheduler_job.py:639} INFO - DAG(s) dict_keys(['example_xcom_args', 'example_xcom_args_with_operators']) retrieved from /home/airflow/.local/lib/python3.6/site-packages/airflow/example_dags/example_xcomargs.py
[2023-06-10 23:39:08,691] {logging_mixin.py:104} INFO - [2023-06-10 23:39:08,691] {dag.py:1824} INFO - Sync 2 DAGs
[2023-06-10 23:39:08,703] {logging_mixin.py:104} INFO - [2023-06-10 23:39:08,703] {dag.py:2280} INFO - Setting next_dagrun for example_xcom_args to None
[2023-06-10 23:39:08,704] {logging_mixin.py:104} INFO - [2023-06-10 23:39:08,704] {dag.py:2280} INFO - Setting next_dagrun for example_xcom_args_with_operators to None
[2023-06-10 23:39:08,716] {scheduler_job.py:190} INFO - Processing /home/airflow/.local/lib/python3.6/site-packages/airflow/example_dags/example_xcomargs.py took 0.065 seconds
[2023-06-10 23:39:39,194] {scheduler_job.py:182} INFO - Started process (PID=891) to work on /home/airflow/.local/lib/python3.6/site-packages/airflow/example_dags/example_xcomargs.py
[2023-06-10 23:39:39,198] {scheduler_job.py:629} INFO - Processing file /home/airflow/.local/lib/python3.6/site-packages/airflow/example_dags/example_xcomargs.py for tasks to queue
[2023-06-10 23:39:39,200] {logging_mixin.py:104} INFO - [2023-06-10 23:39:39,200] {dagbag.py:451} INFO - Filling up the DagBag from /home/airflow/.local/lib/python3.6/site-packages/airflow/example_dags/example_xcomargs.py
[2023-06-10 23:39:39,214] {scheduler_job.py:639} INFO - DAG(s) dict_keys(['example_xcom_args', 'example_xcom_args_with_operators']) retrieved from /home/airflow/.local/lib/python3.6/site-packages/airflow/example_dags/example_xcomargs.py
[2023-06-10 23:39:39,241] {logging_mixin.py:104} INFO - [2023-06-10 23:39:39,241] {dag.py:1824} INFO - Sync 2 DAGs
[2023-06-10 23:39:39,257] {logging_mixin.py:104} INFO - [2023-06-10 23:39:39,257] {dag.py:2280} INFO - Setting next_dagrun for example_xcom_args to None
[2023-06-10 23:39:39,258] {logging_mixin.py:104} INFO - [2023-06-10 23:39:39,258] {dag.py:2280} INFO - Setting next_dagrun for example_xcom_args_with_operators to None
[2023-06-10 23:39:39,274] {scheduler_job.py:190} INFO - Processing /home/airflow/.local/lib/python3.6/site-packages/airflow/example_dags/example_xcomargs.py took 0.084 seconds
[2023-06-10 23:40:09,566] {scheduler_job.py:182} INFO - Started process (PID=1016) to work on /home/airflow/.local/lib/python3.6/site-packages/airflow/example_dags/example_xcomargs.py
[2023-06-10 23:40:09,568] {scheduler_job.py:629} INFO - Processing file /home/airflow/.local/lib/python3.6/site-packages/airflow/example_dags/example_xcomargs.py for tasks to queue
[2023-06-10 23:40:09,569] {logging_mixin.py:104} INFO - [2023-06-10 23:40:09,569] {dagbag.py:451} INFO - Filling up the DagBag from /home/airflow/.local/lib/python3.6/site-packages/airflow/example_dags/example_xcomargs.py
[2023-06-10 23:40:09,580] {scheduler_job.py:639} INFO - DAG(s) dict_keys(['example_xcom_args', 'example_xcom_args_with_operators']) retrieved from /home/airflow/.local/lib/python3.6/site-packages/airflow/example_dags/example_xcomargs.py
[2023-06-10 23:40:09,607] {logging_mixin.py:104} INFO - [2023-06-10 23:40:09,607] {dag.py:1824} INFO - Sync 2 DAGs
[2023-06-10 23:40:09,619] {logging_mixin.py:104} INFO - [2023-06-10 23:40:09,619] {dag.py:2280} INFO - Setting next_dagrun for example_xcom_args to None
[2023-06-10 23:40:09,621] {logging_mixin.py:104} INFO - [2023-06-10 23:40:09,621] {dag.py:2280} INFO - Setting next_dagrun for example_xcom_args_with_operators to None
[2023-06-10 23:40:09,635] {scheduler_job.py:190} INFO - Processing /home/airflow/.local/lib/python3.6/site-packages/airflow/example_dags/example_xcomargs.py took 0.072 seconds
[2023-06-10 23:40:40,038] {scheduler_job.py:182} INFO - Started process (PID=1154) to work on /home/airflow/.local/lib/python3.6/site-packages/airflow/example_dags/example_xcomargs.py
[2023-06-10 23:40:40,039] {scheduler_job.py:629} INFO - Processing file /home/airflow/.local/lib/python3.6/site-packages/airflow/example_dags/example_xcomargs.py for tasks to queue
[2023-06-10 23:40:40,040] {logging_mixin.py:104} INFO - [2023-06-10 23:40:40,040] {dagbag.py:451} INFO - Filling up the DagBag from /home/airflow/.local/lib/python3.6/site-packages/airflow/example_dags/example_xcomargs.py
[2023-06-10 23:40:40,062] {scheduler_job.py:639} INFO - DAG(s) dict_keys(['example_xcom_args', 'example_xcom_args_with_operators']) retrieved from /home/airflow/.local/lib/python3.6/site-packages/airflow/example_dags/example_xcomargs.py
[2023-06-10 23:40:40,101] {logging_mixin.py:104} INFO - [2023-06-10 23:40:40,101] {dag.py:1824} INFO - Sync 2 DAGs
[2023-06-10 23:40:40,114] {logging_mixin.py:104} INFO - [2023-06-10 23:40:40,114] {dag.py:2280} INFO - Setting next_dagrun for example_xcom_args to None
[2023-06-10 23:40:40,115] {logging_mixin.py:104} INFO - [2023-06-10 23:40:40,115] {dag.py:2280} INFO - Setting next_dagrun for example_xcom_args_with_operators to None
[2023-06-10 23:40:40,128] {scheduler_job.py:190} INFO - Processing /home/airflow/.local/lib/python3.6/site-packages/airflow/example_dags/example_xcomargs.py took 0.093 seconds
[2023-06-10 23:41:10,501] {scheduler_job.py:182} INFO - Started process (PID=1276) to work on /home/airflow/.local/lib/python3.6/site-packages/airflow/example_dags/example_xcomargs.py
[2023-06-10 23:41:10,503] {scheduler_job.py:629} INFO - Processing file /home/airflow/.local/lib/python3.6/site-packages/airflow/example_dags/example_xcomargs.py for tasks to queue
[2023-06-10 23:41:10,504] {logging_mixin.py:104} INFO - [2023-06-10 23:41:10,504] {dagbag.py:451} INFO - Filling up the DagBag from /home/airflow/.local/lib/python3.6/site-packages/airflow/example_dags/example_xcomargs.py
[2023-06-10 23:41:10,518] {scheduler_job.py:639} INFO - DAG(s) dict_keys(['example_xcom_args', 'example_xcom_args_with_operators']) retrieved from /home/airflow/.local/lib/python3.6/site-packages/airflow/example_dags/example_xcomargs.py
[2023-06-10 23:41:10,544] {logging_mixin.py:104} INFO - [2023-06-10 23:41:10,544] {dag.py:1824} INFO - Sync 2 DAGs
[2023-06-10 23:41:10,557] {logging_mixin.py:104} INFO - [2023-06-10 23:41:10,557] {dag.py:2280} INFO - Setting next_dagrun for example_xcom_args to None
[2023-06-10 23:41:10,560] {logging_mixin.py:104} INFO - [2023-06-10 23:41:10,560] {dag.py:2280} INFO - Setting next_dagrun for example_xcom_args_with_operators to None
[2023-06-10 23:41:10,574] {scheduler_job.py:190} INFO - Processing /home/airflow/.local/lib/python3.6/site-packages/airflow/example_dags/example_xcomargs.py took 0.078 seconds
[2023-06-10 23:41:40,977] {scheduler_job.py:182} INFO - Started process (PID=1414) to work on /home/airflow/.local/lib/python3.6/site-packages/airflow/example_dags/example_xcomargs.py
[2023-06-10 23:41:40,978] {scheduler_job.py:629} INFO - Processing file /home/airflow/.local/lib/python3.6/site-packages/airflow/example_dags/example_xcomargs.py for tasks to queue
[2023-06-10 23:41:40,979] {logging_mixin.py:104} INFO - [2023-06-10 23:41:40,979] {dagbag.py:451} INFO - Filling up the DagBag from /home/airflow/.local/lib/python3.6/site-packages/airflow/example_dags/example_xcomargs.py
[2023-06-10 23:41:40,991] {scheduler_job.py:639} INFO - DAG(s) dict_keys(['example_xcom_args', 'example_xcom_args_with_operators']) retrieved from /home/airflow/.local/lib/python3.6/site-packages/airflow/example_dags/example_xcomargs.py
[2023-06-10 23:41:41,017] {logging_mixin.py:104} INFO - [2023-06-10 23:41:41,017] {dag.py:1824} INFO - Sync 2 DAGs
[2023-06-10 23:41:41,030] {logging_mixin.py:104} INFO - [2023-06-10 23:41:41,030] {dag.py:2280} INFO - Setting next_dagrun for example_xcom_args to None
[2023-06-10 23:41:41,031] {logging_mixin.py:104} INFO - [2023-06-10 23:41:41,031] {dag.py:2280} INFO - Setting next_dagrun for example_xcom_args_with_operators to None
[2023-06-10 23:41:41,043] {scheduler_job.py:190} INFO - Processing /home/airflow/.local/lib/python3.6/site-packages/airflow/example_dags/example_xcomargs.py took 0.069 seconds
[2023-06-10 23:42:11,283] {scheduler_job.py:182} INFO - Started process (PID=1549) to work on /home/airflow/.local/lib/python3.6/site-packages/airflow/example_dags/example_xcomargs.py
[2023-06-10 23:42:11,284] {scheduler_job.py:629} INFO - Processing file /home/airflow/.local/lib/python3.6/site-packages/airflow/example_dags/example_xcomargs.py for tasks to queue
[2023-06-10 23:42:11,285] {logging_mixin.py:104} INFO - [2023-06-10 23:42:11,285] {dagbag.py:451} INFO - Filling up the DagBag from /home/airflow/.local/lib/python3.6/site-packages/airflow/example_dags/example_xcomargs.py
[2023-06-10 23:42:11,298] {scheduler_job.py:639} INFO - DAG(s) dict_keys(['example_xcom_args', 'example_xcom_args_with_operators']) retrieved from /home/airflow/.local/lib/python3.6/site-packages/airflow/example_dags/example_xcomargs.py
[2023-06-10 23:42:11,320] {logging_mixin.py:104} INFO - [2023-06-10 23:42:11,320] {dag.py:1824} INFO - Sync 2 DAGs
[2023-06-10 23:42:11,333] {logging_mixin.py:104} INFO - [2023-06-10 23:42:11,333] {dag.py:2280} INFO - Setting next_dagrun for example_xcom_args to None
[2023-06-10 23:42:11,334] {logging_mixin.py:104} INFO - [2023-06-10 23:42:11,334] {dag.py:2280} INFO - Setting next_dagrun for example_xcom_args_with_operators to None
[2023-06-10 23:42:11,350] {scheduler_job.py:190} INFO - Processing /home/airflow/.local/lib/python3.6/site-packages/airflow/example_dags/example_xcomargs.py took 0.070 seconds
[2023-06-10 23:42:41,607] {scheduler_job.py:182} INFO - Started process (PID=1666) to work on /home/airflow/.local/lib/python3.6/site-packages/airflow/example_dags/example_xcomargs.py
[2023-06-10 23:42:41,609] {scheduler_job.py:629} INFO - Processing file /home/airflow/.local/lib/python3.6/site-packages/airflow/example_dags/example_xcomargs.py for tasks to queue
[2023-06-10 23:42:41,610] {logging_mixin.py:104} INFO - [2023-06-10 23:42:41,610] {dagbag.py:451} INFO - Filling up the DagBag from /home/airflow/.local/lib/python3.6/site-packages/airflow/example_dags/example_xcomargs.py
[2023-06-10 23:42:41,622] {scheduler_job.py:639} INFO - DAG(s) dict_keys(['example_xcom_args', 'example_xcom_args_with_operators']) retrieved from /home/airflow/.local/lib/python3.6/site-packages/airflow/example_dags/example_xcomargs.py
[2023-06-10 23:42:41,645] {logging_mixin.py:104} INFO - [2023-06-10 23:42:41,645] {dag.py:1824} INFO - Sync 2 DAGs
[2023-06-10 23:42:41,659] {logging_mixin.py:104} INFO - [2023-06-10 23:42:41,658] {dag.py:2280} INFO - Setting next_dagrun for example_xcom_args to None
[2023-06-10 23:42:41,661] {logging_mixin.py:104} INFO - [2023-06-10 23:42:41,660] {dag.py:2280} INFO - Setting next_dagrun for example_xcom_args_with_operators to None
[2023-06-10 23:42:41,675] {scheduler_job.py:190} INFO - Processing /home/airflow/.local/lib/python3.6/site-packages/airflow/example_dags/example_xcomargs.py took 0.071 seconds
[2023-06-10 23:43:12,151] {scheduler_job.py:182} INFO - Started process (PID=1796) to work on /home/airflow/.local/lib/python3.6/site-packages/airflow/example_dags/example_xcomargs.py
[2023-06-10 23:43:12,153] {scheduler_job.py:629} INFO - Processing file /home/airflow/.local/lib/python3.6/site-packages/airflow/example_dags/example_xcomargs.py for tasks to queue
[2023-06-10 23:43:12,154] {logging_mixin.py:104} INFO - [2023-06-10 23:43:12,154] {dagbag.py:451} INFO - Filling up the DagBag from /home/airflow/.local/lib/python3.6/site-packages/airflow/example_dags/example_xcomargs.py
[2023-06-10 23:43:12,171] {scheduler_job.py:639} INFO - DAG(s) dict_keys(['example_xcom_args', 'example_xcom_args_with_operators']) retrieved from /home/airflow/.local/lib/python3.6/site-packages/airflow/example_dags/example_xcomargs.py
[2023-06-10 23:43:12,217] {logging_mixin.py:104} INFO - [2023-06-10 23:43:12,217] {dag.py:1824} INFO - Sync 2 DAGs
[2023-06-10 23:43:12,253] {logging_mixin.py:104} INFO - [2023-06-10 23:43:12,253] {dag.py:2280} INFO - Setting next_dagrun for example_xcom_args to None
[2023-06-10 23:43:12,255] {logging_mixin.py:104} INFO - [2023-06-10 23:43:12,255] {dag.py:2280} INFO - Setting next_dagrun for example_xcom_args_with_operators to None
[2023-06-10 23:43:12,280] {scheduler_job.py:190} INFO - Processing /home/airflow/.local/lib/python3.6/site-packages/airflow/example_dags/example_xcomargs.py took 0.133 seconds
[2023-06-10 23:43:42,360] {scheduler_job.py:182} INFO - Started process (PID=1926) to work on /home/airflow/.local/lib/python3.6/site-packages/airflow/example_dags/example_xcomargs.py
[2023-06-10 23:43:42,362] {scheduler_job.py:629} INFO - Processing file /home/airflow/.local/lib/python3.6/site-packages/airflow/example_dags/example_xcomargs.py for tasks to queue
[2023-06-10 23:43:42,363] {logging_mixin.py:104} INFO - [2023-06-10 23:43:42,363] {dagbag.py:451} INFO - Filling up the DagBag from /home/airflow/.local/lib/python3.6/site-packages/airflow/example_dags/example_xcomargs.py
[2023-06-10 23:43:42,374] {scheduler_job.py:639} INFO - DAG(s) dict_keys(['example_xcom_args', 'example_xcom_args_with_operators']) retrieved from /home/airflow/.local/lib/python3.6/site-packages/airflow/example_dags/example_xcomargs.py
[2023-06-10 23:43:42,402] {logging_mixin.py:104} INFO - [2023-06-10 23:43:42,402] {dag.py:1824} INFO - Sync 2 DAGs
[2023-06-10 23:43:42,414] {logging_mixin.py:104} INFO - [2023-06-10 23:43:42,414] {dag.py:2280} INFO - Setting next_dagrun for example_xcom_args to None
[2023-06-10 23:43:42,416] {logging_mixin.py:104} INFO - [2023-06-10 23:43:42,416] {dag.py:2280} INFO - Setting next_dagrun for example_xcom_args_with_operators to None
[2023-06-10 23:43:42,428] {scheduler_job.py:190} INFO - Processing /home/airflow/.local/lib/python3.6/site-packages/airflow/example_dags/example_xcomargs.py took 0.071 seconds
