[2023-06-10 23:32:56,305] {scheduler_job.py:182} INFO - Started process (PID=259) to work on /home/airflow/.local/lib/python3.6/site-packages/airflow/example_dags/example_branch_operator.py
[2023-06-10 23:32:56,306] {scheduler_job.py:629} INFO - Processing file /home/airflow/.local/lib/python3.6/site-packages/airflow/example_dags/example_branch_operator.py for tasks to queue
[2023-06-10 23:32:56,307] {logging_mixin.py:104} INFO - [2023-06-10 23:32:56,307] {dagbag.py:451} INFO - Filling up the DagBag from /home/airflow/.local/lib/python3.6/site-packages/airflow/example_dags/example_branch_operator.py
[2023-06-10 23:32:56,320] {scheduler_job.py:639} INFO - DAG(s) dict_keys(['example_branch_operator']) retrieved from /home/airflow/.local/lib/python3.6/site-packages/airflow/example_dags/example_branch_operator.py
[2023-06-10 23:32:56,340] {logging_mixin.py:104} INFO - [2023-06-10 23:32:56,340] {dag.py:1824} INFO - Sync 1 DAGs
[2023-06-10 23:32:56,348] {logging_mixin.py:104} INFO - [2023-06-10 23:32:56,348] {dag.py:1843} INFO - Creating ORM DAG for example_branch_operator
[2023-06-10 23:32:56,357] {logging_mixin.py:104} INFO - [2023-06-10 23:32:56,357] {dag.py:2280} INFO - Setting next_dagrun for example_branch_operator to 2023-06-08 00:00:00+00:00
[2023-06-10 23:32:56,378] {scheduler_job.py:190} INFO - Processing /home/airflow/.local/lib/python3.6/site-packages/airflow/example_dags/example_branch_operator.py took 0.075 seconds
[2023-06-10 23:33:26,521] {scheduler_job.py:182} INFO - Started process (PID=374) to work on /home/airflow/.local/lib/python3.6/site-packages/airflow/example_dags/example_branch_operator.py
[2023-06-10 23:33:26,523] {scheduler_job.py:629} INFO - Processing file /home/airflow/.local/lib/python3.6/site-packages/airflow/example_dags/example_branch_operator.py for tasks to queue
[2023-06-10 23:33:26,524] {logging_mixin.py:104} INFO - [2023-06-10 23:33:26,524] {dagbag.py:451} INFO - Filling up the DagBag from /home/airflow/.local/lib/python3.6/site-packages/airflow/example_dags/example_branch_operator.py
[2023-06-10 23:33:26,537] {scheduler_job.py:639} INFO - DAG(s) dict_keys(['example_branch_operator']) retrieved from /home/airflow/.local/lib/python3.6/site-packages/airflow/example_dags/example_branch_operator.py
[2023-06-10 23:33:26,555] {logging_mixin.py:104} INFO - [2023-06-10 23:33:26,555] {dag.py:1824} INFO - Sync 1 DAGs
[2023-06-10 23:33:26,571] {logging_mixin.py:104} INFO - [2023-06-10 23:33:26,571] {dag.py:2280} INFO - Setting next_dagrun for example_branch_operator to 2023-06-08 00:00:00+00:00
[2023-06-10 23:33:26,583] {scheduler_job.py:190} INFO - Processing /home/airflow/.local/lib/python3.6/site-packages/airflow/example_dags/example_branch_operator.py took 0.065 seconds
[2023-06-10 23:33:57,003] {scheduler_job.py:182} INFO - Started process (PID=519) to work on /home/airflow/.local/lib/python3.6/site-packages/airflow/example_dags/example_branch_operator.py
[2023-06-10 23:33:57,004] {scheduler_job.py:629} INFO - Processing file /home/airflow/.local/lib/python3.6/site-packages/airflow/example_dags/example_branch_operator.py for tasks to queue
[2023-06-10 23:33:57,006] {logging_mixin.py:104} INFO - [2023-06-10 23:33:57,005] {dagbag.py:451} INFO - Filling up the DagBag from /home/airflow/.local/lib/python3.6/site-packages/airflow/example_dags/example_branch_operator.py
[2023-06-10 23:33:57,018] {scheduler_job.py:639} INFO - DAG(s) dict_keys(['example_branch_operator']) retrieved from /home/airflow/.local/lib/python3.6/site-packages/airflow/example_dags/example_branch_operator.py
[2023-06-10 23:33:57,036] {logging_mixin.py:104} INFO - [2023-06-10 23:33:57,036] {dag.py:1824} INFO - Sync 1 DAGs
[2023-06-10 23:33:57,053] {logging_mixin.py:104} INFO - [2023-06-10 23:33:57,053] {dag.py:2280} INFO - Setting next_dagrun for example_branch_operator to 2023-06-08 00:00:00+00:00
[2023-06-10 23:33:57,065] {scheduler_job.py:190} INFO - Processing /home/airflow/.local/lib/python3.6/site-packages/airflow/example_dags/example_branch_operator.py took 0.066 seconds
[2023-06-10 23:34:27,437] {scheduler_job.py:182} INFO - Started process (PID=624) to work on /home/airflow/.local/lib/python3.6/site-packages/airflow/example_dags/example_branch_operator.py
[2023-06-10 23:34:27,439] {scheduler_job.py:629} INFO - Processing file /home/airflow/.local/lib/python3.6/site-packages/airflow/example_dags/example_branch_operator.py for tasks to queue
[2023-06-10 23:34:27,440] {logging_mixin.py:104} INFO - [2023-06-10 23:34:27,439] {dagbag.py:451} INFO - Filling up the DagBag from /home/airflow/.local/lib/python3.6/site-packages/airflow/example_dags/example_branch_operator.py
[2023-06-10 23:34:27,453] {scheduler_job.py:639} INFO - DAG(s) dict_keys(['example_branch_operator']) retrieved from /home/airflow/.local/lib/python3.6/site-packages/airflow/example_dags/example_branch_operator.py
[2023-06-10 23:34:27,476] {logging_mixin.py:104} INFO - [2023-06-10 23:34:27,475] {dag.py:1824} INFO - Sync 1 DAGs
[2023-06-10 23:34:27,494] {logging_mixin.py:104} INFO - [2023-06-10 23:34:27,494] {dag.py:2280} INFO - Setting next_dagrun for example_branch_operator to 2023-06-08 00:00:00+00:00
[2023-06-10 23:34:27,509] {scheduler_job.py:190} INFO - Processing /home/airflow/.local/lib/python3.6/site-packages/airflow/example_dags/example_branch_operator.py took 0.075 seconds
[2023-06-10 23:34:58,169] {scheduler_job.py:182} INFO - Started process (PID=754) to work on /home/airflow/.local/lib/python3.6/site-packages/airflow/example_dags/example_branch_operator.py
[2023-06-10 23:34:58,173] {scheduler_job.py:629} INFO - Processing file /home/airflow/.local/lib/python3.6/site-packages/airflow/example_dags/example_branch_operator.py for tasks to queue
[2023-06-10 23:34:58,176] {logging_mixin.py:104} INFO - [2023-06-10 23:34:58,175] {dagbag.py:451} INFO - Filling up the DagBag from /home/airflow/.local/lib/python3.6/site-packages/airflow/example_dags/example_branch_operator.py
[2023-06-10 23:34:58,200] {scheduler_job.py:639} INFO - DAG(s) dict_keys(['example_branch_operator']) retrieved from /home/airflow/.local/lib/python3.6/site-packages/airflow/example_dags/example_branch_operator.py
[2023-06-10 23:34:58,235] {logging_mixin.py:104} INFO - [2023-06-10 23:34:58,235] {dag.py:1824} INFO - Sync 1 DAGs
[2023-06-10 23:34:58,268] {logging_mixin.py:104} INFO - [2023-06-10 23:34:58,267] {dag.py:2280} INFO - Setting next_dagrun for example_branch_operator to 2023-06-08 00:00:00+00:00
[2023-06-10 23:34:58,288] {scheduler_job.py:190} INFO - Processing /home/airflow/.local/lib/python3.6/site-packages/airflow/example_dags/example_branch_operator.py took 0.125 seconds
[2023-06-10 23:35:28,437] {scheduler_job.py:182} INFO - Started process (PID=879) to work on /home/airflow/.local/lib/python3.6/site-packages/airflow/example_dags/example_branch_operator.py
[2023-06-10 23:35:28,439] {scheduler_job.py:629} INFO - Processing file /home/airflow/.local/lib/python3.6/site-packages/airflow/example_dags/example_branch_operator.py for tasks to queue
[2023-06-10 23:35:28,441] {logging_mixin.py:104} INFO - [2023-06-10 23:35:28,441] {dagbag.py:451} INFO - Filling up the DagBag from /home/airflow/.local/lib/python3.6/site-packages/airflow/example_dags/example_branch_operator.py
[2023-06-10 23:35:28,455] {scheduler_job.py:639} INFO - DAG(s) dict_keys(['example_branch_operator']) retrieved from /home/airflow/.local/lib/python3.6/site-packages/airflow/example_dags/example_branch_operator.py
[2023-06-10 23:35:28,490] {logging_mixin.py:104} INFO - [2023-06-10 23:35:28,490] {dag.py:1824} INFO - Sync 1 DAGs
[2023-06-10 23:35:28,516] {logging_mixin.py:104} INFO - [2023-06-10 23:35:28,516] {dag.py:2280} INFO - Setting next_dagrun for example_branch_operator to 2023-06-08 00:00:00+00:00
[2023-06-10 23:35:28,534] {scheduler_job.py:190} INFO - Processing /home/airflow/.local/lib/python3.6/site-packages/airflow/example_dags/example_branch_operator.py took 0.100 seconds
[2023-06-10 23:35:58,744] {scheduler_job.py:182} INFO - Started process (PID=999) to work on /home/airflow/.local/lib/python3.6/site-packages/airflow/example_dags/example_branch_operator.py
[2023-06-10 23:35:58,747] {scheduler_job.py:629} INFO - Processing file /home/airflow/.local/lib/python3.6/site-packages/airflow/example_dags/example_branch_operator.py for tasks to queue
[2023-06-10 23:35:58,748] {logging_mixin.py:104} INFO - [2023-06-10 23:35:58,748] {dagbag.py:451} INFO - Filling up the DagBag from /home/airflow/.local/lib/python3.6/site-packages/airflow/example_dags/example_branch_operator.py
[2023-06-10 23:35:58,763] {scheduler_job.py:639} INFO - DAG(s) dict_keys(['example_branch_operator']) retrieved from /home/airflow/.local/lib/python3.6/site-packages/airflow/example_dags/example_branch_operator.py
[2023-06-10 23:35:58,784] {logging_mixin.py:104} INFO - [2023-06-10 23:35:58,784] {dag.py:1824} INFO - Sync 1 DAGs
[2023-06-10 23:35:58,803] {logging_mixin.py:104} INFO - [2023-06-10 23:35:58,803] {dag.py:2280} INFO - Setting next_dagrun for example_branch_operator to 2023-06-08 00:00:00+00:00
[2023-06-10 23:35:58,815] {scheduler_job.py:190} INFO - Processing /home/airflow/.local/lib/python3.6/site-packages/airflow/example_dags/example_branch_operator.py took 0.075 seconds
[2023-06-10 23:36:29,723] {scheduler_job.py:182} INFO - Started process (PID=1144) to work on /home/airflow/.local/lib/python3.6/site-packages/airflow/example_dags/example_branch_operator.py
[2023-06-10 23:36:29,725] {scheduler_job.py:629} INFO - Processing file /home/airflow/.local/lib/python3.6/site-packages/airflow/example_dags/example_branch_operator.py for tasks to queue
[2023-06-10 23:36:29,726] {logging_mixin.py:104} INFO - [2023-06-10 23:36:29,726] {dagbag.py:451} INFO - Filling up the DagBag from /home/airflow/.local/lib/python3.6/site-packages/airflow/example_dags/example_branch_operator.py
[2023-06-10 23:36:29,739] {scheduler_job.py:639} INFO - DAG(s) dict_keys(['example_branch_operator']) retrieved from /home/airflow/.local/lib/python3.6/site-packages/airflow/example_dags/example_branch_operator.py
[2023-06-10 23:36:29,758] {logging_mixin.py:104} INFO - [2023-06-10 23:36:29,758] {dag.py:1824} INFO - Sync 1 DAGs
[2023-06-10 23:36:29,775] {logging_mixin.py:104} INFO - [2023-06-10 23:36:29,775] {dag.py:2280} INFO - Setting next_dagrun for example_branch_operator to 2023-06-08 00:00:00+00:00
[2023-06-10 23:36:29,788] {scheduler_job.py:190} INFO - Processing /home/airflow/.local/lib/python3.6/site-packages/airflow/example_dags/example_branch_operator.py took 0.067 seconds
[2023-06-10 23:37:06,791] {scheduler_job.py:182} INFO - Started process (PID=289) to work on /home/airflow/.local/lib/python3.6/site-packages/airflow/example_dags/example_branch_operator.py
[2023-06-10 23:37:06,800] {scheduler_job.py:629} INFO - Processing file /home/airflow/.local/lib/python3.6/site-packages/airflow/example_dags/example_branch_operator.py for tasks to queue
[2023-06-10 23:37:06,803] {logging_mixin.py:104} INFO - [2023-06-10 23:37:06,803] {dagbag.py:451} INFO - Filling up the DagBag from /home/airflow/.local/lib/python3.6/site-packages/airflow/example_dags/example_branch_operator.py
[2023-06-10 23:37:06,854] {scheduler_job.py:639} INFO - DAG(s) dict_keys(['example_branch_operator']) retrieved from /home/airflow/.local/lib/python3.6/site-packages/airflow/example_dags/example_branch_operator.py
[2023-06-10 23:37:06,920] {logging_mixin.py:104} INFO - [2023-06-10 23:37:06,920] {dag.py:1824} INFO - Sync 1 DAGs
[2023-06-10 23:37:06,980] {logging_mixin.py:104} INFO - [2023-06-10 23:37:06,979] {dag.py:2280} INFO - Setting next_dagrun for example_branch_operator to 2023-06-08 00:00:00+00:00
[2023-06-10 23:37:07,007] {scheduler_job.py:190} INFO - Processing /home/airflow/.local/lib/python3.6/site-packages/airflow/example_dags/example_branch_operator.py took 0.231 seconds
[2023-06-10 23:37:37,284] {scheduler_job.py:182} INFO - Started process (PID=419) to work on /home/airflow/.local/lib/python3.6/site-packages/airflow/example_dags/example_branch_operator.py
[2023-06-10 23:37:37,288] {scheduler_job.py:629} INFO - Processing file /home/airflow/.local/lib/python3.6/site-packages/airflow/example_dags/example_branch_operator.py for tasks to queue
[2023-06-10 23:37:37,290] {logging_mixin.py:104} INFO - [2023-06-10 23:37:37,290] {dagbag.py:451} INFO - Filling up the DagBag from /home/airflow/.local/lib/python3.6/site-packages/airflow/example_dags/example_branch_operator.py
[2023-06-10 23:37:37,322] {scheduler_job.py:639} INFO - DAG(s) dict_keys(['example_branch_operator']) retrieved from /home/airflow/.local/lib/python3.6/site-packages/airflow/example_dags/example_branch_operator.py
[2023-06-10 23:37:37,362] {logging_mixin.py:104} INFO - [2023-06-10 23:37:37,362] {dag.py:1824} INFO - Sync 1 DAGs
[2023-06-10 23:37:37,413] {logging_mixin.py:104} INFO - [2023-06-10 23:37:37,412] {dag.py:2280} INFO - Setting next_dagrun for example_branch_operator to 2023-06-08 00:00:00+00:00
[2023-06-10 23:37:37,433] {scheduler_job.py:190} INFO - Processing /home/airflow/.local/lib/python3.6/site-packages/airflow/example_dags/example_branch_operator.py took 0.155 seconds
[2023-06-10 23:38:07,764] {scheduler_job.py:182} INFO - Started process (PID=551) to work on /home/airflow/.local/lib/python3.6/site-packages/airflow/example_dags/example_branch_operator.py
[2023-06-10 23:38:07,766] {scheduler_job.py:629} INFO - Processing file /home/airflow/.local/lib/python3.6/site-packages/airflow/example_dags/example_branch_operator.py for tasks to queue
[2023-06-10 23:38:07,767] {logging_mixin.py:104} INFO - [2023-06-10 23:38:07,767] {dagbag.py:451} INFO - Filling up the DagBag from /home/airflow/.local/lib/python3.6/site-packages/airflow/example_dags/example_branch_operator.py
[2023-06-10 23:38:07,779] {scheduler_job.py:639} INFO - DAG(s) dict_keys(['example_branch_operator']) retrieved from /home/airflow/.local/lib/python3.6/site-packages/airflow/example_dags/example_branch_operator.py
[2023-06-10 23:38:07,796] {logging_mixin.py:104} INFO - [2023-06-10 23:38:07,796] {dag.py:1824} INFO - Sync 1 DAGs
[2023-06-10 23:38:07,813] {logging_mixin.py:104} INFO - [2023-06-10 23:38:07,813] {dag.py:2280} INFO - Setting next_dagrun for example_branch_operator to 2023-06-08 00:00:00+00:00
[2023-06-10 23:38:07,824] {scheduler_job.py:190} INFO - Processing /home/airflow/.local/lib/python3.6/site-packages/airflow/example_dags/example_branch_operator.py took 0.063 seconds
[2023-06-10 23:38:38,625] {scheduler_job.py:182} INFO - Started process (PID=681) to work on /home/airflow/.local/lib/python3.6/site-packages/airflow/example_dags/example_branch_operator.py
[2023-06-10 23:38:38,627] {scheduler_job.py:629} INFO - Processing file /home/airflow/.local/lib/python3.6/site-packages/airflow/example_dags/example_branch_operator.py for tasks to queue
[2023-06-10 23:38:38,629] {logging_mixin.py:104} INFO - [2023-06-10 23:38:38,628] {dagbag.py:451} INFO - Filling up the DagBag from /home/airflow/.local/lib/python3.6/site-packages/airflow/example_dags/example_branch_operator.py
[2023-06-10 23:38:38,646] {scheduler_job.py:639} INFO - DAG(s) dict_keys(['example_branch_operator']) retrieved from /home/airflow/.local/lib/python3.6/site-packages/airflow/example_dags/example_branch_operator.py
[2023-06-10 23:38:38,674] {logging_mixin.py:104} INFO - [2023-06-10 23:38:38,674] {dag.py:1824} INFO - Sync 1 DAGs
[2023-06-10 23:38:38,698] {logging_mixin.py:104} INFO - [2023-06-10 23:38:38,698] {dag.py:2280} INFO - Setting next_dagrun for example_branch_operator to 2023-06-08 00:00:00+00:00
[2023-06-10 23:38:38,713] {scheduler_job.py:190} INFO - Processing /home/airflow/.local/lib/python3.6/site-packages/airflow/example_dags/example_branch_operator.py took 0.091 seconds
[2023-06-10 23:39:09,262] {scheduler_job.py:182} INFO - Started process (PID=809) to work on /home/airflow/.local/lib/python3.6/site-packages/airflow/example_dags/example_branch_operator.py
[2023-06-10 23:39:09,264] {scheduler_job.py:629} INFO - Processing file /home/airflow/.local/lib/python3.6/site-packages/airflow/example_dags/example_branch_operator.py for tasks to queue
[2023-06-10 23:39:09,265] {logging_mixin.py:104} INFO - [2023-06-10 23:39:09,265] {dagbag.py:451} INFO - Filling up the DagBag from /home/airflow/.local/lib/python3.6/site-packages/airflow/example_dags/example_branch_operator.py
[2023-06-10 23:39:09,282] {scheduler_job.py:639} INFO - DAG(s) dict_keys(['example_branch_operator']) retrieved from /home/airflow/.local/lib/python3.6/site-packages/airflow/example_dags/example_branch_operator.py
[2023-06-10 23:39:09,307] {logging_mixin.py:104} INFO - [2023-06-10 23:39:09,307] {dag.py:1824} INFO - Sync 1 DAGs
[2023-06-10 23:39:09,326] {logging_mixin.py:104} INFO - [2023-06-10 23:39:09,326] {dag.py:2280} INFO - Setting next_dagrun for example_branch_operator to 2023-06-08 00:00:00+00:00
[2023-06-10 23:39:09,338] {scheduler_job.py:190} INFO - Processing /home/airflow/.local/lib/python3.6/site-packages/airflow/example_dags/example_branch_operator.py took 0.080 seconds
[2023-06-10 23:39:39,700] {scheduler_job.py:182} INFO - Started process (PID=939) to work on /home/airflow/.local/lib/python3.6/site-packages/airflow/example_dags/example_branch_operator.py
[2023-06-10 23:39:39,703] {scheduler_job.py:629} INFO - Processing file /home/airflow/.local/lib/python3.6/site-packages/airflow/example_dags/example_branch_operator.py for tasks to queue
[2023-06-10 23:39:39,704] {logging_mixin.py:104} INFO - [2023-06-10 23:39:39,704] {dagbag.py:451} INFO - Filling up the DagBag from /home/airflow/.local/lib/python3.6/site-packages/airflow/example_dags/example_branch_operator.py
[2023-06-10 23:39:39,731] {scheduler_job.py:639} INFO - DAG(s) dict_keys(['example_branch_operator']) retrieved from /home/airflow/.local/lib/python3.6/site-packages/airflow/example_dags/example_branch_operator.py
[2023-06-10 23:39:39,769] {logging_mixin.py:104} INFO - [2023-06-10 23:39:39,768] {dag.py:1824} INFO - Sync 1 DAGs
[2023-06-10 23:39:39,805] {logging_mixin.py:104} INFO - [2023-06-10 23:39:39,805] {dag.py:2280} INFO - Setting next_dagrun for example_branch_operator to 2023-06-08 00:00:00+00:00
[2023-06-10 23:39:39,824] {scheduler_job.py:190} INFO - Processing /home/airflow/.local/lib/python3.6/site-packages/airflow/example_dags/example_branch_operator.py took 0.134 seconds
[2023-06-10 23:40:10,087] {scheduler_job.py:182} INFO - Started process (PID=1069) to work on /home/airflow/.local/lib/python3.6/site-packages/airflow/example_dags/example_branch_operator.py
[2023-06-10 23:40:10,089] {scheduler_job.py:629} INFO - Processing file /home/airflow/.local/lib/python3.6/site-packages/airflow/example_dags/example_branch_operator.py for tasks to queue
[2023-06-10 23:40:10,091] {logging_mixin.py:104} INFO - [2023-06-10 23:40:10,091] {dagbag.py:451} INFO - Filling up the DagBag from /home/airflow/.local/lib/python3.6/site-packages/airflow/example_dags/example_branch_operator.py
[2023-06-10 23:40:10,104] {scheduler_job.py:639} INFO - DAG(s) dict_keys(['example_branch_operator']) retrieved from /home/airflow/.local/lib/python3.6/site-packages/airflow/example_dags/example_branch_operator.py
[2023-06-10 23:40:10,125] {logging_mixin.py:104} INFO - [2023-06-10 23:40:10,125] {dag.py:1824} INFO - Sync 1 DAGs
[2023-06-10 23:40:10,142] {logging_mixin.py:104} INFO - [2023-06-10 23:40:10,142] {dag.py:2280} INFO - Setting next_dagrun for example_branch_operator to 2023-06-08 00:00:00+00:00
[2023-06-10 23:40:10,154] {scheduler_job.py:190} INFO - Processing /home/airflow/.local/lib/python3.6/site-packages/airflow/example_dags/example_branch_operator.py took 0.070 seconds
[2023-06-10 23:40:40,337] {scheduler_job.py:182} INFO - Started process (PID=1184) to work on /home/airflow/.local/lib/python3.6/site-packages/airflow/example_dags/example_branch_operator.py
[2023-06-10 23:40:40,339] {scheduler_job.py:629} INFO - Processing file /home/airflow/.local/lib/python3.6/site-packages/airflow/example_dags/example_branch_operator.py for tasks to queue
[2023-06-10 23:40:40,340] {logging_mixin.py:104} INFO - [2023-06-10 23:40:40,340] {dagbag.py:451} INFO - Filling up the DagBag from /home/airflow/.local/lib/python3.6/site-packages/airflow/example_dags/example_branch_operator.py
[2023-06-10 23:40:40,355] {scheduler_job.py:639} INFO - DAG(s) dict_keys(['example_branch_operator']) retrieved from /home/airflow/.local/lib/python3.6/site-packages/airflow/example_dags/example_branch_operator.py
[2023-06-10 23:40:40,373] {logging_mixin.py:104} INFO - [2023-06-10 23:40:40,373] {dag.py:1824} INFO - Sync 1 DAGs
[2023-06-10 23:40:40,392] {logging_mixin.py:104} INFO - [2023-06-10 23:40:40,392] {dag.py:2280} INFO - Setting next_dagrun for example_branch_operator to 2023-06-08 00:00:00+00:00
[2023-06-10 23:40:40,403] {scheduler_job.py:190} INFO - Processing /home/airflow/.local/lib/python3.6/site-packages/airflow/example_dags/example_branch_operator.py took 0.070 seconds
[2023-06-10 23:41:10,829] {scheduler_job.py:182} INFO - Started process (PID=1314) to work on /home/airflow/.local/lib/python3.6/site-packages/airflow/example_dags/example_branch_operator.py
[2023-06-10 23:41:10,831] {scheduler_job.py:629} INFO - Processing file /home/airflow/.local/lib/python3.6/site-packages/airflow/example_dags/example_branch_operator.py for tasks to queue
[2023-06-10 23:41:10,832] {logging_mixin.py:104} INFO - [2023-06-10 23:41:10,832] {dagbag.py:451} INFO - Filling up the DagBag from /home/airflow/.local/lib/python3.6/site-packages/airflow/example_dags/example_branch_operator.py
[2023-06-10 23:41:10,846] {scheduler_job.py:639} INFO - DAG(s) dict_keys(['example_branch_operator']) retrieved from /home/airflow/.local/lib/python3.6/site-packages/airflow/example_dags/example_branch_operator.py
[2023-06-10 23:41:10,866] {logging_mixin.py:104} INFO - [2023-06-10 23:41:10,866] {dag.py:1824} INFO - Sync 1 DAGs
[2023-06-10 23:41:10,883] {logging_mixin.py:104} INFO - [2023-06-10 23:41:10,883] {dag.py:2280} INFO - Setting next_dagrun for example_branch_operator to 2023-06-08 00:00:00+00:00
[2023-06-10 23:41:10,895] {scheduler_job.py:190} INFO - Processing /home/airflow/.local/lib/python3.6/site-packages/airflow/example_dags/example_branch_operator.py took 0.069 seconds
[2023-06-10 23:41:41,240] {scheduler_job.py:182} INFO - Started process (PID=1444) to work on /home/airflow/.local/lib/python3.6/site-packages/airflow/example_dags/example_branch_operator.py
[2023-06-10 23:41:41,241] {scheduler_job.py:629} INFO - Processing file /home/airflow/.local/lib/python3.6/site-packages/airflow/example_dags/example_branch_operator.py for tasks to queue
[2023-06-10 23:41:41,243] {logging_mixin.py:104} INFO - [2023-06-10 23:41:41,243] {dagbag.py:451} INFO - Filling up the DagBag from /home/airflow/.local/lib/python3.6/site-packages/airflow/example_dags/example_branch_operator.py
[2023-06-10 23:41:41,256] {scheduler_job.py:639} INFO - DAG(s) dict_keys(['example_branch_operator']) retrieved from /home/airflow/.local/lib/python3.6/site-packages/airflow/example_dags/example_branch_operator.py
[2023-06-10 23:41:41,275] {logging_mixin.py:104} INFO - [2023-06-10 23:41:41,275] {dag.py:1824} INFO - Sync 1 DAGs
[2023-06-10 23:41:41,292] {logging_mixin.py:104} INFO - [2023-06-10 23:41:41,292] {dag.py:2280} INFO - Setting next_dagrun for example_branch_operator to 2023-06-08 00:00:00+00:00
[2023-06-10 23:41:41,304] {scheduler_job.py:190} INFO - Processing /home/airflow/.local/lib/python3.6/site-packages/airflow/example_dags/example_branch_operator.py took 0.068 seconds
[2023-06-10 23:42:11,473] {scheduler_job.py:182} INFO - Started process (PID=1569) to work on /home/airflow/.local/lib/python3.6/site-packages/airflow/example_dags/example_branch_operator.py
[2023-06-10 23:42:11,474] {scheduler_job.py:629} INFO - Processing file /home/airflow/.local/lib/python3.6/site-packages/airflow/example_dags/example_branch_operator.py for tasks to queue
[2023-06-10 23:42:11,475] {logging_mixin.py:104} INFO - [2023-06-10 23:42:11,475] {dagbag.py:451} INFO - Filling up the DagBag from /home/airflow/.local/lib/python3.6/site-packages/airflow/example_dags/example_branch_operator.py
[2023-06-10 23:42:11,489] {scheduler_job.py:639} INFO - DAG(s) dict_keys(['example_branch_operator']) retrieved from /home/airflow/.local/lib/python3.6/site-packages/airflow/example_dags/example_branch_operator.py
[2023-06-10 23:42:11,517] {logging_mixin.py:104} INFO - [2023-06-10 23:42:11,517] {dag.py:1824} INFO - Sync 1 DAGs
[2023-06-10 23:42:11,540] {logging_mixin.py:104} INFO - [2023-06-10 23:42:11,540] {dag.py:2280} INFO - Setting next_dagrun for example_branch_operator to 2023-06-08 00:00:00+00:00
[2023-06-10 23:42:11,556] {scheduler_job.py:190} INFO - Processing /home/airflow/.local/lib/python3.6/site-packages/airflow/example_dags/example_branch_operator.py took 0.087 seconds
[2023-06-10 23:42:41,990] {scheduler_job.py:182} INFO - Started process (PID=1704) to work on /home/airflow/.local/lib/python3.6/site-packages/airflow/example_dags/example_branch_operator.py
[2023-06-10 23:42:41,992] {scheduler_job.py:629} INFO - Processing file /home/airflow/.local/lib/python3.6/site-packages/airflow/example_dags/example_branch_operator.py for tasks to queue
[2023-06-10 23:42:41,993] {logging_mixin.py:104} INFO - [2023-06-10 23:42:41,993] {dagbag.py:451} INFO - Filling up the DagBag from /home/airflow/.local/lib/python3.6/site-packages/airflow/example_dags/example_branch_operator.py
[2023-06-10 23:42:42,008] {scheduler_job.py:639} INFO - DAG(s) dict_keys(['example_branch_operator']) retrieved from /home/airflow/.local/lib/python3.6/site-packages/airflow/example_dags/example_branch_operator.py
[2023-06-10 23:42:42,027] {logging_mixin.py:104} INFO - [2023-06-10 23:42:42,027] {dag.py:1824} INFO - Sync 1 DAGs
[2023-06-10 23:42:42,045] {logging_mixin.py:104} INFO - [2023-06-10 23:42:42,045] {dag.py:2280} INFO - Setting next_dagrun for example_branch_operator to 2023-06-08 00:00:00+00:00
[2023-06-10 23:42:42,057] {scheduler_job.py:190} INFO - Processing /home/airflow/.local/lib/python3.6/site-packages/airflow/example_dags/example_branch_operator.py took 0.069 seconds
[2023-06-10 23:43:12,946] {scheduler_job.py:182} INFO - Started process (PID=1834) to work on /home/airflow/.local/lib/python3.6/site-packages/airflow/example_dags/example_branch_operator.py
[2023-06-10 23:43:12,949] {scheduler_job.py:629} INFO - Processing file /home/airflow/.local/lib/python3.6/site-packages/airflow/example_dags/example_branch_operator.py for tasks to queue
[2023-06-10 23:43:12,950] {logging_mixin.py:104} INFO - [2023-06-10 23:43:12,950] {dagbag.py:451} INFO - Filling up the DagBag from /home/airflow/.local/lib/python3.6/site-packages/airflow/example_dags/example_branch_operator.py
[2023-06-10 23:43:12,979] {scheduler_job.py:639} INFO - DAG(s) dict_keys(['example_branch_operator']) retrieved from /home/airflow/.local/lib/python3.6/site-packages/airflow/example_dags/example_branch_operator.py
[2023-06-10 23:43:13,029] {logging_mixin.py:104} INFO - [2023-06-10 23:43:13,029] {dag.py:1824} INFO - Sync 1 DAGs
[2023-06-10 23:43:13,107] {logging_mixin.py:104} INFO - [2023-06-10 23:43:13,107] {dag.py:2280} INFO - Setting next_dagrun for example_branch_operator to 2023-06-08 00:00:00+00:00
[2023-06-10 23:43:13,145] {scheduler_job.py:190} INFO - Processing /home/airflow/.local/lib/python3.6/site-packages/airflow/example_dags/example_branch_operator.py took 0.205 seconds
[2023-06-10 23:43:43,462] {scheduler_job.py:182} INFO - Started process (PID=1941) to work on /home/airflow/.local/lib/python3.6/site-packages/airflow/example_dags/example_branch_operator.py
[2023-06-10 23:43:43,463] {scheduler_job.py:629} INFO - Processing file /home/airflow/.local/lib/python3.6/site-packages/airflow/example_dags/example_branch_operator.py for tasks to queue
[2023-06-10 23:43:43,464] {logging_mixin.py:104} INFO - [2023-06-10 23:43:43,464] {dagbag.py:451} INFO - Filling up the DagBag from /home/airflow/.local/lib/python3.6/site-packages/airflow/example_dags/example_branch_operator.py
[2023-06-10 23:43:43,476] {scheduler_job.py:639} INFO - DAG(s) dict_keys(['example_branch_operator']) retrieved from /home/airflow/.local/lib/python3.6/site-packages/airflow/example_dags/example_branch_operator.py
[2023-06-10 23:43:43,497] {logging_mixin.py:104} INFO - [2023-06-10 23:43:43,497] {dag.py:1824} INFO - Sync 1 DAGs
[2023-06-10 23:43:43,513] {logging_mixin.py:104} INFO - [2023-06-10 23:43:43,513] {dag.py:2280} INFO - Setting next_dagrun for example_branch_operator to 2023-06-08 00:00:00+00:00
[2023-06-10 23:43:43,526] {scheduler_job.py:190} INFO - Processing /home/airflow/.local/lib/python3.6/site-packages/airflow/example_dags/example_branch_operator.py took 0.067 seconds
