[2023-06-10 23:32:56,381] {scheduler_job.py:182} INFO - Started process (PID=264) to work on /home/airflow/.local/lib/python3.6/site-packages/airflow/example_dags/example_trigger_controller_dag.py
[2023-06-10 23:32:56,385] {scheduler_job.py:629} INFO - Processing file /home/airflow/.local/lib/python3.6/site-packages/airflow/example_dags/example_trigger_controller_dag.py for tasks to queue
[2023-06-10 23:32:56,386] {logging_mixin.py:104} INFO - [2023-06-10 23:32:56,386] {dagbag.py:451} INFO - Filling up the DagBag from /home/airflow/.local/lib/python3.6/site-packages/airflow/example_dags/example_trigger_controller_dag.py
[2023-06-10 23:32:56,401] {scheduler_job.py:639} INFO - DAG(s) dict_keys(['example_trigger_controller_dag']) retrieved from /home/airflow/.local/lib/python3.6/site-packages/airflow/example_dags/example_trigger_controller_dag.py
[2023-06-10 23:32:56,426] {logging_mixin.py:104} INFO - [2023-06-10 23:32:56,426] {dag.py:1824} INFO - Sync 1 DAGs
[2023-06-10 23:32:56,434] {logging_mixin.py:104} INFO - [2023-06-10 23:32:56,434] {dag.py:1843} INFO - Creating ORM DAG for example_trigger_controller_dag
[2023-06-10 23:32:56,439] {logging_mixin.py:104} INFO - [2023-06-10 23:32:56,439] {dag.py:2280} INFO - Setting next_dagrun for example_trigger_controller_dag to 2023-06-08 00:00:00+00:00
[2023-06-10 23:32:56,453] {scheduler_job.py:190} INFO - Processing /home/airflow/.local/lib/python3.6/site-packages/airflow/example_dags/example_trigger_controller_dag.py took 0.075 seconds
[2023-06-10 23:33:26,699] {scheduler_job.py:182} INFO - Started process (PID=394) to work on /home/airflow/.local/lib/python3.6/site-packages/airflow/example_dags/example_trigger_controller_dag.py
[2023-06-10 23:33:26,701] {scheduler_job.py:629} INFO - Processing file /home/airflow/.local/lib/python3.6/site-packages/airflow/example_dags/example_trigger_controller_dag.py for tasks to queue
[2023-06-10 23:33:26,702] {logging_mixin.py:104} INFO - [2023-06-10 23:33:26,702] {dagbag.py:451} INFO - Filling up the DagBag from /home/airflow/.local/lib/python3.6/site-packages/airflow/example_dags/example_trigger_controller_dag.py
[2023-06-10 23:33:26,712] {scheduler_job.py:639} INFO - DAG(s) dict_keys(['example_trigger_controller_dag']) retrieved from /home/airflow/.local/lib/python3.6/site-packages/airflow/example_dags/example_trigger_controller_dag.py
[2023-06-10 23:33:26,730] {logging_mixin.py:104} INFO - [2023-06-10 23:33:26,729] {dag.py:1824} INFO - Sync 1 DAGs
[2023-06-10 23:33:26,744] {logging_mixin.py:104} INFO - [2023-06-10 23:33:26,743] {dag.py:2280} INFO - Setting next_dagrun for example_trigger_controller_dag to 2023-06-08 00:00:00+00:00
[2023-06-10 23:33:26,755] {scheduler_job.py:190} INFO - Processing /home/airflow/.local/lib/python3.6/site-packages/airflow/example_dags/example_trigger_controller_dag.py took 0.060 seconds
[2023-06-10 23:33:57,076] {scheduler_job.py:182} INFO - Started process (PID=524) to work on /home/airflow/.local/lib/python3.6/site-packages/airflow/example_dags/example_trigger_controller_dag.py
[2023-06-10 23:33:57,077] {scheduler_job.py:629} INFO - Processing file /home/airflow/.local/lib/python3.6/site-packages/airflow/example_dags/example_trigger_controller_dag.py for tasks to queue
[2023-06-10 23:33:57,078] {logging_mixin.py:104} INFO - [2023-06-10 23:33:57,078] {dagbag.py:451} INFO - Filling up the DagBag from /home/airflow/.local/lib/python3.6/site-packages/airflow/example_dags/example_trigger_controller_dag.py
[2023-06-10 23:33:57,088] {scheduler_job.py:639} INFO - DAG(s) dict_keys(['example_trigger_controller_dag']) retrieved from /home/airflow/.local/lib/python3.6/site-packages/airflow/example_dags/example_trigger_controller_dag.py
[2023-06-10 23:33:57,111] {logging_mixin.py:104} INFO - [2023-06-10 23:33:57,111] {dag.py:1824} INFO - Sync 1 DAGs
[2023-06-10 23:33:57,125] {logging_mixin.py:104} INFO - [2023-06-10 23:33:57,124] {dag.py:2280} INFO - Setting next_dagrun for example_trigger_controller_dag to 2023-06-08 00:00:00+00:00
[2023-06-10 23:33:57,136] {scheduler_job.py:190} INFO - Processing /home/airflow/.local/lib/python3.6/site-packages/airflow/example_dags/example_trigger_controller_dag.py took 0.063 seconds
[2023-06-10 23:34:27,754] {scheduler_job.py:182} INFO - Started process (PID=654) to work on /home/airflow/.local/lib/python3.6/site-packages/airflow/example_dags/example_trigger_controller_dag.py
[2023-06-10 23:34:27,756] {scheduler_job.py:629} INFO - Processing file /home/airflow/.local/lib/python3.6/site-packages/airflow/example_dags/example_trigger_controller_dag.py for tasks to queue
[2023-06-10 23:34:27,757] {logging_mixin.py:104} INFO - [2023-06-10 23:34:27,757] {dagbag.py:451} INFO - Filling up the DagBag from /home/airflow/.local/lib/python3.6/site-packages/airflow/example_dags/example_trigger_controller_dag.py
[2023-06-10 23:34:27,769] {scheduler_job.py:639} INFO - DAG(s) dict_keys(['example_trigger_controller_dag']) retrieved from /home/airflow/.local/lib/python3.6/site-packages/airflow/example_dags/example_trigger_controller_dag.py
[2023-06-10 23:34:27,803] {logging_mixin.py:104} INFO - [2023-06-10 23:34:27,803] {dag.py:1824} INFO - Sync 1 DAGs
[2023-06-10 23:34:27,817] {logging_mixin.py:104} INFO - [2023-06-10 23:34:27,817] {dag.py:2280} INFO - Setting next_dagrun for example_trigger_controller_dag to 2023-06-08 00:00:00+00:00
[2023-06-10 23:34:27,840] {scheduler_job.py:190} INFO - Processing /home/airflow/.local/lib/python3.6/site-packages/airflow/example_dags/example_trigger_controller_dag.py took 0.090 seconds
[2023-06-10 23:34:58,759] {scheduler_job.py:182} INFO - Started process (PID=786) to work on /home/airflow/.local/lib/python3.6/site-packages/airflow/example_dags/example_trigger_controller_dag.py
[2023-06-10 23:34:58,762] {scheduler_job.py:629} INFO - Processing file /home/airflow/.local/lib/python3.6/site-packages/airflow/example_dags/example_trigger_controller_dag.py for tasks to queue
[2023-06-10 23:34:58,764] {logging_mixin.py:104} INFO - [2023-06-10 23:34:58,763] {dagbag.py:451} INFO - Filling up the DagBag from /home/airflow/.local/lib/python3.6/site-packages/airflow/example_dags/example_trigger_controller_dag.py
[2023-06-10 23:34:58,784] {scheduler_job.py:639} INFO - DAG(s) dict_keys(['example_trigger_controller_dag']) retrieved from /home/airflow/.local/lib/python3.6/site-packages/airflow/example_dags/example_trigger_controller_dag.py
[2023-06-10 23:34:58,816] {logging_mixin.py:104} INFO - [2023-06-10 23:34:58,816] {dag.py:1824} INFO - Sync 1 DAGs
[2023-06-10 23:34:58,845] {logging_mixin.py:104} INFO - [2023-06-10 23:34:58,845] {dag.py:2280} INFO - Setting next_dagrun for example_trigger_controller_dag to 2023-06-08 00:00:00+00:00
[2023-06-10 23:34:58,866] {scheduler_job.py:190} INFO - Processing /home/airflow/.local/lib/python3.6/site-packages/airflow/example_dags/example_trigger_controller_dag.py took 0.113 seconds
[2023-06-10 23:35:28,973] {scheduler_job.py:182} INFO - Started process (PID=916) to work on /home/airflow/.local/lib/python3.6/site-packages/airflow/example_dags/example_trigger_controller_dag.py
[2023-06-10 23:35:28,977] {scheduler_job.py:629} INFO - Processing file /home/airflow/.local/lib/python3.6/site-packages/airflow/example_dags/example_trigger_controller_dag.py for tasks to queue
[2023-06-10 23:35:28,983] {logging_mixin.py:104} INFO - [2023-06-10 23:35:28,983] {dagbag.py:451} INFO - Filling up the DagBag from /home/airflow/.local/lib/python3.6/site-packages/airflow/example_dags/example_trigger_controller_dag.py
[2023-06-10 23:35:28,998] {scheduler_job.py:639} INFO - DAG(s) dict_keys(['example_trigger_controller_dag']) retrieved from /home/airflow/.local/lib/python3.6/site-packages/airflow/example_dags/example_trigger_controller_dag.py
[2023-06-10 23:35:29,027] {logging_mixin.py:104} INFO - [2023-06-10 23:35:29,027] {dag.py:1824} INFO - Sync 1 DAGs
[2023-06-10 23:35:29,048] {logging_mixin.py:104} INFO - [2023-06-10 23:35:29,048] {dag.py:2280} INFO - Setting next_dagrun for example_trigger_controller_dag to 2023-06-08 00:00:00+00:00
[2023-06-10 23:35:29,108] {scheduler_job.py:190} INFO - Processing /home/airflow/.local/lib/python3.6/site-packages/airflow/example_dags/example_trigger_controller_dag.py took 0.140 seconds
[2023-06-10 23:35:59,168] {scheduler_job.py:182} INFO - Started process (PID=1044) to work on /home/airflow/.local/lib/python3.6/site-packages/airflow/example_dags/example_trigger_controller_dag.py
[2023-06-10 23:35:59,171] {scheduler_job.py:629} INFO - Processing file /home/airflow/.local/lib/python3.6/site-packages/airflow/example_dags/example_trigger_controller_dag.py for tasks to queue
[2023-06-10 23:35:59,172] {logging_mixin.py:104} INFO - [2023-06-10 23:35:59,172] {dagbag.py:451} INFO - Filling up the DagBag from /home/airflow/.local/lib/python3.6/site-packages/airflow/example_dags/example_trigger_controller_dag.py
[2023-06-10 23:35:59,185] {scheduler_job.py:639} INFO - DAG(s) dict_keys(['example_trigger_controller_dag']) retrieved from /home/airflow/.local/lib/python3.6/site-packages/airflow/example_dags/example_trigger_controller_dag.py
[2023-06-10 23:35:59,209] {logging_mixin.py:104} INFO - [2023-06-10 23:35:59,209] {dag.py:1824} INFO - Sync 1 DAGs
[2023-06-10 23:35:59,228] {logging_mixin.py:104} INFO - [2023-06-10 23:35:59,228] {dag.py:2280} INFO - Setting next_dagrun for example_trigger_controller_dag to 2023-06-08 00:00:00+00:00
[2023-06-10 23:35:59,243] {scheduler_job.py:190} INFO - Processing /home/airflow/.local/lib/python3.6/site-packages/airflow/example_dags/example_trigger_controller_dag.py took 0.079 seconds
[2023-06-10 23:36:29,813] {scheduler_job.py:182} INFO - Started process (PID=1154) to work on /home/airflow/.local/lib/python3.6/site-packages/airflow/example_dags/example_trigger_controller_dag.py
[2023-06-10 23:36:29,815] {scheduler_job.py:629} INFO - Processing file /home/airflow/.local/lib/python3.6/site-packages/airflow/example_dags/example_trigger_controller_dag.py for tasks to queue
[2023-06-10 23:36:29,816] {logging_mixin.py:104} INFO - [2023-06-10 23:36:29,816] {dagbag.py:451} INFO - Filling up the DagBag from /home/airflow/.local/lib/python3.6/site-packages/airflow/example_dags/example_trigger_controller_dag.py
[2023-06-10 23:36:29,825] {scheduler_job.py:639} INFO - DAG(s) dict_keys(['example_trigger_controller_dag']) retrieved from /home/airflow/.local/lib/python3.6/site-packages/airflow/example_dags/example_trigger_controller_dag.py
[2023-06-10 23:36:29,845] {logging_mixin.py:104} INFO - [2023-06-10 23:36:29,845] {dag.py:1824} INFO - Sync 1 DAGs
[2023-06-10 23:36:29,857] {logging_mixin.py:104} INFO - [2023-06-10 23:36:29,857] {dag.py:2280} INFO - Setting next_dagrun for example_trigger_controller_dag to 2023-06-08 00:00:00+00:00
[2023-06-10 23:36:29,868] {scheduler_job.py:190} INFO - Processing /home/airflow/.local/lib/python3.6/site-packages/airflow/example_dags/example_trigger_controller_dag.py took 0.058 seconds
[2023-06-10 23:37:03,360] {scheduler_job.py:182} INFO - Started process (PID=194) to work on /home/airflow/.local/lib/python3.6/site-packages/airflow/example_dags/example_trigger_controller_dag.py
[2023-06-10 23:37:03,364] {scheduler_job.py:629} INFO - Processing file /home/airflow/.local/lib/python3.6/site-packages/airflow/example_dags/example_trigger_controller_dag.py for tasks to queue
[2023-06-10 23:37:03,367] {logging_mixin.py:104} INFO - [2023-06-10 23:37:03,366] {dagbag.py:451} INFO - Filling up the DagBag from /home/airflow/.local/lib/python3.6/site-packages/airflow/example_dags/example_trigger_controller_dag.py
[2023-06-10 23:37:03,422] {scheduler_job.py:639} INFO - DAG(s) dict_keys(['example_trigger_controller_dag']) retrieved from /home/airflow/.local/lib/python3.6/site-packages/airflow/example_dags/example_trigger_controller_dag.py
[2023-06-10 23:37:03,476] {logging_mixin.py:104} INFO - [2023-06-10 23:37:03,476] {dag.py:1824} INFO - Sync 1 DAGs
[2023-06-10 23:37:03,523] {logging_mixin.py:104} INFO - [2023-06-10 23:37:03,522] {dag.py:2280} INFO - Setting next_dagrun for example_trigger_controller_dag to 2023-06-08 00:00:00+00:00
[2023-06-10 23:37:03,549] {scheduler_job.py:190} INFO - Processing /home/airflow/.local/lib/python3.6/site-packages/airflow/example_dags/example_trigger_controller_dag.py took 0.197 seconds
[2023-06-10 23:37:33,625] {scheduler_job.py:182} INFO - Started process (PID=324) to work on /home/airflow/.local/lib/python3.6/site-packages/airflow/example_dags/example_trigger_controller_dag.py
[2023-06-10 23:37:33,627] {scheduler_job.py:629} INFO - Processing file /home/airflow/.local/lib/python3.6/site-packages/airflow/example_dags/example_trigger_controller_dag.py for tasks to queue
[2023-06-10 23:37:33,629] {logging_mixin.py:104} INFO - [2023-06-10 23:37:33,629] {dagbag.py:451} INFO - Filling up the DagBag from /home/airflow/.local/lib/python3.6/site-packages/airflow/example_dags/example_trigger_controller_dag.py
[2023-06-10 23:37:33,644] {scheduler_job.py:639} INFO - DAG(s) dict_keys(['example_trigger_controller_dag']) retrieved from /home/airflow/.local/lib/python3.6/site-packages/airflow/example_dags/example_trigger_controller_dag.py
[2023-06-10 23:37:33,670] {logging_mixin.py:104} INFO - [2023-06-10 23:37:33,670] {dag.py:1824} INFO - Sync 1 DAGs
[2023-06-10 23:37:33,690] {logging_mixin.py:104} INFO - [2023-06-10 23:37:33,690] {dag.py:2280} INFO - Setting next_dagrun for example_trigger_controller_dag to 2023-06-08 00:00:00+00:00
[2023-06-10 23:37:33,708] {scheduler_job.py:190} INFO - Processing /home/airflow/.local/lib/python3.6/site-packages/airflow/example_dags/example_trigger_controller_dag.py took 0.090 seconds
[2023-06-10 23:38:03,752] {scheduler_job.py:182} INFO - Started process (PID=446) to work on /home/airflow/.local/lib/python3.6/site-packages/airflow/example_dags/example_trigger_controller_dag.py
[2023-06-10 23:38:03,753] {scheduler_job.py:629} INFO - Processing file /home/airflow/.local/lib/python3.6/site-packages/airflow/example_dags/example_trigger_controller_dag.py for tasks to queue
[2023-06-10 23:38:03,755] {logging_mixin.py:104} INFO - [2023-06-10 23:38:03,754] {dagbag.py:451} INFO - Filling up the DagBag from /home/airflow/.local/lib/python3.6/site-packages/airflow/example_dags/example_trigger_controller_dag.py
[2023-06-10 23:38:03,766] {scheduler_job.py:639} INFO - DAG(s) dict_keys(['example_trigger_controller_dag']) retrieved from /home/airflow/.local/lib/python3.6/site-packages/airflow/example_dags/example_trigger_controller_dag.py
[2023-06-10 23:38:03,788] {logging_mixin.py:104} INFO - [2023-06-10 23:38:03,788] {dag.py:1824} INFO - Sync 1 DAGs
[2023-06-10 23:38:03,803] {logging_mixin.py:104} INFO - [2023-06-10 23:38:03,803] {dag.py:2280} INFO - Setting next_dagrun for example_trigger_controller_dag to 2023-06-08 00:00:00+00:00
[2023-06-10 23:38:03,815] {scheduler_job.py:190} INFO - Processing /home/airflow/.local/lib/python3.6/site-packages/airflow/example_dags/example_trigger_controller_dag.py took 0.066 seconds
[2023-06-10 23:38:34,336] {scheduler_job.py:182} INFO - Started process (PID=581) to work on /home/airflow/.local/lib/python3.6/site-packages/airflow/example_dags/example_trigger_controller_dag.py
[2023-06-10 23:38:34,339] {scheduler_job.py:629} INFO - Processing file /home/airflow/.local/lib/python3.6/site-packages/airflow/example_dags/example_trigger_controller_dag.py for tasks to queue
[2023-06-10 23:38:34,341] {logging_mixin.py:104} INFO - [2023-06-10 23:38:34,341] {dagbag.py:451} INFO - Filling up the DagBag from /home/airflow/.local/lib/python3.6/site-packages/airflow/example_dags/example_trigger_controller_dag.py
[2023-06-10 23:38:34,361] {scheduler_job.py:639} INFO - DAG(s) dict_keys(['example_trigger_controller_dag']) retrieved from /home/airflow/.local/lib/python3.6/site-packages/airflow/example_dags/example_trigger_controller_dag.py
[2023-06-10 23:38:34,395] {logging_mixin.py:104} INFO - [2023-06-10 23:38:34,395] {dag.py:1824} INFO - Sync 1 DAGs
[2023-06-10 23:38:34,419] {logging_mixin.py:104} INFO - [2023-06-10 23:38:34,419] {dag.py:2280} INFO - Setting next_dagrun for example_trigger_controller_dag to 2023-06-08 00:00:00+00:00
[2023-06-10 23:38:34,438] {scheduler_job.py:190} INFO - Processing /home/airflow/.local/lib/python3.6/site-packages/airflow/example_dags/example_trigger_controller_dag.py took 0.109 seconds
[2023-06-10 23:39:05,242] {scheduler_job.py:182} INFO - Started process (PID=716) to work on /home/airflow/.local/lib/python3.6/site-packages/airflow/example_dags/example_trigger_controller_dag.py
[2023-06-10 23:39:05,246] {scheduler_job.py:629} INFO - Processing file /home/airflow/.local/lib/python3.6/site-packages/airflow/example_dags/example_trigger_controller_dag.py for tasks to queue
[2023-06-10 23:39:05,247] {logging_mixin.py:104} INFO - [2023-06-10 23:39:05,247] {dagbag.py:451} INFO - Filling up the DagBag from /home/airflow/.local/lib/python3.6/site-packages/airflow/example_dags/example_trigger_controller_dag.py
[2023-06-10 23:39:05,260] {scheduler_job.py:639} INFO - DAG(s) dict_keys(['example_trigger_controller_dag']) retrieved from /home/airflow/.local/lib/python3.6/site-packages/airflow/example_dags/example_trigger_controller_dag.py
[2023-06-10 23:39:05,286] {logging_mixin.py:104} INFO - [2023-06-10 23:39:05,286] {dag.py:1824} INFO - Sync 1 DAGs
[2023-06-10 23:39:05,302] {logging_mixin.py:104} INFO - [2023-06-10 23:39:05,302] {dag.py:2280} INFO - Setting next_dagrun for example_trigger_controller_dag to 2023-06-08 00:00:00+00:00
[2023-06-10 23:39:05,317] {scheduler_job.py:190} INFO - Processing /home/airflow/.local/lib/python3.6/site-packages/airflow/example_dags/example_trigger_controller_dag.py took 0.079 seconds
[2023-06-10 23:39:35,671] {scheduler_job.py:182} INFO - Started process (PID=844) to work on /home/airflow/.local/lib/python3.6/site-packages/airflow/example_dags/example_trigger_controller_dag.py
[2023-06-10 23:39:35,673] {scheduler_job.py:629} INFO - Processing file /home/airflow/.local/lib/python3.6/site-packages/airflow/example_dags/example_trigger_controller_dag.py for tasks to queue
[2023-06-10 23:39:35,674] {logging_mixin.py:104} INFO - [2023-06-10 23:39:35,674] {dagbag.py:451} INFO - Filling up the DagBag from /home/airflow/.local/lib/python3.6/site-packages/airflow/example_dags/example_trigger_controller_dag.py
[2023-06-10 23:39:35,683] {scheduler_job.py:639} INFO - DAG(s) dict_keys(['example_trigger_controller_dag']) retrieved from /home/airflow/.local/lib/python3.6/site-packages/airflow/example_dags/example_trigger_controller_dag.py
[2023-06-10 23:39:35,701] {logging_mixin.py:104} INFO - [2023-06-10 23:39:35,701] {dag.py:1824} INFO - Sync 1 DAGs
[2023-06-10 23:39:35,712] {logging_mixin.py:104} INFO - [2023-06-10 23:39:35,712] {dag.py:2280} INFO - Setting next_dagrun for example_trigger_controller_dag to 2023-06-08 00:00:00+00:00
[2023-06-10 23:39:35,724] {scheduler_job.py:190} INFO - Processing /home/airflow/.local/lib/python3.6/site-packages/airflow/example_dags/example_trigger_controller_dag.py took 0.055 seconds
[2023-06-10 23:40:06,191] {scheduler_job.py:182} INFO - Started process (PID=974) to work on /home/airflow/.local/lib/python3.6/site-packages/airflow/example_dags/example_trigger_controller_dag.py
[2023-06-10 23:40:06,192] {scheduler_job.py:629} INFO - Processing file /home/airflow/.local/lib/python3.6/site-packages/airflow/example_dags/example_trigger_controller_dag.py for tasks to queue
[2023-06-10 23:40:06,193] {logging_mixin.py:104} INFO - [2023-06-10 23:40:06,193] {dagbag.py:451} INFO - Filling up the DagBag from /home/airflow/.local/lib/python3.6/site-packages/airflow/example_dags/example_trigger_controller_dag.py
[2023-06-10 23:40:06,201] {scheduler_job.py:639} INFO - DAG(s) dict_keys(['example_trigger_controller_dag']) retrieved from /home/airflow/.local/lib/python3.6/site-packages/airflow/example_dags/example_trigger_controller_dag.py
[2023-06-10 23:40:06,223] {logging_mixin.py:104} INFO - [2023-06-10 23:40:06,223] {dag.py:1824} INFO - Sync 1 DAGs
[2023-06-10 23:40:06,237] {logging_mixin.py:104} INFO - [2023-06-10 23:40:06,237] {dag.py:2280} INFO - Setting next_dagrun for example_trigger_controller_dag to 2023-06-08 00:00:00+00:00
[2023-06-10 23:40:06,252] {scheduler_job.py:190} INFO - Processing /home/airflow/.local/lib/python3.6/site-packages/airflow/example_dags/example_trigger_controller_dag.py took 0.064 seconds
[2023-06-10 23:40:36,505] {scheduler_job.py:182} INFO - Started process (PID=1101) to work on /home/airflow/.local/lib/python3.6/site-packages/airflow/example_dags/example_trigger_controller_dag.py
[2023-06-10 23:40:36,507] {scheduler_job.py:629} INFO - Processing file /home/airflow/.local/lib/python3.6/site-packages/airflow/example_dags/example_trigger_controller_dag.py for tasks to queue
[2023-06-10 23:40:36,508] {logging_mixin.py:104} INFO - [2023-06-10 23:40:36,508] {dagbag.py:451} INFO - Filling up the DagBag from /home/airflow/.local/lib/python3.6/site-packages/airflow/example_dags/example_trigger_controller_dag.py
[2023-06-10 23:40:36,517] {scheduler_job.py:639} INFO - DAG(s) dict_keys(['example_trigger_controller_dag']) retrieved from /home/airflow/.local/lib/python3.6/site-packages/airflow/example_dags/example_trigger_controller_dag.py
[2023-06-10 23:40:36,535] {logging_mixin.py:104} INFO - [2023-06-10 23:40:36,534] {dag.py:1824} INFO - Sync 1 DAGs
[2023-06-10 23:40:36,547] {logging_mixin.py:104} INFO - [2023-06-10 23:40:36,547] {dag.py:2280} INFO - Setting next_dagrun for example_trigger_controller_dag to 2023-06-08 00:00:00+00:00
[2023-06-10 23:40:36,564] {scheduler_job.py:190} INFO - Processing /home/airflow/.local/lib/python3.6/site-packages/airflow/example_dags/example_trigger_controller_dag.py took 0.061 seconds
[2023-06-10 23:41:07,001] {scheduler_job.py:182} INFO - Started process (PID=1231) to work on /home/airflow/.local/lib/python3.6/site-packages/airflow/example_dags/example_trigger_controller_dag.py
[2023-06-10 23:41:07,002] {scheduler_job.py:629} INFO - Processing file /home/airflow/.local/lib/python3.6/site-packages/airflow/example_dags/example_trigger_controller_dag.py for tasks to queue
[2023-06-10 23:41:07,004] {logging_mixin.py:104} INFO - [2023-06-10 23:41:07,004] {dagbag.py:451} INFO - Filling up the DagBag from /home/airflow/.local/lib/python3.6/site-packages/airflow/example_dags/example_trigger_controller_dag.py
[2023-06-10 23:41:07,013] {scheduler_job.py:639} INFO - DAG(s) dict_keys(['example_trigger_controller_dag']) retrieved from /home/airflow/.local/lib/python3.6/site-packages/airflow/example_dags/example_trigger_controller_dag.py
[2023-06-10 23:41:07,033] {logging_mixin.py:104} INFO - [2023-06-10 23:41:07,032] {dag.py:1824} INFO - Sync 1 DAGs
[2023-06-10 23:41:07,045] {logging_mixin.py:104} INFO - [2023-06-10 23:41:07,045] {dag.py:2280} INFO - Setting next_dagrun for example_trigger_controller_dag to 2023-06-08 00:00:00+00:00
[2023-06-10 23:41:07,056] {scheduler_job.py:190} INFO - Processing /home/airflow/.local/lib/python3.6/site-packages/airflow/example_dags/example_trigger_controller_dag.py took 0.059 seconds
[2023-06-10 23:41:37,402] {scheduler_job.py:182} INFO - Started process (PID=1361) to work on /home/airflow/.local/lib/python3.6/site-packages/airflow/example_dags/example_trigger_controller_dag.py
[2023-06-10 23:41:37,403] {scheduler_job.py:629} INFO - Processing file /home/airflow/.local/lib/python3.6/site-packages/airflow/example_dags/example_trigger_controller_dag.py for tasks to queue
[2023-06-10 23:41:37,404] {logging_mixin.py:104} INFO - [2023-06-10 23:41:37,404] {dagbag.py:451} INFO - Filling up the DagBag from /home/airflow/.local/lib/python3.6/site-packages/airflow/example_dags/example_trigger_controller_dag.py
[2023-06-10 23:41:37,414] {scheduler_job.py:639} INFO - DAG(s) dict_keys(['example_trigger_controller_dag']) retrieved from /home/airflow/.local/lib/python3.6/site-packages/airflow/example_dags/example_trigger_controller_dag.py
[2023-06-10 23:41:37,434] {logging_mixin.py:104} INFO - [2023-06-10 23:41:37,434] {dag.py:1824} INFO - Sync 1 DAGs
[2023-06-10 23:41:37,448] {logging_mixin.py:104} INFO - [2023-06-10 23:41:37,448] {dag.py:2280} INFO - Setting next_dagrun for example_trigger_controller_dag to 2023-06-08 00:00:00+00:00
[2023-06-10 23:41:37,459] {scheduler_job.py:190} INFO - Processing /home/airflow/.local/lib/python3.6/site-packages/airflow/example_dags/example_trigger_controller_dag.py took 0.061 seconds
[2023-06-10 23:42:07,751] {scheduler_job.py:182} INFO - Started process (PID=1489) to work on /home/airflow/.local/lib/python3.6/site-packages/airflow/example_dags/example_trigger_controller_dag.py
[2023-06-10 23:42:07,753] {scheduler_job.py:629} INFO - Processing file /home/airflow/.local/lib/python3.6/site-packages/airflow/example_dags/example_trigger_controller_dag.py for tasks to queue
[2023-06-10 23:42:07,754] {logging_mixin.py:104} INFO - [2023-06-10 23:42:07,754] {dagbag.py:451} INFO - Filling up the DagBag from /home/airflow/.local/lib/python3.6/site-packages/airflow/example_dags/example_trigger_controller_dag.py
[2023-06-10 23:42:07,763] {scheduler_job.py:639} INFO - DAG(s) dict_keys(['example_trigger_controller_dag']) retrieved from /home/airflow/.local/lib/python3.6/site-packages/airflow/example_dags/example_trigger_controller_dag.py
[2023-06-10 23:42:07,782] {logging_mixin.py:104} INFO - [2023-06-10 23:42:07,781] {dag.py:1824} INFO - Sync 1 DAGs
[2023-06-10 23:42:07,794] {logging_mixin.py:104} INFO - [2023-06-10 23:42:07,794] {dag.py:2280} INFO - Setting next_dagrun for example_trigger_controller_dag to 2023-06-08 00:00:00+00:00
[2023-06-10 23:42:07,806] {scheduler_job.py:190} INFO - Processing /home/airflow/.local/lib/python3.6/site-packages/airflow/example_dags/example_trigger_controller_dag.py took 0.058 seconds
[2023-06-10 23:42:38,146] {scheduler_job.py:182} INFO - Started process (PID=1619) to work on /home/airflow/.local/lib/python3.6/site-packages/airflow/example_dags/example_trigger_controller_dag.py
[2023-06-10 23:42:38,147] {scheduler_job.py:629} INFO - Processing file /home/airflow/.local/lib/python3.6/site-packages/airflow/example_dags/example_trigger_controller_dag.py for tasks to queue
[2023-06-10 23:42:38,148] {logging_mixin.py:104} INFO - [2023-06-10 23:42:38,148] {dagbag.py:451} INFO - Filling up the DagBag from /home/airflow/.local/lib/python3.6/site-packages/airflow/example_dags/example_trigger_controller_dag.py
[2023-06-10 23:42:38,160] {scheduler_job.py:639} INFO - DAG(s) dict_keys(['example_trigger_controller_dag']) retrieved from /home/airflow/.local/lib/python3.6/site-packages/airflow/example_dags/example_trigger_controller_dag.py
[2023-06-10 23:42:38,183] {logging_mixin.py:104} INFO - [2023-06-10 23:42:38,183] {dag.py:1824} INFO - Sync 1 DAGs
[2023-06-10 23:42:38,202] {logging_mixin.py:104} INFO - [2023-06-10 23:42:38,201] {dag.py:2280} INFO - Setting next_dagrun for example_trigger_controller_dag to 2023-06-08 00:00:00+00:00
[2023-06-10 23:42:38,216] {scheduler_job.py:190} INFO - Processing /home/airflow/.local/lib/python3.6/site-packages/airflow/example_dags/example_trigger_controller_dag.py took 0.073 seconds
