[2023-06-10 23:32:55,774] {scheduler_job.py:182} INFO - Started process (PID=204) to work on /home/airflow/.local/lib/python3.6/site-packages/airflow/example_dags/example_short_circuit_operator.py
[2023-06-10 23:32:55,776] {scheduler_job.py:629} INFO - Processing file /home/airflow/.local/lib/python3.6/site-packages/airflow/example_dags/example_short_circuit_operator.py for tasks to queue
[2023-06-10 23:32:55,777] {logging_mixin.py:104} INFO - [2023-06-10 23:32:55,777] {dagbag.py:451} INFO - Filling up the DagBag from /home/airflow/.local/lib/python3.6/site-packages/airflow/example_dags/example_short_circuit_operator.py
[2023-06-10 23:32:55,789] {scheduler_job.py:639} INFO - DAG(s) dict_keys(['example_short_circuit_operator']) retrieved from /home/airflow/.local/lib/python3.6/site-packages/airflow/example_dags/example_short_circuit_operator.py
[2023-06-10 23:32:55,809] {logging_mixin.py:104} INFO - [2023-06-10 23:32:55,809] {dag.py:1824} INFO - Sync 1 DAGs
[2023-06-10 23:32:55,818] {logging_mixin.py:104} INFO - [2023-06-10 23:32:55,818] {dag.py:1843} INFO - Creating ORM DAG for example_short_circuit_operator
[2023-06-10 23:32:55,823] {logging_mixin.py:104} INFO - [2023-06-10 23:32:55,823] {dag.py:2280} INFO - Setting next_dagrun for example_short_circuit_operator to 2023-06-08 00:00:00+00:00
[2023-06-10 23:32:55,838] {scheduler_job.py:190} INFO - Processing /home/airflow/.local/lib/python3.6/site-packages/airflow/example_dags/example_short_circuit_operator.py took 0.067 seconds
[2023-06-10 23:33:26,255] {scheduler_job.py:182} INFO - Started process (PID=339) to work on /home/airflow/.local/lib/python3.6/site-packages/airflow/example_dags/example_short_circuit_operator.py
[2023-06-10 23:33:26,257] {scheduler_job.py:629} INFO - Processing file /home/airflow/.local/lib/python3.6/site-packages/airflow/example_dags/example_short_circuit_operator.py for tasks to queue
[2023-06-10 23:33:26,258] {logging_mixin.py:104} INFO - [2023-06-10 23:33:26,258] {dagbag.py:451} INFO - Filling up the DagBag from /home/airflow/.local/lib/python3.6/site-packages/airflow/example_dags/example_short_circuit_operator.py
[2023-06-10 23:33:26,270] {scheduler_job.py:639} INFO - DAG(s) dict_keys(['example_short_circuit_operator']) retrieved from /home/airflow/.local/lib/python3.6/site-packages/airflow/example_dags/example_short_circuit_operator.py
[2023-06-10 23:33:26,290] {logging_mixin.py:104} INFO - [2023-06-10 23:33:26,290] {dag.py:1824} INFO - Sync 1 DAGs
[2023-06-10 23:33:26,302] {logging_mixin.py:104} INFO - [2023-06-10 23:33:26,302] {dag.py:2280} INFO - Setting next_dagrun for example_short_circuit_operator to 2023-06-08 00:00:00+00:00
[2023-06-10 23:33:26,313] {scheduler_job.py:190} INFO - Processing /home/airflow/.local/lib/python3.6/site-packages/airflow/example_dags/example_short_circuit_operator.py took 0.061 seconds
[2023-06-10 23:33:56,690] {scheduler_job.py:182} INFO - Started process (PID=479) to work on /home/airflow/.local/lib/python3.6/site-packages/airflow/example_dags/example_short_circuit_operator.py
[2023-06-10 23:33:56,691] {scheduler_job.py:629} INFO - Processing file /home/airflow/.local/lib/python3.6/site-packages/airflow/example_dags/example_short_circuit_operator.py for tasks to queue
[2023-06-10 23:33:56,692] {logging_mixin.py:104} INFO - [2023-06-10 23:33:56,692] {dagbag.py:451} INFO - Filling up the DagBag from /home/airflow/.local/lib/python3.6/site-packages/airflow/example_dags/example_short_circuit_operator.py
[2023-06-10 23:33:56,703] {scheduler_job.py:639} INFO - DAG(s) dict_keys(['example_short_circuit_operator']) retrieved from /home/airflow/.local/lib/python3.6/site-packages/airflow/example_dags/example_short_circuit_operator.py
[2023-06-10 23:33:56,721] {logging_mixin.py:104} INFO - [2023-06-10 23:33:56,721] {dag.py:1824} INFO - Sync 1 DAGs
[2023-06-10 23:33:56,734] {logging_mixin.py:104} INFO - [2023-06-10 23:33:56,734] {dag.py:2280} INFO - Setting next_dagrun for example_short_circuit_operator to 2023-06-08 00:00:00+00:00
[2023-06-10 23:33:56,746] {scheduler_job.py:190} INFO - Processing /home/airflow/.local/lib/python3.6/site-packages/airflow/example_dags/example_short_circuit_operator.py took 0.059 seconds
[2023-06-10 23:34:27,543] {scheduler_job.py:182} INFO - Started process (PID=634) to work on /home/airflow/.local/lib/python3.6/site-packages/airflow/example_dags/example_short_circuit_operator.py
[2023-06-10 23:34:27,544] {scheduler_job.py:629} INFO - Processing file /home/airflow/.local/lib/python3.6/site-packages/airflow/example_dags/example_short_circuit_operator.py for tasks to queue
[2023-06-10 23:34:27,546] {logging_mixin.py:104} INFO - [2023-06-10 23:34:27,546] {dagbag.py:451} INFO - Filling up the DagBag from /home/airflow/.local/lib/python3.6/site-packages/airflow/example_dags/example_short_circuit_operator.py
[2023-06-10 23:34:27,562] {scheduler_job.py:639} INFO - DAG(s) dict_keys(['example_short_circuit_operator']) retrieved from /home/airflow/.local/lib/python3.6/site-packages/airflow/example_dags/example_short_circuit_operator.py
[2023-06-10 23:34:27,602] {logging_mixin.py:104} INFO - [2023-06-10 23:34:27,602] {dag.py:1824} INFO - Sync 1 DAGs
[2023-06-10 23:34:27,617] {logging_mixin.py:104} INFO - [2023-06-10 23:34:27,617] {dag.py:2280} INFO - Setting next_dagrun for example_short_circuit_operator to 2023-06-08 00:00:00+00:00
[2023-06-10 23:34:27,632] {scheduler_job.py:190} INFO - Processing /home/airflow/.local/lib/python3.6/site-packages/airflow/example_dags/example_short_circuit_operator.py took 0.093 seconds
[2023-06-10 23:34:58,345] {scheduler_job.py:182} INFO - Started process (PID=764) to work on /home/airflow/.local/lib/python3.6/site-packages/airflow/example_dags/example_short_circuit_operator.py
[2023-06-10 23:34:58,351] {scheduler_job.py:629} INFO - Processing file /home/airflow/.local/lib/python3.6/site-packages/airflow/example_dags/example_short_circuit_operator.py for tasks to queue
[2023-06-10 23:34:58,353] {logging_mixin.py:104} INFO - [2023-06-10 23:34:58,353] {dagbag.py:451} INFO - Filling up the DagBag from /home/airflow/.local/lib/python3.6/site-packages/airflow/example_dags/example_short_circuit_operator.py
[2023-06-10 23:34:58,381] {scheduler_job.py:639} INFO - DAG(s) dict_keys(['example_short_circuit_operator']) retrieved from /home/airflow/.local/lib/python3.6/site-packages/airflow/example_dags/example_short_circuit_operator.py
[2023-06-10 23:34:58,426] {logging_mixin.py:104} INFO - [2023-06-10 23:34:58,426] {dag.py:1824} INFO - Sync 1 DAGs
[2023-06-10 23:34:58,454] {logging_mixin.py:104} INFO - [2023-06-10 23:34:58,454] {dag.py:2280} INFO - Setting next_dagrun for example_short_circuit_operator to 2023-06-08 00:00:00+00:00
[2023-06-10 23:34:58,473] {scheduler_job.py:190} INFO - Processing /home/airflow/.local/lib/python3.6/site-packages/airflow/example_dags/example_short_circuit_operator.py took 0.133 seconds
[2023-06-10 23:35:28,700] {scheduler_job.py:182} INFO - Started process (PID=904) to work on /home/airflow/.local/lib/python3.6/site-packages/airflow/example_dags/example_short_circuit_operator.py
[2023-06-10 23:35:28,701] {scheduler_job.py:629} INFO - Processing file /home/airflow/.local/lib/python3.6/site-packages/airflow/example_dags/example_short_circuit_operator.py for tasks to queue
[2023-06-10 23:35:28,702] {logging_mixin.py:104} INFO - [2023-06-10 23:35:28,702] {dagbag.py:451} INFO - Filling up the DagBag from /home/airflow/.local/lib/python3.6/site-packages/airflow/example_dags/example_short_circuit_operator.py
[2023-06-10 23:35:28,716] {scheduler_job.py:639} INFO - DAG(s) dict_keys(['example_short_circuit_operator']) retrieved from /home/airflow/.local/lib/python3.6/site-packages/airflow/example_dags/example_short_circuit_operator.py
[2023-06-10 23:35:28,736] {logging_mixin.py:104} INFO - [2023-06-10 23:35:28,736] {dag.py:1824} INFO - Sync 1 DAGs
[2023-06-10 23:35:28,750] {logging_mixin.py:104} INFO - [2023-06-10 23:35:28,750] {dag.py:2280} INFO - Setting next_dagrun for example_short_circuit_operator to 2023-06-08 00:00:00+00:00
[2023-06-10 23:35:28,761] {scheduler_job.py:190} INFO - Processing /home/airflow/.local/lib/python3.6/site-packages/airflow/example_dags/example_short_circuit_operator.py took 0.064 seconds
[2023-06-10 23:35:59,147] {scheduler_job.py:182} INFO - Started process (PID=1039) to work on /home/airflow/.local/lib/python3.6/site-packages/airflow/example_dags/example_short_circuit_operator.py
[2023-06-10 23:35:59,150] {scheduler_job.py:629} INFO - Processing file /home/airflow/.local/lib/python3.6/site-packages/airflow/example_dags/example_short_circuit_operator.py for tasks to queue
[2023-06-10 23:35:59,151] {logging_mixin.py:104} INFO - [2023-06-10 23:35:59,151] {dagbag.py:451} INFO - Filling up the DagBag from /home/airflow/.local/lib/python3.6/site-packages/airflow/example_dags/example_short_circuit_operator.py
[2023-06-10 23:35:59,168] {scheduler_job.py:639} INFO - DAG(s) dict_keys(['example_short_circuit_operator']) retrieved from /home/airflow/.local/lib/python3.6/site-packages/airflow/example_dags/example_short_circuit_operator.py
[2023-06-10 23:35:59,193] {logging_mixin.py:104} INFO - [2023-06-10 23:35:59,193] {dag.py:1824} INFO - Sync 1 DAGs
[2023-06-10 23:35:59,209] {logging_mixin.py:104} INFO - [2023-06-10 23:35:59,209] {dag.py:2280} INFO - Setting next_dagrun for example_short_circuit_operator to 2023-06-08 00:00:00+00:00
[2023-06-10 23:35:59,222] {scheduler_job.py:190} INFO - Processing /home/airflow/.local/lib/python3.6/site-packages/airflow/example_dags/example_short_circuit_operator.py took 0.080 seconds
[2023-06-10 23:36:29,933] {scheduler_job.py:182} INFO - Started process (PID=1169) to work on /home/airflow/.local/lib/python3.6/site-packages/airflow/example_dags/example_short_circuit_operator.py
[2023-06-10 23:36:29,935] {scheduler_job.py:629} INFO - Processing file /home/airflow/.local/lib/python3.6/site-packages/airflow/example_dags/example_short_circuit_operator.py for tasks to queue
[2023-06-10 23:36:29,936] {logging_mixin.py:104} INFO - [2023-06-10 23:36:29,936] {dagbag.py:451} INFO - Filling up the DagBag from /home/airflow/.local/lib/python3.6/site-packages/airflow/example_dags/example_short_circuit_operator.py
[2023-06-10 23:36:29,947] {scheduler_job.py:639} INFO - DAG(s) dict_keys(['example_short_circuit_operator']) retrieved from /home/airflow/.local/lib/python3.6/site-packages/airflow/example_dags/example_short_circuit_operator.py
[2023-06-10 23:36:29,967] {logging_mixin.py:104} INFO - [2023-06-10 23:36:29,967] {dag.py:1824} INFO - Sync 1 DAGs
[2023-06-10 23:36:29,979] {logging_mixin.py:104} INFO - [2023-06-10 23:36:29,979] {dag.py:2280} INFO - Setting next_dagrun for example_short_circuit_operator to 2023-06-08 00:00:00+00:00
[2023-06-10 23:36:29,990] {scheduler_job.py:190} INFO - Processing /home/airflow/.local/lib/python3.6/site-packages/airflow/example_dags/example_short_circuit_operator.py took 0.060 seconds
[2023-06-10 23:37:03,861] {scheduler_job.py:182} INFO - Started process (PID=209) to work on /home/airflow/.local/lib/python3.6/site-packages/airflow/example_dags/example_short_circuit_operator.py
[2023-06-10 23:37:03,910] {scheduler_job.py:629} INFO - Processing file /home/airflow/.local/lib/python3.6/site-packages/airflow/example_dags/example_short_circuit_operator.py for tasks to queue
[2023-06-10 23:37:03,926] {logging_mixin.py:104} INFO - [2023-06-10 23:37:03,926] {dagbag.py:451} INFO - Filling up the DagBag from /home/airflow/.local/lib/python3.6/site-packages/airflow/example_dags/example_short_circuit_operator.py
[2023-06-10 23:37:03,989] {scheduler_job.py:639} INFO - DAG(s) dict_keys(['example_short_circuit_operator']) retrieved from /home/airflow/.local/lib/python3.6/site-packages/airflow/example_dags/example_short_circuit_operator.py
[2023-06-10 23:37:04,156] {logging_mixin.py:104} INFO - [2023-06-10 23:37:04,156] {dag.py:1824} INFO - Sync 1 DAGs
[2023-06-10 23:37:04,375] {logging_mixin.py:104} INFO - [2023-06-10 23:37:04,375] {dag.py:2280} INFO - Setting next_dagrun for example_short_circuit_operator to 2023-06-08 00:00:00+00:00
[2023-06-10 23:37:04,475] {scheduler_job.py:190} INFO - Processing /home/airflow/.local/lib/python3.6/site-packages/airflow/example_dags/example_short_circuit_operator.py took 0.637 seconds
[2023-06-10 23:37:34,757] {scheduler_job.py:182} INFO - Started process (PID=336) to work on /home/airflow/.local/lib/python3.6/site-packages/airflow/example_dags/example_short_circuit_operator.py
[2023-06-10 23:37:34,759] {scheduler_job.py:629} INFO - Processing file /home/airflow/.local/lib/python3.6/site-packages/airflow/example_dags/example_short_circuit_operator.py for tasks to queue
[2023-06-10 23:37:34,761] {logging_mixin.py:104} INFO - [2023-06-10 23:37:34,761] {dagbag.py:451} INFO - Filling up the DagBag from /home/airflow/.local/lib/python3.6/site-packages/airflow/example_dags/example_short_circuit_operator.py
[2023-06-10 23:37:34,779] {scheduler_job.py:639} INFO - DAG(s) dict_keys(['example_short_circuit_operator']) retrieved from /home/airflow/.local/lib/python3.6/site-packages/airflow/example_dags/example_short_circuit_operator.py
[2023-06-10 23:37:34,808] {logging_mixin.py:104} INFO - [2023-06-10 23:37:34,808] {dag.py:1824} INFO - Sync 1 DAGs
[2023-06-10 23:37:34,826] {logging_mixin.py:104} INFO - [2023-06-10 23:37:34,826] {dag.py:2280} INFO - Setting next_dagrun for example_short_circuit_operator to 2023-06-08 00:00:00+00:00
[2023-06-10 23:37:34,843] {scheduler_job.py:190} INFO - Processing /home/airflow/.local/lib/python3.6/site-packages/airflow/example_dags/example_short_circuit_operator.py took 0.091 seconds
[2023-06-10 23:38:04,948] {scheduler_job.py:182} INFO - Started process (PID=466) to work on /home/airflow/.local/lib/python3.6/site-packages/airflow/example_dags/example_short_circuit_operator.py
[2023-06-10 23:38:04,953] {scheduler_job.py:629} INFO - Processing file /home/airflow/.local/lib/python3.6/site-packages/airflow/example_dags/example_short_circuit_operator.py for tasks to queue
[2023-06-10 23:38:04,954] {logging_mixin.py:104} INFO - [2023-06-10 23:38:04,954] {dagbag.py:451} INFO - Filling up the DagBag from /home/airflow/.local/lib/python3.6/site-packages/airflow/example_dags/example_short_circuit_operator.py
[2023-06-10 23:38:04,965] {scheduler_job.py:639} INFO - DAG(s) dict_keys(['example_short_circuit_operator']) retrieved from /home/airflow/.local/lib/python3.6/site-packages/airflow/example_dags/example_short_circuit_operator.py
[2023-06-10 23:38:04,983] {logging_mixin.py:104} INFO - [2023-06-10 23:38:04,983] {dag.py:1824} INFO - Sync 1 DAGs
[2023-06-10 23:38:04,997] {logging_mixin.py:104} INFO - [2023-06-10 23:38:04,997] {dag.py:2280} INFO - Setting next_dagrun for example_short_circuit_operator to 2023-06-08 00:00:00+00:00
[2023-06-10 23:38:05,009] {scheduler_job.py:190} INFO - Processing /home/airflow/.local/lib/python3.6/site-packages/airflow/example_dags/example_short_circuit_operator.py took 0.064 seconds
[2023-06-10 23:38:35,514] {scheduler_job.py:182} INFO - Started process (PID=596) to work on /home/airflow/.local/lib/python3.6/site-packages/airflow/example_dags/example_short_circuit_operator.py
[2023-06-10 23:38:35,517] {scheduler_job.py:629} INFO - Processing file /home/airflow/.local/lib/python3.6/site-packages/airflow/example_dags/example_short_circuit_operator.py for tasks to queue
[2023-06-10 23:38:35,519] {logging_mixin.py:104} INFO - [2023-06-10 23:38:35,519] {dagbag.py:451} INFO - Filling up the DagBag from /home/airflow/.local/lib/python3.6/site-packages/airflow/example_dags/example_short_circuit_operator.py
[2023-06-10 23:38:35,544] {scheduler_job.py:639} INFO - DAG(s) dict_keys(['example_short_circuit_operator']) retrieved from /home/airflow/.local/lib/python3.6/site-packages/airflow/example_dags/example_short_circuit_operator.py
[2023-06-10 23:38:35,578] {logging_mixin.py:104} INFO - [2023-06-10 23:38:35,578] {dag.py:1824} INFO - Sync 1 DAGs
[2023-06-10 23:38:35,605] {logging_mixin.py:104} INFO - [2023-06-10 23:38:35,604] {dag.py:2280} INFO - Setting next_dagrun for example_short_circuit_operator to 2023-06-08 00:00:00+00:00
[2023-06-10 23:38:35,628] {scheduler_job.py:190} INFO - Processing /home/airflow/.local/lib/python3.6/site-packages/airflow/example_dags/example_short_circuit_operator.py took 0.119 seconds
[2023-06-10 23:39:06,357] {scheduler_job.py:182} INFO - Started process (PID=726) to work on /home/airflow/.local/lib/python3.6/site-packages/airflow/example_dags/example_short_circuit_operator.py
[2023-06-10 23:39:06,360] {scheduler_job.py:629} INFO - Processing file /home/airflow/.local/lib/python3.6/site-packages/airflow/example_dags/example_short_circuit_operator.py for tasks to queue
[2023-06-10 23:39:06,362] {logging_mixin.py:104} INFO - [2023-06-10 23:39:06,362] {dagbag.py:451} INFO - Filling up the DagBag from /home/airflow/.local/lib/python3.6/site-packages/airflow/example_dags/example_short_circuit_operator.py
[2023-06-10 23:39:06,378] {scheduler_job.py:639} INFO - DAG(s) dict_keys(['example_short_circuit_operator']) retrieved from /home/airflow/.local/lib/python3.6/site-packages/airflow/example_dags/example_short_circuit_operator.py
[2023-06-10 23:39:06,400] {logging_mixin.py:104} INFO - [2023-06-10 23:39:06,399] {dag.py:1824} INFO - Sync 1 DAGs
[2023-06-10 23:39:06,416] {logging_mixin.py:104} INFO - [2023-06-10 23:39:06,416] {dag.py:2280} INFO - Setting next_dagrun for example_short_circuit_operator to 2023-06-08 00:00:00+00:00
[2023-06-10 23:39:06,430] {scheduler_job.py:190} INFO - Processing /home/airflow/.local/lib/python3.6/site-packages/airflow/example_dags/example_short_circuit_operator.py took 0.078 seconds
[2023-06-10 23:39:36,760] {scheduler_job.py:182} INFO - Started process (PID=856) to work on /home/airflow/.local/lib/python3.6/site-packages/airflow/example_dags/example_short_circuit_operator.py
[2023-06-10 23:39:36,762] {scheduler_job.py:629} INFO - Processing file /home/airflow/.local/lib/python3.6/site-packages/airflow/example_dags/example_short_circuit_operator.py for tasks to queue
[2023-06-10 23:39:36,764] {logging_mixin.py:104} INFO - [2023-06-10 23:39:36,764] {dagbag.py:451} INFO - Filling up the DagBag from /home/airflow/.local/lib/python3.6/site-packages/airflow/example_dags/example_short_circuit_operator.py
[2023-06-10 23:39:36,778] {scheduler_job.py:639} INFO - DAG(s) dict_keys(['example_short_circuit_operator']) retrieved from /home/airflow/.local/lib/python3.6/site-packages/airflow/example_dags/example_short_circuit_operator.py
[2023-06-10 23:39:36,796] {logging_mixin.py:104} INFO - [2023-06-10 23:39:36,796] {dag.py:1824} INFO - Sync 1 DAGs
[2023-06-10 23:39:36,810] {logging_mixin.py:104} INFO - [2023-06-10 23:39:36,810] {dag.py:2280} INFO - Setting next_dagrun for example_short_circuit_operator to 2023-06-08 00:00:00+00:00
[2023-06-10 23:39:36,821] {scheduler_job.py:190} INFO - Processing /home/airflow/.local/lib/python3.6/site-packages/airflow/example_dags/example_short_circuit_operator.py took 0.065 seconds
[2023-06-10 23:40:07,290] {scheduler_job.py:182} INFO - Started process (PID=986) to work on /home/airflow/.local/lib/python3.6/site-packages/airflow/example_dags/example_short_circuit_operator.py
[2023-06-10 23:40:07,291] {scheduler_job.py:629} INFO - Processing file /home/airflow/.local/lib/python3.6/site-packages/airflow/example_dags/example_short_circuit_operator.py for tasks to queue
[2023-06-10 23:40:07,292] {logging_mixin.py:104} INFO - [2023-06-10 23:40:07,292] {dagbag.py:451} INFO - Filling up the DagBag from /home/airflow/.local/lib/python3.6/site-packages/airflow/example_dags/example_short_circuit_operator.py
[2023-06-10 23:40:07,303] {scheduler_job.py:639} INFO - DAG(s) dict_keys(['example_short_circuit_operator']) retrieved from /home/airflow/.local/lib/python3.6/site-packages/airflow/example_dags/example_short_circuit_operator.py
[2023-06-10 23:40:07,327] {logging_mixin.py:104} INFO - [2023-06-10 23:40:07,327] {dag.py:1824} INFO - Sync 1 DAGs
[2023-06-10 23:40:07,340] {logging_mixin.py:104} INFO - [2023-06-10 23:40:07,340] {dag.py:2280} INFO - Setting next_dagrun for example_short_circuit_operator to 2023-06-08 00:00:00+00:00
[2023-06-10 23:40:07,357] {scheduler_job.py:190} INFO - Processing /home/airflow/.local/lib/python3.6/site-packages/airflow/example_dags/example_short_circuit_operator.py took 0.069 seconds
