[2023-06-10 23:32:55,870] {scheduler_job.py:182} INFO - Started process (PID=214) to work on /home/airflow/.local/lib/python3.6/site-packages/airflow/example_dags/example_task_group.py
[2023-06-10 23:32:55,871] {scheduler_job.py:629} INFO - Processing file /home/airflow/.local/lib/python3.6/site-packages/airflow/example_dags/example_task_group.py for tasks to queue
[2023-06-10 23:32:55,872] {logging_mixin.py:104} INFO - [2023-06-10 23:32:55,872] {dagbag.py:451} INFO - Filling up the DagBag from /home/airflow/.local/lib/python3.6/site-packages/airflow/example_dags/example_task_group.py
[2023-06-10 23:32:55,884] {scheduler_job.py:639} INFO - DAG(s) dict_keys(['example_task_group']) retrieved from /home/airflow/.local/lib/python3.6/site-packages/airflow/example_dags/example_task_group.py
[2023-06-10 23:32:55,906] {logging_mixin.py:104} INFO - [2023-06-10 23:32:55,905] {dag.py:1824} INFO - Sync 1 DAGs
[2023-06-10 23:32:55,914] {logging_mixin.py:104} INFO - [2023-06-10 23:32:55,914] {dag.py:1843} INFO - Creating ORM DAG for example_task_group
[2023-06-10 23:32:55,920] {logging_mixin.py:104} INFO - [2023-06-10 23:32:55,920] {dag.py:2280} INFO - Setting next_dagrun for example_task_group to 2023-06-08 00:00:00+00:00
[2023-06-10 23:32:55,935] {scheduler_job.py:190} INFO - Processing /home/airflow/.local/lib/python3.6/site-packages/airflow/example_dags/example_task_group.py took 0.068 seconds
[2023-06-10 23:33:26,269] {scheduler_job.py:182} INFO - Started process (PID=344) to work on /home/airflow/.local/lib/python3.6/site-packages/airflow/example_dags/example_task_group.py
[2023-06-10 23:33:26,271] {scheduler_job.py:629} INFO - Processing file /home/airflow/.local/lib/python3.6/site-packages/airflow/example_dags/example_task_group.py for tasks to queue
[2023-06-10 23:33:26,272] {logging_mixin.py:104} INFO - [2023-06-10 23:33:26,272] {dagbag.py:451} INFO - Filling up the DagBag from /home/airflow/.local/lib/python3.6/site-packages/airflow/example_dags/example_task_group.py
[2023-06-10 23:33:26,283] {scheduler_job.py:639} INFO - DAG(s) dict_keys(['example_task_group']) retrieved from /home/airflow/.local/lib/python3.6/site-packages/airflow/example_dags/example_task_group.py
[2023-06-10 23:33:26,301] {logging_mixin.py:104} INFO - [2023-06-10 23:33:26,301] {dag.py:1824} INFO - Sync 1 DAGs
[2023-06-10 23:33:26,314] {logging_mixin.py:104} INFO - [2023-06-10 23:33:26,313] {dag.py:2280} INFO - Setting next_dagrun for example_task_group to 2023-06-08 00:00:00+00:00
[2023-06-10 23:33:26,324] {scheduler_job.py:190} INFO - Processing /home/airflow/.local/lib/python3.6/site-packages/airflow/example_dags/example_task_group.py took 0.059 seconds
[2023-06-10 23:33:56,754] {scheduler_job.py:182} INFO - Started process (PID=484) to work on /home/airflow/.local/lib/python3.6/site-packages/airflow/example_dags/example_task_group.py
[2023-06-10 23:33:56,755] {scheduler_job.py:629} INFO - Processing file /home/airflow/.local/lib/python3.6/site-packages/airflow/example_dags/example_task_group.py for tasks to queue
[2023-06-10 23:33:56,757] {logging_mixin.py:104} INFO - [2023-06-10 23:33:56,756] {dagbag.py:451} INFO - Filling up the DagBag from /home/airflow/.local/lib/python3.6/site-packages/airflow/example_dags/example_task_group.py
[2023-06-10 23:33:56,768] {scheduler_job.py:639} INFO - DAG(s) dict_keys(['example_task_group']) retrieved from /home/airflow/.local/lib/python3.6/site-packages/airflow/example_dags/example_task_group.py
[2023-06-10 23:33:56,786] {logging_mixin.py:104} INFO - [2023-06-10 23:33:56,786] {dag.py:1824} INFO - Sync 1 DAGs
[2023-06-10 23:33:56,800] {logging_mixin.py:104} INFO - [2023-06-10 23:33:56,799] {dag.py:2280} INFO - Setting next_dagrun for example_task_group to 2023-06-08 00:00:00+00:00
[2023-06-10 23:33:56,812] {scheduler_job.py:190} INFO - Processing /home/airflow/.local/lib/python3.6/site-packages/airflow/example_dags/example_task_group.py took 0.061 seconds
[2023-06-10 23:34:27,597] {scheduler_job.py:182} INFO - Started process (PID=639) to work on /home/airflow/.local/lib/python3.6/site-packages/airflow/example_dags/example_task_group.py
[2023-06-10 23:34:27,599] {scheduler_job.py:629} INFO - Processing file /home/airflow/.local/lib/python3.6/site-packages/airflow/example_dags/example_task_group.py for tasks to queue
[2023-06-10 23:34:27,600] {logging_mixin.py:104} INFO - [2023-06-10 23:34:27,600] {dagbag.py:451} INFO - Filling up the DagBag from /home/airflow/.local/lib/python3.6/site-packages/airflow/example_dags/example_task_group.py
[2023-06-10 23:34:27,612] {scheduler_job.py:639} INFO - DAG(s) dict_keys(['example_task_group']) retrieved from /home/airflow/.local/lib/python3.6/site-packages/airflow/example_dags/example_task_group.py
[2023-06-10 23:34:27,632] {logging_mixin.py:104} INFO - [2023-06-10 23:34:27,632] {dag.py:1824} INFO - Sync 1 DAGs
[2023-06-10 23:34:27,646] {logging_mixin.py:104} INFO - [2023-06-10 23:34:27,646] {dag.py:2280} INFO - Setting next_dagrun for example_task_group to 2023-06-08 00:00:00+00:00
[2023-06-10 23:34:27,664] {scheduler_job.py:190} INFO - Processing /home/airflow/.local/lib/python3.6/site-packages/airflow/example_dags/example_task_group.py took 0.071 seconds
[2023-06-10 23:34:58,443] {scheduler_job.py:182} INFO - Started process (PID=769) to work on /home/airflow/.local/lib/python3.6/site-packages/airflow/example_dags/example_task_group.py
[2023-06-10 23:34:58,445] {scheduler_job.py:629} INFO - Processing file /home/airflow/.local/lib/python3.6/site-packages/airflow/example_dags/example_task_group.py for tasks to queue
[2023-06-10 23:34:58,447] {logging_mixin.py:104} INFO - [2023-06-10 23:34:58,447] {dagbag.py:451} INFO - Filling up the DagBag from /home/airflow/.local/lib/python3.6/site-packages/airflow/example_dags/example_task_group.py
[2023-06-10 23:34:58,468] {scheduler_job.py:639} INFO - DAG(s) dict_keys(['example_task_group']) retrieved from /home/airflow/.local/lib/python3.6/site-packages/airflow/example_dags/example_task_group.py
[2023-06-10 23:34:58,508] {logging_mixin.py:104} INFO - [2023-06-10 23:34:58,508] {dag.py:1824} INFO - Sync 1 DAGs
[2023-06-10 23:34:58,533] {logging_mixin.py:104} INFO - [2023-06-10 23:34:58,533] {dag.py:2280} INFO - Setting next_dagrun for example_task_group to 2023-06-08 00:00:00+00:00
[2023-06-10 23:34:58,553] {scheduler_job.py:190} INFO - Processing /home/airflow/.local/lib/python3.6/site-packages/airflow/example_dags/example_task_group.py took 0.119 seconds
[2023-06-10 23:35:28,603] {scheduler_job.py:182} INFO - Started process (PID=894) to work on /home/airflow/.local/lib/python3.6/site-packages/airflow/example_dags/example_task_group.py
[2023-06-10 23:35:28,605] {scheduler_job.py:629} INFO - Processing file /home/airflow/.local/lib/python3.6/site-packages/airflow/example_dags/example_task_group.py for tasks to queue
[2023-06-10 23:35:28,607] {logging_mixin.py:104} INFO - [2023-06-10 23:35:28,607] {dagbag.py:451} INFO - Filling up the DagBag from /home/airflow/.local/lib/python3.6/site-packages/airflow/example_dags/example_task_group.py
[2023-06-10 23:35:28,620] {scheduler_job.py:639} INFO - DAG(s) dict_keys(['example_task_group']) retrieved from /home/airflow/.local/lib/python3.6/site-packages/airflow/example_dags/example_task_group.py
[2023-06-10 23:35:28,642] {logging_mixin.py:104} INFO - [2023-06-10 23:35:28,642] {dag.py:1824} INFO - Sync 1 DAGs
[2023-06-10 23:35:28,657] {logging_mixin.py:104} INFO - [2023-06-10 23:35:28,656] {dag.py:2280} INFO - Setting next_dagrun for example_task_group to 2023-06-08 00:00:00+00:00
[2023-06-10 23:35:28,670] {scheduler_job.py:190} INFO - Processing /home/airflow/.local/lib/python3.6/site-packages/airflow/example_dags/example_task_group.py took 0.071 seconds
[2023-06-10 23:35:58,954] {scheduler_job.py:182} INFO - Started process (PID=1019) to work on /home/airflow/.local/lib/python3.6/site-packages/airflow/example_dags/example_task_group.py
[2023-06-10 23:35:58,956] {scheduler_job.py:629} INFO - Processing file /home/airflow/.local/lib/python3.6/site-packages/airflow/example_dags/example_task_group.py for tasks to queue
[2023-06-10 23:35:58,958] {logging_mixin.py:104} INFO - [2023-06-10 23:35:58,958] {dagbag.py:451} INFO - Filling up the DagBag from /home/airflow/.local/lib/python3.6/site-packages/airflow/example_dags/example_task_group.py
[2023-06-10 23:35:58,971] {scheduler_job.py:639} INFO - DAG(s) dict_keys(['example_task_group']) retrieved from /home/airflow/.local/lib/python3.6/site-packages/airflow/example_dags/example_task_group.py
[2023-06-10 23:35:58,996] {logging_mixin.py:104} INFO - [2023-06-10 23:35:58,996] {dag.py:1824} INFO - Sync 1 DAGs
[2023-06-10 23:35:59,014] {logging_mixin.py:104} INFO - [2023-06-10 23:35:59,014] {dag.py:2280} INFO - Setting next_dagrun for example_task_group to 2023-06-08 00:00:00+00:00
[2023-06-10 23:35:59,029] {scheduler_job.py:190} INFO - Processing /home/airflow/.local/lib/python3.6/site-packages/airflow/example_dags/example_task_group.py took 0.079 seconds
[2023-06-10 23:36:29,971] {scheduler_job.py:182} INFO - Started process (PID=1174) to work on /home/airflow/.local/lib/python3.6/site-packages/airflow/example_dags/example_task_group.py
[2023-06-10 23:36:29,973] {scheduler_job.py:629} INFO - Processing file /home/airflow/.local/lib/python3.6/site-packages/airflow/example_dags/example_task_group.py for tasks to queue
[2023-06-10 23:36:29,974] {logging_mixin.py:104} INFO - [2023-06-10 23:36:29,973] {dagbag.py:451} INFO - Filling up the DagBag from /home/airflow/.local/lib/python3.6/site-packages/airflow/example_dags/example_task_group.py
[2023-06-10 23:36:29,984] {scheduler_job.py:639} INFO - DAG(s) dict_keys(['example_task_group']) retrieved from /home/airflow/.local/lib/python3.6/site-packages/airflow/example_dags/example_task_group.py
[2023-06-10 23:36:30,006] {logging_mixin.py:104} INFO - [2023-06-10 23:36:30,006] {dag.py:1824} INFO - Sync 1 DAGs
[2023-06-10 23:36:30,022] {logging_mixin.py:104} INFO - [2023-06-10 23:36:30,022] {dag.py:2280} INFO - Setting next_dagrun for example_task_group to 2023-06-08 00:00:00+00:00
[2023-06-10 23:36:30,032] {scheduler_job.py:190} INFO - Processing /home/airflow/.local/lib/python3.6/site-packages/airflow/example_dags/example_task_group.py took 0.064 seconds
[2023-06-10 23:37:05,506] {scheduler_job.py:182} INFO - Started process (PID=239) to work on /home/airflow/.local/lib/python3.6/site-packages/airflow/example_dags/example_task_group.py
[2023-06-10 23:37:05,518] {scheduler_job.py:629} INFO - Processing file /home/airflow/.local/lib/python3.6/site-packages/airflow/example_dags/example_task_group.py for tasks to queue
[2023-06-10 23:37:05,522] {logging_mixin.py:104} INFO - [2023-06-10 23:37:05,522] {dagbag.py:451} INFO - Filling up the DagBag from /home/airflow/.local/lib/python3.6/site-packages/airflow/example_dags/example_task_group.py
[2023-06-10 23:37:05,556] {scheduler_job.py:639} INFO - DAG(s) dict_keys(['example_task_group']) retrieved from /home/airflow/.local/lib/python3.6/site-packages/airflow/example_dags/example_task_group.py
[2023-06-10 23:37:05,624] {logging_mixin.py:104} INFO - [2023-06-10 23:37:05,624] {dag.py:1824} INFO - Sync 1 DAGs
[2023-06-10 23:37:05,675] {logging_mixin.py:104} INFO - [2023-06-10 23:37:05,675] {dag.py:2280} INFO - Setting next_dagrun for example_task_group to 2023-06-08 00:00:00+00:00
[2023-06-10 23:37:05,741] {scheduler_job.py:190} INFO - Processing /home/airflow/.local/lib/python3.6/site-packages/airflow/example_dags/example_task_group.py took 0.250 seconds
[2023-06-10 23:37:36,271] {scheduler_job.py:182} INFO - Started process (PID=369) to work on /home/airflow/.local/lib/python3.6/site-packages/airflow/example_dags/example_task_group.py
[2023-06-10 23:37:36,273] {scheduler_job.py:629} INFO - Processing file /home/airflow/.local/lib/python3.6/site-packages/airflow/example_dags/example_task_group.py for tasks to queue
[2023-06-10 23:37:36,276] {logging_mixin.py:104} INFO - [2023-06-10 23:37:36,276] {dagbag.py:451} INFO - Filling up the DagBag from /home/airflow/.local/lib/python3.6/site-packages/airflow/example_dags/example_task_group.py
[2023-06-10 23:37:36,303] {scheduler_job.py:639} INFO - DAG(s) dict_keys(['example_task_group']) retrieved from /home/airflow/.local/lib/python3.6/site-packages/airflow/example_dags/example_task_group.py
[2023-06-10 23:37:36,344] {logging_mixin.py:104} INFO - [2023-06-10 23:37:36,343] {dag.py:1824} INFO - Sync 1 DAGs
[2023-06-10 23:37:36,374] {logging_mixin.py:104} INFO - [2023-06-10 23:37:36,374] {dag.py:2280} INFO - Setting next_dagrun for example_task_group to 2023-06-08 00:00:00+00:00
[2023-06-10 23:37:36,395] {scheduler_job.py:190} INFO - Processing /home/airflow/.local/lib/python3.6/site-packages/airflow/example_dags/example_task_group.py took 0.130 seconds
[2023-06-10 23:38:07,601] {scheduler_job.py:182} INFO - Started process (PID=534) to work on /home/airflow/.local/lib/python3.6/site-packages/airflow/example_dags/example_task_group.py
[2023-06-10 23:38:07,602] {scheduler_job.py:629} INFO - Processing file /home/airflow/.local/lib/python3.6/site-packages/airflow/example_dags/example_task_group.py for tasks to queue
[2023-06-10 23:38:07,604] {logging_mixin.py:104} INFO - [2023-06-10 23:38:07,603] {dagbag.py:451} INFO - Filling up the DagBag from /home/airflow/.local/lib/python3.6/site-packages/airflow/example_dags/example_task_group.py
[2023-06-10 23:38:07,614] {scheduler_job.py:639} INFO - DAG(s) dict_keys(['example_task_group']) retrieved from /home/airflow/.local/lib/python3.6/site-packages/airflow/example_dags/example_task_group.py
[2023-06-10 23:38:07,632] {logging_mixin.py:104} INFO - [2023-06-10 23:38:07,632] {dag.py:1824} INFO - Sync 1 DAGs
[2023-06-10 23:38:07,647] {logging_mixin.py:104} INFO - [2023-06-10 23:38:07,646] {dag.py:2280} INFO - Setting next_dagrun for example_task_group to 2023-06-08 00:00:00+00:00
[2023-06-10 23:38:07,658] {scheduler_job.py:190} INFO - Processing /home/airflow/.local/lib/python3.6/site-packages/airflow/example_dags/example_task_group.py took 0.060 seconds
[2023-06-10 23:38:38,507] {scheduler_job.py:182} INFO - Started process (PID=674) to work on /home/airflow/.local/lib/python3.6/site-packages/airflow/example_dags/example_task_group.py
[2023-06-10 23:38:38,509] {scheduler_job.py:629} INFO - Processing file /home/airflow/.local/lib/python3.6/site-packages/airflow/example_dags/example_task_group.py for tasks to queue
[2023-06-10 23:38:38,511] {logging_mixin.py:104} INFO - [2023-06-10 23:38:38,511] {dagbag.py:451} INFO - Filling up the DagBag from /home/airflow/.local/lib/python3.6/site-packages/airflow/example_dags/example_task_group.py
[2023-06-10 23:38:38,530] {scheduler_job.py:639} INFO - DAG(s) dict_keys(['example_task_group']) retrieved from /home/airflow/.local/lib/python3.6/site-packages/airflow/example_dags/example_task_group.py
[2023-06-10 23:38:38,559] {logging_mixin.py:104} INFO - [2023-06-10 23:38:38,558] {dag.py:1824} INFO - Sync 1 DAGs
[2023-06-10 23:38:38,577] {logging_mixin.py:104} INFO - [2023-06-10 23:38:38,577] {dag.py:2280} INFO - Setting next_dagrun for example_task_group to 2023-06-08 00:00:00+00:00
[2023-06-10 23:38:38,592] {scheduler_job.py:190} INFO - Processing /home/airflow/.local/lib/python3.6/site-packages/airflow/example_dags/example_task_group.py took 0.090 seconds
[2023-06-10 23:39:09,145] {scheduler_job.py:182} INFO - Started process (PID=799) to work on /home/airflow/.local/lib/python3.6/site-packages/airflow/example_dags/example_task_group.py
[2023-06-10 23:39:09,147] {scheduler_job.py:629} INFO - Processing file /home/airflow/.local/lib/python3.6/site-packages/airflow/example_dags/example_task_group.py for tasks to queue
[2023-06-10 23:39:09,149] {logging_mixin.py:104} INFO - [2023-06-10 23:39:09,148] {dagbag.py:451} INFO - Filling up the DagBag from /home/airflow/.local/lib/python3.6/site-packages/airflow/example_dags/example_task_group.py
[2023-06-10 23:39:09,162] {scheduler_job.py:639} INFO - DAG(s) dict_keys(['example_task_group']) retrieved from /home/airflow/.local/lib/python3.6/site-packages/airflow/example_dags/example_task_group.py
[2023-06-10 23:39:09,188] {logging_mixin.py:104} INFO - [2023-06-10 23:39:09,187] {dag.py:1824} INFO - Sync 1 DAGs
[2023-06-10 23:39:09,206] {logging_mixin.py:104} INFO - [2023-06-10 23:39:09,205] {dag.py:2280} INFO - Setting next_dagrun for example_task_group to 2023-06-08 00:00:00+00:00
[2023-06-10 23:39:09,221] {scheduler_job.py:190} INFO - Processing /home/airflow/.local/lib/python3.6/site-packages/airflow/example_dags/example_task_group.py took 0.080 seconds
[2023-06-10 23:39:39,307] {scheduler_job.py:182} INFO - Started process (PID=904) to work on /home/airflow/.local/lib/python3.6/site-packages/airflow/example_dags/example_task_group.py
[2023-06-10 23:39:39,309] {scheduler_job.py:629} INFO - Processing file /home/airflow/.local/lib/python3.6/site-packages/airflow/example_dags/example_task_group.py for tasks to queue
[2023-06-10 23:39:39,310] {logging_mixin.py:104} INFO - [2023-06-10 23:39:39,310] {dagbag.py:451} INFO - Filling up the DagBag from /home/airflow/.local/lib/python3.6/site-packages/airflow/example_dags/example_task_group.py
[2023-06-10 23:39:39,321] {scheduler_job.py:639} INFO - DAG(s) dict_keys(['example_task_group']) retrieved from /home/airflow/.local/lib/python3.6/site-packages/airflow/example_dags/example_task_group.py
[2023-06-10 23:39:39,341] {logging_mixin.py:104} INFO - [2023-06-10 23:39:39,341] {dag.py:1824} INFO - Sync 1 DAGs
[2023-06-10 23:39:39,357] {logging_mixin.py:104} INFO - [2023-06-10 23:39:39,357] {dag.py:2280} INFO - Setting next_dagrun for example_task_group to 2023-06-08 00:00:00+00:00
[2023-06-10 23:39:39,370] {scheduler_job.py:190} INFO - Processing /home/airflow/.local/lib/python3.6/site-packages/airflow/example_dags/example_task_group.py took 0.067 seconds
[2023-06-10 23:40:09,813] {scheduler_job.py:182} INFO - Started process (PID=1039) to work on /home/airflow/.local/lib/python3.6/site-packages/airflow/example_dags/example_task_group.py
[2023-06-10 23:40:09,815] {scheduler_job.py:629} INFO - Processing file /home/airflow/.local/lib/python3.6/site-packages/airflow/example_dags/example_task_group.py for tasks to queue
[2023-06-10 23:40:09,816] {logging_mixin.py:104} INFO - [2023-06-10 23:40:09,816] {dagbag.py:451} INFO - Filling up the DagBag from /home/airflow/.local/lib/python3.6/site-packages/airflow/example_dags/example_task_group.py
[2023-06-10 23:40:09,825] {scheduler_job.py:639} INFO - DAG(s) dict_keys(['example_task_group']) retrieved from /home/airflow/.local/lib/python3.6/site-packages/airflow/example_dags/example_task_group.py
[2023-06-10 23:40:09,846] {logging_mixin.py:104} INFO - [2023-06-10 23:40:09,846] {dag.py:1824} INFO - Sync 1 DAGs
[2023-06-10 23:40:09,859] {logging_mixin.py:104} INFO - [2023-06-10 23:40:09,859] {dag.py:2280} INFO - Setting next_dagrun for example_task_group to 2023-06-08 00:00:00+00:00
[2023-06-10 23:40:09,869] {scheduler_job.py:190} INFO - Processing /home/airflow/.local/lib/python3.6/site-packages/airflow/example_dags/example_task_group.py took 0.058 seconds
[2023-06-10 23:40:40,244] {scheduler_job.py:182} INFO - Started process (PID=1174) to work on /home/airflow/.local/lib/python3.6/site-packages/airflow/example_dags/example_task_group.py
[2023-06-10 23:40:40,246] {scheduler_job.py:629} INFO - Processing file /home/airflow/.local/lib/python3.6/site-packages/airflow/example_dags/example_task_group.py for tasks to queue
[2023-06-10 23:40:40,247] {logging_mixin.py:104} INFO - [2023-06-10 23:40:40,247] {dagbag.py:451} INFO - Filling up the DagBag from /home/airflow/.local/lib/python3.6/site-packages/airflow/example_dags/example_task_group.py
[2023-06-10 23:40:40,257] {scheduler_job.py:639} INFO - DAG(s) dict_keys(['example_task_group']) retrieved from /home/airflow/.local/lib/python3.6/site-packages/airflow/example_dags/example_task_group.py
[2023-06-10 23:40:40,280] {logging_mixin.py:104} INFO - [2023-06-10 23:40:40,279] {dag.py:1824} INFO - Sync 1 DAGs
[2023-06-10 23:40:40,295] {logging_mixin.py:104} INFO - [2023-06-10 23:40:40,295] {dag.py:2280} INFO - Setting next_dagrun for example_task_group to 2023-06-08 00:00:00+00:00
[2023-06-10 23:40:40,307] {scheduler_job.py:190} INFO - Processing /home/airflow/.local/lib/python3.6/site-packages/airflow/example_dags/example_task_group.py took 0.066 seconds
