[2023-06-10 23:32:55,664] {scheduler_job.py:182} INFO - Started process (PID=194) to work on /home/airflow/.local/lib/python3.6/site-packages/airflow/example_dags/example_latest_only_with_trigger.py
[2023-06-10 23:32:55,666] {scheduler_job.py:629} INFO - Processing file /home/airflow/.local/lib/python3.6/site-packages/airflow/example_dags/example_latest_only_with_trigger.py for tasks to queue
[2023-06-10 23:32:55,667] {logging_mixin.py:104} INFO - [2023-06-10 23:32:55,667] {dagbag.py:451} INFO - Filling up the DagBag from /home/airflow/.local/lib/python3.6/site-packages/airflow/example_dags/example_latest_only_with_trigger.py
[2023-06-10 23:32:55,678] {scheduler_job.py:639} INFO - DAG(s) dict_keys(['latest_only_with_trigger']) retrieved from /home/airflow/.local/lib/python3.6/site-packages/airflow/example_dags/example_latest_only_with_trigger.py
[2023-06-10 23:32:55,699] {logging_mixin.py:104} INFO - [2023-06-10 23:32:55,699] {dag.py:1824} INFO - Sync 1 DAGs
[2023-06-10 23:32:55,709] {logging_mixin.py:104} INFO - [2023-06-10 23:32:55,708] {dag.py:1843} INFO - Creating ORM DAG for latest_only_with_trigger
[2023-06-10 23:32:55,714] {logging_mixin.py:104} INFO - [2023-06-10 23:32:55,714] {dag.py:2280} INFO - Setting next_dagrun for latest_only_with_trigger to 2023-06-08 00:00:00+00:00
[2023-06-10 23:32:55,738] {scheduler_job.py:190} INFO - Processing /home/airflow/.local/lib/python3.6/site-packages/airflow/example_dags/example_latest_only_with_trigger.py took 0.076 seconds
[2023-06-10 23:33:26,059] {scheduler_job.py:182} INFO - Started process (PID=324) to work on /home/airflow/.local/lib/python3.6/site-packages/airflow/example_dags/example_latest_only_with_trigger.py
[2023-06-10 23:33:26,062] {scheduler_job.py:629} INFO - Processing file /home/airflow/.local/lib/python3.6/site-packages/airflow/example_dags/example_latest_only_with_trigger.py for tasks to queue
[2023-06-10 23:33:26,063] {logging_mixin.py:104} INFO - [2023-06-10 23:33:26,063] {dagbag.py:451} INFO - Filling up the DagBag from /home/airflow/.local/lib/python3.6/site-packages/airflow/example_dags/example_latest_only_with_trigger.py
[2023-06-10 23:33:26,074] {scheduler_job.py:639} INFO - DAG(s) dict_keys(['latest_only_with_trigger']) retrieved from /home/airflow/.local/lib/python3.6/site-packages/airflow/example_dags/example_latest_only_with_trigger.py
[2023-06-10 23:33:26,096] {logging_mixin.py:104} INFO - [2023-06-10 23:33:26,096] {dag.py:1824} INFO - Sync 1 DAGs
[2023-06-10 23:33:26,111] {logging_mixin.py:104} INFO - [2023-06-10 23:33:26,111] {dag.py:2280} INFO - Setting next_dagrun for latest_only_with_trigger to 2023-06-08 00:00:00+00:00
[2023-06-10 23:33:26,126] {scheduler_job.py:190} INFO - Processing /home/airflow/.local/lib/python3.6/site-packages/airflow/example_dags/example_latest_only_with_trigger.py took 0.070 seconds
[2023-06-10 23:33:56,584] {scheduler_job.py:182} INFO - Started process (PID=466) to work on /home/airflow/.local/lib/python3.6/site-packages/airflow/example_dags/example_latest_only_with_trigger.py
[2023-06-10 23:33:56,585] {scheduler_job.py:629} INFO - Processing file /home/airflow/.local/lib/python3.6/site-packages/airflow/example_dags/example_latest_only_with_trigger.py for tasks to queue
[2023-06-10 23:33:56,587] {logging_mixin.py:104} INFO - [2023-06-10 23:33:56,586] {dagbag.py:451} INFO - Filling up the DagBag from /home/airflow/.local/lib/python3.6/site-packages/airflow/example_dags/example_latest_only_with_trigger.py
[2023-06-10 23:33:56,598] {scheduler_job.py:639} INFO - DAG(s) dict_keys(['latest_only_with_trigger']) retrieved from /home/airflow/.local/lib/python3.6/site-packages/airflow/example_dags/example_latest_only_with_trigger.py
[2023-06-10 23:33:56,618] {logging_mixin.py:104} INFO - [2023-06-10 23:33:56,618] {dag.py:1824} INFO - Sync 1 DAGs
[2023-06-10 23:33:56,630] {logging_mixin.py:104} INFO - [2023-06-10 23:33:56,630] {dag.py:2280} INFO - Setting next_dagrun for latest_only_with_trigger to 2023-06-08 00:00:00+00:00
[2023-06-10 23:33:56,642] {scheduler_job.py:190} INFO - Processing /home/airflow/.local/lib/python3.6/site-packages/airflow/example_dags/example_latest_only_with_trigger.py took 0.061 seconds
[2023-06-10 23:34:27,116] {scheduler_job.py:182} INFO - Started process (PID=599) to work on /home/airflow/.local/lib/python3.6/site-packages/airflow/example_dags/example_latest_only_with_trigger.py
[2023-06-10 23:34:27,119] {scheduler_job.py:629} INFO - Processing file /home/airflow/.local/lib/python3.6/site-packages/airflow/example_dags/example_latest_only_with_trigger.py for tasks to queue
[2023-06-10 23:34:27,123] {logging_mixin.py:104} INFO - [2023-06-10 23:34:27,123] {dagbag.py:451} INFO - Filling up the DagBag from /home/airflow/.local/lib/python3.6/site-packages/airflow/example_dags/example_latest_only_with_trigger.py
[2023-06-10 23:34:27,134] {scheduler_job.py:639} INFO - DAG(s) dict_keys(['latest_only_with_trigger']) retrieved from /home/airflow/.local/lib/python3.6/site-packages/airflow/example_dags/example_latest_only_with_trigger.py
[2023-06-10 23:34:27,162] {logging_mixin.py:104} INFO - [2023-06-10 23:34:27,162] {dag.py:1824} INFO - Sync 1 DAGs
[2023-06-10 23:34:27,183] {logging_mixin.py:104} INFO - [2023-06-10 23:34:27,183] {dag.py:2280} INFO - Setting next_dagrun for latest_only_with_trigger to 2023-06-08 00:00:00+00:00
[2023-06-10 23:34:27,199] {scheduler_job.py:190} INFO - Processing /home/airflow/.local/lib/python3.6/site-packages/airflow/example_dags/example_latest_only_with_trigger.py took 0.087 seconds
[2023-06-10 23:34:58,120] {scheduler_job.py:182} INFO - Started process (PID=749) to work on /home/airflow/.local/lib/python3.6/site-packages/airflow/example_dags/example_latest_only_with_trigger.py
[2023-06-10 23:34:58,122] {scheduler_job.py:629} INFO - Processing file /home/airflow/.local/lib/python3.6/site-packages/airflow/example_dags/example_latest_only_with_trigger.py for tasks to queue
[2023-06-10 23:34:58,125] {logging_mixin.py:104} INFO - [2023-06-10 23:34:58,125] {dagbag.py:451} INFO - Filling up the DagBag from /home/airflow/.local/lib/python3.6/site-packages/airflow/example_dags/example_latest_only_with_trigger.py
[2023-06-10 23:34:58,144] {scheduler_job.py:639} INFO - DAG(s) dict_keys(['latest_only_with_trigger']) retrieved from /home/airflow/.local/lib/python3.6/site-packages/airflow/example_dags/example_latest_only_with_trigger.py
[2023-06-10 23:34:58,181] {logging_mixin.py:104} INFO - [2023-06-10 23:34:58,181] {dag.py:1824} INFO - Sync 1 DAGs
[2023-06-10 23:34:58,204] {logging_mixin.py:104} INFO - [2023-06-10 23:34:58,203] {dag.py:2280} INFO - Setting next_dagrun for latest_only_with_trigger to 2023-06-08 00:00:00+00:00
[2023-06-10 23:34:58,221] {scheduler_job.py:190} INFO - Processing /home/airflow/.local/lib/python3.6/site-packages/airflow/example_dags/example_latest_only_with_trigger.py took 0.106 seconds
[2023-06-10 23:35:28,572] {scheduler_job.py:182} INFO - Started process (PID=889) to work on /home/airflow/.local/lib/python3.6/site-packages/airflow/example_dags/example_latest_only_with_trigger.py
[2023-06-10 23:35:28,574] {scheduler_job.py:629} INFO - Processing file /home/airflow/.local/lib/python3.6/site-packages/airflow/example_dags/example_latest_only_with_trigger.py for tasks to queue
[2023-06-10 23:35:28,575] {logging_mixin.py:104} INFO - [2023-06-10 23:35:28,575] {dagbag.py:451} INFO - Filling up the DagBag from /home/airflow/.local/lib/python3.6/site-packages/airflow/example_dags/example_latest_only_with_trigger.py
[2023-06-10 23:35:28,588] {scheduler_job.py:639} INFO - DAG(s) dict_keys(['latest_only_with_trigger']) retrieved from /home/airflow/.local/lib/python3.6/site-packages/airflow/example_dags/example_latest_only_with_trigger.py
[2023-06-10 23:35:28,617] {logging_mixin.py:104} INFO - [2023-06-10 23:35:28,617] {dag.py:1824} INFO - Sync 1 DAGs
[2023-06-10 23:35:28,632] {logging_mixin.py:104} INFO - [2023-06-10 23:35:28,632] {dag.py:2280} INFO - Setting next_dagrun for latest_only_with_trigger to 2023-06-08 00:00:00+00:00
[2023-06-10 23:35:28,643] {scheduler_job.py:190} INFO - Processing /home/airflow/.local/lib/python3.6/site-packages/airflow/example_dags/example_latest_only_with_trigger.py took 0.074 seconds
[2023-06-10 23:35:58,888] {scheduler_job.py:182} INFO - Started process (PID=1014) to work on /home/airflow/.local/lib/python3.6/site-packages/airflow/example_dags/example_latest_only_with_trigger.py
[2023-06-10 23:35:58,890] {scheduler_job.py:629} INFO - Processing file /home/airflow/.local/lib/python3.6/site-packages/airflow/example_dags/example_latest_only_with_trigger.py for tasks to queue
[2023-06-10 23:35:58,891] {logging_mixin.py:104} INFO - [2023-06-10 23:35:58,891] {dagbag.py:451} INFO - Filling up the DagBag from /home/airflow/.local/lib/python3.6/site-packages/airflow/example_dags/example_latest_only_with_trigger.py
[2023-06-10 23:35:58,902] {scheduler_job.py:639} INFO - DAG(s) dict_keys(['latest_only_with_trigger']) retrieved from /home/airflow/.local/lib/python3.6/site-packages/airflow/example_dags/example_latest_only_with_trigger.py
[2023-06-10 23:35:58,927] {logging_mixin.py:104} INFO - [2023-06-10 23:35:58,926] {dag.py:1824} INFO - Sync 1 DAGs
[2023-06-10 23:35:58,943] {logging_mixin.py:104} INFO - [2023-06-10 23:35:58,943] {dag.py:2280} INFO - Setting next_dagrun for latest_only_with_trigger to 2023-06-08 00:00:00+00:00
[2023-06-10 23:35:58,958] {scheduler_job.py:190} INFO - Processing /home/airflow/.local/lib/python3.6/site-packages/airflow/example_dags/example_latest_only_with_trigger.py took 0.075 seconds
[2023-06-10 23:36:29,686] {scheduler_job.py:182} INFO - Started process (PID=1139) to work on /home/airflow/.local/lib/python3.6/site-packages/airflow/example_dags/example_latest_only_with_trigger.py
[2023-06-10 23:36:29,688] {scheduler_job.py:629} INFO - Processing file /home/airflow/.local/lib/python3.6/site-packages/airflow/example_dags/example_latest_only_with_trigger.py for tasks to queue
[2023-06-10 23:36:29,689] {logging_mixin.py:104} INFO - [2023-06-10 23:36:29,688] {dagbag.py:451} INFO - Filling up the DagBag from /home/airflow/.local/lib/python3.6/site-packages/airflow/example_dags/example_latest_only_with_trigger.py
[2023-06-10 23:36:29,700] {scheduler_job.py:639} INFO - DAG(s) dict_keys(['latest_only_with_trigger']) retrieved from /home/airflow/.local/lib/python3.6/site-packages/airflow/example_dags/example_latest_only_with_trigger.py
[2023-06-10 23:36:29,720] {logging_mixin.py:104} INFO - [2023-06-10 23:36:29,720] {dag.py:1824} INFO - Sync 1 DAGs
[2023-06-10 23:36:29,734] {logging_mixin.py:104} INFO - [2023-06-10 23:36:29,734] {dag.py:2280} INFO - Setting next_dagrun for latest_only_with_trigger to 2023-06-08 00:00:00+00:00
[2023-06-10 23:36:29,744] {scheduler_job.py:190} INFO - Processing /home/airflow/.local/lib/python3.6/site-packages/airflow/example_dags/example_latest_only_with_trigger.py took 0.061 seconds
[2023-06-10 23:37:06,303] {scheduler_job.py:182} INFO - Started process (PID=264) to work on /home/airflow/.local/lib/python3.6/site-packages/airflow/example_dags/example_latest_only_with_trigger.py
[2023-06-10 23:37:06,307] {scheduler_job.py:629} INFO - Processing file /home/airflow/.local/lib/python3.6/site-packages/airflow/example_dags/example_latest_only_with_trigger.py for tasks to queue
[2023-06-10 23:37:06,310] {logging_mixin.py:104} INFO - [2023-06-10 23:37:06,309] {dagbag.py:451} INFO - Filling up the DagBag from /home/airflow/.local/lib/python3.6/site-packages/airflow/example_dags/example_latest_only_with_trigger.py
[2023-06-10 23:37:06,334] {scheduler_job.py:639} INFO - DAG(s) dict_keys(['latest_only_with_trigger']) retrieved from /home/airflow/.local/lib/python3.6/site-packages/airflow/example_dags/example_latest_only_with_trigger.py
[2023-06-10 23:37:06,377] {logging_mixin.py:104} INFO - [2023-06-10 23:37:06,377] {dag.py:1824} INFO - Sync 1 DAGs
[2023-06-10 23:37:06,416] {logging_mixin.py:104} INFO - [2023-06-10 23:37:06,416] {dag.py:2280} INFO - Setting next_dagrun for latest_only_with_trigger to 2023-06-08 00:00:00+00:00
[2023-06-10 23:37:06,440] {scheduler_job.py:190} INFO - Processing /home/airflow/.local/lib/python3.6/site-packages/airflow/example_dags/example_latest_only_with_trigger.py took 0.144 seconds
[2023-06-10 23:37:37,093] {scheduler_job.py:182} INFO - Started process (PID=409) to work on /home/airflow/.local/lib/python3.6/site-packages/airflow/example_dags/example_latest_only_with_trigger.py
[2023-06-10 23:37:37,098] {scheduler_job.py:629} INFO - Processing file /home/airflow/.local/lib/python3.6/site-packages/airflow/example_dags/example_latest_only_with_trigger.py for tasks to queue
[2023-06-10 23:37:37,101] {logging_mixin.py:104} INFO - [2023-06-10 23:37:37,100] {dagbag.py:451} INFO - Filling up the DagBag from /home/airflow/.local/lib/python3.6/site-packages/airflow/example_dags/example_latest_only_with_trigger.py
[2023-06-10 23:37:37,129] {scheduler_job.py:639} INFO - DAG(s) dict_keys(['latest_only_with_trigger']) retrieved from /home/airflow/.local/lib/python3.6/site-packages/airflow/example_dags/example_latest_only_with_trigger.py
[2023-06-10 23:37:37,177] {logging_mixin.py:104} INFO - [2023-06-10 23:37:37,176] {dag.py:1824} INFO - Sync 1 DAGs
[2023-06-10 23:37:37,203] {logging_mixin.py:104} INFO - [2023-06-10 23:37:37,203] {dag.py:2280} INFO - Setting next_dagrun for latest_only_with_trigger to 2023-06-08 00:00:00+00:00
[2023-06-10 23:37:37,227] {scheduler_job.py:190} INFO - Processing /home/airflow/.local/lib/python3.6/site-packages/airflow/example_dags/example_latest_only_with_trigger.py took 0.140 seconds
[2023-06-10 23:38:07,684] {scheduler_job.py:182} INFO - Started process (PID=544) to work on /home/airflow/.local/lib/python3.6/site-packages/airflow/example_dags/example_latest_only_with_trigger.py
[2023-06-10 23:38:07,685] {scheduler_job.py:629} INFO - Processing file /home/airflow/.local/lib/python3.6/site-packages/airflow/example_dags/example_latest_only_with_trigger.py for tasks to queue
[2023-06-10 23:38:07,687] {logging_mixin.py:104} INFO - [2023-06-10 23:38:07,686] {dagbag.py:451} INFO - Filling up the DagBag from /home/airflow/.local/lib/python3.6/site-packages/airflow/example_dags/example_latest_only_with_trigger.py
[2023-06-10 23:38:07,696] {scheduler_job.py:639} INFO - DAG(s) dict_keys(['latest_only_with_trigger']) retrieved from /home/airflow/.local/lib/python3.6/site-packages/airflow/example_dags/example_latest_only_with_trigger.py
[2023-06-10 23:38:07,714] {logging_mixin.py:104} INFO - [2023-06-10 23:38:07,714] {dag.py:1824} INFO - Sync 1 DAGs
[2023-06-10 23:38:07,727] {logging_mixin.py:104} INFO - [2023-06-10 23:38:07,727] {dag.py:2280} INFO - Setting next_dagrun for latest_only_with_trigger to 2023-06-08 00:00:00+00:00
[2023-06-10 23:38:07,739] {scheduler_job.py:190} INFO - Processing /home/airflow/.local/lib/python3.6/site-packages/airflow/example_dags/example_latest_only_with_trigger.py took 0.058 seconds
[2023-06-10 23:38:38,000] {scheduler_job.py:182} INFO - Started process (PID=631) to work on /home/airflow/.local/lib/python3.6/site-packages/airflow/example_dags/example_latest_only_with_trigger.py
[2023-06-10 23:38:38,002] {scheduler_job.py:629} INFO - Processing file /home/airflow/.local/lib/python3.6/site-packages/airflow/example_dags/example_latest_only_with_trigger.py for tasks to queue
[2023-06-10 23:38:38,004] {logging_mixin.py:104} INFO - [2023-06-10 23:38:38,003] {dagbag.py:451} INFO - Filling up the DagBag from /home/airflow/.local/lib/python3.6/site-packages/airflow/example_dags/example_latest_only_with_trigger.py
[2023-06-10 23:38:38,014] {scheduler_job.py:639} INFO - DAG(s) dict_keys(['latest_only_with_trigger']) retrieved from /home/airflow/.local/lib/python3.6/site-packages/airflow/example_dags/example_latest_only_with_trigger.py
[2023-06-10 23:38:38,036] {logging_mixin.py:104} INFO - [2023-06-10 23:38:38,036] {dag.py:1824} INFO - Sync 1 DAGs
[2023-06-10 23:38:38,051] {logging_mixin.py:104} INFO - [2023-06-10 23:38:38,051] {dag.py:2280} INFO - Setting next_dagrun for latest_only_with_trigger to 2023-06-08 00:00:00+00:00
[2023-06-10 23:38:38,064] {scheduler_job.py:190} INFO - Processing /home/airflow/.local/lib/python3.6/site-packages/airflow/example_dags/example_latest_only_with_trigger.py took 0.067 seconds
[2023-06-10 23:39:08,744] {scheduler_job.py:182} INFO - Started process (PID=761) to work on /home/airflow/.local/lib/python3.6/site-packages/airflow/example_dags/example_latest_only_with_trigger.py
[2023-06-10 23:39:08,745] {scheduler_job.py:629} INFO - Processing file /home/airflow/.local/lib/python3.6/site-packages/airflow/example_dags/example_latest_only_with_trigger.py for tasks to queue
[2023-06-10 23:39:08,747] {logging_mixin.py:104} INFO - [2023-06-10 23:39:08,746] {dagbag.py:451} INFO - Filling up the DagBag from /home/airflow/.local/lib/python3.6/site-packages/airflow/example_dags/example_latest_only_with_trigger.py
[2023-06-10 23:39:08,756] {scheduler_job.py:639} INFO - DAG(s) dict_keys(['latest_only_with_trigger']) retrieved from /home/airflow/.local/lib/python3.6/site-packages/airflow/example_dags/example_latest_only_with_trigger.py
[2023-06-10 23:39:08,776] {logging_mixin.py:104} INFO - [2023-06-10 23:39:08,776] {dag.py:1824} INFO - Sync 1 DAGs
[2023-06-10 23:39:08,789] {logging_mixin.py:104} INFO - [2023-06-10 23:39:08,789] {dag.py:2280} INFO - Setting next_dagrun for latest_only_with_trigger to 2023-06-08 00:00:00+00:00
[2023-06-10 23:39:08,802] {scheduler_job.py:190} INFO - Processing /home/airflow/.local/lib/python3.6/site-packages/airflow/example_dags/example_latest_only_with_trigger.py took 0.062 seconds
[2023-06-10 23:39:39,200] {scheduler_job.py:182} INFO - Started process (PID=893) to work on /home/airflow/.local/lib/python3.6/site-packages/airflow/example_dags/example_latest_only_with_trigger.py
[2023-06-10 23:39:39,202] {scheduler_job.py:629} INFO - Processing file /home/airflow/.local/lib/python3.6/site-packages/airflow/example_dags/example_latest_only_with_trigger.py for tasks to queue
[2023-06-10 23:39:39,204] {logging_mixin.py:104} INFO - [2023-06-10 23:39:39,203] {dagbag.py:451} INFO - Filling up the DagBag from /home/airflow/.local/lib/python3.6/site-packages/airflow/example_dags/example_latest_only_with_trigger.py
[2023-06-10 23:39:39,215] {scheduler_job.py:639} INFO - DAG(s) dict_keys(['latest_only_with_trigger']) retrieved from /home/airflow/.local/lib/python3.6/site-packages/airflow/example_dags/example_latest_only_with_trigger.py
[2023-06-10 23:39:39,236] {logging_mixin.py:104} INFO - [2023-06-10 23:39:39,236] {dag.py:1824} INFO - Sync 1 DAGs
[2023-06-10 23:39:39,253] {logging_mixin.py:104} INFO - [2023-06-10 23:39:39,253] {dag.py:2280} INFO - Setting next_dagrun for latest_only_with_trigger to 2023-06-08 00:00:00+00:00
[2023-06-10 23:39:39,266] {scheduler_job.py:190} INFO - Processing /home/airflow/.local/lib/python3.6/site-packages/airflow/example_dags/example_latest_only_with_trigger.py took 0.072 seconds
