[2023-06-10 23:32:55,746] {scheduler_job.py:182} INFO - Started process (PID=199) to work on /home/airflow/.local/lib/python3.6/site-packages/airflow/example_dags/example_latest_only.py
[2023-06-10 23:32:55,747] {scheduler_job.py:629} INFO - Processing file /home/airflow/.local/lib/python3.6/site-packages/airflow/example_dags/example_latest_only.py for tasks to queue
[2023-06-10 23:32:55,749] {logging_mixin.py:104} INFO - [2023-06-10 23:32:55,749] {dagbag.py:451} INFO - Filling up the DagBag from /home/airflow/.local/lib/python3.6/site-packages/airflow/example_dags/example_latest_only.py
[2023-06-10 23:32:55,758] {scheduler_job.py:639} INFO - DAG(s) dict_keys(['latest_only']) retrieved from /home/airflow/.local/lib/python3.6/site-packages/airflow/example_dags/example_latest_only.py
[2023-06-10 23:32:55,780] {logging_mixin.py:104} INFO - [2023-06-10 23:32:55,780] {dag.py:1824} INFO - Sync 1 DAGs
[2023-06-10 23:32:55,789] {logging_mixin.py:104} INFO - [2023-06-10 23:32:55,789] {dag.py:1843} INFO - Creating ORM DAG for latest_only
[2023-06-10 23:32:55,794] {logging_mixin.py:104} INFO - [2023-06-10 23:32:55,793] {dag.py:2280} INFO - Setting next_dagrun for latest_only to 2023-06-08 00:00:00+00:00
[2023-06-10 23:32:55,806] {scheduler_job.py:190} INFO - Processing /home/airflow/.local/lib/python3.6/site-packages/airflow/example_dags/example_latest_only.py took 0.065 seconds
[2023-06-10 23:33:26,382] {scheduler_job.py:182} INFO - Started process (PID=359) to work on /home/airflow/.local/lib/python3.6/site-packages/airflow/example_dags/example_latest_only.py
[2023-06-10 23:33:26,384] {scheduler_job.py:629} INFO - Processing file /home/airflow/.local/lib/python3.6/site-packages/airflow/example_dags/example_latest_only.py for tasks to queue
[2023-06-10 23:33:26,385] {logging_mixin.py:104} INFO - [2023-06-10 23:33:26,385] {dagbag.py:451} INFO - Filling up the DagBag from /home/airflow/.local/lib/python3.6/site-packages/airflow/example_dags/example_latest_only.py
[2023-06-10 23:33:26,396] {scheduler_job.py:639} INFO - DAG(s) dict_keys(['latest_only']) retrieved from /home/airflow/.local/lib/python3.6/site-packages/airflow/example_dags/example_latest_only.py
[2023-06-10 23:33:26,413] {logging_mixin.py:104} INFO - [2023-06-10 23:33:26,413] {dag.py:1824} INFO - Sync 1 DAGs
[2023-06-10 23:33:26,427] {logging_mixin.py:104} INFO - [2023-06-10 23:33:26,426] {dag.py:2280} INFO - Setting next_dagrun for latest_only to 2023-06-08 00:00:00+00:00
[2023-06-10 23:33:26,437] {scheduler_job.py:190} INFO - Processing /home/airflow/.local/lib/python3.6/site-packages/airflow/example_dags/example_latest_only.py took 0.059 seconds
[2023-06-10 23:33:56,835] {scheduler_job.py:182} INFO - Started process (PID=499) to work on /home/airflow/.local/lib/python3.6/site-packages/airflow/example_dags/example_latest_only.py
[2023-06-10 23:33:56,837] {scheduler_job.py:629} INFO - Processing file /home/airflow/.local/lib/python3.6/site-packages/airflow/example_dags/example_latest_only.py for tasks to queue
[2023-06-10 23:33:56,838] {logging_mixin.py:104} INFO - [2023-06-10 23:33:56,838] {dagbag.py:451} INFO - Filling up the DagBag from /home/airflow/.local/lib/python3.6/site-packages/airflow/example_dags/example_latest_only.py
[2023-06-10 23:33:56,846] {scheduler_job.py:639} INFO - DAG(s) dict_keys(['latest_only']) retrieved from /home/airflow/.local/lib/python3.6/site-packages/airflow/example_dags/example_latest_only.py
[2023-06-10 23:33:56,864] {logging_mixin.py:104} INFO - [2023-06-10 23:33:56,864] {dag.py:1824} INFO - Sync 1 DAGs
[2023-06-10 23:33:56,877] {logging_mixin.py:104} INFO - [2023-06-10 23:33:56,877] {dag.py:2280} INFO - Setting next_dagrun for latest_only to 2023-06-08 00:00:00+00:00
[2023-06-10 23:33:56,889] {scheduler_job.py:190} INFO - Processing /home/airflow/.local/lib/python3.6/site-packages/airflow/example_dags/example_latest_only.py took 0.056 seconds
[2023-06-10 23:34:27,359] {scheduler_job.py:182} INFO - Started process (PID=619) to work on /home/airflow/.local/lib/python3.6/site-packages/airflow/example_dags/example_latest_only.py
[2023-06-10 23:34:27,360] {scheduler_job.py:629} INFO - Processing file /home/airflow/.local/lib/python3.6/site-packages/airflow/example_dags/example_latest_only.py for tasks to queue
[2023-06-10 23:34:27,362] {logging_mixin.py:104} INFO - [2023-06-10 23:34:27,362] {dagbag.py:451} INFO - Filling up the DagBag from /home/airflow/.local/lib/python3.6/site-packages/airflow/example_dags/example_latest_only.py
[2023-06-10 23:34:27,371] {scheduler_job.py:639} INFO - DAG(s) dict_keys(['latest_only']) retrieved from /home/airflow/.local/lib/python3.6/site-packages/airflow/example_dags/example_latest_only.py
[2023-06-10 23:34:27,398] {logging_mixin.py:104} INFO - [2023-06-10 23:34:27,398] {dag.py:1824} INFO - Sync 1 DAGs
[2023-06-10 23:34:27,413] {logging_mixin.py:104} INFO - [2023-06-10 23:34:27,412] {dag.py:2280} INFO - Setting next_dagrun for latest_only to 2023-06-08 00:00:00+00:00
[2023-06-10 23:34:27,458] {scheduler_job.py:190} INFO - Processing /home/airflow/.local/lib/python3.6/site-packages/airflow/example_dags/example_latest_only.py took 0.103 seconds
[2023-06-10 23:34:58,027] {scheduler_job.py:182} INFO - Started process (PID=744) to work on /home/airflow/.local/lib/python3.6/site-packages/airflow/example_dags/example_latest_only.py
[2023-06-10 23:34:58,029] {scheduler_job.py:629} INFO - Processing file /home/airflow/.local/lib/python3.6/site-packages/airflow/example_dags/example_latest_only.py for tasks to queue
[2023-06-10 23:34:58,030] {logging_mixin.py:104} INFO - [2023-06-10 23:34:58,030] {dagbag.py:451} INFO - Filling up the DagBag from /home/airflow/.local/lib/python3.6/site-packages/airflow/example_dags/example_latest_only.py
[2023-06-10 23:34:58,048] {scheduler_job.py:639} INFO - DAG(s) dict_keys(['latest_only']) retrieved from /home/airflow/.local/lib/python3.6/site-packages/airflow/example_dags/example_latest_only.py
[2023-06-10 23:34:58,077] {logging_mixin.py:104} INFO - [2023-06-10 23:34:58,077] {dag.py:1824} INFO - Sync 1 DAGs
[2023-06-10 23:34:58,103] {logging_mixin.py:104} INFO - [2023-06-10 23:34:58,103] {dag.py:2280} INFO - Setting next_dagrun for latest_only to 2023-06-08 00:00:00+00:00
[2023-06-10 23:34:58,124] {scheduler_job.py:190} INFO - Processing /home/airflow/.local/lib/python3.6/site-packages/airflow/example_dags/example_latest_only.py took 0.103 seconds
[2023-06-10 23:35:28,326] {scheduler_job.py:182} INFO - Started process (PID=874) to work on /home/airflow/.local/lib/python3.6/site-packages/airflow/example_dags/example_latest_only.py
[2023-06-10 23:35:28,328] {scheduler_job.py:629} INFO - Processing file /home/airflow/.local/lib/python3.6/site-packages/airflow/example_dags/example_latest_only.py for tasks to queue
[2023-06-10 23:35:28,330] {logging_mixin.py:104} INFO - [2023-06-10 23:35:28,330] {dagbag.py:451} INFO - Filling up the DagBag from /home/airflow/.local/lib/python3.6/site-packages/airflow/example_dags/example_latest_only.py
[2023-06-10 23:35:28,342] {scheduler_job.py:639} INFO - DAG(s) dict_keys(['latest_only']) retrieved from /home/airflow/.local/lib/python3.6/site-packages/airflow/example_dags/example_latest_only.py
[2023-06-10 23:35:28,364] {logging_mixin.py:104} INFO - [2023-06-10 23:35:28,364] {dag.py:1824} INFO - Sync 1 DAGs
[2023-06-10 23:35:28,382] {logging_mixin.py:104} INFO - [2023-06-10 23:35:28,382] {dag.py:2280} INFO - Setting next_dagrun for latest_only to 2023-06-08 00:00:00+00:00
[2023-06-10 23:35:28,461] {scheduler_job.py:190} INFO - Processing /home/airflow/.local/lib/python3.6/site-packages/airflow/example_dags/example_latest_only.py took 0.138 seconds
[2023-06-10 23:35:59,044] {scheduler_job.py:182} INFO - Started process (PID=1029) to work on /home/airflow/.local/lib/python3.6/site-packages/airflow/example_dags/example_latest_only.py
[2023-06-10 23:35:59,046] {scheduler_job.py:629} INFO - Processing file /home/airflow/.local/lib/python3.6/site-packages/airflow/example_dags/example_latest_only.py for tasks to queue
[2023-06-10 23:35:59,047] {logging_mixin.py:104} INFO - [2023-06-10 23:35:59,047] {dagbag.py:451} INFO - Filling up the DagBag from /home/airflow/.local/lib/python3.6/site-packages/airflow/example_dags/example_latest_only.py
[2023-06-10 23:35:59,061] {scheduler_job.py:639} INFO - DAG(s) dict_keys(['latest_only']) retrieved from /home/airflow/.local/lib/python3.6/site-packages/airflow/example_dags/example_latest_only.py
[2023-06-10 23:35:59,084] {logging_mixin.py:104} INFO - [2023-06-10 23:35:59,083] {dag.py:1824} INFO - Sync 1 DAGs
[2023-06-10 23:35:59,100] {logging_mixin.py:104} INFO - [2023-06-10 23:35:59,099] {dag.py:2280} INFO - Setting next_dagrun for latest_only to 2023-06-08 00:00:00+00:00
[2023-06-10 23:35:59,114] {scheduler_job.py:190} INFO - Processing /home/airflow/.local/lib/python3.6/site-packages/airflow/example_dags/example_latest_only.py took 0.074 seconds
[2023-06-10 23:36:29,642] {scheduler_job.py:182} INFO - Started process (PID=1134) to work on /home/airflow/.local/lib/python3.6/site-packages/airflow/example_dags/example_latest_only.py
[2023-06-10 23:36:29,643] {scheduler_job.py:629} INFO - Processing file /home/airflow/.local/lib/python3.6/site-packages/airflow/example_dags/example_latest_only.py for tasks to queue
[2023-06-10 23:36:29,644] {logging_mixin.py:104} INFO - [2023-06-10 23:36:29,644] {dagbag.py:451} INFO - Filling up the DagBag from /home/airflow/.local/lib/python3.6/site-packages/airflow/example_dags/example_latest_only.py
[2023-06-10 23:36:29,653] {scheduler_job.py:639} INFO - DAG(s) dict_keys(['latest_only']) retrieved from /home/airflow/.local/lib/python3.6/site-packages/airflow/example_dags/example_latest_only.py
[2023-06-10 23:36:29,671] {logging_mixin.py:104} INFO - [2023-06-10 23:36:29,671] {dag.py:1824} INFO - Sync 1 DAGs
[2023-06-10 23:36:29,686] {logging_mixin.py:104} INFO - [2023-06-10 23:36:29,686] {dag.py:2280} INFO - Setting next_dagrun for latest_only to 2023-06-08 00:00:00+00:00
[2023-06-10 23:36:29,697] {scheduler_job.py:190} INFO - Processing /home/airflow/.local/lib/python3.6/site-packages/airflow/example_dags/example_latest_only.py took 0.058 seconds
[2023-06-10 23:37:03,657] {scheduler_job.py:182} INFO - Started process (PID=204) to work on /home/airflow/.local/lib/python3.6/site-packages/airflow/example_dags/example_latest_only.py
[2023-06-10 23:37:03,669] {scheduler_job.py:629} INFO - Processing file /home/airflow/.local/lib/python3.6/site-packages/airflow/example_dags/example_latest_only.py for tasks to queue
[2023-06-10 23:37:03,673] {logging_mixin.py:104} INFO - [2023-06-10 23:37:03,672] {dagbag.py:451} INFO - Filling up the DagBag from /home/airflow/.local/lib/python3.6/site-packages/airflow/example_dags/example_latest_only.py
[2023-06-10 23:37:03,720] {scheduler_job.py:639} INFO - DAG(s) dict_keys(['latest_only']) retrieved from /home/airflow/.local/lib/python3.6/site-packages/airflow/example_dags/example_latest_only.py
[2023-06-10 23:37:03,836] {logging_mixin.py:104} INFO - [2023-06-10 23:37:03,835] {dag.py:1824} INFO - Sync 1 DAGs
[2023-06-10 23:37:03,933] {logging_mixin.py:104} INFO - [2023-06-10 23:37:03,933] {dag.py:2280} INFO - Setting next_dagrun for latest_only to 2023-06-08 00:00:00+00:00
[2023-06-10 23:37:04,035] {scheduler_job.py:190} INFO - Processing /home/airflow/.local/lib/python3.6/site-packages/airflow/example_dags/example_latest_only.py took 0.391 seconds
[2023-06-10 23:37:34,763] {scheduler_job.py:182} INFO - Started process (PID=338) to work on /home/airflow/.local/lib/python3.6/site-packages/airflow/example_dags/example_latest_only.py
[2023-06-10 23:37:34,765] {scheduler_job.py:629} INFO - Processing file /home/airflow/.local/lib/python3.6/site-packages/airflow/example_dags/example_latest_only.py for tasks to queue
[2023-06-10 23:37:34,767] {logging_mixin.py:104} INFO - [2023-06-10 23:37:34,767] {dagbag.py:451} INFO - Filling up the DagBag from /home/airflow/.local/lib/python3.6/site-packages/airflow/example_dags/example_latest_only.py
[2023-06-10 23:37:34,781] {scheduler_job.py:639} INFO - DAG(s) dict_keys(['latest_only']) retrieved from /home/airflow/.local/lib/python3.6/site-packages/airflow/example_dags/example_latest_only.py
[2023-06-10 23:37:34,811] {logging_mixin.py:104} INFO - [2023-06-10 23:37:34,811] {dag.py:1824} INFO - Sync 1 DAGs
[2023-06-10 23:37:34,831] {logging_mixin.py:104} INFO - [2023-06-10 23:37:34,830] {dag.py:2280} INFO - Setting next_dagrun for latest_only to 2023-06-08 00:00:00+00:00
[2023-06-10 23:37:34,848] {scheduler_job.py:190} INFO - Processing /home/airflow/.local/lib/python3.6/site-packages/airflow/example_dags/example_latest_only.py took 0.090 seconds
[2023-06-10 23:38:04,951] {scheduler_job.py:182} INFO - Started process (PID=468) to work on /home/airflow/.local/lib/python3.6/site-packages/airflow/example_dags/example_latest_only.py
[2023-06-10 23:38:04,954] {scheduler_job.py:629} INFO - Processing file /home/airflow/.local/lib/python3.6/site-packages/airflow/example_dags/example_latest_only.py for tasks to queue
[2023-06-10 23:38:04,955] {logging_mixin.py:104} INFO - [2023-06-10 23:38:04,954] {dagbag.py:451} INFO - Filling up the DagBag from /home/airflow/.local/lib/python3.6/site-packages/airflow/example_dags/example_latest_only.py
[2023-06-10 23:38:04,964] {scheduler_job.py:639} INFO - DAG(s) dict_keys(['latest_only']) retrieved from /home/airflow/.local/lib/python3.6/site-packages/airflow/example_dags/example_latest_only.py
[2023-06-10 23:38:04,983] {logging_mixin.py:104} INFO - [2023-06-10 23:38:04,983] {dag.py:1824} INFO - Sync 1 DAGs
[2023-06-10 23:38:04,997] {logging_mixin.py:104} INFO - [2023-06-10 23:38:04,997] {dag.py:2280} INFO - Setting next_dagrun for latest_only to 2023-06-08 00:00:00+00:00
[2023-06-10 23:38:05,012] {scheduler_job.py:190} INFO - Processing /home/airflow/.local/lib/python3.6/site-packages/airflow/example_dags/example_latest_only.py took 0.064 seconds
[2023-06-10 23:38:35,520] {scheduler_job.py:182} INFO - Started process (PID=599) to work on /home/airflow/.local/lib/python3.6/site-packages/airflow/example_dags/example_latest_only.py
[2023-06-10 23:38:35,522] {scheduler_job.py:629} INFO - Processing file /home/airflow/.local/lib/python3.6/site-packages/airflow/example_dags/example_latest_only.py for tasks to queue
[2023-06-10 23:38:35,524] {logging_mixin.py:104} INFO - [2023-06-10 23:38:35,524] {dagbag.py:451} INFO - Filling up the DagBag from /home/airflow/.local/lib/python3.6/site-packages/airflow/example_dags/example_latest_only.py
[2023-06-10 23:38:35,542] {scheduler_job.py:639} INFO - DAG(s) dict_keys(['latest_only']) retrieved from /home/airflow/.local/lib/python3.6/site-packages/airflow/example_dags/example_latest_only.py
[2023-06-10 23:38:35,578] {logging_mixin.py:104} INFO - [2023-06-10 23:38:35,578] {dag.py:1824} INFO - Sync 1 DAGs
[2023-06-10 23:38:35,605] {logging_mixin.py:104} INFO - [2023-06-10 23:38:35,605] {dag.py:2280} INFO - Setting next_dagrun for latest_only to 2023-06-08 00:00:00+00:00
[2023-06-10 23:38:35,624] {scheduler_job.py:190} INFO - Processing /home/airflow/.local/lib/python3.6/site-packages/airflow/example_dags/example_latest_only.py took 0.111 seconds
[2023-06-10 23:39:06,360] {scheduler_job.py:182} INFO - Started process (PID=729) to work on /home/airflow/.local/lib/python3.6/site-packages/airflow/example_dags/example_latest_only.py
[2023-06-10 23:39:06,362] {scheduler_job.py:629} INFO - Processing file /home/airflow/.local/lib/python3.6/site-packages/airflow/example_dags/example_latest_only.py for tasks to queue
[2023-06-10 23:39:06,363] {logging_mixin.py:104} INFO - [2023-06-10 23:39:06,363] {dagbag.py:451} INFO - Filling up the DagBag from /home/airflow/.local/lib/python3.6/site-packages/airflow/example_dags/example_latest_only.py
[2023-06-10 23:39:06,373] {scheduler_job.py:639} INFO - DAG(s) dict_keys(['latest_only']) retrieved from /home/airflow/.local/lib/python3.6/site-packages/airflow/example_dags/example_latest_only.py
[2023-06-10 23:39:06,396] {logging_mixin.py:104} INFO - [2023-06-10 23:39:06,396] {dag.py:1824} INFO - Sync 1 DAGs
[2023-06-10 23:39:06,412] {logging_mixin.py:104} INFO - [2023-06-10 23:39:06,412] {dag.py:2280} INFO - Setting next_dagrun for latest_only to 2023-06-08 00:00:00+00:00
[2023-06-10 23:39:06,428] {scheduler_job.py:190} INFO - Processing /home/airflow/.local/lib/python3.6/site-packages/airflow/example_dags/example_latest_only.py took 0.071 seconds
[2023-06-10 23:39:36,762] {scheduler_job.py:182} INFO - Started process (PID=858) to work on /home/airflow/.local/lib/python3.6/site-packages/airflow/example_dags/example_latest_only.py
[2023-06-10 23:39:36,764] {scheduler_job.py:629} INFO - Processing file /home/airflow/.local/lib/python3.6/site-packages/airflow/example_dags/example_latest_only.py for tasks to queue
[2023-06-10 23:39:36,765] {logging_mixin.py:104} INFO - [2023-06-10 23:39:36,765] {dagbag.py:451} INFO - Filling up the DagBag from /home/airflow/.local/lib/python3.6/site-packages/airflow/example_dags/example_latest_only.py
[2023-06-10 23:39:36,776] {scheduler_job.py:639} INFO - DAG(s) dict_keys(['latest_only']) retrieved from /home/airflow/.local/lib/python3.6/site-packages/airflow/example_dags/example_latest_only.py
[2023-06-10 23:39:36,796] {logging_mixin.py:104} INFO - [2023-06-10 23:39:36,795] {dag.py:1824} INFO - Sync 1 DAGs
[2023-06-10 23:39:36,810] {logging_mixin.py:104} INFO - [2023-06-10 23:39:36,810] {dag.py:2280} INFO - Setting next_dagrun for latest_only to 2023-06-08 00:00:00+00:00
[2023-06-10 23:39:36,821] {scheduler_job.py:190} INFO - Processing /home/airflow/.local/lib/python3.6/site-packages/airflow/example_dags/example_latest_only.py took 0.062 seconds
[2023-06-10 23:40:07,293] {scheduler_job.py:182} INFO - Started process (PID=988) to work on /home/airflow/.local/lib/python3.6/site-packages/airflow/example_dags/example_latest_only.py
[2023-06-10 23:40:07,294] {scheduler_job.py:629} INFO - Processing file /home/airflow/.local/lib/python3.6/site-packages/airflow/example_dags/example_latest_only.py for tasks to queue
[2023-06-10 23:40:07,295] {logging_mixin.py:104} INFO - [2023-06-10 23:40:07,295] {dagbag.py:451} INFO - Filling up the DagBag from /home/airflow/.local/lib/python3.6/site-packages/airflow/example_dags/example_latest_only.py
[2023-06-10 23:40:07,304] {scheduler_job.py:639} INFO - DAG(s) dict_keys(['latest_only']) retrieved from /home/airflow/.local/lib/python3.6/site-packages/airflow/example_dags/example_latest_only.py
[2023-06-10 23:40:07,327] {logging_mixin.py:104} INFO - [2023-06-10 23:40:07,327] {dag.py:1824} INFO - Sync 1 DAGs
[2023-06-10 23:40:07,340] {logging_mixin.py:104} INFO - [2023-06-10 23:40:07,340] {dag.py:2280} INFO - Setting next_dagrun for latest_only to 2023-06-08 00:00:00+00:00
[2023-06-10 23:40:07,354] {scheduler_job.py:190} INFO - Processing /home/airflow/.local/lib/python3.6/site-packages/airflow/example_dags/example_latest_only.py took 0.064 seconds
