[2023-06-10 23:32:56,413] {scheduler_job.py:182} INFO - Started process (PID=269) to work on /home/airflow/.local/lib/python3.6/site-packages/airflow/example_dags/example_trigger_target_dag.py
[2023-06-10 23:32:56,415] {scheduler_job.py:629} INFO - Processing file /home/airflow/.local/lib/python3.6/site-packages/airflow/example_dags/example_trigger_target_dag.py for tasks to queue
[2023-06-10 23:32:56,416] {logging_mixin.py:104} INFO - [2023-06-10 23:32:56,416] {dagbag.py:451} INFO - Filling up the DagBag from /home/airflow/.local/lib/python3.6/site-packages/airflow/example_dags/example_trigger_target_dag.py
[2023-06-10 23:32:56,426] {scheduler_job.py:639} INFO - DAG(s) dict_keys(['example_trigger_target_dag']) retrieved from /home/airflow/.local/lib/python3.6/site-packages/airflow/example_dags/example_trigger_target_dag.py
[2023-06-10 23:32:56,448] {logging_mixin.py:104} INFO - [2023-06-10 23:32:56,448] {dag.py:1824} INFO - Sync 1 DAGs
[2023-06-10 23:32:56,456] {logging_mixin.py:104} INFO - [2023-06-10 23:32:56,455] {dag.py:1843} INFO - Creating ORM DAG for example_trigger_target_dag
[2023-06-10 23:32:56,461] {logging_mixin.py:104} INFO - [2023-06-10 23:32:56,461] {dag.py:2280} INFO - Setting next_dagrun for example_trigger_target_dag to None
[2023-06-10 23:32:56,479] {scheduler_job.py:190} INFO - Processing /home/airflow/.local/lib/python3.6/site-packages/airflow/example_dags/example_trigger_target_dag.py took 0.069 seconds
[2023-06-10 23:33:26,720] {scheduler_job.py:182} INFO - Started process (PID=399) to work on /home/airflow/.local/lib/python3.6/site-packages/airflow/example_dags/example_trigger_target_dag.py
[2023-06-10 23:33:26,722] {scheduler_job.py:629} INFO - Processing file /home/airflow/.local/lib/python3.6/site-packages/airflow/example_dags/example_trigger_target_dag.py for tasks to queue
[2023-06-10 23:33:26,723] {logging_mixin.py:104} INFO - [2023-06-10 23:33:26,723] {dagbag.py:451} INFO - Filling up the DagBag from /home/airflow/.local/lib/python3.6/site-packages/airflow/example_dags/example_trigger_target_dag.py
[2023-06-10 23:33:26,732] {scheduler_job.py:639} INFO - DAG(s) dict_keys(['example_trigger_target_dag']) retrieved from /home/airflow/.local/lib/python3.6/site-packages/airflow/example_dags/example_trigger_target_dag.py
[2023-06-10 23:33:26,753] {logging_mixin.py:104} INFO - [2023-06-10 23:33:26,752] {dag.py:1824} INFO - Sync 1 DAGs
[2023-06-10 23:33:26,766] {logging_mixin.py:104} INFO - [2023-06-10 23:33:26,766] {dag.py:2280} INFO - Setting next_dagrun for example_trigger_target_dag to None
[2023-06-10 23:33:26,778] {scheduler_job.py:190} INFO - Processing /home/airflow/.local/lib/python3.6/site-packages/airflow/example_dags/example_trigger_target_dag.py took 0.060 seconds
[2023-06-10 23:33:57,093] {scheduler_job.py:182} INFO - Started process (PID=529) to work on /home/airflow/.local/lib/python3.6/site-packages/airflow/example_dags/example_trigger_target_dag.py
[2023-06-10 23:33:57,094] {scheduler_job.py:629} INFO - Processing file /home/airflow/.local/lib/python3.6/site-packages/airflow/example_dags/example_trigger_target_dag.py for tasks to queue
[2023-06-10 23:33:57,095] {logging_mixin.py:104} INFO - [2023-06-10 23:33:57,095] {dagbag.py:451} INFO - Filling up the DagBag from /home/airflow/.local/lib/python3.6/site-packages/airflow/example_dags/example_trigger_target_dag.py
[2023-06-10 23:33:57,109] {scheduler_job.py:639} INFO - DAG(s) dict_keys(['example_trigger_target_dag']) retrieved from /home/airflow/.local/lib/python3.6/site-packages/airflow/example_dags/example_trigger_target_dag.py
[2023-06-10 23:33:57,130] {logging_mixin.py:104} INFO - [2023-06-10 23:33:57,130] {dag.py:1824} INFO - Sync 1 DAGs
[2023-06-10 23:33:57,144] {logging_mixin.py:104} INFO - [2023-06-10 23:33:57,144] {dag.py:2280} INFO - Setting next_dagrun for example_trigger_target_dag to None
[2023-06-10 23:33:57,157] {scheduler_job.py:190} INFO - Processing /home/airflow/.local/lib/python3.6/site-packages/airflow/example_dags/example_trigger_target_dag.py took 0.067 seconds
[2023-06-10 23:34:27,825] {scheduler_job.py:182} INFO - Started process (PID=659) to work on /home/airflow/.local/lib/python3.6/site-packages/airflow/example_dags/example_trigger_target_dag.py
[2023-06-10 23:34:27,828] {scheduler_job.py:629} INFO - Processing file /home/airflow/.local/lib/python3.6/site-packages/airflow/example_dags/example_trigger_target_dag.py for tasks to queue
[2023-06-10 23:34:27,829] {logging_mixin.py:104} INFO - [2023-06-10 23:34:27,829] {dagbag.py:451} INFO - Filling up the DagBag from /home/airflow/.local/lib/python3.6/site-packages/airflow/example_dags/example_trigger_target_dag.py
[2023-06-10 23:34:27,839] {scheduler_job.py:639} INFO - DAG(s) dict_keys(['example_trigger_target_dag']) retrieved from /home/airflow/.local/lib/python3.6/site-packages/airflow/example_dags/example_trigger_target_dag.py
[2023-06-10 23:34:27,860] {logging_mixin.py:104} INFO - [2023-06-10 23:34:27,860] {dag.py:1824} INFO - Sync 1 DAGs
[2023-06-10 23:34:27,875] {logging_mixin.py:104} INFO - [2023-06-10 23:34:27,875] {dag.py:2280} INFO - Setting next_dagrun for example_trigger_target_dag to None
[2023-06-10 23:34:27,887] {scheduler_job.py:190} INFO - Processing /home/airflow/.local/lib/python3.6/site-packages/airflow/example_dags/example_trigger_target_dag.py took 0.066 seconds
[2023-06-10 23:34:58,765] {scheduler_job.py:182} INFO - Started process (PID=789) to work on /home/airflow/.local/lib/python3.6/site-packages/airflow/example_dags/example_trigger_target_dag.py
[2023-06-10 23:34:58,767] {scheduler_job.py:629} INFO - Processing file /home/airflow/.local/lib/python3.6/site-packages/airflow/example_dags/example_trigger_target_dag.py for tasks to queue
[2023-06-10 23:34:58,768] {logging_mixin.py:104} INFO - [2023-06-10 23:34:58,768] {dagbag.py:451} INFO - Filling up the DagBag from /home/airflow/.local/lib/python3.6/site-packages/airflow/example_dags/example_trigger_target_dag.py
[2023-06-10 23:34:58,792] {scheduler_job.py:639} INFO - DAG(s) dict_keys(['example_trigger_target_dag']) retrieved from /home/airflow/.local/lib/python3.6/site-packages/airflow/example_dags/example_trigger_target_dag.py
[2023-06-10 23:34:58,828] {logging_mixin.py:104} INFO - [2023-06-10 23:34:58,828] {dag.py:1824} INFO - Sync 1 DAGs
[2023-06-10 23:34:58,853] {logging_mixin.py:104} INFO - [2023-06-10 23:34:58,853] {dag.py:2280} INFO - Setting next_dagrun for example_trigger_target_dag to None
[2023-06-10 23:34:58,871] {scheduler_job.py:190} INFO - Processing /home/airflow/.local/lib/python3.6/site-packages/airflow/example_dags/example_trigger_target_dag.py took 0.113 seconds
[2023-06-10 23:35:28,982] {scheduler_job.py:182} INFO - Started process (PID=919) to work on /home/airflow/.local/lib/python3.6/site-packages/airflow/example_dags/example_trigger_target_dag.py
[2023-06-10 23:35:28,984] {scheduler_job.py:629} INFO - Processing file /home/airflow/.local/lib/python3.6/site-packages/airflow/example_dags/example_trigger_target_dag.py for tasks to queue
[2023-06-10 23:35:28,985] {logging_mixin.py:104} INFO - [2023-06-10 23:35:28,985] {dagbag.py:451} INFO - Filling up the DagBag from /home/airflow/.local/lib/python3.6/site-packages/airflow/example_dags/example_trigger_target_dag.py
[2023-06-10 23:35:29,004] {scheduler_job.py:639} INFO - DAG(s) dict_keys(['example_trigger_target_dag']) retrieved from /home/airflow/.local/lib/python3.6/site-packages/airflow/example_dags/example_trigger_target_dag.py
[2023-06-10 23:35:29,035] {logging_mixin.py:104} INFO - [2023-06-10 23:35:29,035] {dag.py:1824} INFO - Sync 1 DAGs
[2023-06-10 23:35:29,062] {logging_mixin.py:104} INFO - [2023-06-10 23:35:29,062] {dag.py:2280} INFO - Setting next_dagrun for example_trigger_target_dag to None
[2023-06-10 23:35:29,154] {scheduler_job.py:190} INFO - Processing /home/airflow/.local/lib/python3.6/site-packages/airflow/example_dags/example_trigger_target_dag.py took 0.175 seconds
[2023-06-10 23:35:59,258] {scheduler_job.py:182} INFO - Started process (PID=1049) to work on /home/airflow/.local/lib/python3.6/site-packages/airflow/example_dags/example_trigger_target_dag.py
[2023-06-10 23:35:59,261] {scheduler_job.py:629} INFO - Processing file /home/airflow/.local/lib/python3.6/site-packages/airflow/example_dags/example_trigger_target_dag.py for tasks to queue
[2023-06-10 23:35:59,263] {logging_mixin.py:104} INFO - [2023-06-10 23:35:59,263] {dagbag.py:451} INFO - Filling up the DagBag from /home/airflow/.local/lib/python3.6/site-packages/airflow/example_dags/example_trigger_target_dag.py
[2023-06-10 23:35:59,276] {scheduler_job.py:639} INFO - DAG(s) dict_keys(['example_trigger_target_dag']) retrieved from /home/airflow/.local/lib/python3.6/site-packages/airflow/example_dags/example_trigger_target_dag.py
[2023-06-10 23:35:59,300] {logging_mixin.py:104} INFO - [2023-06-10 23:35:59,299] {dag.py:1824} INFO - Sync 1 DAGs
[2023-06-10 23:35:59,315] {logging_mixin.py:104} INFO - [2023-06-10 23:35:59,315] {dag.py:2280} INFO - Setting next_dagrun for example_trigger_target_dag to None
[2023-06-10 23:35:59,329] {scheduler_job.py:190} INFO - Processing /home/airflow/.local/lib/python3.6/site-packages/airflow/example_dags/example_trigger_target_dag.py took 0.075 seconds
[2023-06-10 23:36:29,851] {scheduler_job.py:182} INFO - Started process (PID=1159) to work on /home/airflow/.local/lib/python3.6/site-packages/airflow/example_dags/example_trigger_target_dag.py
[2023-06-10 23:36:29,853] {scheduler_job.py:629} INFO - Processing file /home/airflow/.local/lib/python3.6/site-packages/airflow/example_dags/example_trigger_target_dag.py for tasks to queue
[2023-06-10 23:36:29,854] {logging_mixin.py:104} INFO - [2023-06-10 23:36:29,853] {dagbag.py:451} INFO - Filling up the DagBag from /home/airflow/.local/lib/python3.6/site-packages/airflow/example_dags/example_trigger_target_dag.py
[2023-06-10 23:36:29,864] {scheduler_job.py:639} INFO - DAG(s) dict_keys(['example_trigger_target_dag']) retrieved from /home/airflow/.local/lib/python3.6/site-packages/airflow/example_dags/example_trigger_target_dag.py
[2023-06-10 23:36:29,884] {logging_mixin.py:104} INFO - [2023-06-10 23:36:29,884] {dag.py:1824} INFO - Sync 1 DAGs
[2023-06-10 23:36:29,898] {logging_mixin.py:104} INFO - [2023-06-10 23:36:29,898] {dag.py:2280} INFO - Setting next_dagrun for example_trigger_target_dag to None
[2023-06-10 23:36:29,908] {scheduler_job.py:190} INFO - Processing /home/airflow/.local/lib/python3.6/site-packages/airflow/example_dags/example_trigger_target_dag.py took 0.060 seconds
[2023-06-10 23:37:02,629] {scheduler_job.py:182} INFO - Started process (PID=176) to work on /home/airflow/.local/lib/python3.6/site-packages/airflow/example_dags/example_trigger_target_dag.py
[2023-06-10 23:37:02,638] {scheduler_job.py:629} INFO - Processing file /home/airflow/.local/lib/python3.6/site-packages/airflow/example_dags/example_trigger_target_dag.py for tasks to queue
[2023-06-10 23:37:02,641] {logging_mixin.py:104} INFO - [2023-06-10 23:37:02,641] {dagbag.py:451} INFO - Filling up the DagBag from /home/airflow/.local/lib/python3.6/site-packages/airflow/example_dags/example_trigger_target_dag.py
[2023-06-10 23:37:02,697] {scheduler_job.py:639} INFO - DAG(s) dict_keys(['example_trigger_target_dag']) retrieved from /home/airflow/.local/lib/python3.6/site-packages/airflow/example_dags/example_trigger_target_dag.py
[2023-06-10 23:37:02,778] {logging_mixin.py:104} INFO - [2023-06-10 23:37:02,777] {dag.py:1824} INFO - Sync 1 DAGs
[2023-06-10 23:37:02,824] {logging_mixin.py:104} INFO - [2023-06-10 23:37:02,824] {dag.py:2280} INFO - Setting next_dagrun for example_trigger_target_dag to None
[2023-06-10 23:37:02,855] {scheduler_job.py:190} INFO - Processing /home/airflow/.local/lib/python3.6/site-packages/airflow/example_dags/example_trigger_target_dag.py took 0.233 seconds
[2023-06-10 23:37:33,357] {scheduler_job.py:182} INFO - Started process (PID=306) to work on /home/airflow/.local/lib/python3.6/site-packages/airflow/example_dags/example_trigger_target_dag.py
[2023-06-10 23:37:33,359] {scheduler_job.py:629} INFO - Processing file /home/airflow/.local/lib/python3.6/site-packages/airflow/example_dags/example_trigger_target_dag.py for tasks to queue
[2023-06-10 23:37:33,361] {logging_mixin.py:104} INFO - [2023-06-10 23:37:33,361] {dagbag.py:451} INFO - Filling up the DagBag from /home/airflow/.local/lib/python3.6/site-packages/airflow/example_dags/example_trigger_target_dag.py
[2023-06-10 23:37:33,380] {scheduler_job.py:639} INFO - DAG(s) dict_keys(['example_trigger_target_dag']) retrieved from /home/airflow/.local/lib/python3.6/site-packages/airflow/example_dags/example_trigger_target_dag.py
[2023-06-10 23:37:33,411] {logging_mixin.py:104} INFO - [2023-06-10 23:37:33,410] {dag.py:1824} INFO - Sync 1 DAGs
[2023-06-10 23:37:33,433] {logging_mixin.py:104} INFO - [2023-06-10 23:37:33,433] {dag.py:2280} INFO - Setting next_dagrun for example_trigger_target_dag to None
[2023-06-10 23:37:33,448] {scheduler_job.py:190} INFO - Processing /home/airflow/.local/lib/python3.6/site-packages/airflow/example_dags/example_trigger_target_dag.py took 0.096 seconds
[2023-06-10 23:38:03,574] {scheduler_job.py:182} INFO - Started process (PID=436) to work on /home/airflow/.local/lib/python3.6/site-packages/airflow/example_dags/example_trigger_target_dag.py
[2023-06-10 23:38:03,576] {scheduler_job.py:629} INFO - Processing file /home/airflow/.local/lib/python3.6/site-packages/airflow/example_dags/example_trigger_target_dag.py for tasks to queue
[2023-06-10 23:38:03,577] {logging_mixin.py:104} INFO - [2023-06-10 23:38:03,577] {dagbag.py:451} INFO - Filling up the DagBag from /home/airflow/.local/lib/python3.6/site-packages/airflow/example_dags/example_trigger_target_dag.py
[2023-06-10 23:38:03,587] {scheduler_job.py:639} INFO - DAG(s) dict_keys(['example_trigger_target_dag']) retrieved from /home/airflow/.local/lib/python3.6/site-packages/airflow/example_dags/example_trigger_target_dag.py
[2023-06-10 23:38:03,604] {logging_mixin.py:104} INFO - [2023-06-10 23:38:03,604] {dag.py:1824} INFO - Sync 1 DAGs
[2023-06-10 23:38:03,616] {logging_mixin.py:104} INFO - [2023-06-10 23:38:03,616] {dag.py:2280} INFO - Setting next_dagrun for example_trigger_target_dag to None
[2023-06-10 23:38:03,628] {scheduler_job.py:190} INFO - Processing /home/airflow/.local/lib/python3.6/site-packages/airflow/example_dags/example_trigger_target_dag.py took 0.057 seconds
[2023-06-10 23:38:34,025] {scheduler_job.py:182} INFO - Started process (PID=566) to work on /home/airflow/.local/lib/python3.6/site-packages/airflow/example_dags/example_trigger_target_dag.py
[2023-06-10 23:38:34,027] {scheduler_job.py:629} INFO - Processing file /home/airflow/.local/lib/python3.6/site-packages/airflow/example_dags/example_trigger_target_dag.py for tasks to queue
[2023-06-10 23:38:34,028] {logging_mixin.py:104} INFO - [2023-06-10 23:38:34,028] {dagbag.py:451} INFO - Filling up the DagBag from /home/airflow/.local/lib/python3.6/site-packages/airflow/example_dags/example_trigger_target_dag.py
[2023-06-10 23:38:34,045] {scheduler_job.py:639} INFO - DAG(s) dict_keys(['example_trigger_target_dag']) retrieved from /home/airflow/.local/lib/python3.6/site-packages/airflow/example_dags/example_trigger_target_dag.py
[2023-06-10 23:38:34,074] {logging_mixin.py:104} INFO - [2023-06-10 23:38:34,074] {dag.py:1824} INFO - Sync 1 DAGs
[2023-06-10 23:38:34,098] {logging_mixin.py:104} INFO - [2023-06-10 23:38:34,098] {dag.py:2280} INFO - Setting next_dagrun for example_trigger_target_dag to None
[2023-06-10 23:38:34,115] {scheduler_job.py:190} INFO - Processing /home/airflow/.local/lib/python3.6/site-packages/airflow/example_dags/example_trigger_target_dag.py took 0.094 seconds
[2023-06-10 23:39:04,904] {scheduler_job.py:182} INFO - Started process (PID=696) to work on /home/airflow/.local/lib/python3.6/site-packages/airflow/example_dags/example_trigger_target_dag.py
[2023-06-10 23:39:04,906] {scheduler_job.py:629} INFO - Processing file /home/airflow/.local/lib/python3.6/site-packages/airflow/example_dags/example_trigger_target_dag.py for tasks to queue
[2023-06-10 23:39:04,907] {logging_mixin.py:104} INFO - [2023-06-10 23:39:04,907] {dagbag.py:451} INFO - Filling up the DagBag from /home/airflow/.local/lib/python3.6/site-packages/airflow/example_dags/example_trigger_target_dag.py
[2023-06-10 23:39:04,922] {scheduler_job.py:639} INFO - DAG(s) dict_keys(['example_trigger_target_dag']) retrieved from /home/airflow/.local/lib/python3.6/site-packages/airflow/example_dags/example_trigger_target_dag.py
[2023-06-10 23:39:04,944] {logging_mixin.py:104} INFO - [2023-06-10 23:39:04,944] {dag.py:1824} INFO - Sync 1 DAGs
[2023-06-10 23:39:04,961] {logging_mixin.py:104} INFO - [2023-06-10 23:39:04,961] {dag.py:2280} INFO - Setting next_dagrun for example_trigger_target_dag to None
[2023-06-10 23:39:04,975] {scheduler_job.py:190} INFO - Processing /home/airflow/.local/lib/python3.6/site-packages/airflow/example_dags/example_trigger_target_dag.py took 0.075 seconds
[2023-06-10 23:39:35,490] {scheduler_job.py:182} INFO - Started process (PID=826) to work on /home/airflow/.local/lib/python3.6/site-packages/airflow/example_dags/example_trigger_target_dag.py
[2023-06-10 23:39:35,492] {scheduler_job.py:629} INFO - Processing file /home/airflow/.local/lib/python3.6/site-packages/airflow/example_dags/example_trigger_target_dag.py for tasks to queue
[2023-06-10 23:39:35,493] {logging_mixin.py:104} INFO - [2023-06-10 23:39:35,493] {dagbag.py:451} INFO - Filling up the DagBag from /home/airflow/.local/lib/python3.6/site-packages/airflow/example_dags/example_trigger_target_dag.py
[2023-06-10 23:39:35,502] {scheduler_job.py:639} INFO - DAG(s) dict_keys(['example_trigger_target_dag']) retrieved from /home/airflow/.local/lib/python3.6/site-packages/airflow/example_dags/example_trigger_target_dag.py
[2023-06-10 23:39:35,520] {logging_mixin.py:104} INFO - [2023-06-10 23:39:35,520] {dag.py:1824} INFO - Sync 1 DAGs
[2023-06-10 23:39:35,534] {logging_mixin.py:104} INFO - [2023-06-10 23:39:35,534] {dag.py:2280} INFO - Setting next_dagrun for example_trigger_target_dag to None
[2023-06-10 23:39:35,545] {scheduler_job.py:190} INFO - Processing /home/airflow/.local/lib/python3.6/site-packages/airflow/example_dags/example_trigger_target_dag.py took 0.057 seconds
