[2023-06-10 23:32:56,579] {scheduler_job.py:182} INFO - Started process (PID=284) to work on /home/airflow/.local/lib/python3.6/site-packages/airflow/example_dags/tutorial.py
[2023-06-10 23:32:56,581] {scheduler_job.py:629} INFO - Processing file /home/airflow/.local/lib/python3.6/site-packages/airflow/example_dags/tutorial.py for tasks to queue
[2023-06-10 23:32:56,583] {logging_mixin.py:104} INFO - [2023-06-10 23:32:56,582] {dagbag.py:451} INFO - Filling up the DagBag from /home/airflow/.local/lib/python3.6/site-packages/airflow/example_dags/tutorial.py
[2023-06-10 23:32:56,594] {scheduler_job.py:639} INFO - DAG(s) dict_keys(['tutorial']) retrieved from /home/airflow/.local/lib/python3.6/site-packages/airflow/example_dags/tutorial.py
[2023-06-10 23:32:56,619] {logging_mixin.py:104} INFO - [2023-06-10 23:32:56,619] {dag.py:1824} INFO - Sync 1 DAGs
[2023-06-10 23:32:56,627] {logging_mixin.py:104} INFO - [2023-06-10 23:32:56,627] {dag.py:1843} INFO - Creating ORM DAG for tutorial
[2023-06-10 23:32:56,632] {logging_mixin.py:104} INFO - [2023-06-10 23:32:56,632] {dag.py:2280} INFO - Setting next_dagrun for tutorial to 2023-06-08 00:00:00+00:00
[2023-06-10 23:32:56,646] {scheduler_job.py:190} INFO - Processing /home/airflow/.local/lib/python3.6/site-packages/airflow/example_dags/tutorial.py took 0.070 seconds
[2023-06-10 23:33:26,865] {scheduler_job.py:182} INFO - Started process (PID=414) to work on /home/airflow/.local/lib/python3.6/site-packages/airflow/example_dags/tutorial.py
[2023-06-10 23:33:26,867] {scheduler_job.py:629} INFO - Processing file /home/airflow/.local/lib/python3.6/site-packages/airflow/example_dags/tutorial.py for tasks to queue
[2023-06-10 23:33:26,868] {logging_mixin.py:104} INFO - [2023-06-10 23:33:26,868] {dagbag.py:451} INFO - Filling up the DagBag from /home/airflow/.local/lib/python3.6/site-packages/airflow/example_dags/tutorial.py
[2023-06-10 23:33:26,877] {scheduler_job.py:639} INFO - DAG(s) dict_keys(['tutorial']) retrieved from /home/airflow/.local/lib/python3.6/site-packages/airflow/example_dags/tutorial.py
[2023-06-10 23:33:26,896] {logging_mixin.py:104} INFO - [2023-06-10 23:33:26,896] {dag.py:1824} INFO - Sync 1 DAGs
[2023-06-10 23:33:26,910] {logging_mixin.py:104} INFO - [2023-06-10 23:33:26,910] {dag.py:2280} INFO - Setting next_dagrun for tutorial to 2023-06-08 00:00:00+00:00
[2023-06-10 23:33:26,920] {scheduler_job.py:190} INFO - Processing /home/airflow/.local/lib/python3.6/site-packages/airflow/example_dags/tutorial.py took 0.058 seconds
[2023-06-10 23:33:57,249] {scheduler_job.py:182} INFO - Started process (PID=544) to work on /home/airflow/.local/lib/python3.6/site-packages/airflow/example_dags/tutorial.py
[2023-06-10 23:33:57,250] {scheduler_job.py:629} INFO - Processing file /home/airflow/.local/lib/python3.6/site-packages/airflow/example_dags/tutorial.py for tasks to queue
[2023-06-10 23:33:57,252] {logging_mixin.py:104} INFO - [2023-06-10 23:33:57,252] {dagbag.py:451} INFO - Filling up the DagBag from /home/airflow/.local/lib/python3.6/site-packages/airflow/example_dags/tutorial.py
[2023-06-10 23:33:57,262] {scheduler_job.py:639} INFO - DAG(s) dict_keys(['tutorial']) retrieved from /home/airflow/.local/lib/python3.6/site-packages/airflow/example_dags/tutorial.py
[2023-06-10 23:33:57,281] {logging_mixin.py:104} INFO - [2023-06-10 23:33:57,281] {dag.py:1824} INFO - Sync 1 DAGs
[2023-06-10 23:33:57,294] {logging_mixin.py:104} INFO - [2023-06-10 23:33:57,294] {dag.py:2280} INFO - Setting next_dagrun for tutorial to 2023-06-08 00:00:00+00:00
[2023-06-10 23:33:57,306] {scheduler_job.py:190} INFO - Processing /home/airflow/.local/lib/python3.6/site-packages/airflow/example_dags/tutorial.py took 0.059 seconds
[2023-06-10 23:34:27,971] {scheduler_job.py:182} INFO - Started process (PID=674) to work on /home/airflow/.local/lib/python3.6/site-packages/airflow/example_dags/tutorial.py
[2023-06-10 23:34:27,972] {scheduler_job.py:629} INFO - Processing file /home/airflow/.local/lib/python3.6/site-packages/airflow/example_dags/tutorial.py for tasks to queue
[2023-06-10 23:34:27,973] {logging_mixin.py:104} INFO - [2023-06-10 23:34:27,973] {dagbag.py:451} INFO - Filling up the DagBag from /home/airflow/.local/lib/python3.6/site-packages/airflow/example_dags/tutorial.py
[2023-06-10 23:34:27,984] {scheduler_job.py:639} INFO - DAG(s) dict_keys(['tutorial']) retrieved from /home/airflow/.local/lib/python3.6/site-packages/airflow/example_dags/tutorial.py
[2023-06-10 23:34:28,004] {logging_mixin.py:104} INFO - [2023-06-10 23:34:28,004] {dag.py:1824} INFO - Sync 1 DAGs
[2023-06-10 23:34:28,021] {logging_mixin.py:104} INFO - [2023-06-10 23:34:28,021] {dag.py:2280} INFO - Setting next_dagrun for tutorial to 2023-06-08 00:00:00+00:00
[2023-06-10 23:34:28,035] {scheduler_job.py:190} INFO - Processing /home/airflow/.local/lib/python3.6/site-packages/airflow/example_dags/tutorial.py took 0.067 seconds
[2023-06-10 23:34:59,073] {scheduler_job.py:182} INFO - Started process (PID=806) to work on /home/airflow/.local/lib/python3.6/site-packages/airflow/example_dags/tutorial.py
[2023-06-10 23:34:59,076] {scheduler_job.py:629} INFO - Processing file /home/airflow/.local/lib/python3.6/site-packages/airflow/example_dags/tutorial.py for tasks to queue
[2023-06-10 23:34:59,079] {logging_mixin.py:104} INFO - [2023-06-10 23:34:59,078] {dagbag.py:451} INFO - Filling up the DagBag from /home/airflow/.local/lib/python3.6/site-packages/airflow/example_dags/tutorial.py
[2023-06-10 23:34:59,096] {scheduler_job.py:639} INFO - DAG(s) dict_keys(['tutorial']) retrieved from /home/airflow/.local/lib/python3.6/site-packages/airflow/example_dags/tutorial.py
[2023-06-10 23:34:59,133] {logging_mixin.py:104} INFO - [2023-06-10 23:34:59,132] {dag.py:1824} INFO - Sync 1 DAGs
[2023-06-10 23:34:59,155] {logging_mixin.py:104} INFO - [2023-06-10 23:34:59,155] {dag.py:2280} INFO - Setting next_dagrun for tutorial to 2023-06-08 00:00:00+00:00
[2023-06-10 23:34:59,175] {scheduler_job.py:190} INFO - Processing /home/airflow/.local/lib/python3.6/site-packages/airflow/example_dags/tutorial.py took 0.107 seconds
[2023-06-10 23:35:29,296] {scheduler_job.py:182} INFO - Started process (PID=934) to work on /home/airflow/.local/lib/python3.6/site-packages/airflow/example_dags/tutorial.py
[2023-06-10 23:35:29,297] {scheduler_job.py:629} INFO - Processing file /home/airflow/.local/lib/python3.6/site-packages/airflow/example_dags/tutorial.py for tasks to queue
[2023-06-10 23:35:29,299] {logging_mixin.py:104} INFO - [2023-06-10 23:35:29,298] {dagbag.py:451} INFO - Filling up the DagBag from /home/airflow/.local/lib/python3.6/site-packages/airflow/example_dags/tutorial.py
[2023-06-10 23:35:29,314] {scheduler_job.py:639} INFO - DAG(s) dict_keys(['tutorial']) retrieved from /home/airflow/.local/lib/python3.6/site-packages/airflow/example_dags/tutorial.py
[2023-06-10 23:35:29,336] {logging_mixin.py:104} INFO - [2023-06-10 23:35:29,336] {dag.py:1824} INFO - Sync 1 DAGs
[2023-06-10 23:35:29,356] {logging_mixin.py:104} INFO - [2023-06-10 23:35:29,356] {dag.py:2280} INFO - Setting next_dagrun for tutorial to 2023-06-08 00:00:00+00:00
[2023-06-10 23:35:29,370] {scheduler_job.py:190} INFO - Processing /home/airflow/.local/lib/python3.6/site-packages/airflow/example_dags/tutorial.py took 0.077 seconds
[2023-06-10 23:35:59,513] {scheduler_job.py:182} INFO - Started process (PID=1066) to work on /home/airflow/.local/lib/python3.6/site-packages/airflow/example_dags/tutorial.py
[2023-06-10 23:35:59,516] {scheduler_job.py:629} INFO - Processing file /home/airflow/.local/lib/python3.6/site-packages/airflow/example_dags/tutorial.py for tasks to queue
[2023-06-10 23:35:59,518] {logging_mixin.py:104} INFO - [2023-06-10 23:35:59,517] {dagbag.py:451} INFO - Filling up the DagBag from /home/airflow/.local/lib/python3.6/site-packages/airflow/example_dags/tutorial.py
[2023-06-10 23:35:59,531] {scheduler_job.py:639} INFO - DAG(s) dict_keys(['tutorial']) retrieved from /home/airflow/.local/lib/python3.6/site-packages/airflow/example_dags/tutorial.py
[2023-06-10 23:35:59,558] {logging_mixin.py:104} INFO - [2023-06-10 23:35:59,558] {dag.py:1824} INFO - Sync 1 DAGs
[2023-06-10 23:35:59,575] {logging_mixin.py:104} INFO - [2023-06-10 23:35:59,575] {dag.py:2280} INFO - Setting next_dagrun for tutorial to 2023-06-08 00:00:00+00:00
[2023-06-10 23:35:59,590] {scheduler_job.py:190} INFO - Processing /home/airflow/.local/lib/python3.6/site-packages/airflow/example_dags/tutorial.py took 0.082 seconds
[2023-06-10 23:36:30,184] {scheduler_job.py:182} INFO - Started process (PID=1196) to work on /home/airflow/.local/lib/python3.6/site-packages/airflow/example_dags/tutorial.py
[2023-06-10 23:36:30,185] {scheduler_job.py:629} INFO - Processing file /home/airflow/.local/lib/python3.6/site-packages/airflow/example_dags/tutorial.py for tasks to queue
[2023-06-10 23:36:30,186] {logging_mixin.py:104} INFO - [2023-06-10 23:36:30,186] {dagbag.py:451} INFO - Filling up the DagBag from /home/airflow/.local/lib/python3.6/site-packages/airflow/example_dags/tutorial.py
[2023-06-10 23:36:30,196] {scheduler_job.py:639} INFO - DAG(s) dict_keys(['tutorial']) retrieved from /home/airflow/.local/lib/python3.6/site-packages/airflow/example_dags/tutorial.py
[2023-06-10 23:36:30,218] {logging_mixin.py:104} INFO - [2023-06-10 23:36:30,218] {dag.py:1824} INFO - Sync 1 DAGs
[2023-06-10 23:36:30,234] {logging_mixin.py:104} INFO - [2023-06-10 23:36:30,234] {dag.py:2280} INFO - Setting next_dagrun for tutorial to 2023-06-08 00:00:00+00:00
[2023-06-10 23:36:30,249] {scheduler_job.py:190} INFO - Processing /home/airflow/.local/lib/python3.6/site-packages/airflow/example_dags/tutorial.py took 0.069 seconds
[2023-06-10 23:37:05,232] {scheduler_job.py:182} INFO - Started process (PID=229) to work on /home/airflow/.local/lib/python3.6/site-packages/airflow/example_dags/tutorial.py
[2023-06-10 23:37:05,243] {scheduler_job.py:629} INFO - Processing file /home/airflow/.local/lib/python3.6/site-packages/airflow/example_dags/tutorial.py for tasks to queue
[2023-06-10 23:37:05,248] {logging_mixin.py:104} INFO - [2023-06-10 23:37:05,247] {dagbag.py:451} INFO - Filling up the DagBag from /home/airflow/.local/lib/python3.6/site-packages/airflow/example_dags/tutorial.py
[2023-06-10 23:37:05,282] {scheduler_job.py:639} INFO - DAG(s) dict_keys(['tutorial']) retrieved from /home/airflow/.local/lib/python3.6/site-packages/airflow/example_dags/tutorial.py
[2023-06-10 23:37:05,336] {logging_mixin.py:104} INFO - [2023-06-10 23:37:05,336] {dag.py:1824} INFO - Sync 1 DAGs
[2023-06-10 23:37:05,386] {logging_mixin.py:104} INFO - [2023-06-10 23:37:05,386] {dag.py:2280} INFO - Setting next_dagrun for tutorial to 2023-06-08 00:00:00+00:00
[2023-06-10 23:37:05,418] {scheduler_job.py:190} INFO - Processing /home/airflow/.local/lib/python3.6/site-packages/airflow/example_dags/tutorial.py took 0.195 seconds
[2023-06-10 23:37:36,071] {scheduler_job.py:182} INFO - Started process (PID=359) to work on /home/airflow/.local/lib/python3.6/site-packages/airflow/example_dags/tutorial.py
[2023-06-10 23:37:36,077] {scheduler_job.py:629} INFO - Processing file /home/airflow/.local/lib/python3.6/site-packages/airflow/example_dags/tutorial.py for tasks to queue
[2023-06-10 23:37:36,079] {logging_mixin.py:104} INFO - [2023-06-10 23:37:36,078] {dagbag.py:451} INFO - Filling up the DagBag from /home/airflow/.local/lib/python3.6/site-packages/airflow/example_dags/tutorial.py
[2023-06-10 23:37:36,097] {scheduler_job.py:639} INFO - DAG(s) dict_keys(['tutorial']) retrieved from /home/airflow/.local/lib/python3.6/site-packages/airflow/example_dags/tutorial.py
[2023-06-10 23:37:36,138] {logging_mixin.py:104} INFO - [2023-06-10 23:37:36,138] {dag.py:1824} INFO - Sync 1 DAGs
[2023-06-10 23:37:36,167] {logging_mixin.py:104} INFO - [2023-06-10 23:37:36,167] {dag.py:2280} INFO - Setting next_dagrun for tutorial to 2023-06-08 00:00:00+00:00
[2023-06-10 23:37:36,188] {scheduler_job.py:190} INFO - Processing /home/airflow/.local/lib/python3.6/site-packages/airflow/example_dags/tutorial.py took 0.121 seconds
[2023-06-10 23:38:07,516] {scheduler_job.py:182} INFO - Started process (PID=524) to work on /home/airflow/.local/lib/python3.6/site-packages/airflow/example_dags/tutorial.py
[2023-06-10 23:38:07,518] {scheduler_job.py:629} INFO - Processing file /home/airflow/.local/lib/python3.6/site-packages/airflow/example_dags/tutorial.py for tasks to queue
[2023-06-10 23:38:07,519] {logging_mixin.py:104} INFO - [2023-06-10 23:38:07,519] {dagbag.py:451} INFO - Filling up the DagBag from /home/airflow/.local/lib/python3.6/site-packages/airflow/example_dags/tutorial.py
[2023-06-10 23:38:07,529] {scheduler_job.py:639} INFO - DAG(s) dict_keys(['tutorial']) retrieved from /home/airflow/.local/lib/python3.6/site-packages/airflow/example_dags/tutorial.py
[2023-06-10 23:38:07,548] {logging_mixin.py:104} INFO - [2023-06-10 23:38:07,548] {dag.py:1824} INFO - Sync 1 DAGs
[2023-06-10 23:38:07,563] {logging_mixin.py:104} INFO - [2023-06-10 23:38:07,563] {dag.py:2280} INFO - Setting next_dagrun for tutorial to 2023-06-08 00:00:00+00:00
[2023-06-10 23:38:07,573] {scheduler_job.py:190} INFO - Processing /home/airflow/.local/lib/python3.6/site-packages/airflow/example_dags/tutorial.py took 0.060 seconds
[2023-06-10 23:38:38,393] {scheduler_job.py:182} INFO - Started process (PID=664) to work on /home/airflow/.local/lib/python3.6/site-packages/airflow/example_dags/tutorial.py
[2023-06-10 23:38:38,396] {scheduler_job.py:629} INFO - Processing file /home/airflow/.local/lib/python3.6/site-packages/airflow/example_dags/tutorial.py for tasks to queue
[2023-06-10 23:38:38,397] {logging_mixin.py:104} INFO - [2023-06-10 23:38:38,397] {dagbag.py:451} INFO - Filling up the DagBag from /home/airflow/.local/lib/python3.6/site-packages/airflow/example_dags/tutorial.py
[2023-06-10 23:38:38,410] {scheduler_job.py:639} INFO - DAG(s) dict_keys(['tutorial']) retrieved from /home/airflow/.local/lib/python3.6/site-packages/airflow/example_dags/tutorial.py
[2023-06-10 23:38:38,436] {logging_mixin.py:104} INFO - [2023-06-10 23:38:38,436] {dag.py:1824} INFO - Sync 1 DAGs
[2023-06-10 23:38:38,452] {logging_mixin.py:104} INFO - [2023-06-10 23:38:38,452] {dag.py:2280} INFO - Setting next_dagrun for tutorial to 2023-06-08 00:00:00+00:00
[2023-06-10 23:38:38,466] {scheduler_job.py:190} INFO - Processing /home/airflow/.local/lib/python3.6/site-packages/airflow/example_dags/tutorial.py took 0.077 seconds
[2023-06-10 23:39:09,048] {scheduler_job.py:182} INFO - Started process (PID=789) to work on /home/airflow/.local/lib/python3.6/site-packages/airflow/example_dags/tutorial.py
[2023-06-10 23:39:09,050] {scheduler_job.py:629} INFO - Processing file /home/airflow/.local/lib/python3.6/site-packages/airflow/example_dags/tutorial.py for tasks to queue
[2023-06-10 23:39:09,052] {logging_mixin.py:104} INFO - [2023-06-10 23:39:09,051] {dagbag.py:451} INFO - Filling up the DagBag from /home/airflow/.local/lib/python3.6/site-packages/airflow/example_dags/tutorial.py
[2023-06-10 23:39:09,062] {scheduler_job.py:639} INFO - DAG(s) dict_keys(['tutorial']) retrieved from /home/airflow/.local/lib/python3.6/site-packages/airflow/example_dags/tutorial.py
[2023-06-10 23:39:09,085] {logging_mixin.py:104} INFO - [2023-06-10 23:39:09,085] {dag.py:1824} INFO - Sync 1 DAGs
[2023-06-10 23:39:09,100] {logging_mixin.py:104} INFO - [2023-06-10 23:39:09,100] {dag.py:2280} INFO - Setting next_dagrun for tutorial to 2023-06-08 00:00:00+00:00
[2023-06-10 23:39:09,113] {scheduler_job.py:190} INFO - Processing /home/airflow/.local/lib/python3.6/site-packages/airflow/example_dags/tutorial.py took 0.068 seconds
[2023-06-10 23:39:39,558] {scheduler_job.py:182} INFO - Started process (PID=924) to work on /home/airflow/.local/lib/python3.6/site-packages/airflow/example_dags/tutorial.py
[2023-06-10 23:39:39,560] {scheduler_job.py:629} INFO - Processing file /home/airflow/.local/lib/python3.6/site-packages/airflow/example_dags/tutorial.py for tasks to queue
[2023-06-10 23:39:39,562] {logging_mixin.py:104} INFO - [2023-06-10 23:39:39,562] {dagbag.py:451} INFO - Filling up the DagBag from /home/airflow/.local/lib/python3.6/site-packages/airflow/example_dags/tutorial.py
[2023-06-10 23:39:39,575] {scheduler_job.py:639} INFO - DAG(s) dict_keys(['tutorial']) retrieved from /home/airflow/.local/lib/python3.6/site-packages/airflow/example_dags/tutorial.py
[2023-06-10 23:39:39,600] {logging_mixin.py:104} INFO - [2023-06-10 23:39:39,600] {dag.py:1824} INFO - Sync 1 DAGs
[2023-06-10 23:39:39,614] {logging_mixin.py:104} INFO - [2023-06-10 23:39:39,614] {dag.py:2280} INFO - Setting next_dagrun for tutorial to 2023-06-08 00:00:00+00:00
[2023-06-10 23:39:39,625] {scheduler_job.py:190} INFO - Processing /home/airflow/.local/lib/python3.6/site-packages/airflow/example_dags/tutorial.py took 0.069 seconds
[2023-06-10 23:40:09,951] {scheduler_job.py:182} INFO - Started process (PID=1054) to work on /home/airflow/.local/lib/python3.6/site-packages/airflow/example_dags/tutorial.py
[2023-06-10 23:40:09,952] {scheduler_job.py:629} INFO - Processing file /home/airflow/.local/lib/python3.6/site-packages/airflow/example_dags/tutorial.py for tasks to queue
[2023-06-10 23:40:09,953] {logging_mixin.py:104} INFO - [2023-06-10 23:40:09,953] {dagbag.py:451} INFO - Filling up the DagBag from /home/airflow/.local/lib/python3.6/site-packages/airflow/example_dags/tutorial.py
[2023-06-10 23:40:09,962] {scheduler_job.py:639} INFO - DAG(s) dict_keys(['tutorial']) retrieved from /home/airflow/.local/lib/python3.6/site-packages/airflow/example_dags/tutorial.py
[2023-06-10 23:40:09,982] {logging_mixin.py:104} INFO - [2023-06-10 23:40:09,981] {dag.py:1824} INFO - Sync 1 DAGs
[2023-06-10 23:40:09,995] {logging_mixin.py:104} INFO - [2023-06-10 23:40:09,995] {dag.py:2280} INFO - Setting next_dagrun for tutorial to 2023-06-08 00:00:00+00:00
[2023-06-10 23:40:10,006] {scheduler_job.py:190} INFO - Processing /home/airflow/.local/lib/python3.6/site-packages/airflow/example_dags/tutorial.py took 0.058 seconds
