[2023-06-10 23:32:55,968] {scheduler_job.py:182} INFO - Started process (PID=224) to work on /home/airflow/.local/lib/python3.6/site-packages/airflow/example_dags/tutorial_etl_dag.py
[2023-06-10 23:32:55,969] {scheduler_job.py:629} INFO - Processing file /home/airflow/.local/lib/python3.6/site-packages/airflow/example_dags/tutorial_etl_dag.py for tasks to queue
[2023-06-10 23:32:55,970] {logging_mixin.py:104} INFO - [2023-06-10 23:32:55,970] {dagbag.py:451} INFO - Filling up the DagBag from /home/airflow/.local/lib/python3.6/site-packages/airflow/example_dags/tutorial_etl_dag.py
[2023-06-10 23:32:55,983] {scheduler_job.py:639} INFO - DAG(s) dict_keys(['tutorial_etl_dag']) retrieved from /home/airflow/.local/lib/python3.6/site-packages/airflow/example_dags/tutorial_etl_dag.py
[2023-06-10 23:32:56,004] {logging_mixin.py:104} INFO - [2023-06-10 23:32:56,004] {dag.py:1824} INFO - Sync 1 DAGs
[2023-06-10 23:32:56,014] {logging_mixin.py:104} INFO - [2023-06-10 23:32:56,013] {dag.py:1843} INFO - Creating ORM DAG for tutorial_etl_dag
[2023-06-10 23:32:56,018] {logging_mixin.py:104} INFO - [2023-06-10 23:32:56,018] {dag.py:2280} INFO - Setting next_dagrun for tutorial_etl_dag to None
[2023-06-10 23:32:56,031] {scheduler_job.py:190} INFO - Processing /home/airflow/.local/lib/python3.6/site-packages/airflow/example_dags/tutorial_etl_dag.py took 0.066 seconds
[2023-06-10 23:33:26,353] {scheduler_job.py:182} INFO - Started process (PID=354) to work on /home/airflow/.local/lib/python3.6/site-packages/airflow/example_dags/tutorial_etl_dag.py
[2023-06-10 23:33:26,354] {scheduler_job.py:629} INFO - Processing file /home/airflow/.local/lib/python3.6/site-packages/airflow/example_dags/tutorial_etl_dag.py for tasks to queue
[2023-06-10 23:33:26,356] {logging_mixin.py:104} INFO - [2023-06-10 23:33:26,355] {dagbag.py:451} INFO - Filling up the DagBag from /home/airflow/.local/lib/python3.6/site-packages/airflow/example_dags/tutorial_etl_dag.py
[2023-06-10 23:33:26,366] {scheduler_job.py:639} INFO - DAG(s) dict_keys(['tutorial_etl_dag']) retrieved from /home/airflow/.local/lib/python3.6/site-packages/airflow/example_dags/tutorial_etl_dag.py
[2023-06-10 23:33:26,386] {logging_mixin.py:104} INFO - [2023-06-10 23:33:26,386] {dag.py:1824} INFO - Sync 1 DAGs
[2023-06-10 23:33:26,400] {logging_mixin.py:104} INFO - [2023-06-10 23:33:26,400] {dag.py:2280} INFO - Setting next_dagrun for tutorial_etl_dag to None
[2023-06-10 23:33:26,410] {scheduler_job.py:190} INFO - Processing /home/airflow/.local/lib/python3.6/site-packages/airflow/example_dags/tutorial_etl_dag.py took 0.060 seconds
[2023-06-10 23:33:56,815] {scheduler_job.py:182} INFO - Started process (PID=494) to work on /home/airflow/.local/lib/python3.6/site-packages/airflow/example_dags/tutorial_etl_dag.py
[2023-06-10 23:33:56,816] {scheduler_job.py:629} INFO - Processing file /home/airflow/.local/lib/python3.6/site-packages/airflow/example_dags/tutorial_etl_dag.py for tasks to queue
[2023-06-10 23:33:56,817] {logging_mixin.py:104} INFO - [2023-06-10 23:33:56,817] {dagbag.py:451} INFO - Filling up the DagBag from /home/airflow/.local/lib/python3.6/site-packages/airflow/example_dags/tutorial_etl_dag.py
[2023-06-10 23:33:56,827] {scheduler_job.py:639} INFO - DAG(s) dict_keys(['tutorial_etl_dag']) retrieved from /home/airflow/.local/lib/python3.6/site-packages/airflow/example_dags/tutorial_etl_dag.py
[2023-06-10 23:33:56,845] {logging_mixin.py:104} INFO - [2023-06-10 23:33:56,845] {dag.py:1824} INFO - Sync 1 DAGs
[2023-06-10 23:33:56,857] {logging_mixin.py:104} INFO - [2023-06-10 23:33:56,857] {dag.py:2280} INFO - Setting next_dagrun for tutorial_etl_dag to None
[2023-06-10 23:33:56,867] {scheduler_job.py:190} INFO - Processing /home/airflow/.local/lib/python3.6/site-packages/airflow/example_dags/tutorial_etl_dag.py took 0.055 seconds
[2023-06-10 23:34:27,715] {scheduler_job.py:182} INFO - Started process (PID=649) to work on /home/airflow/.local/lib/python3.6/site-packages/airflow/example_dags/tutorial_etl_dag.py
[2023-06-10 23:34:27,717] {scheduler_job.py:629} INFO - Processing file /home/airflow/.local/lib/python3.6/site-packages/airflow/example_dags/tutorial_etl_dag.py for tasks to queue
[2023-06-10 23:34:27,719] {logging_mixin.py:104} INFO - [2023-06-10 23:34:27,718] {dagbag.py:451} INFO - Filling up the DagBag from /home/airflow/.local/lib/python3.6/site-packages/airflow/example_dags/tutorial_etl_dag.py
[2023-06-10 23:34:27,731] {scheduler_job.py:639} INFO - DAG(s) dict_keys(['tutorial_etl_dag']) retrieved from /home/airflow/.local/lib/python3.6/site-packages/airflow/example_dags/tutorial_etl_dag.py
[2023-06-10 23:34:27,753] {logging_mixin.py:104} INFO - [2023-06-10 23:34:27,753] {dag.py:1824} INFO - Sync 1 DAGs
[2023-06-10 23:34:27,770] {logging_mixin.py:104} INFO - [2023-06-10 23:34:27,770] {dag.py:2280} INFO - Setting next_dagrun for tutorial_etl_dag to None
[2023-06-10 23:34:27,783] {scheduler_job.py:190} INFO - Processing /home/airflow/.local/lib/python3.6/site-packages/airflow/example_dags/tutorial_etl_dag.py took 0.077 seconds
[2023-06-10 23:34:58,599] {scheduler_job.py:182} INFO - Started process (PID=781) to work on /home/airflow/.local/lib/python3.6/site-packages/airflow/example_dags/tutorial_etl_dag.py
[2023-06-10 23:34:58,602] {scheduler_job.py:629} INFO - Processing file /home/airflow/.local/lib/python3.6/site-packages/airflow/example_dags/tutorial_etl_dag.py for tasks to queue
[2023-06-10 23:34:58,604] {logging_mixin.py:104} INFO - [2023-06-10 23:34:58,604] {dagbag.py:451} INFO - Filling up the DagBag from /home/airflow/.local/lib/python3.6/site-packages/airflow/example_dags/tutorial_etl_dag.py
[2023-06-10 23:34:58,625] {scheduler_job.py:639} INFO - DAG(s) dict_keys(['tutorial_etl_dag']) retrieved from /home/airflow/.local/lib/python3.6/site-packages/airflow/example_dags/tutorial_etl_dag.py
[2023-06-10 23:34:58,659] {logging_mixin.py:104} INFO - [2023-06-10 23:34:58,659] {dag.py:1824} INFO - Sync 1 DAGs
[2023-06-10 23:34:58,682] {logging_mixin.py:104} INFO - [2023-06-10 23:34:58,682] {dag.py:2280} INFO - Setting next_dagrun for tutorial_etl_dag to None
[2023-06-10 23:34:58,700] {scheduler_job.py:190} INFO - Processing /home/airflow/.local/lib/python3.6/site-packages/airflow/example_dags/tutorial_etl_dag.py took 0.106 seconds
[2023-06-10 23:35:28,793] {scheduler_job.py:182} INFO - Started process (PID=911) to work on /home/airflow/.local/lib/python3.6/site-packages/airflow/example_dags/tutorial_etl_dag.py
[2023-06-10 23:35:28,797] {scheduler_job.py:629} INFO - Processing file /home/airflow/.local/lib/python3.6/site-packages/airflow/example_dags/tutorial_etl_dag.py for tasks to queue
[2023-06-10 23:35:28,799] {logging_mixin.py:104} INFO - [2023-06-10 23:35:28,798] {dagbag.py:451} INFO - Filling up the DagBag from /home/airflow/.local/lib/python3.6/site-packages/airflow/example_dags/tutorial_etl_dag.py
[2023-06-10 23:35:28,820] {scheduler_job.py:639} INFO - DAG(s) dict_keys(['tutorial_etl_dag']) retrieved from /home/airflow/.local/lib/python3.6/site-packages/airflow/example_dags/tutorial_etl_dag.py
[2023-06-10 23:35:28,844] {logging_mixin.py:104} INFO - [2023-06-10 23:35:28,844] {dag.py:1824} INFO - Sync 1 DAGs
[2023-06-10 23:35:28,861] {logging_mixin.py:104} INFO - [2023-06-10 23:35:28,861] {dag.py:2280} INFO - Setting next_dagrun for tutorial_etl_dag to None
[2023-06-10 23:35:28,878] {scheduler_job.py:190} INFO - Processing /home/airflow/.local/lib/python3.6/site-packages/airflow/example_dags/tutorial_etl_dag.py took 0.092 seconds
[2023-06-10 23:35:59,063] {scheduler_job.py:182} INFO - Started process (PID=1034) to work on /home/airflow/.local/lib/python3.6/site-packages/airflow/example_dags/tutorial_etl_dag.py
[2023-06-10 23:35:59,065] {scheduler_job.py:629} INFO - Processing file /home/airflow/.local/lib/python3.6/site-packages/airflow/example_dags/tutorial_etl_dag.py for tasks to queue
[2023-06-10 23:35:59,066] {logging_mixin.py:104} INFO - [2023-06-10 23:35:59,066] {dagbag.py:451} INFO - Filling up the DagBag from /home/airflow/.local/lib/python3.6/site-packages/airflow/example_dags/tutorial_etl_dag.py
[2023-06-10 23:35:59,079] {scheduler_job.py:639} INFO - DAG(s) dict_keys(['tutorial_etl_dag']) retrieved from /home/airflow/.local/lib/python3.6/site-packages/airflow/example_dags/tutorial_etl_dag.py
[2023-06-10 23:35:59,103] {logging_mixin.py:104} INFO - [2023-06-10 23:35:59,103] {dag.py:1824} INFO - Sync 1 DAGs
[2023-06-10 23:35:59,121] {logging_mixin.py:104} INFO - [2023-06-10 23:35:59,121] {dag.py:2280} INFO - Setting next_dagrun for tutorial_etl_dag to None
[2023-06-10 23:35:59,134] {scheduler_job.py:190} INFO - Processing /home/airflow/.local/lib/python3.6/site-packages/airflow/example_dags/tutorial_etl_dag.py took 0.075 seconds
[2023-06-10 23:36:30,098] {scheduler_job.py:182} INFO - Started process (PID=1191) to work on /home/airflow/.local/lib/python3.6/site-packages/airflow/example_dags/tutorial_etl_dag.py
[2023-06-10 23:36:30,099] {scheduler_job.py:629} INFO - Processing file /home/airflow/.local/lib/python3.6/site-packages/airflow/example_dags/tutorial_etl_dag.py for tasks to queue
[2023-06-10 23:36:30,100] {logging_mixin.py:104} INFO - [2023-06-10 23:36:30,100] {dagbag.py:451} INFO - Filling up the DagBag from /home/airflow/.local/lib/python3.6/site-packages/airflow/example_dags/tutorial_etl_dag.py
[2023-06-10 23:36:30,111] {scheduler_job.py:639} INFO - DAG(s) dict_keys(['tutorial_etl_dag']) retrieved from /home/airflow/.local/lib/python3.6/site-packages/airflow/example_dags/tutorial_etl_dag.py
[2023-06-10 23:36:30,129] {logging_mixin.py:104} INFO - [2023-06-10 23:36:30,129] {dag.py:1824} INFO - Sync 1 DAGs
[2023-06-10 23:36:30,145] {logging_mixin.py:104} INFO - [2023-06-10 23:36:30,145] {dag.py:2280} INFO - Setting next_dagrun for tutorial_etl_dag to None
[2023-06-10 23:36:30,157] {scheduler_job.py:190} INFO - Processing /home/airflow/.local/lib/python3.6/site-packages/airflow/example_dags/tutorial_etl_dag.py took 0.062 seconds
[2023-06-10 23:37:06,404] {scheduler_job.py:182} INFO - Started process (PID=269) to work on /home/airflow/.local/lib/python3.6/site-packages/airflow/example_dags/tutorial_etl_dag.py
[2023-06-10 23:37:06,409] {scheduler_job.py:629} INFO - Processing file /home/airflow/.local/lib/python3.6/site-packages/airflow/example_dags/tutorial_etl_dag.py for tasks to queue
[2023-06-10 23:37:06,412] {logging_mixin.py:104} INFO - [2023-06-10 23:37:06,411] {dagbag.py:451} INFO - Filling up the DagBag from /home/airflow/.local/lib/python3.6/site-packages/airflow/example_dags/tutorial_etl_dag.py
[2023-06-10 23:37:06,443] {scheduler_job.py:639} INFO - DAG(s) dict_keys(['tutorial_etl_dag']) retrieved from /home/airflow/.local/lib/python3.6/site-packages/airflow/example_dags/tutorial_etl_dag.py
[2023-06-10 23:37:06,498] {logging_mixin.py:104} INFO - [2023-06-10 23:37:06,497] {dag.py:1824} INFO - Sync 1 DAGs
[2023-06-10 23:37:06,527] {logging_mixin.py:104} INFO - [2023-06-10 23:37:06,526] {dag.py:2280} INFO - Setting next_dagrun for tutorial_etl_dag to None
[2023-06-10 23:37:06,551] {scheduler_job.py:190} INFO - Processing /home/airflow/.local/lib/python3.6/site-packages/airflow/example_dags/tutorial_etl_dag.py took 0.156 seconds
[2023-06-10 23:37:36,851] {scheduler_job.py:182} INFO - Started process (PID=394) to work on /home/airflow/.local/lib/python3.6/site-packages/airflow/example_dags/tutorial_etl_dag.py
[2023-06-10 23:37:36,855] {scheduler_job.py:629} INFO - Processing file /home/airflow/.local/lib/python3.6/site-packages/airflow/example_dags/tutorial_etl_dag.py for tasks to queue
[2023-06-10 23:37:36,862] {logging_mixin.py:104} INFO - [2023-06-10 23:37:36,862] {dagbag.py:451} INFO - Filling up the DagBag from /home/airflow/.local/lib/python3.6/site-packages/airflow/example_dags/tutorial_etl_dag.py
[2023-06-10 23:37:36,893] {scheduler_job.py:639} INFO - DAG(s) dict_keys(['tutorial_etl_dag']) retrieved from /home/airflow/.local/lib/python3.6/site-packages/airflow/example_dags/tutorial_etl_dag.py
[2023-06-10 23:37:36,936] {logging_mixin.py:104} INFO - [2023-06-10 23:37:36,936] {dag.py:1824} INFO - Sync 1 DAGs
[2023-06-10 23:37:36,965] {logging_mixin.py:104} INFO - [2023-06-10 23:37:36,964] {dag.py:2280} INFO - Setting next_dagrun for tutorial_etl_dag to None
[2023-06-10 23:37:36,984] {scheduler_job.py:190} INFO - Processing /home/airflow/.local/lib/python3.6/site-packages/airflow/example_dags/tutorial_etl_dag.py took 0.141 seconds
[2023-06-10 23:38:07,327] {scheduler_job.py:182} INFO - Started process (PID=501) to work on /home/airflow/.local/lib/python3.6/site-packages/airflow/example_dags/tutorial_etl_dag.py
[2023-06-10 23:38:07,328] {scheduler_job.py:629} INFO - Processing file /home/airflow/.local/lib/python3.6/site-packages/airflow/example_dags/tutorial_etl_dag.py for tasks to queue
[2023-06-10 23:38:07,329] {logging_mixin.py:104} INFO - [2023-06-10 23:38:07,329] {dagbag.py:451} INFO - Filling up the DagBag from /home/airflow/.local/lib/python3.6/site-packages/airflow/example_dags/tutorial_etl_dag.py
[2023-06-10 23:38:07,341] {scheduler_job.py:639} INFO - DAG(s) dict_keys(['tutorial_etl_dag']) retrieved from /home/airflow/.local/lib/python3.6/site-packages/airflow/example_dags/tutorial_etl_dag.py
[2023-06-10 23:38:07,359] {logging_mixin.py:104} INFO - [2023-06-10 23:38:07,359] {dag.py:1824} INFO - Sync 1 DAGs
[2023-06-10 23:38:07,372] {logging_mixin.py:104} INFO - [2023-06-10 23:38:07,372] {dag.py:2280} INFO - Setting next_dagrun for tutorial_etl_dag to None
[2023-06-10 23:38:07,385] {scheduler_job.py:190} INFO - Processing /home/airflow/.local/lib/python3.6/site-packages/airflow/example_dags/tutorial_etl_dag.py took 0.062 seconds
[2023-06-10 23:38:38,003] {scheduler_job.py:182} INFO - Started process (PID=633) to work on /home/airflow/.local/lib/python3.6/site-packages/airflow/example_dags/tutorial_etl_dag.py
[2023-06-10 23:38:38,005] {scheduler_job.py:629} INFO - Processing file /home/airflow/.local/lib/python3.6/site-packages/airflow/example_dags/tutorial_etl_dag.py for tasks to queue
[2023-06-10 23:38:38,006] {logging_mixin.py:104} INFO - [2023-06-10 23:38:38,006] {dagbag.py:451} INFO - Filling up the DagBag from /home/airflow/.local/lib/python3.6/site-packages/airflow/example_dags/tutorial_etl_dag.py
[2023-06-10 23:38:38,019] {scheduler_job.py:639} INFO - DAG(s) dict_keys(['tutorial_etl_dag']) retrieved from /home/airflow/.local/lib/python3.6/site-packages/airflow/example_dags/tutorial_etl_dag.py
[2023-06-10 23:38:38,041] {logging_mixin.py:104} INFO - [2023-06-10 23:38:38,041] {dag.py:1824} INFO - Sync 1 DAGs
[2023-06-10 23:38:38,055] {logging_mixin.py:104} INFO - [2023-06-10 23:38:38,055] {dag.py:2280} INFO - Setting next_dagrun for tutorial_etl_dag to None
[2023-06-10 23:38:38,069] {scheduler_job.py:190} INFO - Processing /home/airflow/.local/lib/python3.6/site-packages/airflow/example_dags/tutorial_etl_dag.py took 0.069 seconds
[2023-06-10 23:39:08,748] {scheduler_job.py:182} INFO - Started process (PID=764) to work on /home/airflow/.local/lib/python3.6/site-packages/airflow/example_dags/tutorial_etl_dag.py
[2023-06-10 23:39:08,749] {scheduler_job.py:629} INFO - Processing file /home/airflow/.local/lib/python3.6/site-packages/airflow/example_dags/tutorial_etl_dag.py for tasks to queue
[2023-06-10 23:39:08,750] {logging_mixin.py:104} INFO - [2023-06-10 23:39:08,750] {dagbag.py:451} INFO - Filling up the DagBag from /home/airflow/.local/lib/python3.6/site-packages/airflow/example_dags/tutorial_etl_dag.py
[2023-06-10 23:39:08,760] {scheduler_job.py:639} INFO - DAG(s) dict_keys(['tutorial_etl_dag']) retrieved from /home/airflow/.local/lib/python3.6/site-packages/airflow/example_dags/tutorial_etl_dag.py
[2023-06-10 23:39:08,778] {logging_mixin.py:104} INFO - [2023-06-10 23:39:08,778] {dag.py:1824} INFO - Sync 1 DAGs
[2023-06-10 23:39:08,792] {logging_mixin.py:104} INFO - [2023-06-10 23:39:08,792] {dag.py:2280} INFO - Setting next_dagrun for tutorial_etl_dag to None
[2023-06-10 23:39:08,804] {scheduler_job.py:190} INFO - Processing /home/airflow/.local/lib/python3.6/site-packages/airflow/example_dags/tutorial_etl_dag.py took 0.060 seconds
[2023-06-10 23:39:39,297] {scheduler_job.py:182} INFO - Started process (PID=901) to work on /home/airflow/.local/lib/python3.6/site-packages/airflow/example_dags/tutorial_etl_dag.py
[2023-06-10 23:39:39,300] {scheduler_job.py:629} INFO - Processing file /home/airflow/.local/lib/python3.6/site-packages/airflow/example_dags/tutorial_etl_dag.py for tasks to queue
[2023-06-10 23:39:39,301] {logging_mixin.py:104} INFO - [2023-06-10 23:39:39,301] {dagbag.py:451} INFO - Filling up the DagBag from /home/airflow/.local/lib/python3.6/site-packages/airflow/example_dags/tutorial_etl_dag.py
[2023-06-10 23:39:39,314] {scheduler_job.py:639} INFO - DAG(s) dict_keys(['tutorial_etl_dag']) retrieved from /home/airflow/.local/lib/python3.6/site-packages/airflow/example_dags/tutorial_etl_dag.py
[2023-06-10 23:39:39,333] {logging_mixin.py:104} INFO - [2023-06-10 23:39:39,333] {dag.py:1824} INFO - Sync 1 DAGs
[2023-06-10 23:39:39,349] {logging_mixin.py:104} INFO - [2023-06-10 23:39:39,348] {dag.py:2280} INFO - Setting next_dagrun for tutorial_etl_dag to None
[2023-06-10 23:39:39,360] {scheduler_job.py:190} INFO - Processing /home/airflow/.local/lib/python3.6/site-packages/airflow/example_dags/tutorial_etl_dag.py took 0.066 seconds
[2023-06-10 23:40:09,670] {scheduler_job.py:182} INFO - Started process (PID=1024) to work on /home/airflow/.local/lib/python3.6/site-packages/airflow/example_dags/tutorial_etl_dag.py
[2023-06-10 23:40:09,671] {scheduler_job.py:629} INFO - Processing file /home/airflow/.local/lib/python3.6/site-packages/airflow/example_dags/tutorial_etl_dag.py for tasks to queue
[2023-06-10 23:40:09,674] {logging_mixin.py:104} INFO - [2023-06-10 23:40:09,674] {dagbag.py:451} INFO - Filling up the DagBag from /home/airflow/.local/lib/python3.6/site-packages/airflow/example_dags/tutorial_etl_dag.py
[2023-06-10 23:40:09,686] {scheduler_job.py:639} INFO - DAG(s) dict_keys(['tutorial_etl_dag']) retrieved from /home/airflow/.local/lib/python3.6/site-packages/airflow/example_dags/tutorial_etl_dag.py
[2023-06-10 23:40:09,712] {logging_mixin.py:104} INFO - [2023-06-10 23:40:09,712] {dag.py:1824} INFO - Sync 1 DAGs
[2023-06-10 23:40:09,728] {logging_mixin.py:104} INFO - [2023-06-10 23:40:09,728] {dag.py:2280} INFO - Setting next_dagrun for tutorial_etl_dag to None
[2023-06-10 23:40:09,740] {scheduler_job.py:190} INFO - Processing /home/airflow/.local/lib/python3.6/site-packages/airflow/example_dags/tutorial_etl_dag.py took 0.074 seconds
[2023-06-10 23:40:40,159] {scheduler_job.py:182} INFO - Started process (PID=1164) to work on /home/airflow/.local/lib/python3.6/site-packages/airflow/example_dags/tutorial_etl_dag.py
[2023-06-10 23:40:40,161] {scheduler_job.py:629} INFO - Processing file /home/airflow/.local/lib/python3.6/site-packages/airflow/example_dags/tutorial_etl_dag.py for tasks to queue
[2023-06-10 23:40:40,163] {logging_mixin.py:104} INFO - [2023-06-10 23:40:40,163] {dagbag.py:451} INFO - Filling up the DagBag from /home/airflow/.local/lib/python3.6/site-packages/airflow/example_dags/tutorial_etl_dag.py
[2023-06-10 23:40:40,175] {scheduler_job.py:639} INFO - DAG(s) dict_keys(['tutorial_etl_dag']) retrieved from /home/airflow/.local/lib/python3.6/site-packages/airflow/example_dags/tutorial_etl_dag.py
[2023-06-10 23:40:40,194] {logging_mixin.py:104} INFO - [2023-06-10 23:40:40,194] {dag.py:1824} INFO - Sync 1 DAGs
[2023-06-10 23:40:40,206] {logging_mixin.py:104} INFO - [2023-06-10 23:40:40,206] {dag.py:2280} INFO - Setting next_dagrun for tutorial_etl_dag to None
[2023-06-10 23:40:40,217] {scheduler_job.py:190} INFO - Processing /home/airflow/.local/lib/python3.6/site-packages/airflow/example_dags/tutorial_etl_dag.py took 0.061 seconds
