[2023-06-10 23:52:17,972] {taskinstance.py:877} INFO - Dependencies all met for <TaskInstance: data_processing_workflow.clean_data 2023-06-02T00:00:00+00:00 [queued]>
[2023-06-10 23:52:18,083] {taskinstance.py:877} INFO - Dependencies all met for <TaskInstance: data_processing_workflow.clean_data 2023-06-02T00:00:00+00:00 [queued]>
[2023-06-10 23:52:18,085] {taskinstance.py:1068} INFO - 
--------------------------------------------------------------------------------
[2023-06-10 23:52:18,093] {taskinstance.py:1069} INFO - Starting attempt 1 of 1
[2023-06-10 23:52:18,098] {taskinstance.py:1070} INFO - 
--------------------------------------------------------------------------------
[2023-06-10 23:52:18,157] {taskinstance.py:1089} INFO - Executing <Task(PythonOperator): clean_data> on 2023-06-02T00:00:00+00:00
[2023-06-10 23:52:18,188] {standard_task_runner.py:52} INFO - Started process 208 to run task
[2023-06-10 23:52:18,245] {standard_task_runner.py:76} INFO - Running: ['airflow', 'tasks', 'run', 'data_processing_workflow', 'clean_data', '2023-06-02T00:00:00+00:00', '--job-id', '12', '--pool', 'default_pool', '--raw', '--subdir', 'DAGS_FOLDER/recog_dag.py', '--cfg-path', '/tmp/tmpjxrxvmk_', '--error-file', '/tmp/tmphqcwrsq1']
[2023-06-10 23:52:18,277] {standard_task_runner.py:77} INFO - Job 12: Subtask clean_data
[2023-06-10 23:52:18,557] {logging_mixin.py:104} INFO - Running <TaskInstance: data_processing_workflow.clean_data 2023-06-02T00:00:00+00:00 [running]> on host f2f91d7a1370
[2023-06-10 23:52:18,860] {taskinstance.py:1283} INFO - Exporting the following env vars:
AIRFLOW_CTX_DAG_OWNER=Ikram
AIRFLOW_CTX_DAG_ID=data_processing_workflow
AIRFLOW_CTX_TASK_ID=clean_data
AIRFLOW_CTX_EXECUTION_DATE=2023-06-02T00:00:00+00:00
AIRFLOW_CTX_DAG_RUN_ID=scheduled__2023-06-02T00:00:00+00:00
[2023-06-10 23:52:18,863] {logging_mixin.py:104} INFO - Cleaning data...
[2023-06-10 23:52:18,867] {python.py:118} INFO - Done. Returned value was: None
[2023-06-10 23:52:18,932] {taskinstance.py:1192} INFO - Marking task as SUCCESS. dag_id=data_processing_workflow, task_id=clean_data, execution_date=20230602T000000, start_date=20230610T235217, end_date=20230610T235218
[2023-06-10 23:52:19,064] {taskinstance.py:1246} INFO - 1 downstream tasks scheduled from follow-on schedule check
[2023-06-10 23:52:19,143] {local_task_job.py:146} INFO - Task exited with return code 0
