[2023-06-10 23:52:18,067] {taskinstance.py:877} INFO - Dependencies all met for <TaskInstance: data_processing_workflow.clean_data 2023-06-05T00:00:00+00:00 [queued]>
[2023-06-10 23:52:18,151] {taskinstance.py:877} INFO - Dependencies all met for <TaskInstance: data_processing_workflow.clean_data 2023-06-05T00:00:00+00:00 [queued]>
[2023-06-10 23:52:18,155] {taskinstance.py:1068} INFO - 
--------------------------------------------------------------------------------
[2023-06-10 23:52:18,156] {taskinstance.py:1069} INFO - Starting attempt 1 of 1
[2023-06-10 23:52:18,157] {taskinstance.py:1070} INFO - 
--------------------------------------------------------------------------------
[2023-06-10 23:52:18,201] {taskinstance.py:1089} INFO - Executing <Task(PythonOperator): clean_data> on 2023-06-05T00:00:00+00:00
[2023-06-10 23:52:18,217] {standard_task_runner.py:52} INFO - Started process 209 to run task
[2023-06-10 23:52:18,251] {standard_task_runner.py:76} INFO - Running: ['airflow', 'tasks', 'run', 'data_processing_workflow', 'clean_data', '2023-06-05T00:00:00+00:00', '--job-id', '13', '--pool', 'default_pool', '--raw', '--subdir', 'DAGS_FOLDER/recog_dag.py', '--cfg-path', '/tmp/tmp0k7vv9ba', '--error-file', '/tmp/tmpcw3apxt8']
[2023-06-10 23:52:18,268] {standard_task_runner.py:77} INFO - Job 13: Subtask clean_data
[2023-06-10 23:52:18,562] {logging_mixin.py:104} INFO - Running <TaskInstance: data_processing_workflow.clean_data 2023-06-05T00:00:00+00:00 [running]> on host f2f91d7a1370
[2023-06-10 23:52:18,864] {taskinstance.py:1283} INFO - Exporting the following env vars:
AIRFLOW_CTX_DAG_OWNER=Ikram
AIRFLOW_CTX_DAG_ID=data_processing_workflow
AIRFLOW_CTX_TASK_ID=clean_data
AIRFLOW_CTX_EXECUTION_DATE=2023-06-05T00:00:00+00:00
AIRFLOW_CTX_DAG_RUN_ID=scheduled__2023-06-05T00:00:00+00:00
[2023-06-10 23:52:18,869] {logging_mixin.py:104} INFO - Cleaning data...
[2023-06-10 23:52:18,870] {python.py:118} INFO - Done. Returned value was: None
[2023-06-10 23:52:18,913] {taskinstance.py:1192} INFO - Marking task as SUCCESS. dag_id=data_processing_workflow, task_id=clean_data, execution_date=20230605T000000, start_date=20230610T235218, end_date=20230610T235218
[2023-06-10 23:52:19,040] {taskinstance.py:1246} INFO - 1 downstream tasks scheduled from follow-on schedule check
[2023-06-10 23:52:19,096] {local_task_job.py:146} INFO - Task exited with return code 0
