[2023-06-10 23:52:22,560] {taskinstance.py:877} INFO - Dependencies all met for <TaskInstance: data_processing_workflow.analyze_data 2023-06-09T00:00:00+00:00 [queued]>
[2023-06-10 23:52:22,725] {taskinstance.py:877} INFO - Dependencies all met for <TaskInstance: data_processing_workflow.analyze_data 2023-06-09T00:00:00+00:00 [queued]>
[2023-06-10 23:52:22,728] {taskinstance.py:1068} INFO - 
--------------------------------------------------------------------------------
[2023-06-10 23:52:22,729] {taskinstance.py:1069} INFO - Starting attempt 1 of 1
[2023-06-10 23:52:22,731] {taskinstance.py:1070} INFO - 
--------------------------------------------------------------------------------
[2023-06-10 23:52:22,802] {taskinstance.py:1089} INFO - Executing <Task(PythonOperator): analyze_data> on 2023-06-09T00:00:00+00:00
[2023-06-10 23:52:22,853] {standard_task_runner.py:52} INFO - Started process 248 to run task
[2023-06-10 23:52:22,917] {standard_task_runner.py:76} INFO - Running: ['airflow', 'tasks', 'run', 'data_processing_workflow', 'analyze_data', '2023-06-09T00:00:00+00:00', '--job-id', '30', '--pool', 'default_pool', '--raw', '--subdir', 'DAGS_FOLDER/recog_dag.py', '--cfg-path', '/tmp/tmpbwl8t82q', '--error-file', '/tmp/tmp76qbwppw']
[2023-06-10 23:52:22,955] {standard_task_runner.py:77} INFO - Job 30: Subtask analyze_data
[2023-06-10 23:52:23,366] {logging_mixin.py:104} INFO - Running <TaskInstance: data_processing_workflow.analyze_data 2023-06-09T00:00:00+00:00 [running]> on host f2f91d7a1370
[2023-06-10 23:52:23,789] {taskinstance.py:1283} INFO - Exporting the following env vars:
AIRFLOW_CTX_DAG_OWNER=Ikram
AIRFLOW_CTX_DAG_ID=data_processing_workflow
AIRFLOW_CTX_TASK_ID=analyze_data
AIRFLOW_CTX_EXECUTION_DATE=2023-06-09T00:00:00+00:00
AIRFLOW_CTX_DAG_RUN_ID=scheduled__2023-06-09T00:00:00+00:00
[2023-06-10 23:52:23,795] {logging_mixin.py:104} INFO - Analyzing data...
[2023-06-10 23:52:23,796] {python.py:118} INFO - Done. Returned value was: None
[2023-06-10 23:52:23,862] {taskinstance.py:1192} INFO - Marking task as SUCCESS. dag_id=data_processing_workflow, task_id=analyze_data, execution_date=20230609T000000, start_date=20230610T235222, end_date=20230610T235223
[2023-06-10 23:52:24,417] {taskinstance.py:1246} INFO - 0 downstream tasks scheduled from follow-on schedule check
[2023-06-10 23:52:24,474] {local_task_job.py:146} INFO - Task exited with return code 0
