[2023-06-10 23:52:22,747] {taskinstance.py:877} INFO - Dependencies all met for <TaskInstance: data_processing_workflow.store_results 2023-06-05T00:00:00+00:00 [queued]>
[2023-06-10 23:52:22,913] {taskinstance.py:877} INFO - Dependencies all met for <TaskInstance: data_processing_workflow.store_results 2023-06-05T00:00:00+00:00 [queued]>
[2023-06-10 23:52:22,915] {taskinstance.py:1068} INFO - 
--------------------------------------------------------------------------------
[2023-06-10 23:52:22,916] {taskinstance.py:1069} INFO - Starting attempt 1 of 1
[2023-06-10 23:52:22,918] {taskinstance.py:1070} INFO - 
--------------------------------------------------------------------------------
[2023-06-10 23:52:23,016] {taskinstance.py:1089} INFO - Executing <Task(PythonOperator): store_results> on 2023-06-05T00:00:00+00:00
[2023-06-10 23:52:23,098] {standard_task_runner.py:76} INFO - Running: ['airflow', 'tasks', 'run', 'data_processing_workflow', 'store_results', '2023-06-05T00:00:00+00:00', '--job-id', '31', '--pool', 'default_pool', '--raw', '--subdir', 'DAGS_FOLDER/recog_dag.py', '--cfg-path', '/tmp/tmpt_9zorxp', '--error-file', '/tmp/tmpcs2mh9gg']
[2023-06-10 23:52:23,107] {standard_task_runner.py:77} INFO - Job 31: Subtask store_results
[2023-06-10 23:52:23,088] {standard_task_runner.py:52} INFO - Started process 250 to run task
[2023-06-10 23:52:23,499] {logging_mixin.py:104} INFO - Running <TaskInstance: data_processing_workflow.store_results 2023-06-05T00:00:00+00:00 [running]> on host f2f91d7a1370
[2023-06-10 23:52:23,960] {taskinstance.py:1283} INFO - Exporting the following env vars:
AIRFLOW_CTX_DAG_OWNER=Ikram
AIRFLOW_CTX_DAG_ID=data_processing_workflow
AIRFLOW_CTX_TASK_ID=store_results
AIRFLOW_CTX_EXECUTION_DATE=2023-06-05T00:00:00+00:00
AIRFLOW_CTX_DAG_RUN_ID=scheduled__2023-06-05T00:00:00+00:00
[2023-06-10 23:52:24,009] {logging_mixin.py:104} INFO - Storing results...
[2023-06-10 23:52:24,010] {python.py:118} INFO - Done. Returned value was: None
[2023-06-10 23:52:24,102] {taskinstance.py:1192} INFO - Marking task as SUCCESS. dag_id=data_processing_workflow, task_id=store_results, execution_date=20230605T000000, start_date=20230610T235222, end_date=20230610T235224
[2023-06-10 23:52:24,368] {taskinstance.py:1246} INFO - 0 downstream tasks scheduled from follow-on schedule check
[2023-06-10 23:52:24,434] {local_task_job.py:146} INFO - Task exited with return code 0
