[2023-06-10 23:52:20,547] {taskinstance.py:877} INFO - Dependencies all met for <TaskInstance: data_processing_workflow.analyze_data 2023-06-06T00:00:00+00:00 [queued]>
[2023-06-10 23:52:20,625] {taskinstance.py:877} INFO - Dependencies all met for <TaskInstance: data_processing_workflow.analyze_data 2023-06-06T00:00:00+00:00 [queued]>
[2023-06-10 23:52:20,626] {taskinstance.py:1068} INFO - 
--------------------------------------------------------------------------------
[2023-06-10 23:52:20,628] {taskinstance.py:1069} INFO - Starting attempt 1 of 1
[2023-06-10 23:52:20,628] {taskinstance.py:1070} INFO - 
--------------------------------------------------------------------------------
[2023-06-10 23:52:20,661] {taskinstance.py:1089} INFO - Executing <Task(PythonOperator): analyze_data> on 2023-06-06T00:00:00+00:00
[2023-06-10 23:52:20,677] {standard_task_runner.py:52} INFO - Started process 234 to run task
[2023-06-10 23:52:20,681] {standard_task_runner.py:76} INFO - Running: ['airflow', 'tasks', 'run', 'data_processing_workflow', 'analyze_data', '2023-06-06T00:00:00+00:00', '--job-id', '25', '--pool', 'default_pool', '--raw', '--subdir', 'DAGS_FOLDER/recog_dag.py', '--cfg-path', '/tmp/tmpl_vb7t7t', '--error-file', '/tmp/tmpnkn3zpfk']
[2023-06-10 23:52:20,706] {standard_task_runner.py:77} INFO - Job 25: Subtask analyze_data
[2023-06-10 23:52:20,906] {logging_mixin.py:104} INFO - Running <TaskInstance: data_processing_workflow.analyze_data 2023-06-06T00:00:00+00:00 [running]> on host f2f91d7a1370
[2023-06-10 23:52:21,070] {taskinstance.py:1283} INFO - Exporting the following env vars:
AIRFLOW_CTX_DAG_OWNER=Ikram
AIRFLOW_CTX_DAG_ID=data_processing_workflow
AIRFLOW_CTX_TASK_ID=analyze_data
AIRFLOW_CTX_EXECUTION_DATE=2023-06-06T00:00:00+00:00
AIRFLOW_CTX_DAG_RUN_ID=scheduled__2023-06-06T00:00:00+00:00
[2023-06-10 23:52:21,077] {logging_mixin.py:104} INFO - Analyzing data...
[2023-06-10 23:52:21,078] {python.py:118} INFO - Done. Returned value was: None
[2023-06-10 23:52:21,121] {taskinstance.py:1192} INFO - Marking task as SUCCESS. dag_id=data_processing_workflow, task_id=analyze_data, execution_date=20230606T000000, start_date=20230610T235220, end_date=20230610T235221
[2023-06-10 23:52:21,355] {taskinstance.py:1246} INFO - 0 downstream tasks scheduled from follow-on schedule check
[2023-06-10 23:52:21,384] {local_task_job.py:146} INFO - Task exited with return code 0
