[2023-06-10 23:32:55,235] {dag_processing.py:601} INFO - Processing files using up to 2 processes at a time 
[2023-06-10 23:32:55,237] {dag_processing.py:602} INFO - Process each file at most once every 30 seconds
[2023-06-10 23:32:55,245] {dag_processing.py:604} INFO - Checking for new files in /opt/airflow/dags every 300 seconds
[2023-06-10 23:32:55,246] {dag_processing.py:752} INFO - Searching for files in /opt/airflow/dags
[2023-06-10 23:32:55,252] {dag_processing.py:755} INFO - There are 26 files in /opt/airflow/dags
[2023-06-10 23:32:55,292] {dag_processing.py:1092} INFO - Finding 'running' jobs without a recent heartbeat
[2023-06-10 23:32:55,295] {dag_processing.py:1096} INFO - Failing jobs without heartbeat after 2023-06-10 23:27:55.295530+00:00
[2023-06-10 23:32:55,320] {dag_processing.py:859} INFO - 
================================================================================
DAG File Processing Stats

File Path                                                                                                           PID  Runtime      # DAGs    # Errors  Last Runtime    Last Run
----------------------------------------------------------------------------------------------------------------  -----  ---------  --------  ----------  --------------  ----------
/home/airflow/.local/lib/python3.6/site-packages/airflow/example_dags/example_branch_python_dop_operator_3.py                              0           0
/home/airflow/.local/lib/python3.6/site-packages/airflow/example_dags/example_xcomargs.py                                                  0           0
/home/airflow/.local/lib/python3.6/site-packages/airflow/example_dags/example_short_circuit_operator.py                                    0           0
/home/airflow/.local/lib/python3.6/site-packages/airflow/example_dags/example_branch_operator.py                                           0           0
/home/airflow/.local/lib/python3.6/site-packages/airflow/example_dags/example_xcom.py                                                      0           0
/home/airflow/.local/lib/python3.6/site-packages/airflow/example_dags/example_latest_only.py                                               0           0
/home/airflow/.local/lib/python3.6/site-packages/airflow/example_dags/example_python_operator.py                    169  0.03s             0           0
/home/airflow/.local/lib/python3.6/site-packages/airflow/example_dags/example_skip_dag.py                                                  0           0
/home/airflow/.local/lib/python3.6/site-packages/airflow/example_dags/tutorial_etl_dag.py                                                  0           0
/home/airflow/.local/lib/python3.6/site-packages/airflow/example_dags/example_kubernetes_executor.py                                       0           0
/home/airflow/.local/lib/python3.6/site-packages/airflow/example_dags/example_task_group.py                                                0           0
/home/airflow/.local/lib/python3.6/site-packages/airflow/example_dags/tutorial.py                                                          0           0
/home/airflow/.local/lib/python3.6/site-packages/airflow/example_dags/example_nested_branch_dag.py                                         0           0
/home/airflow/.local/lib/python3.6/site-packages/airflow/example_dags/example_subdag_operator.py                                           0           0
/home/airflow/.local/lib/python3.6/site-packages/airflow/example_dags/example_trigger_target_dag.py                                        0           0
/home/airflow/.local/lib/python3.6/site-packages/airflow/example_dags/test_utils.py                                                        0           0
/home/airflow/.local/lib/python3.6/site-packages/airflow/example_dags/example_complex.py                                                   0           0
/home/airflow/.local/lib/python3.6/site-packages/airflow/example_dags/example_latest_only_with_trigger.py                                  0           0
/home/airflow/.local/lib/python3.6/site-packages/airflow/example_dags/example_kubernetes_executor_config.py                                0           0
/home/airflow/.local/lib/python3.6/site-packages/airflow/example_dags/example_passing_params_via_test_command.py                           0           0
/home/airflow/.local/lib/python3.6/site-packages/airflow/example_dags/tutorial_taskflow_api_etl.py                                         0           0
/home/airflow/.local/lib/python3.6/site-packages/airflow/example_dags/example_dag_decorator.py                                             0           0
/home/airflow/.local/lib/python3.6/site-packages/airflow/example_dags/example_trigger_controller_dag.py                                    0           0
/home/airflow/.local/lib/python3.6/site-packages/airflow/example_dags/example_external_task_marker_dag.py           166  0.03s             0           0
/home/airflow/.local/lib/python3.6/site-packages/airflow/example_dags/example_bash_operator.py                                             0           0
/home/airflow/.local/lib/python3.6/site-packages/airflow/example_dags/subdags/subdag.py                                                    0           0
================================================================================
[2023-06-10 23:33:05,688] {dag_processing.py:1092} INFO - Finding 'running' jobs without a recent heartbeat
[2023-06-10 23:33:05,690] {dag_processing.py:1096} INFO - Failing jobs without heartbeat after 2023-06-10 23:28:05.690449+00:00
[2023-06-10 23:33:15,716] {dag_processing.py:1092} INFO - Finding 'running' jobs without a recent heartbeat
[2023-06-10 23:33:15,718] {dag_processing.py:1096} INFO - Failing jobs without heartbeat after 2023-06-10 23:28:15.718782+00:00
[2023-06-10 23:33:25,746] {dag_processing.py:1092} INFO - Finding 'running' jobs without a recent heartbeat
[2023-06-10 23:33:25,748] {dag_processing.py:1096} INFO - Failing jobs without heartbeat after 2023-06-10 23:28:25.748720+00:00
[2023-06-10 23:33:25,765] {dag_processing.py:859} INFO - 
================================================================================
DAG File Processing Stats

File Path                                                                                                           PID  Runtime      # DAGs    # Errors  Last Runtime    Last Run
----------------------------------------------------------------------------------------------------------------  -----  ---------  --------  ----------  --------------  -------------------
/home/airflow/.local/lib/python3.6/site-packages/airflow/example_dags/subdags/subdag.py                                                    0           0  0.06s           2023-06-10T23:32:55
/home/airflow/.local/lib/python3.6/site-packages/airflow/example_dags/example_branch_python_dop_operator_3.py                              1           0  0.11s           2023-06-10T23:32:56
/home/airflow/.local/lib/python3.6/site-packages/airflow/example_dags/example_short_circuit_operator.py                                    1           0  0.10s           2023-06-10T23:32:55
/home/airflow/.local/lib/python3.6/site-packages/airflow/example_dags/example_branch_operator.py                                           1           0  0.10s           2023-06-10T23:32:56
/home/airflow/.local/lib/python3.6/site-packages/airflow/example_dags/example_xcom.py                                                      1           0  0.10s           2023-06-10T23:32:56
/home/airflow/.local/lib/python3.6/site-packages/airflow/example_dags/example_latest_only.py                                               1           0  0.09s           2023-06-10T23:32:55
/home/airflow/.local/lib/python3.6/site-packages/airflow/example_dags/example_python_operator.py                                           1           0  0.13s           2023-06-10T23:32:55
/home/airflow/.local/lib/python3.6/site-packages/airflow/example_dags/example_skip_dag.py                                                  1           0  0.10s           2023-06-10T23:32:56
/home/airflow/.local/lib/python3.6/site-packages/airflow/example_dags/tutorial_etl_dag.py                                                  1           0  0.09s           2023-06-10T23:32:56
/home/airflow/.local/lib/python3.6/site-packages/airflow/example_dags/example_kubernetes_executor.py                                       1           0  0.10s           2023-06-10T23:32:56
/home/airflow/.local/lib/python3.6/site-packages/airflow/example_dags/example_task_group.py                                                1           0  0.10s           2023-06-10T23:32:55
/home/airflow/.local/lib/python3.6/site-packages/airflow/example_dags/tutorial.py                                                          1           0  0.11s           2023-06-10T23:32:56
/home/airflow/.local/lib/python3.6/site-packages/airflow/example_dags/example_nested_branch_dag.py                  298  0.00s             1           0  0.10s           2023-06-10T23:32:55
/home/airflow/.local/lib/python3.6/site-packages/airflow/example_dags/example_trigger_target_dag.py                                        1           0  0.10s           2023-06-10T23:32:56
/home/airflow/.local/lib/python3.6/site-packages/airflow/example_dags/test_utils.py                                                        1           0  0.09s           2023-06-10T23:32:56
/home/airflow/.local/lib/python3.6/site-packages/airflow/example_dags/example_complex.py                                                   1           0  0.10s           2023-06-10T23:32:56
/home/airflow/.local/lib/python3.6/site-packages/airflow/example_dags/example_latest_only_with_trigger.py                                  1           0  0.11s           2023-06-10T23:32:55
/home/airflow/.local/lib/python3.6/site-packages/airflow/example_dags/example_kubernetes_executor_config.py                                1           0  0.10s           2023-06-10T23:32:56
/home/airflow/.local/lib/python3.6/site-packages/airflow/example_dags/example_passing_params_via_test_command.py                           1           0  0.11s           2023-06-10T23:32:55
/home/airflow/.local/lib/python3.6/site-packages/airflow/example_dags/tutorial_taskflow_api_etl.py                                         1           0  0.09s           2023-06-10T23:32:55
/home/airflow/.local/lib/python3.6/site-packages/airflow/example_dags/example_dag_decorator.py                                             1           0  0.11s           2023-06-10T23:32:56
/home/airflow/.local/lib/python3.6/site-packages/airflow/example_dags/example_trigger_controller_dag.py                                    1           0  0.11s           2023-06-10T23:32:56
/home/airflow/.local/lib/python3.6/site-packages/airflow/example_dags/example_bash_operator.py                                             1           0  0.10s           2023-06-10T23:32:56
/home/airflow/.local/lib/python3.6/site-packages/airflow/example_dags/example_xcomargs.py                                                  2           0  0.10s           2023-06-10T23:32:55
/home/airflow/.local/lib/python3.6/site-packages/airflow/example_dags/example_external_task_marker_dag.py           296  0.01s             2           0  0.14s           2023-06-10T23:32:55
/home/airflow/.local/lib/python3.6/site-packages/airflow/example_dags/example_subdag_operator.py                                           3           0  0.12s           2023-06-10T23:32:55
================================================================================
[2023-06-10 23:33:35,953] {dag_processing.py:1092} INFO - Finding 'running' jobs without a recent heartbeat
[2023-06-10 23:33:35,955] {dag_processing.py:1096} INFO - Failing jobs without heartbeat after 2023-06-10 23:28:35.955876+00:00
[2023-06-10 23:33:45,987] {dag_processing.py:1092} INFO - Finding 'running' jobs without a recent heartbeat
[2023-06-10 23:33:45,991] {dag_processing.py:1096} INFO - Failing jobs without heartbeat after 2023-06-10 23:28:45.991398+00:00
[2023-06-10 23:33:56,019] {dag_processing.py:1092} INFO - Finding 'running' jobs without a recent heartbeat
[2023-06-10 23:33:56,022] {dag_processing.py:1096} INFO - Failing jobs without heartbeat after 2023-06-10 23:28:56.022418+00:00
[2023-06-10 23:33:56,040] {dag_processing.py:859} INFO - 
================================================================================
DAG File Processing Stats

File Path                                                                                                           PID  Runtime      # DAGs    # Errors  Last Runtime    Last Run
----------------------------------------------------------------------------------------------------------------  -----  ---------  --------  ----------  --------------  -------------------
/home/airflow/.local/lib/python3.6/site-packages/airflow/example_dags/subdags/subdag.py                                                    0           0  0.04s           2023-06-10T23:33:26
/home/airflow/.local/lib/python3.6/site-packages/airflow/example_dags/example_branch_python_dop_operator_3.py                              1           0  0.09s           2023-06-10T23:33:26
/home/airflow/.local/lib/python3.6/site-packages/airflow/example_dags/example_short_circuit_operator.py                                    1           0  0.09s           2023-06-10T23:33:26
/home/airflow/.local/lib/python3.6/site-packages/airflow/example_dags/example_branch_operator.py                                           1           0  0.09s           2023-06-10T23:33:26
/home/airflow/.local/lib/python3.6/site-packages/airflow/example_dags/example_xcom.py                                                      1           0  0.08s           2023-06-10T23:33:26
/home/airflow/.local/lib/python3.6/site-packages/airflow/example_dags/example_latest_only.py                                               1           0  0.08s           2023-06-10T23:33:26
/home/airflow/.local/lib/python3.6/site-packages/airflow/example_dags/example_python_operator.py                                           1           0  0.08s           2023-06-10T23:33:25
/home/airflow/.local/lib/python3.6/site-packages/airflow/example_dags/example_skip_dag.py                                                  1           0  0.08s           2023-06-10T23:33:26
/home/airflow/.local/lib/python3.6/site-packages/airflow/example_dags/tutorial_etl_dag.py                                                  1           0  0.08s           2023-06-10T23:33:26
/home/airflow/.local/lib/python3.6/site-packages/airflow/example_dags/example_kubernetes_executor.py                                       1           0  0.08s           2023-06-10T23:33:26
/home/airflow/.local/lib/python3.6/site-packages/airflow/example_dags/example_task_group.py                                                1           0  0.09s           2023-06-10T23:33:26
/home/airflow/.local/lib/python3.6/site-packages/airflow/example_dags/tutorial.py                                                          1           0  0.08s           2023-06-10T23:33:26
/home/airflow/.local/lib/python3.6/site-packages/airflow/example_dags/example_nested_branch_dag.py                  426  0.01s             1           0  0.09s           2023-06-10T23:33:25
/home/airflow/.local/lib/python3.6/site-packages/airflow/example_dags/example_trigger_target_dag.py                                        1           0  0.08s           2023-06-10T23:33:26
/home/airflow/.local/lib/python3.6/site-packages/airflow/example_dags/test_utils.py                                                        1           0  0.08s           2023-06-10T23:33:26
/home/airflow/.local/lib/python3.6/site-packages/airflow/example_dags/example_complex.py                                                   1           0  0.11s           2023-06-10T23:33:26
/home/airflow/.local/lib/python3.6/site-packages/airflow/example_dags/example_latest_only_with_trigger.py                                  1           0  0.10s           2023-06-10T23:33:26
/home/airflow/.local/lib/python3.6/site-packages/airflow/example_dags/example_kubernetes_executor_config.py                                1           0  0.08s           2023-06-10T23:33:26
/home/airflow/.local/lib/python3.6/site-packages/airflow/example_dags/example_passing_params_via_test_command.py                           1           0  0.11s           2023-06-10T23:33:26
/home/airflow/.local/lib/python3.6/site-packages/airflow/example_dags/tutorial_taskflow_api_etl.py                                         1           0  0.09s           2023-06-10T23:33:26
/home/airflow/.local/lib/python3.6/site-packages/airflow/example_dags/example_dag_decorator.py                                             1           0  0.08s           2023-06-10T23:33:26
/home/airflow/.local/lib/python3.6/site-packages/airflow/example_dags/example_trigger_controller_dag.py                                    1           0  0.08s           2023-06-10T23:33:26
/home/airflow/.local/lib/python3.6/site-packages/airflow/example_dags/example_bash_operator.py                                             1           0  0.09s           2023-06-10T23:33:26
/home/airflow/.local/lib/python3.6/site-packages/airflow/example_dags/example_xcomargs.py                                                  2           0  0.11s           2023-06-10T23:33:26
/home/airflow/.local/lib/python3.6/site-packages/airflow/example_dags/example_external_task_marker_dag.py           428  0.00s             2           0  0.10s           2023-06-10T23:33:25
/home/airflow/.local/lib/python3.6/site-packages/airflow/example_dags/example_subdag_operator.py                                           3           0  0.11s           2023-06-10T23:33:26
================================================================================
[2023-06-10 23:34:06,338] {dag_processing.py:1092} INFO - Finding 'running' jobs without a recent heartbeat
[2023-06-10 23:34:06,341] {dag_processing.py:1096} INFO - Failing jobs without heartbeat after 2023-06-10 23:29:06.341017+00:00
[2023-06-10 23:34:16,372] {dag_processing.py:1092} INFO - Finding 'running' jobs without a recent heartbeat
[2023-06-10 23:34:16,377] {dag_processing.py:1096} INFO - Failing jobs without heartbeat after 2023-06-10 23:29:16.376833+00:00
[2023-06-10 23:34:26,396] {dag_processing.py:1092} INFO - Finding 'running' jobs without a recent heartbeat
[2023-06-10 23:34:26,399] {dag_processing.py:1096} INFO - Failing jobs without heartbeat after 2023-06-10 23:29:26.398990+00:00
[2023-06-10 23:34:26,414] {dag_processing.py:859} INFO - 
================================================================================
DAG File Processing Stats

File Path                                                                                                           PID  Runtime      # DAGs    # Errors  Last Runtime    Last Run
----------------------------------------------------------------------------------------------------------------  -----  ---------  --------  ----------  --------------  -------------------
/home/airflow/.local/lib/python3.6/site-packages/airflow/example_dags/subdags/subdag.py                                                    0           0  0.04s           2023-06-10T23:33:56
/home/airflow/.local/lib/python3.6/site-packages/airflow/example_dags/example_branch_python_dop_operator_3.py                              1           0  0.10s           2023-06-10T23:33:57
/home/airflow/.local/lib/python3.6/site-packages/airflow/example_dags/example_short_circuit_operator.py                                    1           0  0.09s           2023-06-10T23:33:56
/home/airflow/.local/lib/python3.6/site-packages/airflow/example_dags/example_branch_operator.py                                           1           0  0.09s           2023-06-10T23:33:57
/home/airflow/.local/lib/python3.6/site-packages/airflow/example_dags/example_xcom.py                                                      1           0  0.09s           2023-06-10T23:33:57
/home/airflow/.local/lib/python3.6/site-packages/airflow/example_dags/example_latest_only.py                                               1           0  0.08s           2023-06-10T23:33:56
/home/airflow/.local/lib/python3.6/site-packages/airflow/example_dags/example_python_operator.py                                           1           0  0.09s           2023-06-10T23:33:56
/home/airflow/.local/lib/python3.6/site-packages/airflow/example_dags/example_skip_dag.py                                                  1           0  0.08s           2023-06-10T23:33:56
/home/airflow/.local/lib/python3.6/site-packages/airflow/example_dags/tutorial_etl_dag.py                                                  1           0  0.08s           2023-06-10T23:33:56
/home/airflow/.local/lib/python3.6/site-packages/airflow/example_dags/example_kubernetes_executor.py                                       1           0  0.09s           2023-06-10T23:33:57
/home/airflow/.local/lib/python3.6/site-packages/airflow/example_dags/example_task_group.py                                                1           0  0.08s           2023-06-10T23:33:56
/home/airflow/.local/lib/python3.6/site-packages/airflow/example_dags/tutorial.py                                                          1           0  0.08s           2023-06-10T23:33:57
/home/airflow/.local/lib/python3.6/site-packages/airflow/example_dags/example_nested_branch_dag.py                  556  0.01s             1           0  0.10s           2023-06-10T23:33:56
/home/airflow/.local/lib/python3.6/site-packages/airflow/example_dags/example_trigger_target_dag.py                                        1           0  0.09s           2023-06-10T23:33:57
/home/airflow/.local/lib/python3.6/site-packages/airflow/example_dags/test_utils.py                                                        1           0  0.08s           2023-06-10T23:33:57
/home/airflow/.local/lib/python3.6/site-packages/airflow/example_dags/example_complex.py                                                   1           0  0.11s           2023-06-10T23:33:56
/home/airflow/.local/lib/python3.6/site-packages/airflow/example_dags/example_latest_only_with_trigger.py                                  1           0  0.09s           2023-06-10T23:33:56
/home/airflow/.local/lib/python3.6/site-packages/airflow/example_dags/example_kubernetes_executor_config.py                                1           0  0.08s           2023-06-10T23:33:56
/home/airflow/.local/lib/python3.6/site-packages/airflow/example_dags/example_passing_params_via_test_command.py                           1           0  0.13s           2023-06-10T23:33:56
/home/airflow/.local/lib/python3.6/site-packages/airflow/example_dags/tutorial_taskflow_api_etl.py                                         1           0  0.09s           2023-06-10T23:33:56
/home/airflow/.local/lib/python3.6/site-packages/airflow/example_dags/example_dag_decorator.py                                             1           0  0.10s           2023-06-10T23:33:56
/home/airflow/.local/lib/python3.6/site-packages/airflow/example_dags/example_trigger_controller_dag.py                                    1           0  0.09s           2023-06-10T23:33:57
/home/airflow/.local/lib/python3.6/site-packages/airflow/example_dags/example_bash_operator.py                                             1           0  0.09s           2023-06-10T23:33:56
/home/airflow/.local/lib/python3.6/site-packages/airflow/example_dags/example_xcomargs.py                                                  2           0  0.12s           2023-06-10T23:33:56
/home/airflow/.local/lib/python3.6/site-packages/airflow/example_dags/example_external_task_marker_dag.py           559  0.00s             2           0  0.11s           2023-06-10T23:33:56
/home/airflow/.local/lib/python3.6/site-packages/airflow/example_dags/example_subdag_operator.py                                           3           0  0.13s           2023-06-10T23:33:56
================================================================================
[2023-06-10 23:34:37,087] {dag_processing.py:1092} INFO - Finding 'running' jobs without a recent heartbeat
[2023-06-10 23:34:37,090] {dag_processing.py:1096} INFO - Failing jobs without heartbeat after 2023-06-10 23:29:37.090471+00:00
[2023-06-10 23:34:47,112] {dag_processing.py:1092} INFO - Finding 'running' jobs without a recent heartbeat
[2023-06-10 23:34:47,115] {dag_processing.py:1096} INFO - Failing jobs without heartbeat after 2023-06-10 23:29:47.115120+00:00
[2023-06-10 23:34:57,139] {dag_processing.py:1092} INFO - Finding 'running' jobs without a recent heartbeat
[2023-06-10 23:34:57,141] {dag_processing.py:1096} INFO - Failing jobs without heartbeat after 2023-06-10 23:29:57.141644+00:00
[2023-06-10 23:34:57,161] {dag_processing.py:859} INFO - 
================================================================================
DAG File Processing Stats

File Path                                                                                                           PID  Runtime      # DAGs    # Errors  Last Runtime    Last Run
----------------------------------------------------------------------------------------------------------------  -----  ---------  --------  ----------  --------------  -------------------
/home/airflow/.local/lib/python3.6/site-packages/airflow/example_dags/subdags/subdag.py                                                    0           0  0.06s           2023-06-10T23:34:27
/home/airflow/.local/lib/python3.6/site-packages/airflow/example_dags/example_branch_python_dop_operator_3.py                              1           0  0.14s           2023-06-10T23:34:27
/home/airflow/.local/lib/python3.6/site-packages/airflow/example_dags/example_short_circuit_operator.py                                    1           0  0.12s           2023-06-10T23:34:27
/home/airflow/.local/lib/python3.6/site-packages/airflow/example_dags/example_branch_operator.py                                           1           0  0.10s           2023-06-10T23:34:27
/home/airflow/.local/lib/python3.6/site-packages/airflow/example_dags/example_xcom.py                                                      1           0  0.10s           2023-06-10T23:34:27
/home/airflow/.local/lib/python3.6/site-packages/airflow/example_dags/example_latest_only.py                                               1           0  0.13s           2023-06-10T23:34:27
/home/airflow/.local/lib/python3.6/site-packages/airflow/example_dags/example_python_operator.py                                           1           0  0.13s           2023-06-10T23:34:26
/home/airflow/.local/lib/python3.6/site-packages/airflow/example_dags/example_skip_dag.py                                                  1           0  0.11s           2023-06-10T23:34:27
/home/airflow/.local/lib/python3.6/site-packages/airflow/example_dags/tutorial_etl_dag.py                                                  1           0  0.11s           2023-06-10T23:34:27
/home/airflow/.local/lib/python3.6/site-packages/airflow/example_dags/example_kubernetes_executor.py                                       1           0  0.10s           2023-06-10T23:34:28
/home/airflow/.local/lib/python3.6/site-packages/airflow/example_dags/example_task_group.py                                                1           0  0.10s           2023-06-10T23:34:27
/home/airflow/.local/lib/python3.6/site-packages/airflow/example_dags/tutorial.py                                                          1           0  0.10s           2023-06-10T23:34:28
/home/airflow/.local/lib/python3.6/site-packages/airflow/example_dags/example_nested_branch_dag.py                  688  0.00s             1           0  0.16s           2023-06-10T23:34:26
/home/airflow/.local/lib/python3.6/site-packages/airflow/example_dags/example_trigger_target_dag.py                                        1           0  0.11s           2023-06-10T23:34:27
/home/airflow/.local/lib/python3.6/site-packages/airflow/example_dags/test_utils.py                                                        1           0  0.10s           2023-06-10T23:34:27
/home/airflow/.local/lib/python3.6/site-packages/airflow/example_dags/example_complex.py                                                   1           0  0.17s           2023-06-10T23:34:26
/home/airflow/.local/lib/python3.6/site-packages/airflow/example_dags/example_latest_only_with_trigger.py                                  1           0  0.13s           2023-06-10T23:34:27
/home/airflow/.local/lib/python3.6/site-packages/airflow/example_dags/example_kubernetes_executor_config.py                                1           0  0.12s           2023-06-10T23:34:27
/home/airflow/.local/lib/python3.6/site-packages/airflow/example_dags/example_passing_params_via_test_command.py                           1           0  0.13s           2023-06-10T23:34:27
/home/airflow/.local/lib/python3.6/site-packages/airflow/example_dags/tutorial_taskflow_api_etl.py                                         1           0  0.17s           2023-06-10T23:34:26
/home/airflow/.local/lib/python3.6/site-packages/airflow/example_dags/example_dag_decorator.py                                             1           0  0.17s           2023-06-10T23:34:26
/home/airflow/.local/lib/python3.6/site-packages/airflow/example_dags/example_trigger_controller_dag.py                                    1           0  0.14s           2023-06-10T23:34:27
/home/airflow/.local/lib/python3.6/site-packages/airflow/example_dags/example_bash_operator.py                                             1           0  0.13s           2023-06-10T23:34:27
/home/airflow/.local/lib/python3.6/site-packages/airflow/example_dags/example_xcomargs.py                                                  2           0  0.14s           2023-06-10T23:34:27
/home/airflow/.local/lib/python3.6/site-packages/airflow/example_dags/example_external_task_marker_dag.py           686  0.01s             2           0  0.18s           2023-06-10T23:34:26
/home/airflow/.local/lib/python3.6/site-packages/airflow/example_dags/example_subdag_operator.py                                           3           0  0.15s           2023-06-10T23:34:27
================================================================================
[2023-06-10 23:35:07,216] {dag_processing.py:1092} INFO - Finding 'running' jobs without a recent heartbeat
[2023-06-10 23:35:07,218] {dag_processing.py:1096} INFO - Failing jobs without heartbeat after 2023-06-10 23:30:07.218490+00:00
[2023-06-10 23:35:17,256] {dag_processing.py:1092} INFO - Finding 'running' jobs without a recent heartbeat
[2023-06-10 23:35:17,258] {dag_processing.py:1096} INFO - Failing jobs without heartbeat after 2023-06-10 23:30:17.258416+00:00
[2023-06-10 23:35:27,287] {dag_processing.py:1092} INFO - Finding 'running' jobs without a recent heartbeat
[2023-06-10 23:35:27,289] {dag_processing.py:1096} INFO - Failing jobs without heartbeat after 2023-06-10 23:30:27.289327+00:00
[2023-06-10 23:35:27,295] {dag_processing.py:859} INFO - 
================================================================================
DAG File Processing Stats

File Path                                                                                                         PID    Runtime      # DAGs    # Errors  Last Runtime    Last Run
----------------------------------------------------------------------------------------------------------------  -----  ---------  --------  ----------  --------------  -------------------
/home/airflow/.local/lib/python3.6/site-packages/airflow/example_dags/subdags/subdag.py                                                    0           0  0.09s           2023-06-10T23:34:58
/home/airflow/.local/lib/python3.6/site-packages/airflow/example_dags/example_branch_python_dop_operator_3.py                              1           0  0.15s           2023-06-10T23:34:58
/home/airflow/.local/lib/python3.6/site-packages/airflow/example_dags/example_short_circuit_operator.py                                    1           0  0.18s           2023-06-10T23:34:58
/home/airflow/.local/lib/python3.6/site-packages/airflow/example_dags/example_branch_operator.py                                           1           0  0.16s           2023-06-10T23:34:58
/home/airflow/.local/lib/python3.6/site-packages/airflow/example_dags/example_xcom.py                                                      1           0  0.15s           2023-06-10T23:34:59
/home/airflow/.local/lib/python3.6/site-packages/airflow/example_dags/example_latest_only.py                                               1           0  0.14s           2023-06-10T23:34:58
/home/airflow/.local/lib/python3.6/site-packages/airflow/example_dags/example_python_operator.py                                           1           0  0.11s           2023-06-10T23:34:57
/home/airflow/.local/lib/python3.6/site-packages/airflow/example_dags/example_skip_dag.py                                                  1           0  0.16s           2023-06-10T23:34:58
/home/airflow/.local/lib/python3.6/site-packages/airflow/example_dags/tutorial_etl_dag.py                                                  1           0  0.15s           2023-06-10T23:34:58
/home/airflow/.local/lib/python3.6/site-packages/airflow/example_dags/example_kubernetes_executor.py                                       1           0  0.16s           2023-06-10T23:34:59
/home/airflow/.local/lib/python3.6/site-packages/airflow/example_dags/example_task_group.py                                                1           0  0.17s           2023-06-10T23:34:58
/home/airflow/.local/lib/python3.6/site-packages/airflow/example_dags/tutorial.py                                                          1           0  0.15s           2023-06-10T23:34:59
/home/airflow/.local/lib/python3.6/site-packages/airflow/example_dags/example_nested_branch_dag.py                                         1           0  0.15s           2023-06-10T23:34:57
/home/airflow/.local/lib/python3.6/site-packages/airflow/example_dags/example_trigger_target_dag.py                                        1           0  0.16s           2023-06-10T23:34:58
/home/airflow/.local/lib/python3.6/site-packages/airflow/example_dags/test_utils.py                                                        1           0  0.15s           2023-06-10T23:34:59
/home/airflow/.local/lib/python3.6/site-packages/airflow/example_dags/example_complex.py                                                   1           0  0.14s           2023-06-10T23:34:57
/home/airflow/.local/lib/python3.6/site-packages/airflow/example_dags/example_latest_only_with_trigger.py                                  1           0  0.14s           2023-06-10T23:34:58
/home/airflow/.local/lib/python3.6/site-packages/airflow/example_dags/example_kubernetes_executor_config.py                                1           0  0.15s           2023-06-10T23:34:57
/home/airflow/.local/lib/python3.6/site-packages/airflow/example_dags/example_passing_params_via_test_command.py                           1           0  0.15s           2023-06-10T23:34:57
/home/airflow/.local/lib/python3.6/site-packages/airflow/example_dags/tutorial_taskflow_api_etl.py                                         1           0  0.12s           2023-06-10T23:34:57
/home/airflow/.local/lib/python3.6/site-packages/airflow/example_dags/example_dag_decorator.py                                             1           0  0.14s           2023-06-10T23:34:57
/home/airflow/.local/lib/python3.6/site-packages/airflow/example_dags/example_trigger_controller_dag.py                                    1           0  0.16s           2023-06-10T23:34:58
/home/airflow/.local/lib/python3.6/site-packages/airflow/example_dags/example_bash_operator.py                                             1           0  0.14s           2023-06-10T23:34:57
/home/airflow/.local/lib/python3.6/site-packages/airflow/example_dags/example_xcomargs.py                                                  2           0  0.14s           2023-06-10T23:34:57
/home/airflow/.local/lib/python3.6/site-packages/airflow/example_dags/example_external_task_marker_dag.py                                  2           0  0.15s           2023-06-10T23:34:57
/home/airflow/.local/lib/python3.6/site-packages/airflow/example_dags/example_subdag_operator.py                                           3           0  0.15s           2023-06-10T23:34:57
================================================================================
[2023-06-10 23:35:37,404] {dag_processing.py:1092} INFO - Finding 'running' jobs without a recent heartbeat
[2023-06-10 23:35:37,407] {dag_processing.py:1096} INFO - Failing jobs without heartbeat after 2023-06-10 23:30:37.407147+00:00
[2023-06-10 23:35:47,940] {dag_processing.py:1092} INFO - Finding 'running' jobs without a recent heartbeat
[2023-06-10 23:35:47,942] {dag_processing.py:1096} INFO - Failing jobs without heartbeat after 2023-06-10 23:30:47.942414+00:00
[2023-06-10 23:35:55,974] {dag_processing.py:859} INFO - 
================================================================================
DAG File Processing Stats

File Path                                                                                                         PID    Runtime      # DAGs    # Errors  Last Runtime    Last Run
----------------------------------------------------------------------------------------------------------------  -----  ---------  --------  ----------  --------------  -------------------
/home/airflow/.local/lib/python3.6/site-packages/airflow/example_dags/subdags/subdag.py                                                    0           0  0.05s           2023-06-10T23:35:28
/home/airflow/.local/lib/python3.6/site-packages/airflow/example_dags/example_branch_python_dop_operator_3.py                              1           0  0.12s           2023-06-10T23:35:28
/home/airflow/.local/lib/python3.6/site-packages/airflow/example_dags/example_short_circuit_operator.py                                    1           0  0.09s           2023-06-10T23:35:28
/home/airflow/.local/lib/python3.6/site-packages/airflow/example_dags/example_branch_operator.py                                           1           0  0.13s           2023-06-10T23:35:28
/home/airflow/.local/lib/python3.6/site-packages/airflow/example_dags/example_xcom.py                                                      1           0  0.14s           2023-06-10T23:35:29
/home/airflow/.local/lib/python3.6/site-packages/airflow/example_dags/example_latest_only.py                                               1           0  0.17s           2023-06-10T23:35:28
/home/airflow/.local/lib/python3.6/site-packages/airflow/example_dags/example_python_operator.py                                           1           0  0.10s           2023-06-10T23:35:27
/home/airflow/.local/lib/python3.6/site-packages/airflow/example_dags/example_skip_dag.py                                                  1           0  0.10s           2023-06-10T23:35:28
/home/airflow/.local/lib/python3.6/site-packages/airflow/example_dags/tutorial_etl_dag.py                                                  1           0  0.13s           2023-06-10T23:35:28
/home/airflow/.local/lib/python3.6/site-packages/airflow/example_dags/example_kubernetes_executor.py                                       1           0  0.10s           2023-06-10T23:35:29
/home/airflow/.local/lib/python3.6/site-packages/airflow/example_dags/example_task_group.py                                                1           0  0.10s           2023-06-10T23:35:28
/home/airflow/.local/lib/python3.6/site-packages/airflow/example_dags/tutorial.py                                                          1           0  0.11s           2023-06-10T23:35:29
/home/airflow/.local/lib/python3.6/site-packages/airflow/example_dags/example_nested_branch_dag.py                                         1           0  0.28s           2023-06-10T23:35:27
/home/airflow/.local/lib/python3.6/site-packages/airflow/example_dags/example_trigger_target_dag.py                                        1           0  0.24s           2023-06-10T23:35:29
/home/airflow/.local/lib/python3.6/site-packages/airflow/example_dags/test_utils.py                                                        1           0  0.14s           2023-06-10T23:35:29
/home/airflow/.local/lib/python3.6/site-packages/airflow/example_dags/example_complex.py                                                   1           0  0.17s           2023-06-10T23:35:27
/home/airflow/.local/lib/python3.6/site-packages/airflow/example_dags/example_latest_only_with_trigger.py                                  1           0  0.10s           2023-06-10T23:35:28
/home/airflow/.local/lib/python3.6/site-packages/airflow/example_dags/example_kubernetes_executor_config.py                                1           0  0.10s           2023-06-10T23:35:28
/home/airflow/.local/lib/python3.6/site-packages/airflow/example_dags/example_passing_params_via_test_command.py                           1           0  0.13s           2023-06-10T23:35:28
/home/airflow/.local/lib/python3.6/site-packages/airflow/example_dags/tutorial_taskflow_api_etl.py                                         1           0  0.14s           2023-06-10T23:35:28
/home/airflow/.local/lib/python3.6/site-packages/airflow/example_dags/example_dag_decorator.py                                             1           0  0.12s           2023-06-10T23:35:28
/home/airflow/.local/lib/python3.6/site-packages/airflow/example_dags/example_trigger_controller_dag.py                                    1           0  0.22s           2023-06-10T23:35:29
/home/airflow/.local/lib/python3.6/site-packages/airflow/example_dags/example_bash_operator.py                                             1           0  0.15s           2023-06-10T23:35:28
/home/airflow/.local/lib/python3.6/site-packages/airflow/example_dags/example_xcomargs.py                                                  2           0  0.14s           2023-06-10T23:35:28
/home/airflow/.local/lib/python3.6/site-packages/airflow/example_dags/example_external_task_marker_dag.py                                  2           0  0.23s           2023-06-10T23:35:27
/home/airflow/.local/lib/python3.6/site-packages/airflow/example_dags/example_subdag_operator.py                                           3           0  0.20s           2023-06-10T23:35:27
================================================================================
[2023-06-10 23:35:57,982] {dag_processing.py:1092} INFO - Finding 'running' jobs without a recent heartbeat
[2023-06-10 23:35:57,985] {dag_processing.py:1096} INFO - Failing jobs without heartbeat after 2023-06-10 23:30:57.985131+00:00
[2023-06-10 23:36:08,627] {dag_processing.py:1092} INFO - Finding 'running' jobs without a recent heartbeat
[2023-06-10 23:36:08,631] {dag_processing.py:1096} INFO - Failing jobs without heartbeat after 2023-06-10 23:31:08.631812+00:00
[2023-06-10 23:36:18,665] {dag_processing.py:1092} INFO - Finding 'running' jobs without a recent heartbeat
[2023-06-10 23:36:18,668] {dag_processing.py:1096} INFO - Failing jobs without heartbeat after 2023-06-10 23:31:18.668796+00:00
[2023-06-10 23:36:26,700] {dag_processing.py:859} INFO - 
================================================================================
DAG File Processing Stats

File Path                                                                                                         PID    Runtime      # DAGs    # Errors  Last Runtime    Last Run
----------------------------------------------------------------------------------------------------------------  -----  ---------  --------  ----------  --------------  -------------------
/home/airflow/.local/lib/python3.6/site-packages/airflow/example_dags/subdags/subdag.py                                                    0           0  0.05s           2023-06-10T23:35:59
/home/airflow/.local/lib/python3.6/site-packages/airflow/example_dags/example_branch_python_dop_operator_3.py                              1           0  0.12s           2023-06-10T23:35:58
/home/airflow/.local/lib/python3.6/site-packages/airflow/example_dags/example_short_circuit_operator.py                                    1           0  0.11s           2023-06-10T23:35:59
/home/airflow/.local/lib/python3.6/site-packages/airflow/example_dags/example_branch_operator.py                                           1           0  0.10s           2023-06-10T23:35:58
/home/airflow/.local/lib/python3.6/site-packages/airflow/example_dags/example_xcom.py                                                      1           0  0.12s           2023-06-10T23:35:59
/home/airflow/.local/lib/python3.6/site-packages/airflow/example_dags/example_latest_only.py                                               1           0  0.10s           2023-06-10T23:35:59
/home/airflow/.local/lib/python3.6/site-packages/airflow/example_dags/example_python_operator.py                                           1           0  0.10s           2023-06-10T23:35:58
/home/airflow/.local/lib/python3.6/site-packages/airflow/example_dags/example_skip_dag.py                                                  1           0  0.09s           2023-06-10T23:35:58
/home/airflow/.local/lib/python3.6/site-packages/airflow/example_dags/tutorial_etl_dag.py                                                  1           0  0.10s           2023-06-10T23:35:59
/home/airflow/.local/lib/python3.6/site-packages/airflow/example_dags/example_kubernetes_executor.py                                       1           0  0.12s           2023-06-10T23:35:59
/home/airflow/.local/lib/python3.6/site-packages/airflow/example_dags/example_task_group.py                                                1           0  0.11s           2023-06-10T23:35:59
/home/airflow/.local/lib/python3.6/site-packages/airflow/example_dags/tutorial.py                                                          1           0  0.13s           2023-06-10T23:35:59
/home/airflow/.local/lib/python3.6/site-packages/airflow/example_dags/example_nested_branch_dag.py                                         1           0  0.18s           2023-06-10T23:35:58
/home/airflow/.local/lib/python3.6/site-packages/airflow/example_dags/example_trigger_target_dag.py                                        1           0  0.11s           2023-06-10T23:35:59
/home/airflow/.local/lib/python3.6/site-packages/airflow/example_dags/test_utils.py                                                        1           0  0.13s           2023-06-10T23:35:59
/home/airflow/.local/lib/python3.6/site-packages/airflow/example_dags/example_complex.py                                                   1           0  0.11s           2023-06-10T23:35:58
/home/airflow/.local/lib/python3.6/site-packages/airflow/example_dags/example_latest_only_with_trigger.py                                  1           0  0.10s           2023-06-10T23:35:58
/home/airflow/.local/lib/python3.6/site-packages/airflow/example_dags/example_kubernetes_executor_config.py                                1           0  0.13s           2023-06-10T23:35:58
/home/airflow/.local/lib/python3.6/site-packages/airflow/example_dags/example_passing_params_via_test_command.py                           1           0  0.12s           2023-06-10T23:35:58
/home/airflow/.local/lib/python3.6/site-packages/airflow/example_dags/tutorial_taskflow_api_etl.py                                         1           0  0.10s           2023-06-10T23:35:58
/home/airflow/.local/lib/python3.6/site-packages/airflow/example_dags/example_dag_decorator.py                                             1           0  0.11s           2023-06-10T23:35:58
/home/airflow/.local/lib/python3.6/site-packages/airflow/example_dags/example_trigger_controller_dag.py                                    1           0  0.11s           2023-06-10T23:35:59
/home/airflow/.local/lib/python3.6/site-packages/airflow/example_dags/example_bash_operator.py                                             1           0  0.11s           2023-06-10T23:35:58
/home/airflow/.local/lib/python3.6/site-packages/airflow/example_dags/example_xcomargs.py                                                  2           0  0.11s           2023-06-10T23:35:58
/home/airflow/.local/lib/python3.6/site-packages/airflow/example_dags/example_external_task_marker_dag.py                                  2           0  0.18s           2023-06-10T23:35:58
/home/airflow/.local/lib/python3.6/site-packages/airflow/example_dags/example_subdag_operator.py                                           3           0  0.13s           2023-06-10T23:35:58
================================================================================
[2023-06-10 23:36:28,707] {dag_processing.py:1092} INFO - Finding 'running' jobs without a recent heartbeat
[2023-06-10 23:36:28,709] {dag_processing.py:1096} INFO - Failing jobs without heartbeat after 2023-06-10 23:31:28.709836+00:00
[2023-06-10 23:36:36,186] {dag_processing.py:582} INFO - Exiting gracefully upon receiving signal 15
