[2023-06-10 23:52:21,159] {taskinstance.py:877} INFO - Dependencies all met for <TaskInstance: data_processing_workflow.analyze_data 2023-06-08T00:00:00+00:00 [queued]>
[2023-06-10 23:52:21,235] {taskinstance.py:877} INFO - Dependencies all met for <TaskInstance: data_processing_workflow.analyze_data 2023-06-08T00:00:00+00:00 [queued]>
[2023-06-10 23:52:21,237] {taskinstance.py:1068} INFO - 
--------------------------------------------------------------------------------
[2023-06-10 23:52:21,238] {taskinstance.py:1069} INFO - Starting attempt 1 of 1
[2023-06-10 23:52:21,240] {taskinstance.py:1070} INFO - 
--------------------------------------------------------------------------------
[2023-06-10 23:52:21,266] {taskinstance.py:1089} INFO - Executing <Task(PythonOperator): analyze_data> on 2023-06-08T00:00:00+00:00
[2023-06-10 23:52:21,273] {standard_task_runner.py:52} INFO - Started process 237 to run task
[2023-06-10 23:52:21,295] {standard_task_runner.py:76} INFO - Running: ['airflow', 'tasks', 'run', 'data_processing_workflow', 'analyze_data', '2023-06-08T00:00:00+00:00', '--job-id', '27', '--pool', 'default_pool', '--raw', '--subdir', 'DAGS_FOLDER/recog_dag.py', '--cfg-path', '/tmp/tmpz9dqexy2', '--error-file', '/tmp/tmpikp4n6lz']
[2023-06-10 23:52:21,301] {standard_task_runner.py:77} INFO - Job 27: Subtask analyze_data
[2023-06-10 23:52:21,503] {logging_mixin.py:104} INFO - Running <TaskInstance: data_processing_workflow.analyze_data 2023-06-08T00:00:00+00:00 [running]> on host f2f91d7a1370
[2023-06-10 23:52:21,665] {taskinstance.py:1283} INFO - Exporting the following env vars:
AIRFLOW_CTX_DAG_OWNER=Ikram
AIRFLOW_CTX_DAG_ID=data_processing_workflow
AIRFLOW_CTX_TASK_ID=analyze_data
AIRFLOW_CTX_EXECUTION_DATE=2023-06-08T00:00:00+00:00
AIRFLOW_CTX_DAG_RUN_ID=scheduled__2023-06-08T00:00:00+00:00
[2023-06-10 23:52:21,667] {logging_mixin.py:104} INFO - Analyzing data...
[2023-06-10 23:52:21,668] {python.py:118} INFO - Done. Returned value was: None
[2023-06-10 23:52:21,694] {taskinstance.py:1192} INFO - Marking task as SUCCESS. dag_id=data_processing_workflow, task_id=analyze_data, execution_date=20230608T000000, start_date=20230610T235221, end_date=20230610T235221
[2023-06-10 23:52:21,793] {taskinstance.py:1246} INFO - 1 downstream tasks scheduled from follow-on schedule check
[2023-06-10 23:52:21,865] {local_task_job.py:146} INFO - Task exited with return code 0
