[2023-06-10 23:52:18,169] {taskinstance.py:877} INFO - Dependencies all met for <TaskInstance: data_processing_workflow.clean_data 2023-06-03T00:00:00+00:00 [queued]>
[2023-06-10 23:52:18,231] {taskinstance.py:877} INFO - Dependencies all met for <TaskInstance: data_processing_workflow.clean_data 2023-06-03T00:00:00+00:00 [queued]>
[2023-06-10 23:52:18,235] {taskinstance.py:1068} INFO - 
--------------------------------------------------------------------------------
[2023-06-10 23:52:18,237] {taskinstance.py:1069} INFO - Starting attempt 1 of 1
[2023-06-10 23:52:18,238] {taskinstance.py:1070} INFO - 
--------------------------------------------------------------------------------
[2023-06-10 23:52:18,261] {taskinstance.py:1089} INFO - Executing <Task(PythonOperator): clean_data> on 2023-06-03T00:00:00+00:00
[2023-06-10 23:52:18,282] {standard_task_runner.py:52} INFO - Started process 210 to run task
[2023-06-10 23:52:18,324] {standard_task_runner.py:76} INFO - Running: ['airflow', 'tasks', 'run', 'data_processing_workflow', 'clean_data', '2023-06-03T00:00:00+00:00', '--job-id', '14', '--pool', 'default_pool', '--raw', '--subdir', 'DAGS_FOLDER/recog_dag.py', '--cfg-path', '/tmp/tmpijbkabgs', '--error-file', '/tmp/tmpw48dss39']
[2023-06-10 23:52:18,342] {standard_task_runner.py:77} INFO - Job 14: Subtask clean_data
[2023-06-10 23:52:18,553] {logging_mixin.py:104} INFO - Running <TaskInstance: data_processing_workflow.clean_data 2023-06-03T00:00:00+00:00 [running]> on host f2f91d7a1370
[2023-06-10 23:52:18,902] {taskinstance.py:1283} INFO - Exporting the following env vars:
AIRFLOW_CTX_DAG_OWNER=Ikram
AIRFLOW_CTX_DAG_ID=data_processing_workflow
AIRFLOW_CTX_TASK_ID=clean_data
AIRFLOW_CTX_EXECUTION_DATE=2023-06-03T00:00:00+00:00
AIRFLOW_CTX_DAG_RUN_ID=scheduled__2023-06-03T00:00:00+00:00
[2023-06-10 23:52:18,907] {logging_mixin.py:104} INFO - Cleaning data...
[2023-06-10 23:52:18,909] {python.py:118} INFO - Done. Returned value was: None
[2023-06-10 23:52:18,969] {taskinstance.py:1192} INFO - Marking task as SUCCESS. dag_id=data_processing_workflow, task_id=clean_data, execution_date=20230603T000000, start_date=20230610T235218, end_date=20230610T235218
[2023-06-10 23:52:19,106] {taskinstance.py:1246} INFO - 1 downstream tasks scheduled from follow-on schedule check
[2023-06-10 23:52:19,144] {local_task_job.py:146} INFO - Task exited with return code 0
